# Execution avec les parametre suivants:
# {taillePopulationEnfants=5, verbose=false, tauxMutation=0.2, taillePopulationParents=10, maxEvaluations=30000, maxGenerations=1000, optimum=111000111000111000111, tailleTournoi=5}
# Optimum : 111000111000111000111
# Dimension : 21
15 6 12 9.8 46.4 1
20 6 11 9.1 47.1 2
25 6 10 8.5 45.9 3
30 6 9 8.3 46.3 4
35 6 9 8.2 45.4 5
40 6 9 7.9 40.7 6
45 6 8 7.5 38.9 7
50 4 8 7.0 40.0 8
55 4 8 6.4 39.4 9
60 4 7 6.1 39.3 10
65 4 7 6.1 39.3 11
70 4 7 6.1 39.3 12
75 4 7 6.0 38.2 13
80 4 7 5.7 36.5 14
85 4 7 5.7 36.5 15
90 4 7 5.7 36.5 16
95 4 6 5.4 35.8 17
100 4 6 5.2 34.2 18
105 4 6 5.2 34.2 19
110 4 6 4.9 34.1 20
115 4 6 4.9 34.1 21
120 4 6 4.9 34.1 22
125 4 6 4.8 34.2 23
130 4 5 4.5 32.7 24
135 3 5 4.3 31.3 25
140 3 5 4.3 31.3 26
145 3 5 4.2 29.6 27
150 3 5 4.2 29.6 28
155 3 5 4.1 27.5 29
160 3 5 4.1 27.5 30
165 3 5 4.1 27.5 31
170 3 5 4.0 26.0 32
175 3 4 3.9 25.9 33
180 3 4 3.9 25.9 34
185 3 4 3.9 25.9 35
190 3 4 3.8 25.2 36
195 3 4 3.8 25.2 37
200 3 4 3.8 25.2 38
205 3 4 3.7 25.3 39
210 3 4 3.6 25.8 40
215 3 4 3.4 25.6 41
220 3 4 3.4 25.6 42
225 3 4 3.4 25.6 43
230 3 4 3.4 25.6 44
235 3 4 3.3 24.7 45
240 3 4 3.3 24.7 46
245 3 4 3.3 24.7 47
250 3 4 3.3 24.7 48
255 3 4 3.1 22.9 49
260 3 4 3.1 22.9 50
265 2 3 2.9 22.1 51
270 2 3 2.9 22.1 52
275 2 3 2.9 22.1 53
280 2 3 2.9 22.1 54
285 2 3 2.9 22.1 55
290 2 3 2.8 21.4 56
295 2 3 2.8 21.4 57
300 2 3 2.8 21.4 58
305 2 3 2.8 21.4 59
310 2 3 2.8 21.4 60
315 2 3 2.8 21.4 61
320 2 3 2.8 21.4 62
325 2 3 2.8 21.4 63
330 2 3 2.8 21.4 64
335 2 3 2.8 21.4 65
340 2 3 2.8 21.4 66
345 2 3 2.8 21.4 67
350 2 3 2.8 21.4 68
355 2 3 2.7 20.7 69
360 2 3 2.7 20.7 70
365 2 3 2.7 20.7 71
370 2 3 2.7 20.7 72
375 2 3 2.6 20.6 73
380 2 3 2.6 20.6 74
385 2 3 2.6 20.6 75
390 2 3 2.6 20.6 76
395 2 3 2.6 20.6 77
400 2 3 2.5 19.5 78
405 2 3 2.5 19.5 79
410 2 3 2.5 19.5 80
415 2 3 2.5 19.5 81
420 2 3 2.5 19.5 82
425 2 3 2.5 19.5 83
430 2 3 2.5 19.5 84
435 2 3 2.5 19.5 85
440 2 3 2.5 19.5 86
445 2 3 2.5 19.5 87
450 2 3 2.5 19.5 88
455 2 3 2.4 18.2 89
460 2 3 2.4 18.2 90
465 2 3 2.4 18.2 91
470 2 3 2.3 17.1 92
475 2 3 2.3 17.1 93
480 2 3 2.3 17.1 94
485 2 3 2.3 17.1 95
490 2 3 2.3 17.1 96
495 2 3 2.3 17.1 97
500 2 3 2.3 17.1 98
505 2 3 2.3 17.1 99
510 2 3 2.3 17.1 100
515 2 3 2.3 17.1 101
520 2 3 2.3 17.1 102
525 2 3 2.3 17.1 103
530 2 3 2.3 17.1 104
535 2 3 2.3 17.1 105
540 2 3 2.3 17.1 106
545 2 3 2.3 17.1 107
550 2 3 2.3 17.1 108
555 2 3 2.2 17.2 109
560 2 3 2.2 17.2 110
565 2 3 2.2 17.2 111
570 2 3 2.2 17.2 112
575 2 3 2.2 17.2 113
580 2 3 2.2 17.2 114
585 2 3 2.2 17.2 115
590 2 3 2.2 17.2 116
595 2 3 2.2 17.2 117
600 2 3 2.2 17.2 118
605 2 3 2.2 17.2 119
610 2 3 2.2 17.2 120
615 2 3 2.2 17.2 121
620 2 3 2.2 17.2 122
625 2 3 2.2 17.2 123
630 2 3 2.2 17.2 124
635 2 3 2.2 17.2 125
640 2 3 2.2 17.2 126
645 2 3 2.2 17.2 127
650 2 3 2.2 17.2 128
655 2 3 2.2 17.2 129
660 2 3 2.2 17.2 130
665 1 3 2.0 15.6 131
670 1 3 2.0 15.6 132
675 1 3 2.0 15.6 133
680 1 3 2.0 15.6 134
685 1 3 2.0 15.6 135
690 1 3 2.0 15.6 136
695 1 3 2.0 15.6 137
700 1 3 2.0 15.6 138
705 1 3 2.0 15.6 139
710 1 2 1.9 14.7 140
715 1 2 1.9 14.7 141
720 1 2 1.9 14.7 142
725 1 2 1.9 14.7 143
730 1 2 1.9 14.7 144
735 1 2 1.9 14.7 145
740 1 2 1.8 14.0 146
745 1 2 1.8 14.0 147
750 1 2 1.8 14.0 148
755 1 2 1.8 14.0 149
760 1 2 1.7 12.9 150
765 1 2 1.7 12.9 151
770 1 2 1.6 12.6 152
775 1 2 1.6 12.6 153
780 1 2 1.6 12.6 154
785 1 2 1.6 12.6 155
790 1 2 1.6 12.6 156
795 1 2 1.6 12.6 157
800 1 2 1.6 12.6 158
805 1 2 1.6 12.6 159
810 1 2 1.6 12.6 160
815 1 2 1.6 12.6 161
820 1 2 1.6 12.6 162
825 1 2 1.6 12.6 163
830 1 2 1.6 12.6 164
835 1 2 1.6 12.6 165
840 1 2 1.6 12.6 166
845 1 2 1.6 12.6 167
850 1 2 1.6 12.6 168
855 1 2 1.6 12.6 169
860 1 2 1.6 12.6 170
865 1 2 1.6 12.6 171
870 1 2 1.5 12.1 172
875 1 2 1.5 12.1 173
880 1 2 1.5 12.1 174
885 1 2 1.5 12.1 175
890 1 2 1.5 12.1 176
895 1 2 1.5 12.1 177
900 1 2 1.5 12.1 178
905 1 2 1.5 12.1 179
910 1 2 1.5 12.1 180
915 1 2 1.5 12.1 181
920 1 2 1.5 12.1 182
925 1 2 1.5 12.1 183
930 1 2 1.5 12.1 184
935 1 2 1.5 12.1 185
940 1 2 1.5 12.1 186
945 1 2 1.5 12.1 187
950 1 2 1.5 12.1 188
955 1 2 1.4 11.2 189
960 1 2 1.4 11.2 190
965 1 2 1.4 11.2 191
970 1 2 1.4 11.2 192
975 1 2 1.4 11.2 193
980 1 2 1.4 11.2 194
985 1 2 1.4 11.2 195
990 1 2 1.4 11.2 196
995 1 2 1.4 11.2 197
1000 1 2 1.4 11.2 198
1005 1 2 1.4 11.2 199
1010 1 2 1.4 11.2 200
1015 1 2 1.4 11.2 201
1020 1 2 1.4 11.2 202
1025 1 2 1.4 11.2 203
1030 1 2 1.4 11.2 204
1035 1 2 1.4 11.2 205
1040 1 2 1.4 11.2 206
1045 1 2 1.4 11.2 207
1050 1 2 1.4 11.2 208
1055 1 2 1.4 11.2 209
1060 1 2 1.4 11.2 210
1065 1 2 1.4 11.2 211
1070 1 2 1.4 11.2 212
1075 1 2 1.4 11.2 213
1080 1 2 1.4 11.2 214
1085 1 2 1.4 11.2 215
1090 1 2 1.4 11.2 216
1095 1 2 1.4 11.2 217
1100 1 2 1.4 11.2 218
1105 1 2 1.4 11.2 219
1110 1 2 1.4 11.2 220
1115 1 2 1.4 11.2 221
1120 1 2 1.4 11.2 222
1125 1 2 1.4 11.2 223
1130 1 2 1.4 11.2 224
1135 1 2 1.4 11.2 225
1140 1 2 1.4 11.2 226
1145 1 2 1.4 11.2 227
1150 1 2 1.4 11.2 228
1155 1 2 1.4 11.2 229
1160 1 2 1.4 11.2 230
1165 1 2 1.4 11.2 231
1170 1 2 1.4 11.2 232
1175 1 2 1.4 11.2 233
1180 1 2 1.4 11.2 234
1185 1 2 1.4 11.2 235
1190 1 2 1.4 11.2 236
1195 1 2 1.3 10.3 237
1200 1 2 1.3 10.3 238
1205 1 2 1.3 10.3 239
1210 1 2 1.3 10.3 240
1215 1 2 1.3 10.3 241
1220 1 2 1.3 10.3 242
1225 1 2 1.3 10.3 243
1230 1 2 1.3 10.3 244
1235 1 2 1.3 10.3 245
1240 1 2 1.3 10.3 246
1245 1 2 1.3 10.3 247
1250 1 2 1.3 10.3 248
1255 1 2 1.3 10.3 249
1260 1 2 1.3 10.3 250
1265 1 2 1.3 10.3 251
1270 1 2 1.3 10.3 252
1275 1 2 1.3 10.3 253
1280 1 2 1.3 10.3 254
1285 1 2 1.3 10.3 255
1290 1 2 1.3 10.3 256
1295 1 2 1.3 10.3 257
1300 1 2 1.3 10.3 258
1305 1 2 1.2 9.6 259
1310 1 2 1.2 9.6 260
1315 1 2 1.2 9.6 261
1320 1 2 1.1 8.9 262
1325 1 2 1.1 8.9 263
1330 1 2 1.1 8.9 264
1335 1 2 1.1 8.9 265
1340 1 2 1.1 8.9 266
1345 1 2 1.1 8.9 267
1350 1 1 1.0 8.2 268
1355 1 1 1.0 8.2 269
1360 1 1 1.0 8.2 270
1365 1 1 1.0 8.2 271
1370 1 1 1.0 8.2 272
1375 1 1 1.0 8.2 273
1380 1 1 1.0 8.2 274
1385 1 1 1.0 8.2 275
1390 1 1 1.0 8.2 276
1395 1 1 1.0 8.2 277
1400 1 1 1.0 8.2 278
1405 1 1 1.0 8.2 279
1410 1 1 1.0 8.2 280
1415 1 1 1.0 8.2 281
1420 1 1 1.0 8.2 282
1425 1 1 1.0 8.2 283
1430 1 1 1.0 8.2 284
1435 1 1 1.0 8.2 285
1440 1 1 1.0 8.2 286
1445 1 1 1.0 8.2 287
1450 1 1 1.0 8.2 288
1455 1 1 1.0 8.2 289
1460 1 1 1.0 8.2 290
1465 1 1 1.0 8.2 291
1470 1 1 1.0 8.2 292
1475 1 1 1.0 8.2 293
1480 1 1 1.0 8.2 294
1485 1 1 1.0 8.2 295
1490 1 1 1.0 8.2 296
1495 1 1 1.0 8.2 297
1500 1 1 1.0 8.2 298
1505 1 1 1.0 8.2 299
1510 1 1 1.0 8.2 300
1515 1 1 1.0 8.2 301
1520 1 1 1.0 8.2 302
1525 1 1 1.0 8.2 303
1530 1 1 1.0 8.2 304
1535 1 1 1.0 8.2 305
1540 1 1 1.0 8.2 306
1545 1 1 1.0 8.2 307
1550 1 1 1.0 8.2 308
1555 1 1 1.0 8.2 309
1560 1 1 1.0 8.2 310
1565 1 1 1.0 8.2 311
1570 1 1 1.0 8.2 312
1575 1 1 1.0 8.2 313
1580 1 1 1.0 8.2 314
1585 1 1 1.0 8.2 315
1590 1 1 1.0 8.2 316
1595 1 1 1.0 8.2 317
1600 1 1 1.0 8.2 318
1605 1 1 1.0 8.2 319
1610 1 1 1.0 8.2 320
1615 1 1 1.0 8.2 321
1620 1 1 1.0 8.2 322
1625 1 1 1.0 8.2 323
1630 1 1 1.0 8.2 324
1635 1 1 1.0 8.2 325
1640 1 1 1.0 8.2 326
1645 1 1 1.0 8.2 327
1650 1 1 1.0 8.2 328
1655 1 1 1.0 8.2 329
1660 1 1 1.0 8.2 330
1665 1 1 1.0 8.2 331
1670 1 1 1.0 8.2 332
1675 1 1 1.0 8.2 333
1680 1 1 1.0 8.2 334
1685 1 1 1.0 8.2 335
1690 1 1 1.0 8.2 336
1695 1 1 1.0 8.2 337
1700 1 1 1.0 8.2 338
1705 1 1 1.0 8.2 339
1710 1 1 1.0 8.2 340
1715 1 1 1.0 8.2 341
1720 1 1 1.0 8.2 342
1725 1 1 1.0 8.2 343
1730 1 1 1.0 8.2 344
1735 1 1 1.0 8.2 345
1740 1 1 1.0 8.2 346
1745 1 1 1.0 8.2 347
1750 1 1 1.0 8.2 348
1755 1 1 1.0 8.2 349
1760 1 1 1.0 8.2 350
1765 1 1 1.0 8.2 351
1770 1 1 1.0 8.2 352
1775 1 1 1.0 8.2 353
1780 1 1 1.0 8.2 354
1785 1 1 1.0 8.2 355
1790 1 1 1.0 8.2 356
1795 1 1 1.0 8.2 357
1800 1 1 1.0 8.2 358
1805 1 1 1.0 8.2 359
1810 1 1 1.0 8.2 360
1815 1 1 1.0 8.2 361
1820 1 1 1.0 8.2 362
1825 1 1 1.0 8.2 363
1830 1 1 1.0 8.2 364
1835 1 1 1.0 8.2 365
1840 1 1 1.0 8.2 366
1845 1 1 1.0 8.2 367
1850 1 1 1.0 8.2 368
1855 0 1 0.9 7.5 369
# Solution finale : 111000111000111000111 (0)
# Optimum         : 111000111000111000111
