# Execution avec les parametre suivants:
# {taillePopulationEnfants=5, verbose=false, tauxMutation=0.2, taillePopulationParents=10, maxEvaluations=30000, maxGenerations=1000, optimum=111000111000111000111, tailleTournoi=5}
# Optimum : 111000111000111000111
# Dimension : 21
15 8 12 10.1 44.5 1
20 8 11 9.9 44.3 2
25 8 10 9.4 45.0 3
30 8 10 9.1 45.1 4
35 8 9 8.9 42.3 5
40 5 9 8.0 41.0 6
45 5 9 7.8 41.4 7
50 5 9 7.6 40.8 8
55 5 9 7.2 41.0 9
60 5 8 6.8 40.2 10
65 5 8 6.6 39.2 11
70 5 7 6.3 39.1 12
75 5 7 6.1 37.5 13
80 5 7 6.1 37.5 14
85 5 7 6.1 37.5 15
90 5 7 5.9 37.7 16
95 5 7 5.8 36.2 17
100 4 7 5.5 35.7 18
105 4 6 5.2 34.6 19
110 4 6 5.2 34.6 20
115 4 6 5.2 34.6 21
120 4 6 5.1 33.9 22
125 4 6 5.1 33.9 23
130 4 6 5.0 34.8 24
135 4 6 5.0 34.8 25
140 4 6 5.0 34.8 26
145 4 6 5.0 34.8 27
150 2 5 4.5 32.3 28
155 2 5 4.5 32.3 29
160 2 5 4.4 31.6 30
165 2 5 4.4 31.6 31
170 2 5 4.4 31.6 32
175 2 5 4.4 31.6 33
180 2 5 4.4 31.6 34
185 2 5 4.1 28.7 35
190 2 5 3.8 26.6 36
195 2 5 3.7 26.1 37
200 2 5 3.7 26.1 38
205 2 4 3.6 24.6 39
210 2 4 3.6 24.6 40
215 2 4 3.6 24.6 41
220 2 4 3.6 24.6 42
225 2 4 3.6 24.6 43
230 2 4 3.6 24.6 44
235 2 4 3.6 24.6 45
240 2 4 3.6 24.6 46
245 2 4 3.6 24.6 47
250 2 4 3.6 24.6 48
255 2 4 3.6 24.6 49
260 2 4 3.6 24.6 50
265 2 4 3.5 24.7 51
270 2 4 3.5 24.7 52
275 2 4 3.5 24.7 53
280 2 4 3.5 24.7 54
285 2 4 3.5 24.7 55
290 2 4 3.5 24.7 56
295 2 4 3.4 24.2 57
300 2 4 3.3 22.1 58
305 2 4 3.3 22.1 59
310 2 4 3.2 21.2 60
315 1 4 2.8 19.4 61
320 1 4 2.8 19.4 62
325 1 4 2.8 19.4 63
330 1 4 2.8 19.4 64
335 1 4 2.8 19.4 65
340 1 4 2.8 19.4 66
345 1 4 2.7 18.1 67
350 1 4 2.7 18.1 68
355 1 4 2.7 18.1 69
360 1 3 2.6 16.8 70
365 1 3 2.6 16.8 71
370 1 3 2.6 16.8 72
375 1 3 2.6 16.8 73
380 1 3 2.4 16.8 74
385 1 3 2.4 16.8 75
390 1 3 2.4 16.8 76
395 1 3 2.4 16.8 77
400 1 3 2.4 16.8 78
405 1 3 2.4 16.8 79
410 1 3 2.4 16.8 80
415 1 3 2.4 16.8 81
420 1 3 2.4 16.8 82
425 1 3 2.4 16.8 83
430 1 3 2.4 16.8 84
435 1 3 2.4 16.8 85
440 1 3 2.4 16.8 86
445 1 3 2.4 16.8 87
450 1 3 2.4 16.8 88
455 1 3 2.4 16.8 89
460 1 3 2.2 16.0 90
465 1 3 2.2 16.0 91
470 1 3 2.2 16.0 92
475 1 3 2.2 16.0 93
480 1 3 2.2 16.0 94
485 1 3 2.2 16.0 95
490 1 3 2.2 16.0 96
495 1 3 2.2 16.0 97
500 1 3 2.2 16.0 98
505 1 3 2.2 16.0 99
510 1 3 2.2 16.0 100
515 1 3 2.2 16.0 101
520 1 3 2.2 16.0 102
525 1 3 2.2 16.0 103
530 1 3 2.2 16.0 104
535 1 3 2.2 16.0 105
540 1 3 2.2 16.0 106
545 1 3 2.2 16.0 107
550 1 3 2.2 16.0 108
555 1 3 2.2 16.0 109
560 1 3 2.2 16.0 110
565 1 3 2.1 15.3 111
570 1 3 2.1 15.3 112
575 1 3 2.1 15.3 113
580 1 3 2.1 15.3 114
585 1 3 2.1 15.3 115
590 1 3 2.1 15.3 116
595 1 3 2.1 15.3 117
600 1 3 2.1 15.3 118
605 1 3 2.1 15.3 119
610 1 3 2.1 15.3 120
615 1 3 2.1 15.3 121
620 1 3 2.1 15.3 122
625 1 3 2.1 15.3 123
630 1 3 2.1 15.3 124
635 1 3 2.1 15.3 125
640 1 3 2.1 15.3 126
645 1 3 2.1 15.3 127
650 1 3 2.1 15.3 128
655 1 3 2.0 14.6 129
660 1 3 2.0 14.6 130
665 1 3 2.0 14.6 131
670 1 3 2.0 14.6 132
675 1 3 1.9 14.1 133
680 1 3 1.9 14.1 134
685 1 3 1.9 14.1 135
690 1 3 1.8 13.4 136
695 1 3 1.8 13.4 137
700 1 3 1.8 13.4 138
705 1 3 1.8 13.4 139
710 1 3 1.8 13.4 140
715 1 3 1.8 13.4 141
720 1 3 1.8 13.4 142
725 1 3 1.8 13.4 143
730 1 3 1.8 13.4 144
735 1 2 1.6 12.6 145
740 1 2 1.6 12.6 146
745 1 2 1.6 12.6 147
750 1 2 1.5 12.3 148
755 1 2 1.5 12.3 149
760 1 2 1.5 12.3 150
765 1 2 1.5 12.3 151
770 1 2 1.5 12.3 152
775 1 2 1.5 12.3 153
780 1 2 1.5 12.3 154
785 1 2 1.5 12.3 155
790 1 2 1.5 12.3 156
795 1 2 1.5 12.3 157
800 1 2 1.5 12.3 158
805 1 2 1.5 12.3 159
810 1 2 1.5 12.3 160
815 1 2 1.5 12.3 161
820 1 2 1.5 12.3 162
825 1 2 1.5 12.3 163
830 1 2 1.5 12.3 164
835 1 2 1.4 11.6 165
840 1 2 1.4 11.6 166
845 1 2 1.4 11.6 167
850 1 2 1.4 11.6 168
855 1 2 1.4 11.6 169
860 1 2 1.4 11.6 170
865 1 2 1.4 11.6 171
870 1 2 1.4 11.6 172
875 1 2 1.4 11.6 173
880 1 2 1.4 11.6 174
885 1 2 1.4 11.6 175
890 1 2 1.4 11.6 176
895 1 2 1.4 11.6 177
900 1 2 1.4 11.6 178
905 1 2 1.4 11.6 179
910 1 2 1.4 11.6 180
915 1 2 1.4 11.6 181
920 1 2 1.4 11.6 182
925 1 2 1.4 11.6 183
930 1 2 1.4 11.6 184
935 1 2 1.4 11.6 185
940 1 2 1.4 11.6 186
945 1 2 1.4 11.6 187
950 1 2 1.4 11.6 188
955 1 2 1.4 11.6 189
960 1 2 1.4 11.6 190
965 1 2 1.4 11.6 191
970 1 2 1.4 11.6 192
975 1 2 1.4 11.6 193
980 1 2 1.4 11.6 194
985 1 2 1.4 11.6 195
990 1 2 1.4 11.6 196
995 1 2 1.4 11.6 197
1000 1 2 1.4 11.6 198
1005 1 2 1.3 10.7 199
1010 1 2 1.3 10.7 200
1015 1 2 1.3 10.7 201
1020 1 2 1.2 10.2 202
1025 1 2 1.2 10.2 203
1030 1 2 1.2 10.2 204
1035 1 2 1.2 10.2 205
1040 1 2 1.2 10.2 206
1045 1 2 1.2 10.2 207
1050 1 2 1.2 10.2 208
1055 1 2 1.2 10.2 209
1060 1 2 1.2 10.2 210
1065 1 2 1.2 10.2 211
1070 1 2 1.1 9.1 212
1075 1 2 1.1 9.1 213
1080 1 2 1.1 9.1 214
1085 1 2 1.1 9.1 215
1090 1 2 1.1 9.1 216
1095 1 2 1.1 9.1 217
1100 1 2 1.1 9.1 218
1105 1 1 1.0 8.4 219
1110 1 1 1.0 8.4 220
1115 1 1 1.0 8.4 221
1120 1 1 1.0 8.4 222
1125 1 1 1.0 8.4 223
1130 1 1 1.0 8.4 224
1135 0 1 0.9 7.7 225
# Solution finale : 111000111000111000111 (0)
# Optimum         : 111000111000111000111
