# Execution avec les parametre suivants:
# {taillePopulationEnfants=5, verbose=false, tauxMutation=0.2, taillePopulationParents=10, maxEvaluations=30000, maxGenerations=1000, optimum=111000111000111000111, tailleTournoi=5}
# Optimum : 111000111000111000111
# Dimension : 21
15 7 11 9.4 48.8 1
20 7 11 9.2 48.4 2
25 7 10 9.0 47.2 3
30 7 10 8.4 45.2 4
35 7 9 8.0 43.2 5
40 7 9 8.0 43.2 6
45 7 9 7.6 43.6 7
50 7 8 7.5 41.7 8
55 6 8 7.2 42.0 9
60 6 8 7.2 42.0 10
65 5 8 6.9 40.5 11
70 5 8 6.8 40.4 12
75 5 8 6.8 40.4 13
80 5 7 6.7 39.7 14
85 5 7 6.5 40.5 15
90 5 7 6.4 39.6 16
95 5 7 6.1 37.9 17
100 5 7 5.9 36.7 18
105 5 6 5.7 36.9 19
110 5 6 5.7 36.9 20
115 4 6 5.5 37.1 21
120 4 6 5.5 37.1 22
125 3 6 5.2 35.8 23
130 3 6 5.2 35.8 24
135 3 6 5.2 35.8 25
140 3 6 5.2 35.8 26
145 3 6 4.9 33.7 27
150 3 6 4.8 33.8 28
155 3 6 4.8 33.8 29
160 3 6 4.7 32.9 30
165 3 6 4.6 32.2 31
170 3 5 4.5 31.3 32
175 3 5 4.5 31.3 33
180 3 5 4.5 31.3 34
185 3 5 4.5 31.3 35
190 3 5 4.5 31.3 36
195 3 5 4.5 31.3 37
200 3 5 4.2 30.2 38
205 3 5 4.1 29.9 39
210 3 5 4.1 29.9 40
215 3 5 4.0 28.2 41
220 3 5 4.0 28.2 42
225 3 5 3.9 25.9 43
230 3 4 3.6 25.2 44
235 3 4 3.6 25.2 45
240 3 4 3.6 25.2 46
245 3 4 3.6 25.2 47
250 2 4 3.4 22.8 48
255 2 4 3.4 22.8 49
260 2 4 3.4 22.8 50
265 2 4 3.4 22.8 51
270 2 4 3.4 22.8 52
275 2 4 3.4 22.8 53
280 2 4 3.4 22.8 54
285 2 4 3.2 22.6 55
290 2 4 3.2 22.6 56
295 2 4 3.1 23.1 57
300 2 4 3.1 23.1 58
305 2 4 3.1 23.1 59
310 2 4 3.1 23.1 60
315 2 4 3.1 23.1 61
320 2 4 3.1 23.1 62
325 2 4 3.1 23.1 63
330 2 4 3.1 23.1 64
335 1 4 2.8 21.0 65
340 1 4 2.8 21.0 66
345 1 4 2.8 21.0 67
350 1 4 2.8 21.0 68
355 1 4 2.8 21.0 69
360 1 4 2.8 21.0 70
365 1 4 2.8 21.0 71
370 1 4 2.8 21.0 72
375 1 4 2.8 21.0 73
380 1 4 2.8 21.0 74
385 1 4 2.8 21.0 75
390 1 4 2.6 19.0 76
395 1 3 2.5 18.9 77
400 1 3 2.5 18.9 78
405 1 3 2.5 18.9 79
410 1 3 2.5 18.9 80
415 1 3 2.5 18.9 81
420 1 3 2.5 18.9 82
425 1 3 2.4 17.4 83
430 1 3 2.2 16.0 84
435 1 3 2.2 16.0 85
440 1 3 2.2 16.0 86
445 1 3 2.1 14.9 87
450 1 3 2.0 12.8 88
455 1 3 2.0 12.8 89
460 1 3 2.0 12.8 90
465 1 3 2.0 12.8 91
470 1 3 1.9 13.3 92
475 1 3 1.9 13.3 93
480 1 2 1.8 13.4 94
485 1 2 1.8 13.4 95
490 1 2 1.8 13.4 96
495 1 2 1.8 13.4 97
500 1 2 1.8 13.4 98
505 1 2 1.8 13.4 99
510 1 2 1.8 13.4 100
515 1 2 1.8 13.4 101
520 1 2 1.8 13.4 102
525 1 2 1.8 13.4 103
530 1 2 1.8 13.4 104
535 1 2 1.8 13.4 105
540 1 2 1.8 13.4 106
545 1 2 1.8 13.4 107
550 1 2 1.8 13.4 108
555 1 2 1.8 13.4 109
560 1 2 1.8 13.4 110
565 1 2 1.8 13.4 111
570 1 2 1.7 12.9 112
575 1 2 1.7 12.9 113
580 1 2 1.7 12.9 114
585 1 2 1.7 12.9 115
590 1 2 1.7 12.9 116
595 1 2 1.7 12.9 117
600 1 2 1.7 12.9 118
605 1 2 1.7 12.9 119
610 1 2 1.7 12.9 120
615 1 2 1.7 12.9 121
620 1 2 1.7 12.9 122
625 1 2 1.7 12.9 123
630 1 2 1.7 12.9 124
635 1 2 1.7 12.9 125
640 1 2 1.6 11.8 126
645 1 2 1.6 11.8 127
650 1 2 1.6 11.8 128
655 1 2 1.6 11.8 129
660 1 2 1.6 11.8 130
665 1 2 1.6 11.8 131
670 1 2 1.6 11.8 132
675 1 2 1.6 11.8 133
680 1 2 1.6 11.8 134
685 1 2 1.6 11.8 135
690 1 2 1.6 11.8 136
695 1 2 1.6 11.8 137
700 1 2 1.6 11.8 138
705 1 2 1.5 10.9 139
710 1 2 1.5 10.9 140
715 1 2 1.5 10.9 141
720 1 2 1.5 10.9 142
725 1 2 1.5 10.9 143
730 1 2 1.5 10.9 144
735 1 2 1.5 10.9 145
740 1 2 1.5 10.9 146
745 1 2 1.5 10.9 147
750 1 2 1.5 10.9 148
755 1 2 1.5 10.9 149
760 1 2 1.5 10.9 150
765 1 2 1.5 10.9 151
770 1 2 1.5 10.9 152
775 1 2 1.5 10.9 153
780 1 2 1.5 10.9 154
785 1 2 1.5 10.9 155
790 1 2 1.5 10.9 156
795 1 2 1.5 10.9 157
800 1 2 1.5 10.9 158
805 1 2 1.5 10.9 159
810 1 2 1.5 10.9 160
815 1 2 1.5 10.9 161
820 1 2 1.5 10.9 162
825 1 2 1.5 10.9 163
830 1 2 1.5 10.9 164
835 1 2 1.4 10.2 165
840 1 2 1.4 10.2 166
845 1 2 1.4 10.2 167
850 1 2 1.4 10.2 168
855 1 2 1.4 10.2 169
860 1 2 1.4 10.2 170
865 1 2 1.4 10.2 171
870 1 2 1.4 10.2 172
875 1 2 1.4 10.2 173
880 1 2 1.4 10.2 174
885 1 2 1.4 10.2 175
890 1 2 1.4 10.2 176
895 1 2 1.4 10.2 177
900 1 2 1.4 10.2 178
905 1 2 1.4 10.2 179
910 1 2 1.4 10.2 180
915 1 2 1.4 10.2 181
920 1 2 1.4 10.2 182
925 1 2 1.3 10.1 183
930 1 2 1.3 10.1 184
935 1 2 1.3 10.1 185
940 1 2 1.3 10.1 186
945 1 2 1.3 10.1 187
950 1 2 1.3 10.1 188
955 1 2 1.3 10.1 189
960 1 2 1.3 10.1 190
965 1 2 1.3 10.1 191
970 1 2 1.3 10.1 192
975 1 2 1.3 10.1 193
980 1 2 1.3 10.1 194
985 1 2 1.3 10.1 195
990 1 2 1.3 10.1 196
995 1 2 1.3 10.1 197
1000 1 2 1.3 10.1 198
1005 1 2 1.3 10.1 199
1010 1 2 1.3 10.1 200
1015 1 2 1.3 10.1 201
1020 1 2 1.3 10.1 202
1025 1 2 1.3 10.1 203
1030 1 2 1.3 10.1 204
1035 1 2 1.3 10.1 205
1040 1 2 1.2 10.0 206
1045 1 2 1.2 10.0 207
1050 1 2 1.2 10.0 208
1055 1 2 1.2 10.0 209
1060 1 2 1.2 10.0 210
1065 1 2 1.2 10.0 211
1070 1 2 1.2 10.0 212
1075 1 2 1.2 10.0 213
1080 1 2 1.2 10.0 214
1085 1 2 1.2 10.0 215
1090 1 2 1.2 10.0 216
1095 1 2 1.2 10.0 217
1100 1 2 1.2 10.0 218
1105 1 2 1.2 10.0 219
1110 1 2 1.2 10.0 220
1115 1 2 1.2 10.0 221
1120 1 2 1.2 10.0 222
1125 1 2 1.2 10.0 223
1130 1 2 1.2 10.0 224
1135 1 2 1.2 10.0 225
1140 1 2 1.2 10.0 226
1145 1 2 1.2 10.0 227
1150 1 2 1.2 10.0 228
1155 1 2 1.2 10.0 229
1160 1 2 1.2 10.0 230
1165 1 2 1.2 10.0 231
1170 1 1 1.0 8.6 232
1175 1 1 1.0 8.6 233
1180 1 1 1.0 8.6 234
1185 1 1 1.0 8.6 235
1190 1 1 1.0 8.6 236
1195 1 1 1.0 8.6 237
1200 1 1 1.0 8.6 238
1205 1 1 1.0 8.6 239
1210 1 1 1.0 8.6 240
1215 1 1 1.0 8.6 241
1220 1 1 1.0 8.6 242
1225 1 1 1.0 8.6 243
1230 1 1 1.0 8.6 244
1235 1 1 1.0 8.6 245
1240 1 1 1.0 8.6 246
1245 1 1 1.0 8.6 247
1250 1 1 1.0 8.6 248
1255 1 1 1.0 8.6 249
1260 1 1 1.0 8.6 250
1265 1 1 1.0 8.6 251
1270 1 1 1.0 8.6 252
1275 1 1 1.0 8.6 253
1280 1 1 1.0 8.6 254
1285 1 1 1.0 8.6 255
1290 1 1 1.0 8.6 256
1295 1 1 1.0 8.6 257
1300 1 1 1.0 8.6 258
1305 1 1 1.0 8.6 259
1310 1 1 1.0 8.6 260
1315 1 1 1.0 8.6 261
1320 1 1 1.0 8.6 262
1325 1 1 1.0 8.6 263
1330 1 1 1.0 8.6 264
1335 1 1 1.0 8.6 265
1340 1 1 1.0 8.6 266
1345 1 1 1.0 8.6 267
1350 1 1 1.0 8.6 268
1355 1 1 1.0 8.6 269
1360 1 1 1.0 8.6 270
1365 1 1 1.0 8.6 271
1370 1 1 1.0 8.6 272
1375 1 1 1.0 8.6 273
1380 1 1 1.0 8.6 274
1385 1 1 1.0 8.6 275
1390 1 1 1.0 8.6 276
1395 1 1 1.0 8.6 277
1400 1 1 1.0 8.6 278
1405 1 1 1.0 8.6 279
1410 1 1 1.0 8.6 280
1415 1 1 1.0 8.6 281
1420 1 1 1.0 8.6 282
1425 1 1 1.0 8.6 283
1430 1 1 1.0 8.6 284
1435 1 1 1.0 8.6 285
1440 1 1 1.0 8.6 286
1445 1 1 1.0 8.6 287
1450 1 1 1.0 8.6 288
1455 1 1 1.0 8.6 289
1460 1 1 1.0 8.6 290
1465 1 1 1.0 8.6 291
1470 1 1 1.0 8.6 292
1475 1 1 1.0 8.6 293
1480 1 1 1.0 8.6 294
1485 1 1 1.0 8.6 295
1490 1 1 1.0 8.6 296
1495 1 1 1.0 8.6 297
1500 1 1 1.0 8.6 298
1505 1 1 1.0 8.6 299
1510 1 1 1.0 8.6 300
1515 1 1 1.0 8.6 301
1520 1 1 1.0 8.6 302
1525 1 1 1.0 8.6 303
1530 1 1 1.0 8.6 304
1535 1 1 1.0 8.6 305
1540 1 1 1.0 8.6 306
1545 1 1 1.0 8.6 307
1550 1 1 1.0 8.6 308
1555 1 1 1.0 8.6 309
1560 1 1 1.0 8.6 310
1565 1 1 1.0 8.6 311
1570 1 1 1.0 8.6 312
1575 1 1 1.0 8.6 313
1580 1 1 1.0 8.6 314
1585 1 1 1.0 8.6 315
1590 1 1 1.0 8.6 316
1595 1 1 1.0 8.6 317
1600 1 1 1.0 8.6 318
1605 1 1 1.0 8.6 319
1610 1 1 1.0 8.6 320
1615 1 1 1.0 8.6 321
1620 1 1 1.0 8.6 322
1625 1 1 1.0 8.6 323
1630 1 1 1.0 8.6 324
1635 0 1 0.9 7.7 325
# Solution finale : 111000111000111000111 (0)
# Optimum         : 111000111000111000111
