# Execution avec les parametre suivants:
# {taillePopulationEnfants=5, verbose=false, tauxMutation=0.2, taillePopulationParents=10, maxEvaluations=30000, maxGenerations=1000, optimum=111000111000111000111, tailleTournoi=5}
# Optimum : 111000111000111000111
# Dimension : 21
15 8 12 9.7 46.1 1
20 8 11 9.4 44.6 2
25 7 10 8.8 43.8 3
30 7 9 8.7 44.5 4
35 5 9 8.1 43.1 5
40 5 9 7.9 43.7 6
45 5 9 7.3 40.5 7
50 5 9 7.3 40.5 8
55 5 8 7.2 41.8 9
60 5 8 6.9 40.5 10
65 5 8 6.9 40.5 11
70 5 8 6.9 40.5 12
75 5 8 6.7 39.5 13
80 5 8 6.5 39.1 14
85 5 7 6.2 38.4 15
90 5 7 6.0 37.0 16
95 4 7 5.7 36.1 17
100 3 6 5.0 32.8 18
105 3 6 4.9 32.5 19
110 3 6 4.8 32.8 20
115 3 5 4.7 30.9 21
120 3 5 4.7 30.9 22
125 3 5 4.7 30.9 23
130 3 5 4.6 30.0 24
135 3 5 4.4 29.4 25
140 3 5 4.4 29.4 26
145 3 5 4.4 29.4 27
150 3 5 4.3 28.7 28
155 3 5 4.1 27.1 29
160 3 5 4.1 27.1 30
165 3 5 3.9 27.3 31
170 3 4 3.8 26.0 32
175 2 4 3.6 26.0 33
180 2 4 3.6 26.0 34
185 2 4 3.5 24.7 35
190 2 4 3.5 24.7 36
195 2 4 3.5 24.7 37
200 2 4 3.5 24.7 38
205 2 4 3.3 23.5 39
210 2 4 3.3 23.5 40
215 2 4 3.3 23.5 41
220 2 4 3.3 23.5 42
225 2 4 3.2 22.4 43
230 2 4 3.1 20.5 44
235 2 4 3.1 20.5 45
240 2 4 3.0 18.4 46
245 2 4 2.9 18.5 47
250 2 4 2.9 18.5 48
255 2 4 2.9 18.5 49
260 2 4 2.9 18.5 50
265 2 3 2.8 19.4 51
270 2 3 2.8 19.4 52
275 2 3 2.8 19.4 53
280 2 3 2.8 19.4 54
285 2 3 2.8 19.4 55
290 2 3 2.8 19.4 56
295 2 3 2.8 19.4 57
300 2 3 2.8 19.4 58
305 2 3 2.7 18.1 59
310 2 3 2.7 18.1 60
315 2 3 2.7 18.1 61
320 2 3 2.7 18.1 62
325 2 3 2.7 18.1 63
330 2 3 2.7 18.1 64
335 2 3 2.7 18.1 65
340 2 3 2.7 18.1 66
345 2 3 2.7 18.1 67
350 2 3 2.7 18.1 68
355 2 3 2.7 18.1 69
360 2 3 2.7 18.1 70
365 2 3 2.7 18.1 71
370 2 3 2.7 18.1 72
375 2 3 2.7 18.1 73
380 2 3 2.7 18.1 74
385 2 3 2.7 18.1 75
390 2 3 2.7 18.1 76
395 2 3 2.7 18.1 77
400 2 3 2.7 18.1 78
405 2 3 2.7 18.1 79
410 2 3 2.7 18.1 80
415 2 3 2.7 18.1 81
420 2 3 2.7 18.1 82
425 2 3 2.7 18.1 83
430 2 3 2.6 17.0 84
435 2 3 2.6 17.0 85
440 2 3 2.6 17.0 86
445 2 3 2.6 17.0 87
450 2 3 2.6 17.0 88
455 2 3 2.6 17.0 89
460 2 3 2.6 17.0 90
465 2 3 2.5 17.3 91
470 2 3 2.5 17.3 92
475 2 3 2.5 17.3 93
480 2 3 2.5 17.3 94
485 2 3 2.5 17.3 95
490 2 3 2.5 17.3 96
495 2 3 2.5 17.3 97
500 2 3 2.4 15.8 98
505 2 3 2.4 15.8 99
510 2 3 2.4 15.8 100
515 2 3 2.4 15.8 101
520 2 3 2.4 15.8 102
525 2 3 2.4 15.8 103
530 2 3 2.4 15.8 104
535 2 3 2.4 15.8 105
540 2 3 2.4 15.8 106
545 2 3 2.4 15.8 107
550 2 3 2.4 15.8 108
555 2 3 2.4 15.8 109
560 2 3 2.4 15.8 110
565 2 3 2.4 15.8 111
570 2 3 2.3 15.7 112
575 2 3 2.3 15.7 113
580 2 3 2.3 15.7 114
585 2 3 2.3 15.7 115
590 2 3 2.3 15.7 116
595 2 3 2.3 15.7 117
600 2 3 2.3 15.7 118
605 2 3 2.2 15.0 119
610 2 3 2.2 15.0 120
615 1 3 2.0 13.0 121
620 1 3 2.0 13.0 122
625 1 3 2.0 13.0 123
630 1 3 2.0 13.0 124
635 1 3 2.0 13.0 125
640 1 2 1.9 13.7 126
645 1 2 1.9 13.7 127
650 1 2 1.9 13.7 128
655 1 2 1.9 13.7 129
660 1 2 1.9 13.7 130
665 1 2 1.9 13.7 131
670 1 2 1.9 13.7 132
675 1 2 1.9 13.7 133
680 1 2 1.9 13.7 134
685 1 2 1.8 12.6 135
690 1 2 1.8 12.6 136
695 1 2 1.8 12.6 137
700 1 2 1.8 12.6 138
705 1 2 1.8 12.6 139
710 1 2 1.8 12.6 140
715 1 2 1.8 12.6 141
720 1 2 1.8 12.6 142
725 1 2 1.8 12.6 143
730 1 2 1.8 12.6 144
735 1 2 1.8 12.6 145
740 1 2 1.8 12.6 146
745 1 2 1.7 11.9 147
750 1 2 1.7 11.9 148
755 1 2 1.7 11.9 149
760 1 2 1.7 11.9 150
765 1 2 1.6 11.0 151
770 1 2 1.6 11.0 152
775 1 2 1.6 11.0 153
780 1 2 1.6 11.0 154
785 1 2 1.6 11.0 155
790 1 2 1.6 11.0 156
795 1 2 1.6 11.0 157
800 1 2 1.6 11.0 158
805 1 2 1.6 11.0 159
810 1 2 1.6 11.0 160
815 1 2 1.6 11.0 161
820 1 2 1.6 11.0 162
825 1 2 1.6 11.0 163
830 1 2 1.6 11.0 164
835 1 2 1.6 11.0 165
840 1 2 1.6 11.0 166
845 1 2 1.6 11.0 167
850 1 2 1.6 11.0 168
855 1 2 1.6 11.0 169
860 1 2 1.6 11.0 170
865 1 2 1.6 11.0 171
870 1 2 1.6 11.0 172
875 1 2 1.6 11.0 173
880 1 2 1.5 10.9 174
885 1 2 1.5 10.9 175
890 1 2 1.5 10.9 176
895 1 2 1.5 10.9 177
900 1 2 1.5 10.9 178
905 1 2 1.5 10.9 179
910 1 2 1.5 10.9 180
915 1 2 1.5 10.9 181
920 1 2 1.5 10.9 182
925 1 2 1.4 10.0 183
930 1 2 1.4 10.0 184
935 1 2 1.4 10.0 185
940 1 2 1.4 10.0 186
945 1 2 1.4 10.0 187
950 1 2 1.4 10.0 188
955 1 2 1.4 10.0 189
960 1 2 1.4 10.0 190
965 1 2 1.4 10.0 191
970 1 2 1.4 10.0 192
975 1 2 1.4 10.0 193
980 1 2 1.4 10.0 194
985 1 2 1.4 10.0 195
990 1 2 1.3 9.5 196
995 1 2 1.3 9.5 197
1000 1 2 1.3 9.5 198
1005 1 2 1.3 9.5 199
1010 1 2 1.3 9.5 200
1015 1 2 1.3 9.5 201
1020 1 2 1.2 8.8 202
1025 1 2 1.2 8.8 203
1030 1 2 1.2 8.8 204
1035 1 2 1.2 8.8 205
1040 1 2 1.2 8.8 206
1045 1 2 1.1 8.1 207
1050 1 2 1.1 8.1 208
1055 1 2 1.1 8.1 209
1060 1 2 1.1 8.1 210
1065 1 2 1.1 8.1 211
1070 1 2 1.1 8.1 212
1075 1 2 1.1 8.1 213
1080 1 2 1.1 8.1 214
1085 1 1 1.0 7.6 215
1090 1 1 1.0 7.6 216
1095 1 1 1.0 7.6 217
1100 1 1 1.0 7.6 218
1105 1 1 1.0 7.6 219
1110 1 1 1.0 7.6 220
1115 1 1 1.0 7.6 221
1120 1 1 1.0 7.6 222
1125 1 1 1.0 7.6 223
1130 1 1 1.0 7.6 224
1135 1 1 1.0 7.6 225
1140 1 1 1.0 7.6 226
1145 1 1 1.0 7.6 227
1150 1 1 1.0 7.6 228
1155 1 1 1.0 7.6 229
1160 1 1 1.0 7.6 230
1165 1 1 1.0 7.6 231
1170 1 1 1.0 7.6 232
1175 1 1 1.0 7.6 233
1180 1 1 1.0 7.6 234
1185 1 1 1.0 7.6 235
1190 1 1 1.0 7.6 236
1195 1 1 1.0 7.6 237
1200 1 1 1.0 7.6 238
1205 1 1 1.0 7.6 239
1210 1 1 1.0 7.6 240
1215 1 1 1.0 7.6 241
1220 1 1 1.0 7.6 242
1225 1 1 1.0 7.6 243
1230 1 1 1.0 7.6 244
1235 1 1 1.0 7.6 245
1240 1 1 1.0 7.6 246
1245 1 1 1.0 7.6 247
1250 1 1 1.0 7.6 248
1255 1 1 1.0 7.6 249
1260 1 1 1.0 7.6 250
1265 1 1 1.0 7.6 251
1270 1 1 1.0 7.6 252
1275 1 1 1.0 7.6 253
1280 1 1 1.0 7.6 254
1285 1 1 1.0 7.6 255
1290 1 1 1.0 7.6 256
1295 1 1 1.0 7.6 257
1300 1 1 1.0 7.6 258
1305 1 1 1.0 7.6 259
1310 1 1 1.0 7.6 260
1315 1 1 1.0 7.6 261
1320 0 1 0.9 6.7 262
# Solution finale : 111000111000111000111 (0)
# Optimum         : 111000111000111000111
