# Execution avec les parametre suivants:
# {taillePopulationEnfants=5, verbose=false, tauxMutation=0.2, taillePopulationParents=10, maxEvaluations=30000, maxGenerations=1000, optimum=111000111000111000111, tailleTournoi=5}
# Optimum : 111000111000111000111
# Dimension : 21
15 8 12 9.7 44.5 1
20 8 11 9.3 45.7 2
25 8 10 8.8 43.0 3
30 8 10 8.6 42.8 4
35 7 9 8.1 43.5 5
40 7 8 7.9 44.1 6
45 7 8 7.9 44.1 7
50 7 8 7.9 44.1 8
55 4 8 7.2 41.0 9
60 4 8 7.2 41.0 10
65 4 8 6.8 37.4 11
70 4 8 6.8 37.4 12
75 4 8 6.8 37.4 13
80 4 8 6.5 37.3 14
85 4 8 6.2 36.6 15
90 4 7 5.8 36.4 16
95 4 7 5.7 33.9 17
100 4 7 5.6 33.8 18
105 4 7 5.6 33.8 19
110 4 7 5.5 34.3 20
115 4 6 5.4 33.8 21
120 4 6 5.4 33.8 22
125 4 6 5.1 32.3 23
130 4 6 5.1 32.3 24
135 4 6 5.1 32.3 25
140 4 6 5.0 29.8 26
145 4 6 5.0 29.8 27
150 4 6 4.9 28.5 28
155 4 6 4.9 28.5 29
160 3 5 4.6 27.6 30
165 3 5 4.4 28.6 31
170 3 5 4.4 28.6 32
175 3 5 4.2 28.2 33
180 3 5 4.2 28.2 34
185 3 5 4.2 28.2 35
190 3 5 4.1 25.7 36
195 3 5 4.1 25.7 37
200 3 5 4.1 25.7 38
205 3 5 3.9 24.1 39
210 3 5 3.9 24.1 40
215 3 5 3.9 24.1 41
220 3 5 3.8 23.6 42
225 3 4 3.6 22.2 43
230 3 4 3.6 22.2 44
235 3 4 3.6 22.2 45
240 3 4 3.6 22.2 46
245 3 4 3.5 20.7 47
250 3 4 3.5 20.7 48
255 3 4 3.5 20.7 49
260 3 4 3.5 20.7 50
265 3 4 3.5 20.7 51
270 3 4 3.5 20.7 52
275 3 4 3.4 20.0 53
280 3 4 3.3 20.5 54
285 3 4 3.3 20.5 55
290 3 4 3.2 21.2 56
295 3 4 3.2 21.2 57
300 3 4 3.2 21.2 58
305 3 4 3.2 21.2 59
310 3 4 3.1 20.7 60
315 3 4 3.1 20.7 61
320 3 4 3.1 20.7 62
325 3 4 3.1 20.7 63
330 3 4 3.1 20.7 64
335 2 3 2.9 19.7 65
340 2 3 2.9 19.7 66
345 2 3 2.9 19.7 67
350 2 3 2.9 19.7 68
355 2 3 2.9 19.7 69
360 2 3 2.9 19.7 70
365 2 3 2.9 19.7 71
370 2 3 2.9 19.7 72
375 2 3 2.9 19.7 73
380 2 3 2.9 19.7 74
385 2 3 2.9 19.7 75
390 2 3 2.9 19.7 76
395 2 3 2.9 19.7 77
400 2 3 2.9 19.7 78
405 2 3 2.9 19.7 79
410 2 3 2.9 19.7 80
415 2 3 2.9 19.7 81
420 2 3 2.9 19.7 82
425 2 3 2.9 19.7 83
430 2 3 2.9 19.7 84
435 2 3 2.9 19.7 85
440 2 3 2.9 19.7 86
445 2 3 2.9 19.7 87
450 2 3 2.9 19.7 88
455 2 3 2.9 19.7 89
460 2 3 2.9 19.7 90
465 2 3 2.9 19.7 91
470 2 3 2.9 19.7 92
475 2 3 2.9 19.7 93
480 2 3 2.9 19.7 94
485 2 3 2.9 19.7 95
490 2 3 2.9 19.7 96
495 2 3 2.9 19.7 97
500 1 3 2.7 18.7 98
505 1 3 2.7 18.7 99
510 1 3 2.7 18.7 100
515 1 3 2.7 18.7 101
520 1 3 2.6 16.8 102
525 1 3 2.6 16.8 103
530 1 3 2.6 16.8 104
535 1 3 2.6 16.8 105
540 1 3 2.6 16.8 106
545 1 3 2.6 16.8 107
550 1 3 2.6 16.8 108
555 1 3 2.6 16.8 109
560 1 3 2.5 15.1 110
565 1 3 2.5 15.1 111
570 1 3 2.5 15.1 112
575 1 3 2.5 15.1 113
580 1 3 2.5 15.1 114
585 1 3 2.4 15.0 115
590 1 3 2.1 13.7 116
595 1 3 2.0 13.2 117
600 1 3 2.0 13.2 118
605 1 3 2.0 13.2 119
610 1 3 2.0 13.2 120
615 1 3 2.0 13.2 121
620 1 3 2.0 13.2 122
625 1 3 2.0 13.2 123
630 1 3 2.0 13.2 124
635 1 3 2.0 13.2 125
640 1 3 2.0 13.2 126
645 1 3 2.0 13.2 127
650 1 3 2.0 13.2 128
655 1 3 2.0 13.2 129
660 1 3 2.0 13.2 130
665 1 3 2.0 13.2 131
670 1 3 2.0 13.2 132
675 1 3 2.0 13.2 133
680 1 3 2.0 13.2 134
685 1 3 2.0 13.2 135
690 1 3 2.0 13.2 136
695 1 3 2.0 13.2 137
700 1 3 2.0 13.2 138
705 1 3 2.0 13.2 139
710 1 3 2.0 13.2 140
715 1 3 2.0 13.2 141
720 1 3 2.0 13.2 142
725 1 3 2.0 13.2 143
730 1 3 2.0 13.2 144
735 1 3 2.0 13.2 145
740 1 3 2.0 13.2 146
745 1 3 2.0 13.2 147
750 1 3 2.0 13.2 148
755 1 3 2.0 13.2 149
760 1 3 2.0 13.2 150
765 1 3 2.0 13.2 151
770 0 3 1.7 11.7 152
# Solution finale : 111000111000111000111 (0)
# Optimum         : 111000111000111000111
