# Execution avec les parametre suivants:
# {taillePopulationEnfants=5, verbose=false, tauxMutation=0.2, taillePopulationParents=10, maxEvaluations=30000, maxGenerations=1000, optimum=111000111000111000111, tailleTournoi=5}
# Optimum : 111000111000111000111
# Dimension : 21
15 5 11 8.9 46.9 1
20 5 10 8.2 44.4 2
25 5 10 7.8 42.8 3
30 5 10 7.8 42.8 4
35 5 9 7.6 42.4 5
40 5 9 7.5 42.3 6
45 5 9 6.8 39.4 7
50 4 8 6.2 38.2 8
55 4 7 6.0 37.0 9
60 4 7 5.8 36.6 10
65 4 6 5.2 32.2 11
70 4 6 5.1 31.7 12
75 4 6 5.1 31.7 13
80 3 6 4.8 32.6 14
85 3 6 4.8 32.6 15
90 3 6 4.6 32.0 16
95 3 5 4.4 30.8 17
100 3 5 4.4 30.8 18
105 3 5 4.4 30.8 19
110 3 5 4.3 30.7 20
115 3 5 4.3 30.7 21
120 3 5 4.1 29.5 22
125 3 5 4.1 29.5 23
130 3 5 4.1 29.5 24
135 3 5 4.1 29.5 25
140 3 5 4.1 29.5 26
145 3 5 4.1 29.5 27
150 3 5 4.1 29.5 28
155 3 5 4.1 29.5 29
160 3 5 4.1 29.5 30
165 3 5 4.1 29.5 31
170 3 5 3.9 28.5 32
175 3 5 3.7 25.1 33
180 3 5 3.7 25.1 34
185 3 5 3.7 25.1 35
190 3 5 3.7 25.1 36
195 3 5 3.7 25.1 37
200 3 4 3.5 23.9 38
205 3 4 3.5 23.9 39
210 3 4 3.5 23.9 40
215 3 4 3.4 23.2 41
220 3 4 3.4 23.2 42
225 3 4 3.4 23.2 43
230 3 4 3.4 23.2 44
235 3 4 3.4 23.2 45
240 3 4 3.4 23.2 46
245 3 4 3.4 23.2 47
250 3 4 3.3 23.3 48
255 3 4 3.3 23.3 49
260 3 4 3.3 23.3 50
265 3 4 3.3 23.3 51
270 3 4 3.2 22.6 52
275 3 4 3.2 22.6 53
280 3 4 3.2 22.6 54
285 3 4 3.2 22.6 55
290 3 3 3.0 22.4 56
295 2 3 2.9 21.9 57
300 2 3 2.9 21.9 58
305 2 3 2.9 21.9 59
310 2 3 2.9 21.9 60
315 2 3 2.9 21.9 61
320 2 3 2.8 21.0 62
325 2 3 2.8 21.0 63
330 2 3 2.8 21.0 64
335 2 3 2.8 21.0 65
340 2 3 2.8 21.0 66
345 2 3 2.8 21.0 67
350 2 3 2.8 21.0 68
355 2 3 2.7 19.1 69
360 2 3 2.7 19.1 70
365 2 3 2.7 19.1 71
370 2 3 2.7 19.1 72
375 2 3 2.7 19.1 73
380 2 3 2.7 19.1 74
385 2 3 2.7 19.1 75
390 2 3 2.7 19.1 76
395 2 3 2.7 19.1 77
400 2 3 2.6 18.2 78
405 2 3 2.6 18.2 79
410 2 3 2.6 18.2 80
415 2 3 2.6 18.2 81
420 2 3 2.6 18.2 82
425 2 3 2.6 18.2 83
430 2 3 2.6 18.2 84
435 2 3 2.6 18.2 85
440 2 3 2.6 18.2 86
445 2 3 2.6 18.2 87
450 1 3 2.4 17.8 88
455 1 3 2.4 17.8 89
460 1 3 2.4 17.8 90
465 1 3 2.4 17.8 91
470 1 3 2.4 17.8 92
475 1 3 2.4 17.8 93
480 1 3 2.3 16.9 94
485 1 3 2.3 16.9 95
490 1 3 2.2 17.2 96
495 1 3 2.2 17.2 97
500 1 3 2.2 17.2 98
505 1 3 2.2 17.2 99
510 1 3 2.2 17.2 100
515 1 3 2.2 17.2 101
520 1 3 2.2 17.2 102
525 1 3 2.2 17.2 103
530 1 3 2.1 15.9 104
535 1 3 2.1 15.9 105
540 1 3 2.0 16.0 106
545 1 3 2.0 16.0 107
550 1 3 2.0 16.0 108
555 1 3 2.0 16.0 109
560 1 3 2.0 16.0 110
565 1 3 2.0 16.0 111
570 1 3 2.0 16.0 112
575 1 3 2.0 16.0 113
580 1 3 2.0 16.0 114
585 1 3 2.0 16.0 115
590 1 3 2.0 16.0 116
595 1 3 2.0 16.0 117
600 1 3 2.0 16.0 118
605 1 3 2.0 16.0 119
610 1 2 1.9 14.7 120
615 1 2 1.9 14.7 121
620 1 2 1.9 14.7 122
625 1 2 1.9 14.7 123
630 1 2 1.9 14.7 124
635 1 2 1.9 14.7 125
640 1 2 1.9 14.7 126
645 1 2 1.9 14.7 127
650 1 2 1.9 14.7 128
655 1 2 1.9 14.7 129
660 1 2 1.9 14.7 130
665 1 2 1.9 14.7 131
670 1 2 1.9 14.7 132
675 1 2 1.9 14.7 133
680 1 2 1.9 14.7 134
685 1 2 1.9 14.7 135
690 1 2 1.9 14.7 136
695 1 2 1.9 14.7 137
700 1 2 1.9 14.7 138
705 1 2 1.8 14.0 139
710 1 2 1.8 14.0 140
715 1 2 1.8 14.0 141
720 1 2 1.8 14.0 142
725 1 2 1.8 14.0 143
730 1 2 1.8 14.0 144
735 1 2 1.8 14.0 145
740 1 2 1.8 14.0 146
745 1 2 1.8 14.0 147
750 1 2 1.8 14.0 148
755 1 2 1.8 14.0 149
760 1 2 1.8 14.0 150
765 1 2 1.8 14.0 151
770 1 2 1.8 14.0 152
775 1 2 1.8 14.0 153
780 1 2 1.8 14.0 154
785 1 2 1.8 14.0 155
790 1 2 1.8 14.0 156
795 1 2 1.8 14.0 157
800 1 2 1.8 14.0 158
805 1 2 1.8 14.0 159
810 1 2 1.8 14.0 160
815 1 2 1.8 14.0 161
820 1 2 1.8 14.0 162
825 1 2 1.8 14.0 163
830 1 2 1.7 12.7 164
835 1 2 1.7 12.7 165
840 1 2 1.7 12.7 166
845 1 2 1.7 12.7 167
850 1 2 1.7 12.7 168
855 1 2 1.7 12.7 169
860 1 2 1.7 12.7 170
865 1 2 1.7 12.7 171
870 1 2 1.7 12.7 172
875 1 2 1.7 12.7 173
880 1 2 1.7 12.7 174
885 1 2 1.7 12.7 175
890 1 2 1.7 12.7 176
895 1 2 1.6 12.8 177
900 1 2 1.6 12.8 178
905 1 2 1.6 12.8 179
910 1 2 1.6 12.8 180
915 1 2 1.6 12.8 181
920 1 2 1.6 12.8 182
925 1 2 1.6 12.8 183
930 1 2 1.6 12.8 184
935 1 2 1.6 12.8 185
940 1 2 1.6 12.8 186
945 1 2 1.6 12.8 187
950 1 2 1.5 11.9 188
955 1 2 1.5 11.9 189
960 1 2 1.5 11.9 190
965 1 2 1.5 11.9 191
970 1 2 1.5 11.9 192
975 1 2 1.5 11.9 193
980 1 2 1.5 11.9 194
985 1 2 1.5 11.9 195
990 1 2 1.5 11.9 196
995 1 2 1.4 11.6 197
1000 1 2 1.4 11.6 198
1005 1 2 1.4 11.6 199
1010 1 2 1.4 11.6 200
1015 1 2 1.4 11.6 201
1020 1 2 1.4 11.6 202
1025 1 2 1.4 11.6 203
1030 1 2 1.4 11.6 204
1035 1 2 1.4 11.6 205
1040 1 2 1.4 11.6 206
1045 1 2 1.4 11.6 207
1050 1 2 1.4 11.6 208
1055 1 2 1.4 11.6 209
1060 1 2 1.4 11.6 210
1065 1 2 1.4 11.6 211
1070 1 2 1.4 11.6 212
1075 1 2 1.4 11.6 213
1080 1 2 1.4 11.6 214
1085 1 2 1.4 11.6 215
1090 1 2 1.4 11.6 216
1095 1 2 1.4 11.6 217
1100 1 2 1.3 10.9 218
1105 1 2 1.3 10.9 219
1110 1 2 1.3 10.9 220
1115 1 2 1.3 10.9 221
1120 1 2 1.3 10.9 222
1125 1 2 1.3 10.9 223
1130 1 2 1.3 10.9 224
1135 1 2 1.2 10.4 225
1140 1 2 1.2 10.4 226
1145 1 2 1.2 10.4 227
1150 1 2 1.2 10.4 228
1155 1 2 1.2 10.4 229
1160 1 2 1.2 10.4 230
1165 1 2 1.2 10.4 231
1170 1 2 1.2 10.4 232
1175 1 2 1.2 10.4 233
1180 1 2 1.2 10.4 234
1185 1 2 1.2 10.4 235
1190 1 2 1.2 10.4 236
1195 1 2 1.1 9.7 237
1200 1 2 1.1 9.7 238
1205 1 2 1.1 9.7 239
1210 1 2 1.1 9.7 240
1215 1 1 1.0 8.8 241
1220 1 1 1.0 8.8 242
1225 1 1 1.0 8.8 243
1230 1 1 1.0 8.8 244
1235 1 1 1.0 8.8 245
1240 1 1 1.0 8.8 246
1245 1 1 1.0 8.8 247
1250 1 1 1.0 8.8 248
1255 1 1 1.0 8.8 249
1260 1 1 1.0 8.8 250
1265 1 1 1.0 8.8 251
1270 1 1 1.0 8.8 252
1275 1 1 1.0 8.8 253
1280 1 1 1.0 8.8 254
1285 1 1 1.0 8.8 255
1290 1 1 1.0 8.8 256
1295 1 1 1.0 8.8 257
1300 1 1 1.0 8.8 258
1305 1 1 1.0 8.8 259
1310 1 1 1.0 8.8 260
1315 1 1 1.0 8.8 261
1320 1 1 1.0 8.8 262
1325 1 1 1.0 8.8 263
1330 1 1 1.0 8.8 264
1335 1 1 1.0 8.8 265
1340 1 1 1.0 8.8 266
1345 1 1 1.0 8.8 267
1350 1 1 1.0 8.8 268
1355 1 1 1.0 8.8 269
1360 1 1 1.0 8.8 270
1365 1 1 1.0 8.8 271
1370 1 1 1.0 8.8 272
1375 1 1 1.0 8.8 273
1380 1 1 1.0 8.8 274
1385 1 1 1.0 8.8 275
1390 1 1 1.0 8.8 276
1395 1 1 1.0 8.8 277
1400 1 1 1.0 8.8 278
1405 1 1 1.0 8.8 279
1410 1 1 1.0 8.8 280
1415 1 1 1.0 8.8 281
1420 1 1 1.0 8.8 282
1425 1 1 1.0 8.8 283
1430 1 1 1.0 8.8 284
1435 1 1 1.0 8.8 285
1440 1 1 1.0 8.8 286
1445 1 1 1.0 8.8 287
1450 1 1 1.0 8.8 288
1455 1 1 1.0 8.8 289
1460 1 1 1.0 8.8 290
1465 1 1 1.0 8.8 291
1470 1 1 1.0 8.8 292
1475 1 1 1.0 8.8 293
1480 1 1 1.0 8.8 294
1485 1 1 1.0 8.8 295
1490 1 1 1.0 8.8 296
1495 1 1 1.0 8.8 297
1500 1 1 1.0 8.8 298
1505 1 1 1.0 8.8 299
1510 1 1 1.0 8.8 300
1515 1 1 1.0 8.8 301
1520 1 1 1.0 8.8 302
1525 1 1 1.0 8.8 303
1530 1 1 1.0 8.8 304
1535 1 1 1.0 8.8 305
1540 1 1 1.0 8.8 306
1545 1 1 1.0 8.8 307
1550 1 1 1.0 8.8 308
1555 1 1 1.0 8.8 309
1560 1 1 1.0 8.8 310
1565 1 1 1.0 8.8 311
1570 1 1 1.0 8.8 312
1575 1 1 1.0 8.8 313
1580 1 1 1.0 8.8 314
1585 1 1 1.0 8.8 315
1590 1 1 1.0 8.8 316
1595 1 1 1.0 8.8 317
1600 1 1 1.0 8.8 318
1605 1 1 1.0 8.8 319
1610 1 1 1.0 8.8 320
1615 1 1 1.0 8.8 321
1620 1 1 1.0 8.8 322
1625 1 1 1.0 8.8 323
1630 1 1 1.0 8.8 324
1635 1 1 1.0 8.8 325
1640 1 1 1.0 8.8 326
1645 1 1 1.0 8.8 327
1650 1 1 1.0 8.8 328
1655 1 1 1.0 8.8 329
1660 1 1 1.0 8.8 330
1665 1 1 1.0 8.8 331
1670 1 1 1.0 8.8 332
1675 1 1 1.0 8.8 333
1680 1 1 1.0 8.8 334
1685 1 1 1.0 8.8 335
1690 1 1 1.0 8.8 336
1695 1 1 1.0 8.8 337
1700 1 1 1.0 8.8 338
1705 1 1 1.0 8.8 339
1710 1 1 1.0 8.8 340
1715 1 1 1.0 8.8 341
1720 1 1 1.0 8.8 342
1725 1 1 1.0 8.8 343
1730 1 1 1.0 8.8 344
1735 1 1 1.0 8.8 345
1740 1 1 1.0 8.8 346
1745 1 1 1.0 8.8 347
1750 1 1 1.0 8.8 348
1755 1 1 1.0 8.8 349
1760 1 1 1.0 8.8 350
1765 1 1 1.0 8.8 351
1770 1 1 1.0 8.8 352
1775 1 1 1.0 8.8 353
1780 1 1 1.0 8.8 354
1785 1 1 1.0 8.8 355
1790 1 1 1.0 8.8 356
1795 1 1 1.0 8.8 357
1800 1 1 1.0 8.8 358
1805 1 1 1.0 8.8 359
1810 1 1 1.0 8.8 360
1815 1 1 1.0 8.8 361
1820 1 1 1.0 8.8 362
1825 1 1 1.0 8.8 363
1830 1 1 1.0 8.8 364
1835 1 1 1.0 8.8 365
1840 1 1 1.0 8.8 366
1845 1 1 1.0 8.8 367
1850 1 1 1.0 8.8 368
1855 1 1 1.0 8.8 369
1860 1 1 1.0 8.8 370
1865 1 1 1.0 8.8 371
1870 1 1 1.0 8.8 372
1875 1 1 1.0 8.8 373
1880 1 1 1.0 8.8 374
1885 1 1 1.0 8.8 375
1890 1 1 1.0 8.8 376
1895 1 1 1.0 8.8 377
1900 1 1 1.0 8.8 378
1905 1 1 1.0 8.8 379
1910 1 1 1.0 8.8 380
1915 1 1 1.0 8.8 381
1920 1 1 1.0 8.8 382
1925 1 1 1.0 8.8 383
1930 1 1 1.0 8.8 384
1935 1 1 1.0 8.8 385
1940 1 1 1.0 8.8 386
1945 1 1 1.0 8.8 387
1950 1 1 1.0 8.8 388
1955 1 1 1.0 8.8 389
1960 1 1 1.0 8.8 390
1965 1 1 1.0 8.8 391
1970 1 1 1.0 8.8 392
1975 1 1 1.0 8.8 393
1980 1 1 1.0 8.8 394
1985 1 1 1.0 8.8 395
1990 1 1 1.0 8.8 396
1995 1 1 1.0 8.8 397
2000 1 1 1.0 8.8 398
2005 1 1 1.0 8.8 399
2010 1 1 1.0 8.8 400
2015 1 1 1.0 8.8 401
2020 1 1 1.0 8.8 402
2025 1 1 1.0 8.8 403
2030 1 1 1.0 8.8 404
2035 1 1 1.0 8.8 405
2040 1 1 1.0 8.8 406
2045 1 1 1.0 8.8 407
2050 1 1 1.0 8.8 408
2055 1 1 1.0 8.8 409
2060 1 1 1.0 8.8 410
2065 1 1 1.0 8.8 411
2070 1 1 1.0 8.8 412
2075 1 1 1.0 8.8 413
2080 1 1 1.0 8.8 414
2085 1 1 1.0 8.8 415
2090 1 1 1.0 8.8 416
2095 1 1 1.0 8.8 417
2100 1 1 1.0 8.8 418
2105 1 1 1.0 8.8 419
2110 1 1 1.0 8.8 420
2115 1 1 1.0 8.8 421
2120 1 1 1.0 8.8 422
2125 1 1 1.0 8.8 423
2130 1 1 1.0 8.8 424
2135 1 1 1.0 8.8 425
2140 1 1 1.0 8.8 426
2145 1 1 1.0 8.8 427
2150 1 1 1.0 8.8 428
2155 1 1 1.0 8.8 429
2160 1 1 1.0 8.8 430
2165 1 1 1.0 8.8 431
2170 1 1 1.0 8.8 432
2175 1 1 1.0 8.8 433
2180 1 1 1.0 8.8 434
2185 1 1 1.0 8.8 435
2190 1 1 1.0 8.8 436
2195 1 1 1.0 8.8 437
2200 1 1 1.0 8.8 438
2205 1 1 1.0 8.8 439
2210 1 1 1.0 8.8 440
2215 1 1 1.0 8.8 441
2220 1 1 1.0 8.8 442
2225 1 1 1.0 8.8 443
2230 1 1 1.0 8.8 444
2235 1 1 1.0 8.8 445
2240 1 1 1.0 8.8 446
2245 1 1 1.0 8.8 447
2250 1 1 1.0 8.8 448
2255 1 1 1.0 8.8 449
2260 1 1 1.0 8.8 450
2265 1 1 1.0 8.8 451
2270 1 1 1.0 8.8 452
2275 1 1 1.0 8.8 453
2280 1 1 1.0 8.8 454
2285 1 1 1.0 8.8 455
2290 1 1 1.0 8.8 456
2295 1 1 1.0 8.8 457
2300 1 1 1.0 8.8 458
2305 1 1 1.0 8.8 459
2310 1 1 1.0 8.8 460
2315 1 1 1.0 8.8 461
2320 1 1 1.0 8.8 462
2325 1 1 1.0 8.8 463
2330 1 1 1.0 8.8 464
2335 1 1 1.0 8.8 465
2340 1 1 1.0 8.8 466
2345 1 1 1.0 8.8 467
2350 1 1 1.0 8.8 468
2355 1 1 1.0 8.8 469
2360 1 1 1.0 8.8 470
2365 1 1 1.0 8.8 471
2370 1 1 1.0 8.8 472
2375 1 1 1.0 8.8 473
2380 1 1 1.0 8.8 474
2385 1 1 1.0 8.8 475
2390 1 1 1.0 8.8 476
2395 1 1 1.0 8.8 477
2400 0 1 0.9 8.1 478
# Solution finale : 111000111000111000111 (0)
# Optimum         : 111000111000111000111
