# Execution avec les parametre suivants:
# {taillePopulationEnfants=5, verbose=false, tauxMutation=0.2, taillePopulationParents=10, maxEvaluations=30000, maxGenerations=1000, optimum=111000111000111000111, tailleTournoi=5}
# Optimum : 111000111000111000111
# Dimension : 21
15 7 12 9.5 45.3 1
20 7 11 9.0 44.6 2
25 7 10 8.5 45.3 3
30 7 10 8.2 44.6 4
35 7 9 7.8 43.0 5
40 6 8 7.5 42.5 6
45 6 8 7.4 43.2 7
50 6 8 7.4 43.2 8
55 6 8 7.2 42.2 9
60 6 8 7.2 42.2 10
65 6 8 7.2 42.2 11
70 6 8 6.9 41.5 12
75 6 8 6.9 41.5 13
80 6 8 6.9 41.5 14
85 6 7 6.5 38.9 15
90 6 7 6.5 38.9 16
95 6 7 6.5 38.9 17
100 6 7 6.4 37.8 18
105 6 7 6.3 37.9 19
110 6 7 6.3 37.9 20
115 6 7 6.3 37.9 21
120 6 7 6.2 36.6 22
125 4 7 5.9 36.1 23
130 4 7 5.9 36.1 24
135 4 6 5.7 33.1 25
140 4 6 5.6 31.8 26
145 4 6 5.6 31.8 27
150 4 6 5.4 30.8 28
155 4 6 5.1 28.5 29
160 4 6 5.0 29.2 30
165 4 6 5.0 29.2 31
170 4 6 5.0 29.2 32
175 4 6 5.0 29.2 33
180 4 6 5.0 29.2 34
185 4 6 4.9 29.3 35
190 4 5 4.7 29.1 36
195 4 5 4.7 29.1 37
200 4 5 4.7 29.1 38
205 4 5 4.6 29.4 39
210 4 5 4.6 29.4 40
215 4 5 4.6 29.4 41
220 4 5 4.5 27.9 42
225 3 5 4.3 26.5 43
230 3 5 4.3 26.5 44
235 3 5 4.3 26.5 45
240 3 5 4.2 25.8 46
245 3 5 4.2 25.8 47
250 3 5 4.2 25.8 48
255 3 5 4.2 25.8 49
260 3 5 4.2 25.8 50
265 3 5 4.1 26.1 51
270 3 5 4.1 26.1 52
275 3 5 4.0 26.6 53
280 3 5 4.0 26.6 54
285 3 4 3.9 27.1 55
290 3 4 3.9 27.1 56
295 3 4 3.9 27.1 57
300 3 4 3.9 27.1 58
305 3 4 3.9 27.1 59
310 3 4 3.9 27.1 60
315 3 4 3.9 27.1 61
320 3 4 3.9 27.1 62
325 3 4 3.9 27.1 63
330 3 4 3.8 26.4 64
335 3 4 3.8 26.4 65
340 3 4 3.8 26.4 66
345 3 4 3.7 24.9 67
350 3 4 3.7 24.9 68
355 3 4 3.7 24.9 69
360 3 4 3.7 24.9 70
365 3 4 3.7 24.9 71
370 3 4 3.7 24.9 72
375 3 4 3.7 24.9 73
380 3 4 3.7 24.9 74
385 3 4 3.7 24.9 75
390 3 4 3.7 24.9 76
395 3 4 3.7 24.9 77
400 3 4 3.7 24.9 78
405 3 4 3.7 24.9 79
410 3 4 3.7 24.9 80
415 3 4 3.6 24.2 81
420 3 4 3.6 24.2 82
425 3 4 3.5 24.7 83
430 3 4 3.5 24.7 84
435 3 4 3.5 24.7 85
440 3 4 3.5 24.7 86
445 3 4 3.5 24.7 87
450 3 4 3.4 24.8 88
455 3 4 3.4 24.8 89
460 3 4 3.4 24.8 90
465 3 4 3.3 23.9 91
470 2 4 3.0 23.2 92
475 2 4 3.0 23.2 93
480 2 3 2.9 23.1 94
485 2 3 2.8 22.4 95
490 2 3 2.8 22.4 96
495 2 3 2.7 21.3 97
500 2 3 2.7 21.3 98
505 2 3 2.7 21.3 99
510 2 3 2.7 21.3 100
515 2 3 2.7 21.3 101
520 2 3 2.7 21.3 102
525 2 3 2.7 21.3 103
530 2 3 2.7 21.3 104
535 2 3 2.7 21.3 105
540 2 3 2.7 21.3 106
545 2 3 2.7 21.3 107
550 2 3 2.7 21.3 108
555 2 3 2.7 21.3 109
560 2 3 2.7 21.3 110
565 2 3 2.7 21.3 111
570 2 3 2.7 21.3 112
575 2 3 2.7 21.3 113
580 2 3 2.7 21.3 114
585 2 3 2.7 21.3 115
590 2 3 2.7 21.3 116
595 2 3 2.7 21.3 117
600 2 3 2.7 21.3 118
605 2 3 2.7 21.3 119
610 2 3 2.7 21.3 120
615 2 3 2.7 21.3 121
620 2 3 2.7 21.3 122
625 2 3 2.7 21.3 123
630 2 3 2.6 20.2 124
635 2 3 2.5 20.1 125
640 2 3 2.5 20.1 126
645 2 3 2.5 20.1 127
650 2 3 2.5 20.1 128
655 2 3 2.5 20.1 129
660 2 3 2.5 20.1 130
665 1 3 2.3 18.7 131
670 1 3 2.3 18.7 132
675 1 3 2.3 18.7 133
680 1 3 2.3 18.7 134
685 1 3 2.3 18.7 135
690 1 3 2.3 18.7 136
695 1 3 2.3 18.7 137
700 1 3 2.3 18.7 138
705 1 3 2.2 18.2 139
710 1 3 2.1 17.3 140
715 1 3 2.1 17.3 141
720 1 3 2.1 17.3 142
725 1 3 2.1 17.3 143
730 1 3 2.1 17.3 144
735 1 3 2.1 17.3 145
740 1 3 2.1 17.3 146
745 1 3 1.9 15.3 147
750 1 3 1.9 15.3 148
755 1 3 1.9 15.3 149
760 1 3 1.9 15.3 150
765 1 3 1.9 15.3 151
770 1 2 1.8 14.4 152
775 1 2 1.8 14.4 153
780 1 2 1.8 14.4 154
785 1 2 1.8 14.4 155
790 1 2 1.8 14.4 156
795 1 2 1.8 14.4 157
800 1 2 1.8 14.4 158
805 1 2 1.8 14.4 159
810 1 2 1.8 14.4 160
815 1 2 1.8 14.4 161
820 1 2 1.8 14.4 162
825 1 2 1.8 14.4 163
830 1 2 1.8 14.4 164
835 1 2 1.8 14.4 165
840 1 2 1.8 14.4 166
845 1 2 1.8 14.4 167
850 1 2 1.8 14.4 168
855 1 2 1.8 14.4 169
860 1 2 1.8 14.4 170
865 1 2 1.8 14.4 171
870 1 2 1.8 14.4 172
875 1 2 1.8 14.4 173
880 1 2 1.8 14.4 174
885 1 2 1.8 14.4 175
890 1 2 1.8 14.4 176
895 1 2 1.8 14.4 177
900 1 2 1.8 14.4 178
905 1 2 1.8 14.4 179
910 1 2 1.8 14.4 180
915 1 2 1.8 14.4 181
920 1 2 1.7 13.7 182
925 1 2 1.7 13.7 183
930 1 2 1.7 13.7 184
935 1 2 1.7 13.7 185
940 1 2 1.7 13.7 186
945 1 2 1.7 13.7 187
950 1 2 1.7 13.7 188
955 1 2 1.7 13.7 189
960 1 2 1.7 13.7 190
965 1 2 1.7 13.7 191
970 1 2 1.7 13.7 192
975 1 2 1.7 13.7 193
980 1 2 1.7 13.7 194
985 1 2 1.7 13.7 195
990 1 2 1.7 13.7 196
995 1 2 1.7 13.7 197
1000 1 2 1.7 13.7 198
1005 1 2 1.7 13.7 199
1010 1 2 1.7 13.7 200
1015 1 2 1.7 13.7 201
1020 1 2 1.7 13.7 202
1025 1 2 1.7 13.7 203
1030 1 2 1.7 13.7 204
1035 1 2 1.7 13.7 205
1040 1 2 1.7 13.7 206
1045 1 2 1.7 13.7 207
1050 1 2 1.7 13.7 208
1055 1 2 1.7 13.7 209
1060 1 2 1.7 13.7 210
1065 1 2 1.7 13.7 211
1070 1 2 1.7 13.7 212
1075 1 2 1.7 13.7 213
1080 1 2 1.7 13.7 214
1085 1 2 1.7 13.7 215
1090 1 2 1.7 13.7 216
1095 1 2 1.7 13.7 217
1100 1 2 1.7 13.7 218
1105 1 2 1.7 13.7 219
1110 1 2 1.7 13.7 220
1115 1 2 1.6 13.2 221
1120 1 2 1.6 13.2 222
1125 1 2 1.6 13.2 223
1130 1 2 1.6 13.2 224
1135 1 2 1.6 13.2 225
1140 1 2 1.6 13.2 226
1145 1 2 1.6 13.2 227
1150 1 2 1.6 13.2 228
1155 1 2 1.6 13.2 229
1160 1 2 1.6 13.2 230
1165 1 2 1.6 13.2 231
1170 1 2 1.6 13.2 232
1175 1 2 1.6 13.2 233
1180 1 2 1.6 13.2 234
1185 1 2 1.6 13.2 235
1190 1 2 1.6 13.2 236
1195 1 2 1.5 11.7 237
1200 1 2 1.5 11.7 238
1205 1 2 1.5 11.7 239
1210 1 2 1.5 11.7 240
1215 1 2 1.5 11.7 241
1220 1 2 1.5 11.7 242
1225 1 2 1.5 11.7 243
1230 1 2 1.5 11.7 244
1235 1 2 1.5 11.7 245
1240 1 2 1.5 11.7 246
1245 1 2 1.5 11.7 247
1250 1 2 1.5 11.7 248
1255 1 2 1.5 11.7 249
1260 1 2 1.5 11.7 250
1265 0 2 1.3 10.5 251
# Solution finale : 111000111000111000111 (0)
# Optimum         : 111000111000111000111
