# Execution avec les parametre suivants:
# {taillePopulationEnfants=5, verbose=false, tauxMutation=0.2, taillePopulationParents=10, maxEvaluations=30000, maxGenerations=1000, optimum=111000111000111000111, tailleTournoi=5}
# Optimum : 111000111000111000111
# Dimension : 21
15 7 12 9.9 43.9 1
20 7 11 9.4 45.2 2
25 7 10 9.0 44.8 3
30 7 10 8.8 42.6 4
35 5 9 8.2 44.6 5
40 5 9 7.8 42.4 6
45 5 9 7.4 41.0 7
50 4 9 6.6 38.2 8
55 4 8 6.3 38.1 9
60 4 8 6.3 38.1 10
65 4 8 6.2 36.2 11
70 4 7 6.0 33.8 12
75 4 7 5.9 33.1 13
80 4 7 5.9 33.1 14
85 4 6 5.4 30.6 15
90 4 6 5.4 30.6 16
95 4 6 5.4 30.6 17
100 4 6 5.4 30.6 18
105 4 6 5.2 33.4 19
110 4 6 5.0 32.6 20
115 3 6 4.7 32.3 21
120 3 5 4.2 29.6 22
125 3 5 4.2 29.6 23
130 3 5 4.2 29.6 24
135 3 5 4.2 29.6 25
140 3 5 4.2 29.6 26
145 3 5 4.2 29.6 27
150 3 5 4.2 29.6 28
155 3 5 4.1 29.5 29
160 3 5 3.8 28.6 30
165 3 5 3.8 28.6 31
170 3 5 3.8 28.6 32
175 3 5 3.8 28.6 33
180 3 5 3.7 27.5 34
185 3 4 3.6 26.4 35
190 3 4 3.6 26.4 36
195 3 4 3.6 26.4 37
200 3 4 3.4 25.6 38
205 3 4 3.4 25.6 39
210 3 4 3.4 25.6 40
215 3 4 3.4 25.6 41
220 3 4 3.3 25.5 42
225 3 4 3.3 25.5 43
230 3 4 3.2 25.0 44
235 3 4 3.2 25.0 45
240 3 4 3.2 25.0 46
245 2 4 3.0 23.8 47
250 0 3 2.6 20.8 48
# Solution finale : 111000111000111000111 (0)
# Optimum         : 111000111000111000111
