# Execution avec les parametre suivants:
# {taillePopulationEnfants=5, verbose=false, tauxMutation=0.2, taillePopulationParents=10, maxEvaluations=30000, maxGenerations=1000, optimum=111000111000111000111, tailleTournoi=5}
# Optimum : 111000111000111000111
# Dimension : 21
15 7 13 9.4 48.0 1
20 7 11 9.2 47.0 2
25 7 10 9.0 46.4 3
30 7 10 8.7 43.1 4
35 7 9 8.5 42.1 5
40 7 9 8.1 42.5 6
45 7 9 7.9 42.9 7
50 6 9 7.6 42.2 8
55 6 8 7.3 42.5 9
60 6 8 7.2 42.4 10
65 6 7 6.8 41.8 11
70 6 7 6.8 41.8 12
75 4 7 6.4 38.2 13
80 4 7 6.4 38.2 14
85 4 7 6.3 38.9 15
90 4 7 6.3 38.9 16
95 4 7 6.3 38.9 17
100 4 7 5.9 36.7 18
105 4 7 5.4 36.2 19
110 4 7 5.4 36.2 20
115 4 7 5.4 36.2 21
120 4 6 5.1 35.5 22
125 4 6 4.9 34.5 23
130 4 5 4.7 32.9 24
135 4 5 4.7 32.9 25
140 4 5 4.7 32.9 26
145 4 5 4.7 32.9 27
150 4 5 4.6 33.6 28
155 4 5 4.6 33.6 29
160 4 5 4.6 33.6 30
165 4 5 4.6 33.6 31
170 4 5 4.6 33.6 32
175 4 5 4.6 33.6 33
180 2 5 4.2 31.2 34
185 2 5 3.7 27.7 35
190 2 4 3.4 25.4 36
195 2 4 3.4 25.4 37
200 2 4 3.4 25.4 38
205 2 4 3.4 25.4 39
210 2 4 3.4 25.4 40
215 2 4 3.4 25.4 41
220 2 4 3.4 25.4 42
225 2 4 3.4 25.4 43
230 2 4 3.3 24.3 44
235 2 4 3.3 24.3 45
240 2 4 3.3 24.3 46
245 2 4 3.2 24.0 47
250 2 4 3.0 21.4 48
255 2 4 3.0 21.4 49
260 2 4 3.0 21.4 50
265 2 4 3.0 21.4 51
270 2 4 2.9 19.3 52
275 2 4 2.9 19.3 53
280 2 4 2.9 19.3 54
285 2 4 2.9 19.3 55
290 2 4 2.9 19.3 56
295 2 4 2.8 19.2 57
300 2 4 2.8 19.2 58
305 2 3 2.7 19.1 59
310 2 3 2.7 19.1 60
315 2 3 2.7 19.1 61
320 2 3 2.7 19.1 62
325 2 3 2.7 19.1 63
330 2 3 2.6 18.6 64
335 2 3 2.6 18.6 65
340 2 3 2.6 18.6 66
345 1 3 2.4 17.0 67
350 1 3 2.4 17.0 68
355 1 3 2.4 17.0 69
360 1 3 2.4 17.0 70
365 1 3 2.2 16.0 71
370 1 3 2.2 16.0 72
375 1 3 2.2 16.0 73
380 1 3 2.2 16.0 74
385 1 3 2.2 16.0 75
390 1 3 2.2 16.0 76
395 1 3 2.2 16.0 77
400 1 3 2.2 16.0 78
405 1 3 2.2 16.0 79
410 1 3 2.1 15.3 80
415 1 3 2.1 15.3 81
420 1 3 1.9 14.3 82
425 1 3 1.9 14.3 83
430 1 3 1.9 14.3 84
435 1 3 1.9 14.3 85
440 1 2 1.7 13.1 86
445 1 2 1.7 13.1 87
450 1 2 1.7 13.1 88
455 1 2 1.7 13.1 89
460 1 2 1.7 13.1 90
465 1 2 1.7 13.1 91
470 1 2 1.7 13.1 92
475 1 2 1.6 12.6 93
480 1 2 1.6 12.6 94
485 1 2 1.5 12.5 95
490 1 2 1.5 12.5 96
495 1 2 1.5 12.5 97
500 1 2 1.5 12.5 98
505 1 2 1.5 12.5 99
510 1 2 1.5 12.5 100
515 1 2 1.5 12.5 101
520 1 2 1.4 11.4 102
525 1 2 1.4 11.4 103
530 1 2 1.3 10.5 104
535 1 2 1.3 10.5 105
540 1 2 1.3 10.5 106
545 1 2 1.3 10.5 107
550 1 2 1.3 10.5 108
555 1 2 1.3 10.5 109
560 1 2 1.3 10.5 110
565 1 2 1.3 10.5 111
570 1 2 1.3 10.5 112
575 1 2 1.3 10.5 113
580 1 2 1.3 10.5 114
585 1 2 1.3 10.5 115
590 1 2 1.2 9.8 116
595 1 2 1.2 9.8 117
600 1 2 1.2 9.8 118
605 1 2 1.2 9.8 119
610 1 2 1.2 9.8 120
615 1 2 1.2 9.8 121
620 1 2 1.2 9.8 122
625 1 2 1.2 9.8 123
630 1 2 1.2 9.8 124
635 1 2 1.2 9.8 125
640 1 2 1.2 9.8 126
645 1 2 1.2 9.8 127
650 1 2 1.2 9.8 128
655 1 2 1.2 9.8 129
660 1 2 1.2 9.8 130
665 1 2 1.2 9.8 131
670 1 2 1.2 9.8 132
675 1 2 1.2 9.8 133
680 1 2 1.2 9.8 134
685 1 2 1.1 9.1 135
690 0 1 0.9 7.9 136
# Solution finale : 111000111000111000111 (0)
# Optimum         : 111000111000111000111
