# Execution avec les parametre suivants:
# {taillePopulationEnfants=5, verbose=false, tauxMutation=0.2, taillePopulationParents=10, maxEvaluations=30000, maxGenerations=1000, optimum=111000111000111000111, tailleTournoi=5}
# Optimum : 111000111000111000111
# Dimension : 21
15 6 11 9.0 48.2 1
20 6 10 8.4 45.6 2
25 6 10 8.3 44.9 3
30 6 9 8.0 44.2 4
35 6 9 7.9 44.3 5
40 5 8 7.3 41.9 6
45 5 8 7.1 39.7 7
50 5 8 6.9 33.5 8
55 5 8 6.8 33.0 9
60 5 8 6.7 32.3 10
65 5 7 6.6 33.2 11
70 5 7 6.6 33.2 12
75 5 7 6.6 33.2 13
80 5 7 6.4 34.0 14
85 5 7 6.3 32.3 15
90 3 7 5.6 31.2 16
95 3 7 5.6 31.2 17
100 3 6 5.5 30.3 18
105 3 6 5.4 29.8 19
110 3 6 5.4 29.8 20
115 3 6 5.4 29.8 21
120 3 6 5.4 29.8 22
125 3 6 5.4 29.8 23
130 3 6 5.4 29.8 24
135 3 6 5.2 29.4 25
140 3 6 5.2 29.4 26
145 3 6 4.9 30.1 27
150 3 6 4.6 29.0 28
155 2 5 4.1 25.7 29
160 2 5 4.0 25.4 30
165 2 5 3.6 23.6 31
170 2 4 3.4 23.2 32
175 2 4 3.4 23.2 33
180 2 4 3.2 22.4 34
185 2 4 3.2 22.4 35
190 2 4 3.2 22.4 36
195 2 4 3.2 22.4 37
200 2 4 3.0 20.6 38
205 2 4 3.0 20.6 39
210 2 4 3.0 20.6 40
215 2 4 3.0 20.6 41
220 2 4 2.9 18.1 42
225 2 4 2.8 18.2 43
230 2 4 2.8 18.2 44
235 2 4 2.8 18.2 45
240 2 4 2.8 18.2 46
245 2 4 2.8 18.2 47
250 2 4 2.8 18.2 48
255 2 4 2.8 18.2 49
260 2 4 2.8 18.2 50
265 2 4 2.8 18.2 51
270 2 4 2.8 18.2 52
275 2 4 2.8 18.2 53
280 2 4 2.8 18.2 54
285 2 4 2.8 18.2 55
290 2 3 2.6 17.8 56
295 2 3 2.6 17.8 57
300 2 3 2.6 17.8 58
305 2 3 2.6 17.8 59
310 2 3 2.6 17.8 60
315 2 3 2.6 17.8 61
320 2 3 2.6 17.8 62
325 2 3 2.6 17.8 63
330 2 3 2.6 17.8 64
335 2 3 2.6 17.8 65
340 2 3 2.6 17.8 66
345 2 3 2.6 17.8 67
350 2 3 2.6 17.8 68
355 2 3 2.5 17.1 69
360 2 3 2.5 17.1 70
365 2 3 2.5 17.1 71
370 2 3 2.5 17.1 72
375 2 3 2.4 17.0 73
380 2 3 2.4 17.0 74
385 2 3 2.4 17.0 75
390 2 3 2.4 17.0 76
395 2 3 2.4 17.0 77
400 2 3 2.4 17.0 78
405 2 3 2.4 17.0 79
410 2 3 2.4 17.0 80
415 2 3 2.4 17.0 81
420 2 3 2.3 16.3 82
425 2 3 2.3 16.3 83
430 2 3 2.3 16.3 84
435 2 3 2.3 16.3 85
440 2 3 2.3 16.3 86
445 2 3 2.2 16.2 87
450 2 3 2.2 16.2 88
455 2 3 2.2 16.2 89
460 2 3 2.2 16.2 90
465 2 3 2.2 16.2 91
470 2 3 2.2 16.2 92
475 2 3 2.1 15.5 93
480 2 3 2.1 15.5 94
485 2 3 2.1 15.5 95
490 2 3 2.1 15.5 96
495 2 3 2.1 15.5 97
500 2 3 2.1 15.5 98
505 1 2 1.9 14.3 99
510 1 2 1.9 14.3 100
515 1 2 1.9 14.3 101
520 1 2 1.9 14.3 102
525 1 2 1.9 14.3 103
530 1 2 1.9 14.3 104
535 1 2 1.9 14.3 105
540 1 2 1.9 14.3 106
545 1 2 1.9 14.3 107
550 1 2 1.9 14.3 108
555 1 2 1.8 13.4 109
560 1 2 1.8 13.4 110
565 1 2 1.8 13.4 111
570 1 2 1.8 13.4 112
575 1 2 1.8 13.4 113
580 1 2 1.8 13.4 114
585 1 2 1.8 13.4 115
590 1 2 1.8 13.4 116
595 1 2 1.8 13.4 117
600 1 2 1.8 13.4 118
605 1 2 1.8 13.4 119
610 1 2 1.8 13.4 120
615 1 2 1.8 13.4 121
620 1 2 1.8 13.4 122
625 1 2 1.8 13.4 123
630 1 2 1.8 13.4 124
635 1 2 1.8 13.4 125
640 1 2 1.8 13.4 126
645 1 2 1.8 13.4 127
650 1 2 1.8 13.4 128
655 1 2 1.8 13.4 129
660 1 2 1.6 12.6 130
665 1 2 1.6 12.6 131
670 1 2 1.6 12.6 132
675 1 2 1.6 12.6 133
680 1 2 1.6 12.6 134
685 1 2 1.6 12.6 135
690 1 2 1.6 12.6 136
695 1 2 1.6 12.6 137
700 1 2 1.6 12.6 138
705 1 2 1.6 12.6 139
710 1 2 1.6 12.6 140
715 1 2 1.6 12.6 141
720 1 2 1.6 12.6 142
725 1 2 1.6 12.6 143
730 1 2 1.5 11.9 144
735 1 2 1.5 11.9 145
740 1 2 1.5 11.9 146
745 1 2 1.5 11.9 147
750 1 2 1.5 11.9 148
755 1 2 1.4 10.8 149
760 1 2 1.4 10.8 150
765 1 2 1.4 10.8 151
770 1 2 1.4 10.8 152
775 1 2 1.4 10.8 153
780 1 2 1.4 10.8 154
785 1 2 1.3 9.9 155
790 1 2 1.3 9.9 156
795 1 2 1.3 9.9 157
800 1 2 1.3 9.9 158
805 1 2 1.3 9.9 159
810 1 2 1.3 9.9 160
815 1 2 1.3 9.9 161
820 1 2 1.3 9.9 162
825 1 2 1.3 9.9 163
830 1 2 1.3 9.9 164
835 1 2 1.3 9.9 165
840 1 2 1.3 9.9 166
845 1 2 1.3 9.9 167
850 1 2 1.3 9.9 168
855 1 2 1.3 9.9 169
860 1 2 1.3 9.9 170
865 1 2 1.3 9.9 171
870 1 2 1.3 9.9 172
875 1 2 1.3 9.9 173
880 1 2 1.3 9.9 174
885 1 2 1.3 9.9 175
890 1 2 1.3 9.9 176
895 1 2 1.3 9.9 177
900 1 2 1.3 9.9 178
905 1 2 1.3 9.9 179
910 1 2 1.3 9.9 180
915 1 2 1.3 9.9 181
920 1 2 1.3 9.9 182
925 1 2 1.3 9.9 183
930 1 2 1.3 9.9 184
935 1 2 1.3 9.9 185
940 1 2 1.3 9.9 186
945 1 2 1.3 9.9 187
950 1 2 1.3 9.9 188
955 1 2 1.3 9.9 189
960 1 2 1.2 9.2 190
965 1 2 1.2 9.2 191
970 1 2 1.2 9.2 192
975 1 2 1.2 9.2 193
980 1 2 1.2 9.2 194
985 1 2 1.2 9.2 195
990 1 2 1.2 9.2 196
995 1 2 1.2 9.2 197
1000 1 2 1.1 8.9 198
1005 1 2 1.1 8.9 199
1010 1 2 1.1 8.9 200
1015 1 2 1.1 8.9 201
1020 1 2 1.1 8.9 202
1025 1 2 1.1 8.9 203
1030 1 2 1.1 8.9 204
1035 1 2 1.1 8.9 205
1040 1 2 1.1 8.9 206
1045 1 2 1.1 8.9 207
1050 1 2 1.1 8.9 208
1055 1 2 1.1 8.9 209
1060 1 2 1.1 8.9 210
1065 1 2 1.1 8.9 211
1070 1 2 1.1 8.9 212
1075 1 2 1.1 8.9 213
1080 1 2 1.1 8.9 214
1085 1 1 1.0 8.4 215
1090 1 1 1.0 8.4 216
1095 1 1 1.0 8.4 217
1100 1 1 1.0 8.4 218
1105 1 1 1.0 8.4 219
1110 1 1 1.0 8.4 220
1115 1 1 1.0 8.4 221
1120 1 1 1.0 8.4 222
1125 1 1 1.0 8.4 223
1130 1 1 1.0 8.4 224
1135 1 1 1.0 8.4 225
1140 1 1 1.0 8.4 226
1145 1 1 1.0 8.4 227
1150 1 1 1.0 8.4 228
1155 1 1 1.0 8.4 229
1160 1 1 1.0 8.4 230
1165 1 1 1.0 8.4 231
1170 1 1 1.0 8.4 232
1175 1 1 1.0 8.4 233
1180 1 1 1.0 8.4 234
1185 1 1 1.0 8.4 235
1190 1 1 1.0 8.4 236
1195 1 1 1.0 8.4 237
1200 1 1 1.0 8.4 238
1205 1 1 1.0 8.4 239
1210 1 1 1.0 8.4 240
1215 1 1 1.0 8.4 241
1220 1 1 1.0 8.4 242
1225 1 1 1.0 8.4 243
1230 1 1 1.0 8.4 244
1235 1 1 1.0 8.4 245
1240 1 1 1.0 8.4 246
1245 1 1 1.0 8.4 247
1250 1 1 1.0 8.4 248
1255 1 1 1.0 8.4 249
1260 1 1 1.0 8.4 250
1265 1 1 1.0 8.4 251
1270 1 1 1.0 8.4 252
1275 1 1 1.0 8.4 253
1280 1 1 1.0 8.4 254
1285 1 1 1.0 8.4 255
1290 1 1 1.0 8.4 256
1295 1 1 1.0 8.4 257
1300 1 1 1.0 8.4 258
1305 1 1 1.0 8.4 259
1310 1 1 1.0 8.4 260
1315 1 1 1.0 8.4 261
1320 1 1 1.0 8.4 262
1325 1 1 1.0 8.4 263
1330 1 1 1.0 8.4 264
1335 1 1 1.0 8.4 265
1340 1 1 1.0 8.4 266
1345 1 1 1.0 8.4 267
1350 1 1 1.0 8.4 268
1355 1 1 1.0 8.4 269
1360 1 1 1.0 8.4 270
1365 1 1 1.0 8.4 271
1370 1 1 1.0 8.4 272
1375 1 1 1.0 8.4 273
1380 1 1 1.0 8.4 274
1385 1 1 1.0 8.4 275
1390 1 1 1.0 8.4 276
1395 1 1 1.0 8.4 277
1400 1 1 1.0 8.4 278
1405 1 1 1.0 8.4 279
1410 1 1 1.0 8.4 280
1415 1 1 1.0 8.4 281
1420 1 1 1.0 8.4 282
1425 1 1 1.0 8.4 283
1430 1 1 1.0 8.4 284
1435 1 1 1.0 8.4 285
1440 1 1 1.0 8.4 286
1445 1 1 1.0 8.4 287
1450 1 1 1.0 8.4 288
1455 1 1 1.0 8.4 289
1460 1 1 1.0 8.4 290
1465 1 1 1.0 8.4 291
1470 1 1 1.0 8.4 292
1475 1 1 1.0 8.4 293
1480 1 1 1.0 8.4 294
1485 1 1 1.0 8.4 295
1490 1 1 1.0 8.4 296
1495 1 1 1.0 8.4 297
1500 1 1 1.0 8.4 298
1505 1 1 1.0 8.4 299
1510 1 1 1.0 8.4 300
1515 1 1 1.0 8.4 301
1520 1 1 1.0 8.4 302
1525 1 1 1.0 8.4 303
1530 1 1 1.0 8.4 304
1535 0 1 0.9 7.5 305
# Solution finale : 111000111000111000111 (0)
# Optimum         : 111000111000111000111
