# Execution avec les parametre suivants:
# {taillePopulationEnfants=5, verbose=false, tauxMutation=0.2, taillePopulationParents=10, maxEvaluations=30000, maxGenerations=1000, optimum=111000111000111000111, tailleTournoi=5}
# Optimum : 111000111000111000111
# Dimension : 21
15 6 11 8.6 43.4 1
20 6 11 8.4 41.0 2
25 6 10 7.9 41.7 3
30 6 10 7.7 42.5 4
35 6 8 7.0 39.0 5
40 5 8 6.6 39.0 6
45 5 7 6.3 37.5 7
50 5 7 6.2 36.0 8
55 5 7 6.1 36.1 9
60 5 6 5.7 35.7 10
65 5 6 5.5 34.3 11
70 4 6 5.3 34.1 12
75 4 6 5.1 32.7 13
80 4 6 5.0 33.2 14
85 4 5 4.8 32.4 15
90 4 5 4.8 32.4 16
95 4 5 4.8 32.4 17
100 4 5 4.8 32.4 18
105 4 5 4.8 32.4 19
110 4 5 4.8 32.4 20
115 4 5 4.7 32.7 21
120 4 5 4.7 32.7 22
125 4 5 4.7 32.7 23
130 4 5 4.7 32.7 24
135 3 5 4.5 31.7 25
140 3 5 4.4 31.6 26
145 3 5 4.4 31.6 27
150 3 5 4.4 31.6 28
155 3 5 4.3 30.7 29
160 3 5 4.2 29.6 30
165 3 5 4.2 29.6 31
170 3 5 4.2 29.6 32
175 3 5 4.1 29.5 33
180 3 5 4.1 29.5 34
185 3 5 4.1 29.5 35
190 3 5 4.1 29.5 36
195 3 5 3.9 27.9 37
200 3 5 3.9 27.9 38
205 3 5 3.9 27.9 39
210 3 5 3.9 27.9 40
215 3 5 3.9 27.9 41
220 3 5 3.9 27.9 42
225 3 5 3.9 27.9 43
230 3 5 3.9 27.9 44
235 3 5 3.9 27.9 45
240 3 5 3.9 27.9 46
245 3 4 3.7 26.7 47
250 3 4 3.7 26.7 48
255 3 4 3.7 26.7 49
260 3 4 3.7 26.7 50
265 3 4 3.6 26.4 51
270 2 4 3.3 24.7 52
275 2 4 3.0 23.4 53
280 2 4 3.0 23.4 54
285 2 4 3.0 23.4 55
290 2 4 3.0 23.4 56
295 2 4 2.8 22.0 57
300 2 4 2.8 22.0 58
305 2 3 2.6 20.6 59
310 2 3 2.6 20.6 60
315 2 3 2.6 20.6 61
320 2 3 2.6 20.6 62
325 2 3 2.6 20.6 63
330 2 3 2.6 20.6 64
335 2 3 2.6 20.6 65
340 2 3 2.6 20.6 66
345 2 3 2.6 20.6 67
350 2 3 2.6 20.6 68
355 2 3 2.6 20.6 69
360 2 3 2.6 20.6 70
365 2 3 2.6 20.6 71
370 2 3 2.6 20.6 72
375 2 3 2.6 20.6 73
380 2 3 2.5 19.1 74
385 2 3 2.5 19.1 75
390 2 3 2.4 19.2 76
395 2 3 2.4 19.2 77
400 2 3 2.3 18.9 78
405 2 3 2.3 18.9 79
410 2 3 2.2 17.4 80
415 2 3 2.2 17.4 81
420 2 3 2.2 17.4 82
425 2 3 2.2 17.4 83
430 2 3 2.2 17.4 84
435 2 3 2.2 17.4 85
440 2 3 2.2 17.4 86
445 2 3 2.2 17.4 87
450 2 3 2.2 17.4 88
455 2 3 2.2 17.4 89
460 2 3 2.2 17.4 90
465 2 3 2.2 17.4 91
470 2 3 2.2 17.4 92
475 2 3 2.2 17.4 93
480 2 3 2.2 17.4 94
485 2 3 2.2 17.4 95
490 2 3 2.2 17.4 96
495 2 3 2.1 17.3 97
500 2 3 2.1 17.3 98
505 2 3 2.1 17.3 99
510 2 3 2.1 17.3 100
515 2 3 2.1 17.3 101
520 2 3 2.1 17.3 102
525 2 2 2.0 16.6 103
530 2 2 2.0 16.6 104
535 2 2 2.0 16.6 105
540 2 2 2.0 16.6 106
545 1 2 1.9 15.9 107
550 1 2 1.9 15.9 108
555 1 2 1.9 15.9 109
560 1 2 1.9 15.9 110
565 1 2 1.9 15.9 111
570 1 2 1.9 15.9 112
575 1 2 1.9 15.9 113
580 1 2 1.9 15.9 114
585 1 2 1.9 15.9 115
590 1 2 1.9 15.9 116
595 1 2 1.9 15.9 117
600 1 2 1.9 15.9 118
605 1 2 1.9 15.9 119
610 1 2 1.9 15.9 120
615 1 2 1.9 15.9 121
620 1 2 1.9 15.9 122
625 1 2 1.9 15.9 123
630 1 2 1.9 15.9 124
635 1 2 1.9 15.9 125
640 1 2 1.9 15.9 126
645 1 2 1.9 15.9 127
650 1 2 1.9 15.9 128
655 1 2 1.9 15.9 129
660 1 2 1.9 15.9 130
665 1 2 1.8 15.0 131
670 1 2 1.8 15.0 132
675 1 2 1.8 15.0 133
680 1 2 1.8 15.0 134
685 1 2 1.8 15.0 135
690 1 2 1.8 15.0 136
695 1 2 1.8 15.0 137
700 1 2 1.8 15.0 138
705 1 2 1.8 15.0 139
710 1 2 1.8 15.0 140
715 1 2 1.8 15.0 141
720 1 2 1.8 15.0 142
725 1 2 1.8 15.0 143
730 1 2 1.8 15.0 144
735 1 2 1.8 15.0 145
740 1 2 1.8 15.0 146
745 1 2 1.8 15.0 147
750 1 2 1.8 15.0 148
755 1 2 1.8 15.0 149
760 1 2 1.8 15.0 150
765 1 2 1.8 15.0 151
770 1 2 1.8 15.0 152
775 1 2 1.8 15.0 153
780 1 2 1.8 15.0 154
785 1 2 1.8 15.0 155
790 1 2 1.8 15.0 156
795 1 2 1.8 15.0 157
800 1 2 1.8 15.0 158
805 1 2 1.8 15.0 159
810 1 2 1.8 15.0 160
815 1 2 1.7 14.1 161
820 1 2 1.7 14.1 162
825 1 2 1.7 14.1 163
830 1 2 1.7 14.1 164
835 1 2 1.7 14.1 165
840 1 2 1.6 12.8 166
845 1 2 1.6 12.8 167
850 1 2 1.6 12.8 168
855 1 2 1.6 12.8 169
860 1 2 1.6 12.8 170
865 1 2 1.6 12.8 171
870 1 2 1.6 12.8 172
875 1 2 1.6 12.8 173
880 1 2 1.6 12.8 174
885 1 2 1.6 12.8 175
890 1 2 1.6 12.8 176
895 1 2 1.6 12.8 177
900 1 2 1.6 12.8 178
905 1 2 1.6 12.8 179
910 1 2 1.5 11.9 180
915 1 2 1.5 11.9 181
920 1 2 1.5 11.9 182
925 1 2 1.5 11.9 183
930 1 2 1.5 11.9 184
935 1 2 1.5 11.9 185
940 1 2 1.5 11.9 186
945 1 2 1.5 11.9 187
950 1 2 1.5 11.9 188
955 1 2 1.5 11.9 189
960 1 2 1.5 11.9 190
965 1 2 1.5 11.9 191
970 1 2 1.5 11.9 192
975 1 2 1.5 11.9 193
980 1 2 1.5 11.9 194
985 1 2 1.5 11.9 195
990 1 2 1.4 10.6 196
995 1 2 1.4 10.6 197
1000 1 2 1.4 10.6 198
1005 1 2 1.4 10.6 199
1010 1 2 1.4 10.6 200
1015 1 2 1.4 10.6 201
1020 1 2 1.4 10.6 202
1025 1 2 1.4 10.6 203
1030 1 2 1.4 10.6 204
1035 1 2 1.4 10.6 205
1040 1 2 1.4 10.6 206
1045 1 2 1.4 10.6 207
1050 1 2 1.4 10.6 208
1055 1 2 1.4 10.6 209
1060 1 2 1.4 10.6 210
1065 1 2 1.4 10.6 211
1070 1 2 1.4 10.6 212
1075 1 2 1.4 10.6 213
1080 1 2 1.3 9.9 214
1085 1 2 1.3 9.9 215
1090 1 2 1.3 9.9 216
1095 1 2 1.3 9.9 217
1100 1 2 1.3 9.9 218
1105 1 2 1.3 9.9 219
1110 1 2 1.3 9.9 220
1115 1 2 1.3 9.9 221
1120 1 2 1.3 9.9 222
1125 1 2 1.3 9.9 223
1130 1 2 1.3 9.9 224
1135 1 2 1.3 9.9 225
1140 1 2 1.3 9.9 226
1145 1 2 1.3 9.9 227
1150 1 2 1.3 9.9 228
1155 1 2 1.3 9.9 229
1160 1 2 1.3 9.9 230
1165 1 2 1.3 9.9 231
1170 1 2 1.3 9.9 232
1175 1 2 1.3 9.9 233
1180 1 2 1.2 9.0 234
1185 1 2 1.2 9.0 235
1190 1 2 1.2 9.0 236
1195 1 2 1.2 9.0 237
1200 1 2 1.2 9.0 238
1205 1 2 1.2 9.0 239
1210 1 2 1.2 9.0 240
1215 1 2 1.2 9.0 241
1220 1 2 1.2 9.0 242
1225 1 2 1.2 9.0 243
1230 1 2 1.2 9.0 244
1235 1 2 1.2 9.0 245
1240 1 2 1.2 9.0 246
1245 1 2 1.2 9.0 247
1250 1 2 1.2 9.0 248
1255 1 2 1.2 9.0 249
1260 1 2 1.2 9.0 250
1265 1 2 1.2 9.0 251
1270 1 2 1.1 8.5 252
1275 1 2 1.1 8.5 253
1280 1 2 1.1 8.5 254
1285 1 2 1.1 8.5 255
1290 1 2 1.1 8.5 256
1295 1 2 1.1 8.5 257
1300 1 2 1.1 8.5 258
1305 1 2 1.1 8.5 259
1310 1 2 1.1 8.5 260
1315 1 2 1.1 8.5 261
1320 1 2 1.1 8.5 262
1325 1 2 1.1 8.5 263
1330 1 2 1.1 8.5 264
1335 1 2 1.1 8.5 265
1340 1 2 1.1 8.5 266
1345 1 2 1.1 8.5 267
1350 1 2 1.1 8.5 268
1355 1 2 1.1 8.5 269
1360 1 2 1.1 8.5 270
1365 1 2 1.1 8.5 271
1370 1 2 1.1 8.5 272
1375 1 2 1.1 8.5 273
1380 1 2 1.1 8.5 274
1385 1 2 1.1 8.5 275
1390 1 2 1.1 8.5 276
1395 1 2 1.1 8.5 277
1400 1 2 1.1 8.5 278
1405 1 2 1.1 8.5 279
1410 1 2 1.1 8.5 280
1415 1 2 1.1 8.5 281
1420 1 2 1.1 8.5 282
1425 1 2 1.1 8.5 283
1430 1 2 1.1 8.5 284
1435 1 2 1.1 8.5 285
1440 1 2 1.1 8.5 286
1445 1 2 1.1 8.5 287
1450 1 2 1.1 8.5 288
1455 1 2 1.1 8.5 289
1460 1 1 1.0 8.2 290
1465 1 1 1.0 8.2 291
1470 1 1 1.0 8.2 292
1475 1 1 1.0 8.2 293
1480 1 1 1.0 8.2 294
1485 1 1 1.0 8.2 295
1490 1 1 1.0 8.2 296
1495 1 1 1.0 8.2 297
1500 1 1 1.0 8.2 298
1505 1 1 1.0 8.2 299
1510 1 1 1.0 8.2 300
1515 1 1 1.0 8.2 301
1520 1 1 1.0 8.2 302
1525 1 1 1.0 8.2 303
1530 1 1 1.0 8.2 304
1535 1 1 1.0 8.2 305
1540 1 1 1.0 8.2 306
1545 1 1 1.0 8.2 307
1550 1 1 1.0 8.2 308
1555 1 1 1.0 8.2 309
1560 1 1 1.0 8.2 310
1565 1 1 1.0 8.2 311
1570 1 1 1.0 8.2 312
1575 1 1 1.0 8.2 313
1580 1 1 1.0 8.2 314
1585 1 1 1.0 8.2 315
1590 1 1 1.0 8.2 316
1595 1 1 1.0 8.2 317
1600 1 1 1.0 8.2 318
1605 1 1 1.0 8.2 319
1610 1 1 1.0 8.2 320
1615 1 1 1.0 8.2 321
1620 1 1 1.0 8.2 322
1625 1 1 1.0 8.2 323
1630 1 1 1.0 8.2 324
1635 1 1 1.0 8.2 325
1640 1 1 1.0 8.2 326
1645 1 1 1.0 8.2 327
1650 1 1 1.0 8.2 328
1655 1 1 1.0 8.2 329
1660 1 1 1.0 8.2 330
1665 1 1 1.0 8.2 331
1670 1 1 1.0 8.2 332
1675 1 1 1.0 8.2 333
1680 1 1 1.0 8.2 334
1685 1 1 1.0 8.2 335
1690 1 1 1.0 8.2 336
1695 1 1 1.0 8.2 337
1700 0 1 0.9 7.3 338
# Solution finale : 111000111000111000111 (0)
# Optimum         : 111000111000111000111
