# Execution avec les parametre suivants:
# {taillePopulationEnfants=5, verbose=false, tauxMutation=0.2, taillePopulationParents=10, maxEvaluations=30000, maxGenerations=1000, optimum=111000111000111000111, tailleTournoi=5}
# Optimum : 111000111000111000111
# Dimension : 21
15 7 13 10.1 45.5 1
20 7 12 9.9 41.9 2
25 7 11 9.0 42.6 3
30 7 9 8.6 42.8 4
35 7 9 8.2 42.6 5
40 7 9 7.9 41.5 6
45 6 8 7.4 38.6 7
50 6 8 7.2 36.6 8
55 5 8 6.9 36.1 9
60 5 7 6.6 33.0 10
65 5 7 6.6 33.0 11
70 5 7 6.4 32.6 12
75 5 7 6.4 32.6 13
80 5 7 6.2 29.8 14
85 5 7 6.2 29.8 15
90 4 7 5.9 28.9 16
95 4 7 5.8 28.4 17
100 3 6 5.2 27.6 18
105 3 6 5.2 27.6 19
110 3 6 5.1 27.1 20
115 3 6 4.8 26.8 21
120 3 6 4.8 26.8 22
125 3 6 4.7 27.1 23
130 3 5 4.6 27.2 24
135 3 5 4.4 26.0 25
140 3 5 4.4 26.0 26
145 3 5 4.4 26.0 27
150 2 5 4.1 24.5 28
155 2 5 4.0 22.6 29
160 2 5 3.9 22.1 30
165 2 5 3.6 21.0 31
170 2 5 3.6 21.0 32
175 2 5 3.6 21.0 33
180 2 4 3.5 20.5 34
185 2 4 3.5 20.5 35
190 2 4 3.5 20.5 36
195 2 4 3.5 20.5 37
200 2 4 3.3 18.5 38
205 2 4 3.3 18.5 39
210 2 4 3.3 18.5 40
215 2 4 3.3 18.5 41
220 2 4 3.3 18.5 42
225 2 4 3.3 18.5 43
230 2 4 3.2 18.4 44
235 2 4 3.2 18.4 45
240 2 4 3.0 17.2 46
245 2 4 3.0 17.2 47
250 2 4 3.0 17.2 48
255 2 4 2.9 17.7 49
260 2 3 2.6 18.6 50
265 2 3 2.6 18.6 51
270 2 3 2.6 18.6 52
275 2 3 2.6 18.6 53
280 2 3 2.6 18.6 54
285 2 3 2.6 18.6 55
290 2 3 2.6 18.6 56
295 2 3 2.6 18.6 57
300 2 3 2.6 18.6 58
305 2 3 2.6 18.6 59
310 2 3 2.6 18.6 60
315 2 3 2.6 18.6 61
320 2 3 2.6 18.6 62
325 2 3 2.6 18.6 63
330 2 3 2.6 18.6 64
335 2 3 2.6 18.6 65
340 2 3 2.6 18.6 66
345 2 3 2.6 18.6 67
350 2 3 2.6 18.6 68
355 2 3 2.5 17.3 69
360 2 3 2.5 17.3 70
365 2 3 2.5 17.3 71
370 2 3 2.5 17.3 72
375 2 3 2.5 17.3 73
380 2 3 2.5 17.3 74
385 2 3 2.5 17.3 75
390 2 3 2.4 16.6 76
395 2 3 2.4 16.6 77
400 2 3 2.4 16.6 78
405 2 3 2.4 16.6 79
410 2 3 2.4 16.6 80
415 2 3 2.4 16.6 81
420 2 3 2.3 16.5 82
425 2 3 2.3 16.5 83
430 2 3 2.3 16.5 84
435 2 3 2.3 16.5 85
440 2 3 2.3 16.5 86
445 2 3 2.3 16.5 87
450 2 3 2.3 16.5 88
455 2 3 2.3 16.5 89
460 2 3 2.3 16.5 90
465 2 3 2.3 16.5 91
470 2 3 2.3 16.5 92
475 2 3 2.3 16.5 93
480 2 3 2.3 16.5 94
485 2 3 2.3 16.5 95
490 2 3 2.3 16.5 96
495 2 3 2.3 16.5 97
500 2 3 2.3 16.5 98
505 2 3 2.3 16.5 99
510 2 3 2.3 16.5 100
515 2 3 2.3 16.5 101
520 2 3 2.3 16.5 102
525 2 3 2.3 16.5 103
530 2 3 2.3 16.5 104
535 2 3 2.3 16.5 105
540 2 3 2.3 16.5 106
545 2 3 2.3 16.5 107
550 2 3 2.2 16.4 108
555 2 3 2.1 15.7 109
560 2 3 2.1 15.7 110
565 2 3 2.1 15.7 111
570 2 3 2.1 15.7 112
575 2 3 2.1 15.7 113
580 2 3 2.1 15.7 114
585 2 3 2.1 15.7 115
590 2 3 2.1 15.7 116
595 2 3 2.1 15.7 117
600 2 3 2.1 15.7 118
605 2 3 2.1 15.7 119
610 2 3 2.1 15.7 120
615 2 3 2.1 15.7 121
620 2 3 2.1 15.7 122
625 2 2 2.0 14.6 123
630 2 2 2.0 14.6 124
635 1 2 1.9 14.7 125
640 1 2 1.9 14.7 126
645 1 2 1.8 14.2 127
650 1 2 1.8 14.2 128
655 1 2 1.8 14.2 129
660 1 2 1.8 14.2 130
665 1 2 1.8 14.2 131
670 1 2 1.8 14.2 132
675 1 2 1.8 14.2 133
680 1 2 1.8 14.2 134
685 1 2 1.8 14.2 135
690 1 2 1.8 14.2 136
695 1 2 1.8 14.2 137
700 1 2 1.8 14.2 138
705 1 2 1.8 14.2 139
710 1 2 1.8 14.2 140
715 1 2 1.8 14.2 141
720 1 2 1.8 14.2 142
725 1 2 1.8 14.2 143
730 1 2 1.8 14.2 144
735 1 2 1.8 14.2 145
740 1 2 1.8 14.2 146
745 1 2 1.8 14.2 147
750 1 2 1.8 14.2 148
755 1 2 1.6 12.6 149
760 1 2 1.6 12.6 150
765 1 2 1.6 12.6 151
770 1 2 1.6 12.6 152
775 1 2 1.6 12.6 153
780 1 2 1.6 12.6 154
785 1 2 1.6 12.6 155
790 1 2 1.6 12.6 156
795 1 2 1.6 12.6 157
800 1 2 1.6 12.6 158
805 1 2 1.6 12.6 159
810 1 2 1.6 12.6 160
815 1 2 1.6 12.6 161
820 1 2 1.5 12.3 162
825 1 2 1.5 12.3 163
830 1 2 1.5 12.3 164
835 1 2 1.5 12.3 165
840 1 2 1.5 12.3 166
845 1 2 1.5 12.3 167
850 1 2 1.5 12.3 168
855 1 2 1.5 12.3 169
860 1 2 1.5 12.3 170
865 1 2 1.5 12.3 171
870 1 2 1.5 12.3 172
875 1 2 1.5 12.3 173
880 1 2 1.5 12.3 174
885 1 2 1.5 12.3 175
890 1 2 1.5 12.3 176
895 1 2 1.5 12.3 177
900 1 2 1.5 12.3 178
905 1 2 1.5 12.3 179
910 1 2 1.5 12.3 180
915 1 2 1.5 12.3 181
920 1 2 1.5 12.3 182
925 1 2 1.5 12.3 183
930 1 2 1.5 12.3 184
935 1 2 1.5 12.3 185
940 1 2 1.5 12.3 186
945 1 2 1.5 12.3 187
950 1 2 1.4 11.2 188
955 1 2 1.4 11.2 189
960 1 2 1.4 11.2 190
965 1 2 1.4 11.2 191
970 1 2 1.4 11.2 192
975 1 2 1.4 11.2 193
980 1 2 1.4 11.2 194
985 1 2 1.4 11.2 195
990 1 2 1.4 11.2 196
995 1 2 1.4 11.2 197
1000 1 2 1.4 11.2 198
1005 1 2 1.4 11.2 199
1010 1 2 1.4 11.2 200
1015 1 2 1.4 11.2 201
1020 1 2 1.4 11.2 202
1025 1 2 1.4 11.2 203
1030 1 2 1.4 11.2 204
1035 1 2 1.4 11.2 205
1040 1 2 1.4 11.2 206
1045 1 2 1.4 11.2 207
1050 1 2 1.4 11.2 208
1055 1 2 1.4 11.2 209
1060 1 2 1.4 11.2 210
1065 1 2 1.4 11.2 211
1070 1 2 1.4 11.2 212
1075 1 2 1.4 11.2 213
1080 1 2 1.4 11.2 214
1085 1 2 1.4 11.2 215
1090 1 2 1.4 11.2 216
1095 1 2 1.4 11.2 217
1100 1 2 1.4 11.2 218
1105 1 2 1.4 11.2 219
1110 1 2 1.4 11.2 220
1115 1 2 1.4 11.2 221
1120 1 2 1.4 11.2 222
1125 1 2 1.4 11.2 223
1130 1 2 1.4 11.2 224
1135 1 2 1.4 11.2 225
1140 1 2 1.4 11.2 226
1145 1 2 1.4 11.2 227
1150 1 2 1.4 11.2 228
1155 1 2 1.4 11.2 229
1160 1 2 1.4 11.2 230
1165 1 2 1.4 11.2 231
1170 1 2 1.4 11.2 232
1175 1 2 1.4 11.2 233
1180 1 2 1.4 11.2 234
1185 1 2 1.4 11.2 235
1190 1 2 1.4 11.2 236
1195 1 2 1.4 11.2 237
1200 1 2 1.4 11.2 238
1205 1 2 1.4 11.2 239
1210 1 2 1.4 11.2 240
1215 1 2 1.4 11.2 241
1220 1 2 1.4 11.2 242
1225 1 2 1.4 11.2 243
1230 1 2 1.4 11.2 244
1235 1 2 1.4 11.2 245
1240 1 2 1.4 11.2 246
1245 1 2 1.4 11.2 247
1250 1 2 1.4 11.2 248
1255 1 2 1.4 11.2 249
1260 1 2 1.4 11.2 250
1265 1 2 1.4 11.2 251
1270 1 2 1.4 11.2 252
1275 1 2 1.4 11.2 253
1280 1 2 1.4 11.2 254
1285 1 2 1.4 11.2 255
1290 1 2 1.4 11.2 256
1295 1 2 1.4 11.2 257
1300 1 2 1.4 11.2 258
1305 1 2 1.4 11.2 259
1310 1 2 1.4 11.2 260
1315 1 2 1.3 10.5 261
1320 1 2 1.3 10.5 262
1325 1 2 1.3 10.5 263
1330 1 2 1.3 10.5 264
1335 1 2 1.3 10.5 265
1340 1 2 1.3 10.5 266
1345 1 2 1.3 10.5 267
1350 1 2 1.3 10.5 268
1355 1 2 1.3 10.5 269
1360 1 2 1.3 10.5 270
1365 1 2 1.3 10.5 271
1370 1 2 1.2 9.8 272
1375 1 2 1.2 9.8 273
1380 1 2 1.2 9.8 274
1385 1 2 1.2 9.8 275
1390 1 2 1.1 9.1 276
1395 1 2 1.1 9.1 277
1400 1 2 1.1 9.1 278
1405 1 2 1.1 9.1 279
1410 1 2 1.1 9.1 280
1415 1 2 1.1 9.1 281
1420 1 2 1.1 9.1 282
1425 1 2 1.1 9.1 283
1430 1 2 1.1 9.1 284
1435 1 2 1.1 9.1 285
1440 1 2 1.1 9.1 286
1445 1 2 1.1 9.1 287
1450 1 2 1.1 9.1 288
1455 1 2 1.1 9.1 289
1460 1 2 1.1 9.1 290
1465 1 2 1.1 9.1 291
1470 1 2 1.1 9.1 292
1475 1 2 1.1 9.1 293
1480 1 2 1.1 9.1 294
1485 1 2 1.1 9.1 295
1490 1 2 1.1 9.1 296
1495 1 2 1.1 9.1 297
1500 1 2 1.1 9.1 298
1505 1 2 1.1 9.1 299
1510 1 2 1.1 9.1 300
1515 1 2 1.1 9.1 301
1520 1 2 1.1 9.1 302
1525 1 2 1.1 9.1 303
1530 1 2 1.1 9.1 304
1535 1 2 1.1 9.1 305
1540 1 2 1.1 9.1 306
1545 1 2 1.1 9.1 307
1550 1 2 1.1 9.1 308
1555 1 2 1.1 9.1 309
1560 1 2 1.1 9.1 310
1565 1 2 1.1 9.1 311
1570 1 2 1.1 9.1 312
1575 1 2 1.1 9.1 313
1580 1 2 1.1 9.1 314
1585 1 2 1.1 9.1 315
1590 1 2 1.1 9.1 316
1595 1 2 1.1 9.1 317
1600 1 2 1.1 9.1 318
1605 1 2 1.1 9.1 319
1610 1 2 1.1 9.1 320
1615 1 2 1.1 9.1 321
1620 1 2 1.1 9.1 322
1625 1 2 1.1 9.1 323
1630 1 2 1.1 9.1 324
1635 1 2 1.1 9.1 325
1640 1 2 1.1 9.1 326
1645 1 2 1.1 9.1 327
1650 1 2 1.1 9.1 328
1655 1 2 1.1 9.1 329
1660 1 1 1.0 8.6 330
1665 1 1 1.0 8.6 331
1670 1 1 1.0 8.6 332
1675 1 1 1.0 8.6 333
1680 1 1 1.0 8.6 334
1685 1 1 1.0 8.6 335
1690 1 1 1.0 8.6 336
1695 1 1 1.0 8.6 337
1700 1 1 1.0 8.6 338
1705 1 1 1.0 8.6 339
1710 1 1 1.0 8.6 340
1715 1 1 1.0 8.6 341
1720 1 1 1.0 8.6 342
1725 1 1 1.0 8.6 343
1730 1 1 1.0 8.6 344
1735 1 1 1.0 8.6 345
1740 1 1 1.0 8.6 346
1745 1 1 1.0 8.6 347
1750 1 1 1.0 8.6 348
1755 1 1 1.0 8.6 349
1760 1 1 1.0 8.6 350
1765 1 1 1.0 8.6 351
1770 1 1 1.0 8.6 352
1775 1 1 1.0 8.6 353
1780 1 1 1.0 8.6 354
1785 1 1 1.0 8.6 355
1790 1 1 1.0 8.6 356
1795 1 1 1.0 8.6 357
1800 1 1 1.0 8.6 358
1805 1 1 1.0 8.6 359
1810 1 1 1.0 8.6 360
1815 1 1 1.0 8.6 361
1820 1 1 1.0 8.6 362
1825 1 1 1.0 8.6 363
1830 1 1 1.0 8.6 364
1835 1 1 1.0 8.6 365
1840 1 1 1.0 8.6 366
1845 1 1 1.0 8.6 367
1850 1 1 1.0 8.6 368
1855 1 1 1.0 8.6 369
1860 1 1 1.0 8.6 370
1865 1 1 1.0 8.6 371
1870 1 1 1.0 8.6 372
1875 1 1 1.0 8.6 373
1880 1 1 1.0 8.6 374
1885 1 1 1.0 8.6 375
1890 1 1 1.0 8.6 376
1895 1 1 1.0 8.6 377
1900 1 1 1.0 8.6 378
1905 1 1 1.0 8.6 379
1910 1 1 1.0 8.6 380
1915 1 1 1.0 8.6 381
1920 1 1 1.0 8.6 382
1925 1 1 1.0 8.6 383
1930 1 1 1.0 8.6 384
1935 1 1 1.0 8.6 385
1940 1 1 1.0 8.6 386
1945 1 1 1.0 8.6 387
1950 1 1 1.0 8.6 388
1955 1 1 1.0 8.6 389
1960 1 1 1.0 8.6 390
1965 1 1 1.0 8.6 391
1970 1 1 1.0 8.6 392
1975 1 1 1.0 8.6 393
1980 1 1 1.0 8.6 394
1985 1 1 1.0 8.6 395
1990 1 1 1.0 8.6 396
1995 1 1 1.0 8.6 397
2000 1 1 1.0 8.6 398
2005 1 1 1.0 8.6 399
2010 1 1 1.0 8.6 400
2015 1 1 1.0 8.6 401
2020 1 1 1.0 8.6 402
2025 1 1 1.0 8.6 403
2030 1 1 1.0 8.6 404
2035 1 1 1.0 8.6 405
2040 1 1 1.0 8.6 406
2045 1 1 1.0 8.6 407
2050 1 1 1.0 8.6 408
2055 1 1 1.0 8.6 409
2060 1 1 1.0 8.6 410
2065 1 1 1.0 8.6 411
2070 1 1 1.0 8.6 412
2075 1 1 1.0 8.6 413
2080 1 1 1.0 8.6 414
2085 1 1 1.0 8.6 415
2090 1 1 1.0 8.6 416
2095 1 1 1.0 8.6 417
2100 1 1 1.0 8.6 418
2105 1 1 1.0 8.6 419
2110 1 1 1.0 8.6 420
2115 1 1 1.0 8.6 421
2120 1 1 1.0 8.6 422
2125 1 1 1.0 8.6 423
2130 1 1 1.0 8.6 424
2135 1 1 1.0 8.6 425
2140 1 1 1.0 8.6 426
2145 1 1 1.0 8.6 427
2150 1 1 1.0 8.6 428
2155 1 1 1.0 8.6 429
2160 1 1 1.0 8.6 430
2165 1 1 1.0 8.6 431
2170 1 1 1.0 8.6 432
2175 1 1 1.0 8.6 433
2180 1 1 1.0 8.6 434
2185 1 1 1.0 8.6 435
2190 1 1 1.0 8.6 436
2195 1 1 1.0 8.6 437
2200 1 1 1.0 8.6 438
2205 1 1 1.0 8.6 439
2210 1 1 1.0 8.6 440
2215 1 1 1.0 8.6 441
2220 1 1 1.0 8.6 442
2225 1 1 1.0 8.6 443
2230 1 1 1.0 8.6 444
2235 1 1 1.0 8.6 445
2240 1 1 1.0 8.6 446
2245 1 1 1.0 8.6 447
2250 1 1 1.0 8.6 448
2255 1 1 1.0 8.6 449
2260 1 1 1.0 8.6 450
2265 1 1 1.0 8.6 451
2270 1 1 1.0 8.6 452
2275 1 1 1.0 8.6 453
2280 1 1 1.0 8.6 454
2285 1 1 1.0 8.6 455
2290 1 1 1.0 8.6 456
2295 1 1 1.0 8.6 457
2300 1 1 1.0 8.6 458
2305 1 1 1.0 8.6 459
2310 1 1 1.0 8.6 460
2315 1 1 1.0 8.6 461
2320 1 1 1.0 8.6 462
2325 1 1 1.0 8.6 463
2330 1 1 1.0 8.6 464
2335 1 1 1.0 8.6 465
2340 1 1 1.0 8.6 466
2345 1 1 1.0 8.6 467
2350 1 1 1.0 8.6 468
2355 1 1 1.0 8.6 469
2360 1 1 1.0 8.6 470
2365 1 1 1.0 8.6 471
2370 1 1 1.0 8.6 472
2375 1 1 1.0 8.6 473
2380 1 1 1.0 8.6 474
2385 1 1 1.0 8.6 475
2390 1 1 1.0 8.6 476
2395 1 1 1.0 8.6 477
2400 1 1 1.0 8.6 478
2405 1 1 1.0 8.6 479
2410 1 1 1.0 8.6 480
2415 1 1 1.0 8.6 481
2420 1 1 1.0 8.6 482
2425 1 1 1.0 8.6 483
2430 1 1 1.0 8.6 484
2435 1 1 1.0 8.6 485
2440 1 1 1.0 8.6 486
2445 1 1 1.0 8.6 487
2450 1 1 1.0 8.6 488
2455 1 1 1.0 8.6 489
2460 1 1 1.0 8.6 490
2465 1 1 1.0 8.6 491
2470 1 1 1.0 8.6 492
2475 1 1 1.0 8.6 493
2480 1 1 1.0 8.6 494
2485 1 1 1.0 8.6 495
2490 1 1 1.0 8.6 496
2495 1 1 1.0 8.6 497
2500 1 1 1.0 8.6 498
2505 1 1 1.0 8.6 499
2510 1 1 1.0 8.6 500
2515 1 1 1.0 8.6 501
2520 1 1 1.0 8.6 502
2525 1 1 1.0 8.6 503
2530 1 1 1.0 8.6 504
2535 1 1 1.0 8.6 505
2540 1 1 1.0 8.6 506
2545 1 1 1.0 8.6 507
2550 1 1 1.0 8.6 508
2555 1 1 1.0 8.6 509
2560 1 1 1.0 8.6 510
2565 1 1 1.0 8.6 511
2570 1 1 1.0 8.6 512
2575 1 1 1.0 8.6 513
2580 1 1 1.0 8.6 514
2585 1 1 1.0 8.6 515
2590 1 1 1.0 8.6 516
2595 1 1 1.0 8.6 517
2600 1 1 1.0 8.6 518
2605 1 1 1.0 8.6 519
2610 1 1 1.0 8.6 520
2615 1 1 1.0 8.6 521
2620 1 1 1.0 8.6 522
2625 1 1 1.0 8.6 523
2630 1 1 1.0 8.6 524
2635 1 1 1.0 8.6 525
2640 1 1 1.0 8.6 526
2645 1 1 1.0 8.6 527
2650 1 1 1.0 8.6 528
2655 1 1 1.0 8.6 529
2660 1 1 1.0 8.6 530
2665 1 1 1.0 8.6 531
2670 1 1 1.0 8.6 532
2675 1 1 1.0 8.6 533
2680 1 1 1.0 8.6 534
2685 1 1 1.0 8.6 535
2690 1 1 1.0 8.6 536
2695 1 1 1.0 8.6 537
2700 1 1 1.0 8.6 538
2705 1 1 1.0 8.6 539
2710 1 1 1.0 8.6 540
2715 1 1 1.0 8.6 541
2720 1 1 1.0 8.6 542
2725 1 1 1.0 8.6 543
2730 1 1 1.0 8.6 544
2735 1 1 1.0 8.6 545
2740 1 1 1.0 8.6 546
2745 1 1 1.0 8.6 547
2750 1 1 1.0 8.6 548
2755 1 1 1.0 8.6 549
2760 1 1 1.0 8.6 550
2765 1 1 1.0 8.6 551
2770 1 1 1.0 8.6 552
2775 1 1 1.0 8.6 553
2780 1 1 1.0 8.6 554
2785 1 1 1.0 8.6 555
2790 1 1 1.0 8.6 556
2795 1 1 1.0 8.6 557
2800 1 1 1.0 8.6 558
2805 1 1 1.0 8.6 559
2810 1 1 1.0 8.6 560
2815 1 1 1.0 8.6 561
2820 1 1 1.0 8.6 562
2825 1 1 1.0 8.6 563
2830 1 1 1.0 8.6 564
2835 1 1 1.0 8.6 565
2840 1 1 1.0 8.6 566
2845 1 1 1.0 8.6 567
2850 1 1 1.0 8.6 568
2855 1 1 1.0 8.6 569
2860 1 1 1.0 8.6 570
2865 1 1 1.0 8.6 571
2870 1 1 1.0 8.6 572
2875 1 1 1.0 8.6 573
2880 1 1 1.0 8.6 574
2885 0 1 0.9 7.7 575
# Solution finale : 111000111000111000111 (0)
# Optimum         : 111000111000111000111
