# Execution avec les parametre suivants:
# {taillePopulationEnfants=5, verbose=false, tauxMutation=0.2, taillePopulationParents=10, maxEvaluations=30000, maxGenerations=1000, optimum=111000111000111000111, tailleTournoi=5}
# Optimum : 111000111000111000111
# Dimension : 21
15 8 11 9.3 46.5 1
20 5 10 8.6 45.6 2
25 5 10 8.3 43.3 3
30 5 10 8.2 42.4 4
35 5 9 8.0 42.8 5
40 5 9 7.9 43.3 6
45 5 9 7.8 43.0 7
50 5 9 7.6 42.0 8
55 5 9 7.6 42.0 9
60 5 8 7.0 39.8 10
65 5 8 7.0 39.8 11
70 5 8 7.0 39.8 12
75 5 8 6.8 37.8 13
80 5 8 6.3 36.9 14
85 5 7 6.1 37.1 15
90 5 7 6.0 36.8 16
95 5 7 5.9 34.5 17
100 5 7 5.9 34.5 18
105 5 6 5.7 32.1 19
110 5 6 5.6 33.6 20
115 5 6 5.6 33.6 21
120 4 6 5.4 33.8 22
125 4 6 5.3 34.1 23
130 4 6 5.3 34.1 24
135 4 6 5.2 33.8 25
140 4 6 5.2 33.8 26
145 4 6 5.0 34.4 27
150 4 5 4.8 32.8 28
155 4 5 4.8 32.8 29
160 4 5 4.8 32.8 30
165 4 5 4.8 32.8 31
170 4 5 4.8 32.8 32
175 3 5 4.6 32.2 33
180 3 5 4.6 32.2 34
185 2 5 4.1 30.1 35
190 2 5 3.9 29.1 36
195 2 5 3.8 29.4 37
200 2 5 3.8 29.4 38
205 2 5 3.7 28.1 39
210 2 5 3.7 28.1 40
215 2 4 3.6 28.4 41
220 2 4 3.6 28.4 42
225 2 4 3.6 28.4 43
230 2 4 3.6 28.4 44
235 2 4 3.6 28.4 45
240 2 4 3.6 28.4 46
245 2 4 3.6 28.4 47
250 2 4 3.6 28.4 48
255 2 4 3.4 26.6 49
260 2 4 3.3 26.7 50
265 2 4 3.3 26.7 51
270 2 4 3.3 26.7 52
275 2 4 3.3 26.7 53
280 2 4 2.9 22.1 54
285 2 4 2.9 22.1 55
290 2 4 2.9 22.1 56
295 2 4 2.9 22.1 57
300 2 4 2.8 22.0 58
305 2 4 2.8 22.0 59
310 2 3 2.7 21.3 60
315 2 3 2.7 21.3 61
320 2 3 2.7 21.3 62
325 2 3 2.7 21.3 63
330 2 3 2.7 21.3 64
335 2 3 2.7 21.3 65
340 2 3 2.7 21.3 66
345 1 3 2.5 19.5 67
350 1 3 2.5 19.5 68
355 1 3 2.5 19.5 69
360 1 3 2.5 19.5 70
365 1 3 2.5 19.5 71
370 1 3 2.5 19.5 72
375 1 3 2.5 19.5 73
380 1 3 2.4 18.2 74
385 1 3 2.4 18.2 75
390 1 3 2.4 18.2 76
395 1 3 2.4 18.2 77
400 1 3 2.4 18.2 78
405 1 3 2.4 18.2 79
410 1 3 2.4 18.2 80
415 1 3 2.4 18.2 81
420 1 3 2.4 18.2 82
425 1 3 2.4 18.2 83
430 1 3 2.4 18.2 84
435 1 3 2.4 18.2 85
440 1 3 2.4 18.2 86
445 1 3 2.4 18.2 87
450 1 3 2.4 18.2 88
455 1 3 2.4 18.2 89
460 1 3 2.4 18.2 90
465 1 3 2.4 18.2 91
470 1 3 2.4 18.2 92
475 1 3 2.3 17.5 93
480 1 3 2.2 16.2 94
485 1 3 2.1 16.5 95
490 1 3 2.1 16.5 96
495 1 3 2.1 16.5 97
500 1 3 2.1 16.5 98
505 1 3 2.1 16.5 99
510 1 3 2.1 16.5 100
515 1 3 2.1 16.5 101
520 1 3 2.1 16.5 102
525 1 3 2.1 16.5 103
530 1 3 2.1 16.5 104
535 1 3 2.1 16.5 105
540 1 3 2.1 16.5 106
545 1 3 2.1 16.5 107
550 1 3 2.1 16.5 108
555 1 3 2.1 16.5 109
560 1 3 2.1 16.5 110
565 1 3 2.1 16.5 111
570 1 3 2.1 16.5 112
575 1 3 2.1 16.5 113
580 1 3 2.1 16.5 114
585 1 3 1.9 15.7 115
590 1 3 1.9 15.7 116
595 1 3 1.9 15.7 117
600 1 2 1.7 14.3 118
605 1 2 1.7 14.3 119
610 1 2 1.7 14.3 120
615 1 2 1.7 14.3 121
620 1 2 1.7 14.3 122
625 1 2 1.7 14.3 123
630 1 2 1.7 14.3 124
635 1 2 1.7 14.3 125
640 1 2 1.7 14.3 126
645 1 2 1.7 14.3 127
650 1 2 1.7 14.3 128
655 1 2 1.7 14.3 129
660 1 2 1.6 13.2 130
665 1 2 1.6 13.2 131
670 1 2 1.6 13.2 132
675 1 2 1.6 13.2 133
680 1 2 1.6 13.2 134
685 1 2 1.6 13.2 135
690 1 2 1.6 13.2 136
695 1 2 1.6 13.2 137
700 1 2 1.6 13.2 138
705 1 2 1.6 13.2 139
710 1 2 1.6 13.2 140
715 1 2 1.6 13.2 141
720 1 2 1.6 13.2 142
725 1 2 1.6 13.2 143
730 1 2 1.6 13.2 144
735 1 2 1.6 13.2 145
740 1 2 1.6 13.2 146
745 1 2 1.6 13.2 147
750 1 2 1.6 13.2 148
755 1 2 1.6 13.2 149
760 1 2 1.6 13.2 150
765 1 2 1.6 13.2 151
770 1 2 1.6 13.2 152
775 1 2 1.6 13.2 153
780 1 2 1.6 13.2 154
785 1 2 1.6 13.2 155
790 1 2 1.6 13.2 156
795 1 2 1.6 13.2 157
800 1 2 1.6 13.2 158
805 1 2 1.6 13.2 159
810 1 2 1.6 13.2 160
815 1 2 1.6 13.2 161
820 1 2 1.6 13.2 162
825 1 2 1.6 13.2 163
830 1 2 1.6 13.2 164
835 1 2 1.6 13.2 165
840 1 2 1.6 13.2 166
845 1 2 1.5 12.5 167
850 1 2 1.5 12.5 168
855 1 2 1.5 12.5 169
860 1 2 1.5 12.5 170
865 1 2 1.5 12.5 171
870 1 2 1.5 12.5 172
875 1 2 1.5 12.5 173
880 1 2 1.5 12.5 174
885 1 2 1.5 12.5 175
890 1 2 1.5 12.5 176
895 1 2 1.5 12.5 177
900 1 2 1.5 12.5 178
905 1 2 1.5 12.5 179
910 1 2 1.5 12.5 180
915 1 2 1.5 12.5 181
920 1 2 1.5 12.5 182
925 1 2 1.5 12.5 183
930 1 2 1.5 12.5 184
935 1 2 1.5 12.5 185
940 1 2 1.5 12.5 186
945 1 2 1.5 12.5 187
950 1 2 1.5 12.5 188
955 1 2 1.5 12.5 189
960 1 2 1.5 12.5 190
965 1 2 1.5 12.5 191
970 1 2 1.5 12.5 192
975 1 2 1.5 12.5 193
980 1 2 1.5 12.5 194
985 1 2 1.5 12.5 195
990 1 2 1.5 12.5 196
995 1 2 1.5 12.5 197
1000 1 2 1.5 12.5 198
1005 1 2 1.5 12.5 199
1010 1 2 1.5 12.5 200
1015 1 2 1.5 12.5 201
1020 1 2 1.5 12.5 202
1025 1 2 1.5 12.5 203
1030 1 2 1.5 12.5 204
1035 1 2 1.5 12.5 205
1040 1 2 1.5 12.5 206
1045 1 2 1.5 12.5 207
1050 1 2 1.5 12.5 208
1055 1 2 1.5 12.5 209
1060 1 2 1.5 12.5 210
1065 1 2 1.5 12.5 211
1070 1 2 1.5 12.5 212
1075 1 2 1.5 12.5 213
1080 1 2 1.5 12.5 214
1085 1 2 1.5 12.5 215
1090 1 2 1.5 12.5 216
1095 1 2 1.5 12.5 217
1100 1 2 1.5 12.5 218
1105 1 2 1.4 12.0 219
1110 1 2 1.4 12.0 220
1115 1 2 1.4 12.0 221
1120 1 2 1.4 12.0 222
1125 1 2 1.4 12.0 223
1130 1 2 1.4 12.0 224
1135 1 2 1.4 12.0 225
1140 1 2 1.4 12.0 226
1145 1 2 1.4 12.0 227
1150 1 2 1.4 12.0 228
1155 1 2 1.4 12.0 229
1160 1 2 1.4 12.0 230
1165 1 2 1.4 12.0 231
1170 1 2 1.4 12.0 232
1175 1 2 1.4 12.0 233
1180 1 2 1.4 12.0 234
1185 1 2 1.4 12.0 235
1190 1 2 1.4 12.0 236
1195 1 2 1.4 12.0 237
1200 1 2 1.4 12.0 238
1205 1 2 1.4 12.0 239
1210 1 2 1.4 12.0 240
1215 1 2 1.4 12.0 241
1220 1 2 1.4 12.0 242
1225 1 2 1.4 12.0 243
1230 1 2 1.4 12.0 244
1235 1 2 1.4 12.0 245
1240 1 2 1.4 12.0 246
1245 1 2 1.4 12.0 247
1250 1 2 1.4 12.0 248
1255 1 2 1.4 12.0 249
1260 1 2 1.4 12.0 250
1265 1 2 1.4 12.0 251
1270 1 2 1.4 12.0 252
1275 1 2 1.4 12.0 253
1280 1 2 1.4 12.0 254
1285 1 2 1.4 12.0 255
1290 1 2 1.4 12.0 256
1295 1 2 1.4 12.0 257
1300 1 2 1.4 12.0 258
1305 1 2 1.4 12.0 259
1310 1 2 1.4 12.0 260
1315 1 2 1.4 12.0 261
1320 1 2 1.4 12.0 262
1325 1 2 1.4 12.0 263
1330 1 2 1.4 12.0 264
1335 1 2 1.4 12.0 265
1340 1 2 1.4 12.0 266
1345 1 2 1.4 12.0 267
1350 1 2 1.4 12.0 268
1355 1 2 1.4 12.0 269
1360 1 2 1.3 10.9 270
1365 1 2 1.3 10.9 271
1370 1 2 1.3 10.9 272
1375 1 2 1.3 10.9 273
1380 1 2 1.3 10.9 274
1385 1 2 1.3 10.9 275
1390 1 2 1.3 10.9 276
1395 1 2 1.3 10.9 277
1400 1 2 1.3 10.9 278
1405 1 2 1.3 10.9 279
1410 1 2 1.3 10.9 280
1415 1 2 1.3 10.9 281
1420 1 2 1.3 10.9 282
1425 1 2 1.3 10.9 283
1430 1 2 1.3 10.9 284
1435 1 2 1.3 10.9 285
1440 1 2 1.2 9.8 286
1445 1 2 1.2 9.8 287
1450 1 2 1.1 9.1 288
1455 1 1 1.0 8.2 289
1460 1 1 1.0 8.2 290
1465 1 1 1.0 8.2 291
1470 1 1 1.0 8.2 292
1475 1 1 1.0 8.2 293
1480 1 1 1.0 8.2 294
1485 1 1 1.0 8.2 295
1490 1 1 1.0 8.2 296
1495 1 1 1.0 8.2 297
1500 1 1 1.0 8.2 298
1505 1 1 1.0 8.2 299
1510 1 1 1.0 8.2 300
1515 1 1 1.0 8.2 301
1520 1 1 1.0 8.2 302
1525 1 1 1.0 8.2 303
1530 1 1 1.0 8.2 304
1535 1 1 1.0 8.2 305
1540 1 1 1.0 8.2 306
1545 1 1 1.0 8.2 307
1550 1 1 1.0 8.2 308
1555 1 1 1.0 8.2 309
1560 1 1 1.0 8.2 310
1565 1 1 1.0 8.2 311
1570 1 1 1.0 8.2 312
1575 1 1 1.0 8.2 313
1580 1 1 1.0 8.2 314
1585 1 1 1.0 8.2 315
1590 1 1 1.0 8.2 316
1595 1 1 1.0 8.2 317
1600 1 1 1.0 8.2 318
1605 1 1 1.0 8.2 319
1610 1 1 1.0 8.2 320
1615 1 1 1.0 8.2 321
1620 1 1 1.0 8.2 322
1625 1 1 1.0 8.2 323
1630 1 1 1.0 8.2 324
1635 1 1 1.0 8.2 325
1640 1 1 1.0 8.2 326
1645 1 1 1.0 8.2 327
1650 1 1 1.0 8.2 328
1655 1 1 1.0 8.2 329
1660 1 1 1.0 8.2 330
1665 1 1 1.0 8.2 331
1670 1 1 1.0 8.2 332
1675 1 1 1.0 8.2 333
1680 1 1 1.0 8.2 334
1685 1 1 1.0 8.2 335
1690 1 1 1.0 8.2 336
1695 1 1 1.0 8.2 337
1700 0 1 0.9 7.3 338
# Solution finale : 111000111000111000111 (0)
# Optimum         : 111000111000111000111
