# Execution avec les parametre suivants:
# {taillePopulationEnfants=5, verbose=false, tauxMutation=0.2, taillePopulationParents=10, maxEvaluations=30000, maxGenerations=1000, optimum=111000111000111000111, tailleTournoi=5}
# Optimum : 111000111000111000111
# Dimension : 21
15 4 12 9.1 48.5 1
20 4 11 8.7 47.3 2
25 4 11 8.6 47.2 3
30 4 10 8.0 45.8 4
35 4 9 7.7 44.9 5
40 4 9 7.3 44.7 6
45 4 8 7.0 44.2 7
50 4 8 7.0 44.2 8
55 4 8 6.9 42.9 9
60 4 7 6.3 39.1 10
65 4 7 6.2 39.2 11
70 4 7 6.1 38.7 12
75 4 6 5.6 33.0 13
80 4 6 5.5 33.9 14
85 4 6 5.5 33.9 15
90 4 6 5.5 33.9 16
95 4 6 5.4 34.0 17
100 4 6 5.4 34.0 18
105 4 6 5.3 33.5 19
110 4 6 5.1 32.9 20
115 4 6 4.9 32.1 21
120 4 6 4.7 30.9 22
125 4 5 4.6 31.0 23
130 4 5 4.6 31.0 24
135 4 5 4.6 31.0 25
140 4 5 4.6 31.0 26
145 4 5 4.6 31.0 27
150 4 5 4.6 31.0 28
155 4 5 4.6 31.0 29
160 4 5 4.6 31.0 30
165 4 5 4.6 31.0 31
170 4 5 4.6 31.0 32
175 4 5 4.6 31.0 33
180 4 5 4.6 31.0 34
185 4 5 4.6 31.0 35
190 4 5 4.6 31.0 36
195 4 5 4.6 31.0 37
200 4 5 4.6 31.0 38
205 4 5 4.6 31.0 39
210 2 5 4.3 28.9 40
215 2 5 4.2 28.6 41
220 2 5 4.2 28.6 42
225 2 5 4.2 28.6 43
230 2 5 4.2 28.6 44
235 2 5 4.2 28.6 45
240 2 5 4.2 28.6 46
245 2 5 4.1 27.5 47
250 2 5 4.0 26.6 48
255 2 5 4.0 26.6 49
260 2 5 3.8 25.6 50
265 2 5 3.8 25.6 51
270 2 4 3.6 24.2 52
275 2 4 3.6 24.2 53
280 2 4 3.3 22.9 54
285 2 4 3.3 22.9 55
290 2 4 3.3 22.9 56
295 2 4 3.2 21.8 57
300 2 4 3.2 21.8 58
305 2 4 3.2 21.8 59
310 2 4 3.2 21.8 60
315 2 4 3.1 21.7 61
320 2 4 3.1 21.7 62
325 2 4 3.1 21.7 63
330 2 4 3.1 21.7 64
335 2 4 3.0 20.6 65
340 2 4 2.9 19.7 66
345 2 4 2.9 19.7 67
350 2 4 2.9 19.7 68
355 2 4 2.9 19.7 69
360 2 4 2.9 19.7 70
365 2 4 2.9 19.7 71
370 2 4 2.9 19.7 72
375 2 3 2.8 19.4 73
380 2 3 2.7 18.9 74
385 2 3 2.7 18.9 75
390 2 3 2.7 18.9 76
395 2 3 2.6 18.0 77
400 2 3 2.6 18.0 78
405 2 3 2.5 17.7 79
410 2 3 2.5 17.7 80
415 2 3 2.4 17.2 81
420 2 3 2.4 17.2 82
425 2 3 2.4 17.2 83
430 2 3 2.4 17.2 84
435 2 3 2.3 16.3 85
440 2 3 2.3 16.3 86
445 2 3 2.3 16.3 87
450 2 3 2.3 16.3 88
455 2 3 2.3 16.3 89
460 2 3 2.1 15.1 90
465 2 3 2.1 15.1 91
470 2 3 2.1 15.1 92
475 2 3 2.1 15.1 93
480 2 3 2.1 15.1 94
485 2 3 2.1 15.1 95
490 2 2 2.0 14.4 96
495 2 2 2.0 14.4 97
500 2 2 2.0 14.4 98
505 2 2 2.0 14.4 99
510 2 2 2.0 14.4 100
515 2 2 2.0 14.4 101
520 1 2 1.9 13.5 102
525 1 2 1.9 13.5 103
530 1 2 1.9 13.5 104
535 1 2 1.9 13.5 105
540 1 2 1.9 13.5 106
545 1 2 1.9 13.5 107
550 1 2 1.9 13.5 108
555 1 2 1.8 13.4 109
560 1 2 1.8 13.4 110
565 1 2 1.8 13.4 111
570 1 2 1.8 13.4 112
575 1 2 1.8 13.4 113
580 1 2 1.8 13.4 114
585 1 2 1.8 13.4 115
590 1 2 1.8 13.4 116
595 1 2 1.8 13.4 117
600 1 2 1.8 13.4 118
605 1 2 1.8 13.4 119
610 1 2 1.8 13.4 120
615 1 2 1.8 13.4 121
620 1 2 1.8 13.4 122
625 1 2 1.8 13.4 123
630 1 2 1.8 13.4 124
635 1 2 1.8 13.4 125
640 1 2 1.8 13.4 126
645 1 2 1.8 13.4 127
650 1 2 1.8 13.4 128
655 1 2 1.8 13.4 129
660 1 2 1.8 13.4 130
665 1 2 1.8 13.4 131
670 1 2 1.8 13.4 132
675 1 2 1.8 13.4 133
680 1 2 1.8 13.4 134
685 1 2 1.8 13.4 135
690 1 2 1.8 13.4 136
695 1 2 1.8 13.4 137
700 1 2 1.7 13.1 138
705 1 2 1.6 12.6 139
710 1 2 1.6 12.6 140
715 1 2 1.6 12.6 141
720 1 2 1.6 12.6 142
725 1 2 1.6 12.6 143
730 1 2 1.6 12.6 144
735 1 2 1.6 12.6 145
740 1 2 1.6 12.6 146
745 1 2 1.6 12.6 147
750 1 2 1.6 12.6 148
755 1 2 1.5 12.3 149
760 1 2 1.4 11.6 150
765 1 2 1.4 11.6 151
770 1 2 1.4 11.6 152
775 1 2 1.4 11.6 153
780 1 2 1.4 11.6 154
785 1 2 1.3 10.9 155
790 1 2 1.3 10.9 156
795 1 2 1.3 10.9 157
800 1 2 1.3 10.9 158
805 1 2 1.3 10.9 159
810 1 2 1.3 10.9 160
815 1 2 1.3 10.9 161
820 1 2 1.3 10.9 162
825 1 2 1.3 10.9 163
830 1 2 1.3 10.9 164
835 1 2 1.3 10.9 165
840 1 2 1.3 10.9 166
845 1 2 1.3 10.9 167
850 1 2 1.3 10.9 168
855 1 2 1.3 10.9 169
860 1 2 1.3 10.9 170
865 1 2 1.3 10.9 171
870 1 2 1.3 10.9 172
875 1 2 1.3 10.9 173
880 1 2 1.3 10.9 174
885 1 2 1.3 10.9 175
890 1 2 1.3 10.9 176
895 1 2 1.3 10.9 177
900 1 2 1.3 10.9 178
905 1 2 1.3 10.9 179
910 1 2 1.2 10.4 180
915 1 2 1.2 10.4 181
920 1 2 1.2 10.4 182
925 1 2 1.2 10.4 183
930 1 2 1.2 10.4 184
935 1 2 1.2 10.4 185
940 1 2 1.2 10.4 186
945 1 2 1.2 10.4 187
950 1 2 1.2 10.4 188
955 1 2 1.2 10.4 189
960 1 2 1.2 10.4 190
965 1 2 1.2 10.4 191
970 1 2 1.2 10.4 192
975 1 2 1.2 10.4 193
980 0 2 1.0 8.6 194
# Solution finale : 111000111000111000111 (0)
# Optimum         : 111000111000111000111
