# Execution avec les parametre suivants:
# {taillePopulationEnfants=5, verbose=false, tauxMutation=0.2, taillePopulationParents=10, maxEvaluations=30000, maxGenerations=1000, optimum=111000111000111000111, tailleTournoi=5}
# Optimum : 111000111000111000111
# Dimension : 21
15 5 12 9.5 47.5 1
20 5 12 9.2 48.0 2
25 5 11 8.3 46.5 3
30 5 11 8.3 46.5 4
35 5 10 8.0 45.2 5
40 5 10 7.8 43.4 6
45 5 9 7.7 41.9 7
50 5 9 7.6 41.6 8
55 5 9 7.6 41.6 9
60 5 8 7.3 42.1 10
65 5 8 7.0 41.6 11
70 5 8 6.9 41.7 12
75 5 8 6.7 42.3 13
80 5 8 6.4 39.6 14
85 5 7 6.3 40.3 15
90 5 7 6.2 39.2 16
95 5 7 6.1 39.5 17
100 5 7 5.9 38.7 18
105 5 7 5.9 38.7 19
110 5 7 5.9 38.7 20
115 5 7 5.9 38.7 21
120 4 6 5.2 34.6 22
125 4 6 5.2 34.6 23
130 4 6 5.2 34.6 24
135 3 6 4.7 31.9 25
140 3 6 4.5 30.5 26
145 3 5 4.3 29.9 27
150 3 5 4.3 29.9 28
155 3 5 4.3 29.9 29
160 3 5 4.3 29.9 30
165 3 5 4.3 29.9 31
170 3 5 4.3 29.9 32
175 3 5 4.2 29.4 33
180 3 5 4.1 27.9 34
185 2 5 3.8 25.8 35
190 2 5 3.8 25.8 36
195 2 5 3.8 25.8 37
200 2 4 3.7 23.7 38
205 2 4 3.7 23.7 39
210 2 4 3.7 23.7 40
215 2 4 3.7 23.7 41
220 2 4 3.7 23.7 42
225 2 4 3.7 23.7 43
230 2 4 3.7 23.7 44
235 2 4 3.7 23.7 45
240 2 4 3.7 23.7 46
245 2 4 3.6 23.2 47
250 2 4 3.6 23.2 48
255 2 4 3.6 23.2 49
260 2 4 3.6 23.2 50
265 2 4 3.6 23.2 51
270 2 4 3.6 23.2 52
275 2 4 3.6 23.2 53
280 2 4 3.6 23.2 54
285 2 4 3.5 23.1 55
290 2 4 3.5 23.1 56
295 2 4 3.5 23.1 57
300 2 4 3.4 23.0 58
305 2 4 3.4 23.0 59
310 2 4 3.2 22.0 60
315 2 4 3.2 22.0 61
320 2 4 3.2 22.0 62
325 2 4 3.2 22.0 63
330 2 4 3.2 22.0 64
335 2 4 3.2 22.0 65
340 2 4 3.1 21.1 66
345 2 4 3.1 21.1 67
350 2 4 3.1 21.1 68
355 2 4 3.1 21.1 69
360 2 4 3.0 21.4 70
365 2 4 3.0 21.4 71
370 2 4 2.8 19.8 72
375 2 4 2.8 19.8 73
380 2 4 2.8 19.8 74
385 2 4 2.8 19.8 75
390 2 4 2.8 19.8 76
395 2 4 2.8 19.8 77
400 2 4 2.8 19.8 78
405 2 3 2.7 19.5 79
410 2 3 2.6 17.6 80
415 2 3 2.6 17.6 81
420 2 3 2.6 17.6 82
425 2 3 2.6 17.6 83
430 2 3 2.6 17.6 84
435 2 3 2.6 17.6 85
440 2 3 2.6 17.6 86
445 2 3 2.6 17.6 87
450 1 3 2.3 16.7 88
455 1 3 2.3 16.7 89
460 1 3 2.3 16.7 90
465 1 3 2.3 16.7 91
470 1 3 2.3 16.7 92
475 1 3 2.3 16.7 93
480 1 3 2.3 16.7 94
485 1 3 2.3 16.7 95
490 1 3 2.3 16.7 96
495 1 3 2.3 16.7 97
500 1 3 2.3 16.7 98
505 1 3 2.3 16.7 99
510 1 3 2.3 16.7 100
515 1 3 2.2 16.4 101
520 1 3 2.2 16.4 102
525 1 3 2.2 16.4 103
530 1 3 2.2 16.4 104
535 1 3 2.2 16.4 105
540 1 3 2.2 16.4 106
545 1 3 2.2 16.4 107
550 1 3 2.2 16.4 108
555 1 3 2.2 16.4 109
560 1 3 2.2 16.4 110
565 1 3 2.2 16.4 111
570 1 3 2.2 16.4 112
575 1 3 2.2 16.4 113
580 1 3 2.2 16.4 114
585 1 3 2.2 16.4 115
590 1 3 2.2 16.4 116
595 1 3 2.2 16.4 117
600 1 3 2.2 16.4 118
605 1 3 2.0 15.0 119
610 1 2 1.9 14.1 120
615 1 2 1.9 14.1 121
620 1 2 1.9 14.1 122
625 1 2 1.9 14.1 123
630 1 2 1.9 14.1 124
635 1 2 1.9 14.1 125
640 1 2 1.9 14.1 126
645 1 2 1.9 14.1 127
650 1 2 1.9 14.1 128
655 1 2 1.9 14.1 129
660 1 2 1.9 14.1 130
665 1 2 1.9 14.1 131
670 1 2 1.9 14.1 132
675 1 2 1.9 14.1 133
680 1 2 1.9 14.1 134
685 1 2 1.9 14.1 135
690 1 2 1.9 14.1 136
695 1 2 1.9 14.1 137
700 1 2 1.9 14.1 138
705 1 2 1.9 14.1 139
710 1 2 1.9 14.1 140
715 1 2 1.9 14.1 141
720 1 2 1.9 14.1 142
725 1 2 1.9 14.1 143
730 1 2 1.9 14.1 144
735 1 2 1.9 14.1 145
740 1 2 1.9 14.1 146
745 1 2 1.9 14.1 147
750 1 2 1.9 14.1 148
755 1 2 1.9 14.1 149
760 1 2 1.9 14.1 150
765 1 2 1.9 14.1 151
770 1 2 1.9 14.1 152
775 1 2 1.9 14.1 153
780 1 2 1.9 14.1 154
785 1 2 1.9 14.1 155
790 1 2 1.8 13.2 156
795 1 2 1.8 13.2 157
800 1 2 1.8 13.2 158
805 1 2 1.7 12.7 159
810 1 2 1.7 12.7 160
815 1 2 1.7 12.7 161
820 1 2 1.7 12.7 162
825 1 2 1.7 12.7 163
830 1 2 1.7 12.7 164
835 1 2 1.7 12.7 165
840 1 2 1.7 12.7 166
845 1 2 1.7 12.7 167
850 1 2 1.7 12.7 168
855 1 2 1.7 12.7 169
860 1 2 1.7 12.7 170
865 1 2 1.6 12.6 171
870 1 2 1.6 12.6 172
875 1 2 1.6 12.6 173
880 1 2 1.6 12.6 174
885 1 2 1.6 12.6 175
890 1 2 1.6 12.6 176
895 1 2 1.6 12.6 177
900 1 2 1.6 12.6 178
905 1 2 1.6 12.6 179
910 1 2 1.6 12.6 180
915 1 2 1.6 12.6 181
920 1 2 1.6 12.6 182
925 1 2 1.6 12.6 183
930 1 2 1.6 12.6 184
935 1 2 1.5 12.1 185
940 1 2 1.4 11.8 186
945 1 2 1.4 11.8 187
950 0 2 1.2 10.6 188
# Solution finale : 111000111000111000111 (0)
# Optimum         : 111000111000111000111
