# Execution avec les parametre suivants:
# {taillePopulationEnfants=5, verbose=false, tauxMutation=0.5, taillePopulationParents=10, maxEvaluations=30000, maxGenerations=1000, optimum=111000111000111000111, tailleTournoi=5}
# Optimum : 111000111000111000111
# Dimension : 21
15 8 12 10.3 45.1 1
20 7 11 8.7 43.5 2
25 7 10 8.5 44.3 3
30 6 10 7.9 41.7 4
35 6 9 7.7 44.3 5
40 6 9 7.7 44.3 6
45 6 9 7.7 44.3 7
50 6 8 7.6 45.4 8
55 6 8 7.6 45.4 9
60 6 8 7.4 43.8 10
65 5 8 7.1 42.3 11
70 5 8 6.9 42.3 12
75 5 8 6.9 42.3 13
80 5 8 6.9 42.3 14
85 5 8 6.8 42.4 15
90 5 8 6.8 42.4 16
95 5 8 6.6 41.6 17
100 5 8 6.6 41.6 18
105 5 8 6.6 41.6 19
110 5 8 6.6 41.6 20
115 5 8 6.6 41.6 21
120 5 8 6.6 41.6 22
125 5 8 6.6 41.6 23
130 5 8 6.6 41.6 24
135 5 8 6.6 41.6 25
140 5 8 6.4 41.0 26
145 5 8 6.4 41.0 27
150 5 8 6.4 41.0 28
155 5 8 6.4 41.0 29
160 5 7 6.3 41.7 30
165 5 7 6.3 41.7 31
170 5 7 6.3 41.7 32
175 5 7 6.3 41.7 33
180 5 7 6.3 41.7 34
185 5 7 6.3 41.7 35
190 5 7 6.3 41.7 36
195 5 7 6.3 41.7 37
200 5 7 6.3 41.7 38
205 5 7 6.3 41.7 39
210 5 7 6.3 41.7 40
215 5 7 6.3 41.7 41
220 5 7 6.3 41.7 42
225 5 7 6.1 41.1 43
230 5 7 6.1 41.1 44
235 5 7 6.0 40.4 45
240 5 7 6.0 40.4 46
245 5 7 6.0 40.4 47
250 5 7 6.0 40.4 48
255 5 7 6.0 40.4 49
260 5 7 6.0 40.4 50
265 5 7 6.0 40.4 51
270 5 7 6.0 40.4 52
275 5 7 6.0 40.4 53
280 5 6 5.9 38.9 54
285 5 6 5.9 38.9 55
290 5 6 5.9 38.9 56
295 5 6 5.9 38.9 57
300 5 6 5.9 38.9 58
305 5 6 5.9 38.9 59
310 5 6 5.9 38.9 60
315 5 6 5.9 38.9 61
320 5 6 5.9 38.9 62
325 5 6 5.9 38.9 63
330 5 6 5.9 38.9 64
335 5 6 5.9 38.9 65
340 5 6 5.9 38.9 66
345 5 6 5.9 38.9 67
350 5 6 5.9 38.9 68
355 5 6 5.9 38.9 69
360 5 6 5.9 38.9 70
365 5 6 5.9 38.9 71
370 5 6 5.9 38.9 72
375 5 6 5.9 38.9 73
380 5 6 5.9 38.9 74
385 5 6 5.9 38.9 75
390 5 6 5.8 38.0 76
395 5 6 5.8 38.0 77
400 5 6 5.8 38.0 78
405 5 6 5.8 38.0 79
410 5 6 5.8 38.0 80
415 5 6 5.8 38.0 81
420 5 6 5.8 38.0 82
425 5 6 5.8 38.0 83
430 5 6 5.7 37.9 84
435 5 6 5.7 37.9 85
440 5 6 5.7 37.9 86
445 5 6 5.7 37.9 87
450 5 6 5.7 37.9 88
455 5 6 5.7 37.9 89
460 5 6 5.7 37.9 90
465 5 6 5.7 37.9 91
470 5 6 5.7 37.9 92
475 5 6 5.6 38.0 93
480 5 6 5.6 38.0 94
485 5 6 5.5 37.3 95
490 5 6 5.5 37.3 96
495 5 6 5.5 37.3 97
500 5 6 5.5 37.3 98
505 5 6 5.5 37.3 99
510 5 6 5.5 37.3 100
515 5 6 5.5 37.3 101
520 5 6 5.5 37.3 102
525 5 6 5.5 37.3 103
530 5 6 5.5 37.3 104
535 5 6 5.5 37.3 105
540 5 6 5.5 37.3 106
545 5 6 5.5 37.3 107
550 5 6 5.4 37.2 108
555 5 6 5.4 37.2 109
560 5 6 5.4 37.2 110
565 5 6 5.4 37.2 111
570 5 6 5.4 37.2 112
575 5 6 5.4 37.2 113
580 5 6 5.4 37.2 114
585 5 6 5.4 37.2 115
590 5 6 5.4 37.2 116
595 5 6 5.4 37.2 117
600 5 6 5.4 37.2 118
605 5 6 5.4 37.2 119
610 5 6 5.4 37.2 120
615 4 6 5.2 37.0 121
620 4 6 5.2 37.0 122
625 4 6 5.2 37.0 123
630 4 6 5.2 37.0 124
635 4 6 5.2 37.0 125
640 4 6 5.2 37.0 126
645 4 6 5.2 37.0 127
650 4 6 5.2 37.0 128
655 4 6 5.2 37.0 129
660 4 6 5.2 37.0 130
665 4 6 5.2 37.0 131
670 4 6 5.2 37.0 132
675 4 6 5.2 37.0 133
680 4 6 5.2 37.0 134
685 4 6 5.2 37.0 135
690 4 6 5.2 37.0 136
695 4 6 5.2 37.0 137
700 4 6 5.2 37.0 138
705 4 6 5.2 37.0 139
710 4 6 5.2 37.0 140
715 4 6 5.2 37.0 141
720 4 6 5.2 37.0 142
725 4 6 5.2 37.0 143
730 4 6 5.2 37.0 144
735 4 6 5.2 37.0 145
740 4 6 5.2 37.0 146
745 4 6 5.2 37.0 147
750 4 6 5.2 37.0 148
755 4 6 5.2 37.0 149
760 4 6 5.2 37.0 150
765 4 6 5.2 37.0 151
770 4 6 5.2 37.0 152
775 4 6 5.2 37.0 153
780 4 6 5.1 36.5 154
785 4 6 5.1 36.5 155
790 4 6 5.1 36.5 156
795 4 6 5.1 36.5 157
800 4 6 5.1 36.5 158
805 4 6 5.1 36.5 159
810 4 6 5.1 36.5 160
815 4 6 5.1 36.5 161
820 4 6 5.1 36.5 162
825 4 6 5.1 36.5 163
830 4 6 5.1 36.5 164
835 4 6 5.1 36.5 165
840 4 6 5.1 36.5 166
845 4 6 5.1 36.5 167
850 4 6 5.1 36.5 168
855 4 6 5.1 36.5 169
860 4 6 5.1 36.5 170
865 4 6 5.1 36.5 171
870 4 6 5.1 36.5 172
875 4 6 4.9 35.1 173
880 4 6 4.9 35.1 174
885 4 6 4.9 35.1 175
890 4 6 4.9 35.1 176
895 4 6 4.9 35.1 177
900 4 6 4.9 35.1 178
905 4 6 4.9 35.1 179
910 4 6 4.9 35.1 180
915 4 6 4.9 35.1 181
920 4 6 4.9 35.1 182
925 4 6 4.9 35.1 183
930 4 6 4.9 35.1 184
935 4 6 4.9 35.1 185
940 4 6 4.9 35.1 186
945 4 6 4.9 35.1 187
950 4 6 4.9 35.1 188
955 4 6 4.9 35.1 189
960 4 6 4.9 35.1 190
965 4 6 4.9 35.1 191
970 4 6 4.9 35.1 192
975 4 6 4.9 35.1 193
980 4 6 4.9 35.1 194
985 4 6 4.9 35.1 195
990 4 6 4.9 35.1 196
995 4 6 4.9 35.1 197
1000 4 6 4.9 35.1 198
1005 4 6 4.9 35.1 199
1010 4 6 4.9 35.1 200
1015 4 6 4.9 35.1 201
1020 4 6 4.9 35.1 202
1025 4 6 4.9 35.1 203
1030 4 6 4.9 35.1 204
1035 4 6 4.9 35.1 205
1040 4 6 4.9 35.1 206
1045 4 6 4.9 35.1 207
1050 4 6 4.9 35.1 208
1055 4 6 4.9 35.1 209
1060 4 6 4.9 35.1 210
1065 4 6 4.9 35.1 211
1070 4 6 4.9 35.1 212
1075 4 6 4.9 35.1 213
1080 4 6 4.9 35.1 214
1085 4 6 4.9 35.1 215
1090 4 6 4.9 35.1 216
1095 4 6 4.9 35.1 217
1100 4 6 4.9 35.1 218
1105 4 6 4.9 35.1 219
1110 4 6 4.9 35.1 220
1115 4 6 4.9 35.1 221
1120 4 6 4.9 35.1 222
1125 4 6 4.9 35.1 223
1130 4 6 4.9 35.1 224
1135 4 6 4.9 35.1 225
1140 4 6 4.9 35.1 226
1145 4 6 4.9 35.1 227
1150 4 6 4.9 35.1 228
1155 4 6 4.9 35.1 229
1160 4 5 4.8 34.4 230
1165 4 5 4.8 34.4 231
1170 4 5 4.8 34.4 232
1175 4 5 4.8 34.4 233
1180 4 5 4.8 34.4 234
1185 4 5 4.8 34.4 235
1190 4 5 4.8 34.4 236
1195 4 5 4.8 34.4 237
1200 4 5 4.8 34.4 238
1205 4 5 4.8 34.4 239
1210 4 5 4.8 34.4 240
1215 4 5 4.8 34.4 241
1220 4 5 4.8 34.4 242
1225 4 5 4.8 34.4 243
1230 4 5 4.8 34.4 244
1235 4 5 4.8 34.4 245
1240 4 5 4.8 34.4 246
1245 4 5 4.8 34.4 247
1250 4 5 4.8 34.4 248
1255 4 5 4.8 34.4 249
1260 4 5 4.8 34.4 250
1265 4 5 4.8 34.4 251
1270 4 5 4.8 34.4 252
1275 4 5 4.8 34.4 253
1280 4 5 4.8 34.4 254
1285 4 5 4.8 34.4 255
1290 4 5 4.8 34.4 256
1295 4 5 4.8 34.4 257
1300 4 5 4.8 34.4 258
1305 4 5 4.8 34.4 259
1310 4 5 4.8 34.4 260
1315 4 5 4.8 34.4 261
1320 4 5 4.8 34.4 262
1325 4 5 4.8 34.4 263
1330 4 5 4.8 34.4 264
1335 4 5 4.8 34.4 265
1340 4 5 4.8 34.4 266
1345 4 5 4.8 34.4 267
1350 4 5 4.8 34.4 268
1355 4 5 4.8 34.4 269
1360 4 5 4.8 34.4 270
1365 4 5 4.8 34.4 271
1370 4 5 4.8 34.4 272
1375 4 5 4.8 34.4 273
1380 4 5 4.8 34.4 274
1385 4 5 4.8 34.4 275
1390 4 5 4.8 34.4 276
1395 4 5 4.8 34.4 277
1400 4 5 4.8 34.4 278
1405 4 5 4.8 34.4 279
1410 4 5 4.8 34.4 280
1415 4 5 4.8 34.4 281
1420 4 5 4.8 34.4 282
1425 4 5 4.8 34.4 283
1430 4 5 4.8 34.4 284
1435 4 5 4.8 34.4 285
1440 4 5 4.8 34.4 286
1445 4 5 4.8 34.4 287
1450 4 5 4.8 34.4 288
1455 4 5 4.8 34.4 289
1460 4 5 4.8 34.4 290
1465 4 5 4.8 34.4 291
1470 4 5 4.8 34.4 292
1475 4 5 4.8 34.4 293
1480 4 5 4.8 34.4 294
1485 4 5 4.8 34.4 295
1490 4 5 4.8 34.4 296
1495 4 5 4.8 34.4 297
1500 4 5 4.8 34.4 298
1505 4 5 4.8 34.4 299
1510 4 5 4.8 34.4 300
1515 4 5 4.8 34.4 301
1520 4 5 4.8 34.4 302
1525 4 5 4.8 34.4 303
1530 4 5 4.8 34.4 304
1535 4 5 4.8 34.4 305
1540 4 5 4.8 34.4 306
1545 4 5 4.8 34.4 307
1550 4 5 4.8 34.4 308
1555 4 5 4.8 34.4 309
1560 4 5 4.8 34.4 310
1565 4 5 4.8 34.4 311
1570 4 5 4.8 34.4 312
1575 4 5 4.8 34.4 313
1580 4 5 4.8 34.4 314
1585 4 5 4.8 34.4 315
1590 4 5 4.8 34.4 316
1595 4 5 4.8 34.4 317
1600 4 5 4.8 34.4 318
1605 4 5 4.8 34.4 319
1610 4 5 4.8 34.4 320
1615 4 5 4.8 34.4 321
1620 4 5 4.8 34.4 322
1625 4 5 4.8 34.4 323
1630 4 5 4.8 34.4 324
1635 4 5 4.8 34.4 325
1640 4 5 4.8 34.4 326
1645 4 5 4.8 34.4 327
1650 4 5 4.8 34.4 328
1655 4 5 4.8 34.4 329
1660 4 5 4.8 34.4 330
1665 4 5 4.8 34.4 331
1670 4 5 4.8 34.4 332
1675 4 5 4.8 34.4 333
1680 4 5 4.8 34.4 334
1685 4 5 4.8 34.4 335
1690 4 5 4.8 34.4 336
1695 4 5 4.8 34.4 337
1700 4 5 4.8 34.4 338
1705 4 5 4.8 34.4 339
1710 4 5 4.8 34.4 340
1715 4 5 4.8 34.4 341
1720 4 5 4.8 34.4 342
1725 4 5 4.8 34.4 343
1730 4 5 4.8 34.4 344
1735 4 5 4.8 34.4 345
1740 4 5 4.8 34.4 346
1745 4 5 4.8 34.4 347
1750 4 5 4.8 34.4 348
1755 4 5 4.8 34.4 349
1760 4 5 4.8 34.4 350
1765 4 5 4.8 34.4 351
1770 4 5 4.8 34.4 352
1775 4 5 4.8 34.4 353
1780 4 5 4.8 34.4 354
1785 4 5 4.8 34.4 355
1790 4 5 4.8 34.4 356
1795 4 5 4.8 34.4 357
1800 4 5 4.8 34.4 358
1805 4 5 4.8 34.4 359
1810 4 5 4.8 34.4 360
1815 4 5 4.8 34.4 361
1820 4 5 4.8 34.4 362
1825 4 5 4.8 34.4 363
1830 4 5 4.8 34.4 364
1835 4 5 4.8 34.4 365
1840 4 5 4.8 34.4 366
1845 4 5 4.8 34.4 367
1850 4 5 4.8 34.4 368
1855 4 5 4.8 34.4 369
1860 4 5 4.8 34.4 370
1865 4 5 4.8 34.4 371
1870 4 5 4.8 34.4 372
1875 4 5 4.8 34.4 373
1880 4 5 4.8 34.4 374
1885 4 5 4.8 34.4 375
1890 3 5 4.6 33.2 376
1895 3 5 4.6 33.2 377
1900 3 5 4.6 33.2 378
1905 3 5 4.6 33.2 379
1910 3 5 4.6 33.2 380
1915 3 5 4.6 33.2 381
1920 3 5 4.6 33.2 382
1925 3 5 4.6 33.2 383
1930 3 5 4.6 33.2 384
1935 3 5 4.6 33.2 385
1940 3 5 4.6 33.2 386
1945 3 5 4.6 33.2 387
1950 3 5 4.6 33.2 388
1955 3 5 4.6 33.2 389
1960 3 5 4.6 33.2 390
1965 3 5 4.6 33.2 391
1970 3 5 4.6 33.2 392
1975 3 5 4.6 33.2 393
1980 3 5 4.6 33.2 394
1985 3 5 4.6 33.2 395
1990 3 5 4.6 33.2 396
1995 3 5 4.6 33.2 397
2000 3 5 4.6 33.2 398
2005 3 5 4.6 33.2 399
2010 3 5 4.6 33.2 400
2015 3 5 4.6 33.2 401
2020 3 5 4.6 33.2 402
2025 3 5 4.6 33.2 403
2030 3 5 4.6 33.2 404
2035 3 5 4.6 33.2 405
2040 3 5 4.6 33.2 406
2045 3 5 4.6 33.2 407
2050 3 5 4.6 33.2 408
2055 3 5 4.6 33.2 409
2060 3 5 4.6 33.2 410
2065 3 5 4.6 33.2 411
2070 3 5 4.6 33.2 412
2075 3 5 4.6 33.2 413
2080 3 5 4.6 33.2 414
2085 3 5 4.6 33.2 415
2090 3 5 4.6 33.2 416
2095 3 5 4.6 33.2 417
2100 3 5 4.6 33.2 418
2105 3 5 4.6 33.2 419
2110 3 5 4.6 33.2 420
2115 3 5 4.6 33.2 421
2120 3 5 4.6 33.2 422
2125 3 5 4.6 33.2 423
2130 3 5 4.6 33.2 424
2135 3 5 4.6 33.2 425
2140 3 5 4.6 33.2 426
2145 3 5 4.6 33.2 427
2150 3 5 4.6 33.2 428
2155 3 5 4.6 33.2 429
2160 3 5 4.6 33.2 430
2165 3 5 4.6 33.2 431
2170 3 5 4.6 33.2 432
2175 3 5 4.6 33.2 433
2180 3 5 4.6 33.2 434
2185 3 5 4.6 33.2 435
2190 3 5 4.6 33.2 436
2195 3 5 4.6 33.2 437
2200 3 5 4.6 33.2 438
2205 3 5 4.6 33.2 439
2210 3 5 4.6 33.2 440
2215 3 5 4.6 33.2 441
2220 3 5 4.6 33.2 442
2225 3 5 4.6 33.2 443
2230 3 5 4.6 33.2 444
2235 3 5 4.6 33.2 445
2240 3 5 4.6 33.2 446
2245 3 5 4.5 31.9 447
2250 3 5 4.5 31.9 448
2255 3 5 4.5 31.9 449
2260 3 5 4.5 31.9 450
2265 3 5 4.5 31.9 451
2270 3 5 4.5 31.9 452
2275 3 5 4.5 31.9 453
2280 3 5 4.5 31.9 454
2285 3 5 4.5 31.9 455
2290 3 5 4.5 31.9 456
2295 3 5 4.5 31.9 457
2300 3 5 4.5 31.9 458
2305 3 5 4.5 31.9 459
2310 3 5 4.5 31.9 460
2315 3 5 4.5 31.9 461
2320 3 5 4.5 31.9 462
2325 3 5 4.5 31.9 463
2330 3 5 4.5 31.9 464
2335 3 5 4.5 31.9 465
2340 3 5 4.5 31.9 466
2345 3 5 4.5 31.9 467
2350 3 5 4.5 31.9 468
2355 3 5 4.5 31.9 469
2360 3 5 4.5 31.9 470
2365 3 5 4.5 31.9 471
2370 3 5 4.5 31.9 472
2375 3 5 4.5 31.9 473
2380 3 5 4.5 31.9 474
2385 3 5 4.5 31.9 475
2390 3 5 4.5 31.9 476
2395 3 5 4.5 31.9 477
2400 3 5 4.5 31.9 478
2405 3 5 4.5 31.9 479
2410 3 5 4.5 31.9 480
2415 3 5 4.5 31.9 481
2420 3 5 4.5 31.9 482
2425 3 5 4.5 31.9 483
2430 3 5 4.5 31.9 484
2435 3 5 4.5 31.9 485
2440 3 5 4.5 31.9 486
2445 3 5 4.5 31.9 487
2450 3 5 4.5 31.9 488
2455 3 5 4.5 31.9 489
2460 3 5 4.5 31.9 490
2465 3 5 4.5 31.9 491
2470 3 5 4.5 31.9 492
2475 3 5 4.5 31.9 493
2480 3 5 4.5 31.9 494
2485 3 5 4.5 31.9 495
2490 3 5 4.5 31.9 496
2495 3 5 4.5 31.9 497
2500 3 5 4.5 31.9 498
2505 3 5 4.5 31.9 499
2510 3 5 4.5 31.9 500
2515 3 5 4.5 31.9 501
2520 3 5 4.5 31.9 502
2525 3 5 4.5 31.9 503
2530 3 5 4.5 31.9 504
2535 3 5 4.5 31.9 505
2540 3 5 4.5 31.9 506
2545 3 5 4.5 31.9 507
2550 3 5 4.5 31.9 508
2555 3 5 4.5 31.9 509
2560 3 5 4.5 31.9 510
2565 3 5 4.5 31.9 511
2570 3 5 4.5 31.9 512
2575 3 5 4.5 31.9 513
2580 3 5 4.5 31.9 514
2585 3 5 4.5 31.9 515
2590 3 5 4.5 31.9 516
2595 3 5 4.5 31.9 517
2600 3 5 4.5 31.9 518
2605 3 5 4.5 31.9 519
2610 3 5 4.5 31.9 520
2615 3 5 4.5 31.9 521
2620 3 5 4.5 31.9 522
2625 3 5 4.4 31.4 523
2630 3 5 4.4 31.4 524
2635 3 5 4.4 31.4 525
2640 3 5 4.4 31.4 526
2645 3 5 4.4 31.4 527
2650 3 5 4.4 31.4 528
2655 3 5 4.4 31.4 529
2660 3 5 4.4 31.4 530
2665 3 5 4.4 31.4 531
2670 3 5 4.4 31.4 532
2675 3 5 4.4 31.4 533
2680 3 5 4.3 30.7 534
2685 3 5 4.3 30.7 535
2690 3 5 4.3 30.7 536
2695 3 5 4.3 30.7 537
2700 3 5 4.3 30.7 538
2705 3 5 4.3 30.7 539
2710 3 5 4.3 30.7 540
2715 3 5 4.3 30.7 541
2720 3 5 4.3 30.7 542
2725 3 5 4.3 30.7 543
2730 3 5 4.3 30.7 544
2735 3 5 4.3 30.7 545
2740 3 5 4.3 30.7 546
2745 3 5 4.3 30.7 547
2750 3 5 4.3 30.7 548
2755 3 5 4.3 30.7 549
2760 3 5 4.3 30.7 550
2765 3 5 4.3 30.7 551
2770 3 5 4.3 30.7 552
2775 3 5 4.3 30.7 553
2780 3 5 4.3 30.7 554
2785 3 5 4.3 30.7 555
2790 3 5 4.3 30.7 556
2795 3 5 4.3 30.7 557
2800 3 5 4.3 30.7 558
2805 3 5 4.3 30.7 559
2810 3 5 4.3 30.7 560
2815 3 5 4.3 30.7 561
2820 3 5 4.3 30.7 562
2825 3 5 4.3 30.7 563
2830 3 5 4.3 30.7 564
2835 3 5 4.3 30.7 565
2840 3 5 4.3 30.7 566
2845 3 5 4.3 30.7 567
2850 3 5 4.3 30.7 568
2855 3 5 4.3 30.7 569
2860 3 5 4.3 30.7 570
2865 3 5 4.3 30.7 571
2870 3 5 4.3 30.7 572
2875 3 5 4.3 30.7 573
2880 3 5 4.3 30.7 574
2885 3 5 4.3 30.7 575
2890 3 5 4.3 30.7 576
2895 3 5 4.3 30.7 577
2900 3 5 4.3 30.7 578
2905 3 5 4.3 30.7 579
2910 3 5 4.3 30.7 580
2915 3 5 4.3 30.7 581
2920 3 5 4.1 29.1 582
2925 3 5 4.1 29.1 583
2930 3 5 4.1 29.1 584
2935 3 5 4.1 29.1 585
2940 3 5 4.1 29.1 586
2945 3 5 4.1 29.1 587
2950 3 5 4.1 29.1 588
2955 3 5 4.1 29.1 589
2960 3 5 4.1 29.1 590
2965 3 5 4.1 29.1 591
2970 3 5 4.1 29.1 592
2975 3 5 4.1 29.1 593
2980 3 5 4.1 29.1 594
2985 3 5 4.1 29.1 595
2990 3 5 4.1 29.1 596
2995 3 5 4.1 29.1 597
3000 3 5 4.1 29.1 598
3005 3 5 4.1 29.1 599
3010 3 5 4.1 29.1 600
3015 3 5 4.1 29.1 601
3020 3 5 4.1 29.1 602
3025 3 5 4.1 29.1 603
3030 3 5 4.1 29.1 604
3035 3 5 4.0 28.8 605
3040 3 5 4.0 28.8 606
3045 3 5 4.0 28.8 607
3050 3 5 4.0 28.8 608
3055 3 5 4.0 28.8 609
3060 3 5 4.0 28.8 610
3065 3 5 4.0 28.8 611
3070 3 5 4.0 28.8 612
3075 3 5 4.0 28.8 613
3080 3 5 4.0 28.8 614
3085 3 5 4.0 28.8 615
3090 3 5 4.0 28.8 616
3095 3 5 4.0 28.8 617
3100 3 5 4.0 28.8 618
3105 3 5 4.0 28.8 619
3110 3 5 4.0 28.8 620
3115 3 5 4.0 28.8 621
3120 3 5 4.0 28.8 622
3125 3 5 4.0 28.8 623
3130 3 5 4.0 28.8 624
3135 3 5 4.0 28.8 625
3140 3 5 4.0 28.8 626
3145 3 5 4.0 28.8 627
3150 3 5 4.0 28.8 628
3155 3 5 4.0 28.8 629
3160 3 5 4.0 28.8 630
3165 3 5 4.0 28.8 631
3170 3 5 4.0 28.8 632
3175 3 5 4.0 28.8 633
3180 3 5 4.0 28.8 634
3185 3 5 4.0 28.8 635
3190 3 5 3.9 28.3 636
3195 3 5 3.9 28.3 637
3200 3 5 3.9 28.3 638
3205 3 5 3.9 28.3 639
3210 3 5 3.9 28.3 640
3215 3 5 3.9 28.3 641
3220 3 5 3.9 28.3 642
3225 3 5 3.9 28.3 643
3230 3 5 3.9 28.3 644
3235 3 5 3.9 28.3 645
3240 3 5 3.9 28.3 646
3245 3 5 3.9 28.3 647
3250 3 5 3.9 28.3 648
3255 3 5 3.9 28.3 649
3260 3 5 3.9 28.3 650
3265 3 5 3.9 28.3 651
3270 3 5 3.9 28.3 652
3275 3 5 3.9 28.3 653
3280 3 5 3.9 28.3 654
3285 3 5 3.9 28.3 655
3290 3 5 3.9 28.3 656
3295 3 5 3.9 28.3 657
3300 3 5 3.9 28.3 658
3305 3 5 3.9 28.3 659
3310 3 5 3.9 28.3 660
3315 3 5 3.9 28.3 661
3320 3 5 3.9 28.3 662
3325 3 5 3.9 28.3 663
3330 3 5 3.9 28.3 664
3335 3 5 3.9 28.3 665
3340 3 5 3.9 28.3 666
3345 3 5 3.9 28.3 667
3350 3 5 3.9 28.3 668
3355 3 5 3.9 28.3 669
3360 3 5 3.9 28.3 670
3365 3 5 3.9 28.3 671
3370 3 5 3.9 28.3 672
3375 3 5 3.9 28.3 673
3380 3 5 3.9 28.3 674
3385 3 5 3.9 28.3 675
3390 3 5 3.9 28.3 676
3395 3 5 3.9 28.3 677
3400 3 5 3.9 28.3 678
3405 3 5 3.9 28.3 679
3410 3 5 3.9 28.3 680
3415 3 5 3.9 28.3 681
3420 3 5 3.9 28.3 682
3425 3 5 3.9 28.3 683
3430 3 5 3.9 28.3 684
3435 3 5 3.9 28.3 685
3440 3 5 3.9 28.3 686
3445 3 5 3.9 28.3 687
3450 3 5 3.9 28.3 688
3455 3 5 3.9 28.3 689
3460 3 5 3.9 28.3 690
3465 3 5 3.9 28.3 691
3470 3 5 3.9 28.3 692
3475 3 5 3.9 28.3 693
3480 3 5 3.9 28.3 694
3485 3 5 3.9 28.3 695
3490 3 5 3.9 28.3 696
3495 3 4 3.8 27.8 697
3500 3 4 3.8 27.8 698
3505 3 4 3.8 27.8 699
3510 3 4 3.8 27.8 700
3515 3 4 3.8 27.8 701
3520 3 4 3.8 27.8 702
3525 3 4 3.8 27.8 703
3530 3 4 3.8 27.8 704
3535 3 4 3.8 27.8 705
3540 3 4 3.8 27.8 706
3545 3 4 3.8 27.8 707
3550 3 4 3.8 27.8 708
3555 3 4 3.8 27.8 709
3560 3 4 3.8 27.8 710
3565 3 4 3.8 27.8 711
3570 3 4 3.8 27.8 712
3575 3 4 3.8 27.8 713
3580 3 4 3.8 27.8 714
3585 3 4 3.8 27.8 715
3590 3 4 3.8 27.8 716
3595 3 4 3.8 27.8 717
3600 3 4 3.8 27.8 718
3605 3 4 3.8 27.8 719
3610 3 4 3.8 27.8 720
3615 3 4 3.8 27.8 721
3620 3 4 3.8 27.8 722
3625 3 4 3.8 27.8 723
3630 3 4 3.8 27.8 724
3635 3 4 3.8 27.8 725
3640 3 4 3.8 27.8 726
3645 3 4 3.8 27.8 727
3650 3 4 3.8 27.8 728
3655 3 4 3.8 27.8 729
3660 3 4 3.8 27.8 730
3665 3 4 3.8 27.8 731
3670 3 4 3.8 27.8 732
3675 3 4 3.8 27.8 733
3680 3 4 3.8 27.8 734
3685 3 4 3.8 27.8 735
3690 3 4 3.8 27.8 736
3695 3 4 3.8 27.8 737
3700 3 4 3.8 27.8 738
3705 3 4 3.8 27.8 739
3710 3 4 3.8 27.8 740
3715 3 4 3.8 27.8 741
3720 3 4 3.8 27.8 742
3725 3 4 3.8 27.8 743
3730 3 4 3.8 27.8 744
3735 3 4 3.8 27.8 745
3740 3 4 3.8 27.8 746
3745 3 4 3.8 27.8 747
3750 3 4 3.8 27.8 748
3755 3 4 3.8 27.8 749
3760 3 4 3.8 27.8 750
3765 3 4 3.8 27.8 751
3770 3 4 3.8 27.8 752
3775 3 4 3.8 27.8 753
3780 3 4 3.8 27.8 754
3785 3 4 3.8 27.8 755
3790 3 4 3.8 27.8 756
3795 3 4 3.8 27.8 757
3800 3 4 3.8 27.8 758
3805 3 4 3.8 27.8 759
3810 3 4 3.8 27.8 760
3815 3 4 3.8 27.8 761
3820 3 4 3.8 27.8 762
3825 3 4 3.8 27.8 763
3830 3 4 3.8 27.8 764
3835 3 4 3.8 27.8 765
3840 3 4 3.8 27.8 766
3845 3 4 3.8 27.8 767
3850 3 4 3.8 27.8 768
3855 3 4 3.8 27.8 769
3860 3 4 3.8 27.8 770
3865 3 4 3.8 27.8 771
3870 3 4 3.8 27.8 772
3875 3 4 3.8 27.8 773
3880 3 4 3.8 27.8 774
3885 3 4 3.8 27.8 775
3890 3 4 3.8 27.8 776
3895 3 4 3.8 27.8 777
3900 3 4 3.8 27.8 778
3905 3 4 3.8 27.8 779
3910 3 4 3.8 27.8 780
3915 3 4 3.8 27.8 781
3920 3 4 3.8 27.8 782
3925 3 4 3.8 27.8 783
3930 3 4 3.8 27.8 784
3935 3 4 3.8 27.8 785
3940 3 4 3.8 27.8 786
3945 3 4 3.8 27.8 787
3950 3 4 3.8 27.8 788
3955 3 4 3.8 27.8 789
3960 3 4 3.8 27.8 790
3965 3 4 3.8 27.8 791
3970 3 4 3.8 27.8 792
3975 3 4 3.8 27.8 793
3980 3 4 3.8 27.8 794
3985 3 4 3.8 27.8 795
3990 3 4 3.8 27.8 796
3995 3 4 3.8 27.8 797
4000 3 4 3.8 27.8 798
4005 3 4 3.8 27.8 799
4010 3 4 3.8 27.8 800
4015 3 4 3.8 27.8 801
4020 3 4 3.8 27.8 802
4025 3 4 3.8 27.8 803
4030 3 4 3.8 27.8 804
4035 3 4 3.8 27.8 805
4040 3 4 3.8 27.8 806
4045 3 4 3.8 27.8 807
4050 3 4 3.8 27.8 808
4055 3 4 3.8 27.8 809
4060 3 4 3.8 27.8 810
4065 3 4 3.8 27.8 811
4070 3 4 3.8 27.8 812
4075 3 4 3.8 27.8 813
4080 3 4 3.8 27.8 814
4085 3 4 3.8 27.8 815
4090 3 4 3.8 27.8 816
4095 3 4 3.8 27.8 817
4100 3 4 3.8 27.8 818
4105 3 4 3.8 27.8 819
4110 3 4 3.8 27.8 820
4115 3 4 3.8 27.8 821
4120 3 4 3.8 27.8 822
4125 2 4 3.6 26.6 823
4130 2 4 3.6 26.6 824
4135 2 4 3.6 26.6 825
4140 2 4 3.6 26.6 826
4145 2 4 3.6 26.6 827
4150 2 4 3.6 26.6 828
4155 2 4 3.6 26.6 829
4160 2 4 3.6 26.6 830
4165 2 4 3.6 26.6 831
4170 2 4 3.6 26.6 832
4175 2 4 3.6 26.6 833
4180 2 4 3.6 26.6 834
4185 2 4 3.6 26.6 835
4190 2 4 3.6 26.6 836
4195 2 4 3.6 26.6 837
4200 2 4 3.6 26.6 838
4205 2 4 3.6 26.6 839
4210 2 4 3.6 26.6 840
4215 2 4 3.6 26.6 841
4220 2 4 3.6 26.6 842
4225 2 4 3.6 26.6 843
4230 2 4 3.6 26.6 844
4235 2 4 3.6 26.6 845
4240 2 4 3.6 26.6 846
4245 2 4 3.6 26.6 847
4250 2 4 3.6 26.6 848
4255 2 4 3.6 26.6 849
4260 2 4 3.6 26.6 850
4265 2 4 3.6 26.6 851
4270 2 4 3.6 26.6 852
4275 2 4 3.6 26.6 853
4280 2 4 3.6 26.6 854
4285 2 4 3.6 26.6 855
4290 2 4 3.6 26.6 856
4295 2 4 3.6 26.6 857
4300 2 4 3.6 26.6 858
4305 2 4 3.6 26.6 859
4310 2 4 3.6 26.6 860
4315 2 4 3.6 26.6 861
4320 2 4 3.6 26.6 862
4325 2 4 3.6 26.6 863
4330 2 4 3.6 26.6 864
4335 2 4 3.6 26.6 865
4340 2 4 3.6 26.6 866
4345 2 4 3.6 26.6 867
4350 2 4 3.6 26.6 868
4355 2 4 3.6 26.6 869
4360 2 4 3.6 26.6 870
4365 2 4 3.6 26.6 871
4370 2 4 3.6 26.6 872
4375 2 4 3.6 26.6 873
4380 2 4 3.6 26.6 874
4385 2 4 3.6 26.6 875
4390 2 4 3.6 26.6 876
4395 2 4 3.6 26.6 877
4400 2 4 3.6 26.6 878
4405 2 4 3.6 26.6 879
4410 2 4 3.6 26.6 880
4415 2 4 3.6 26.6 881
4420 2 4 3.6 26.6 882
4425 2 4 3.6 26.6 883
4430 2 4 3.6 26.6 884
4435 2 4 3.6 26.6 885
4440 2 4 3.6 26.6 886
4445 2 4 3.6 26.6 887
4450 2 4 3.6 26.6 888
4455 2 4 3.6 26.6 889
4460 2 4 3.6 26.6 890
4465 2 4 3.6 26.6 891
4470 2 4 3.6 26.6 892
4475 2 4 3.6 26.6 893
4480 2 4 3.6 26.6 894
4485 2 4 3.6 26.6 895
4490 2 4 3.6 26.6 896
4495 2 4 3.6 26.6 897
4500 2 4 3.6 26.6 898
4505 2 4 3.6 26.6 899
4510 2 4 3.6 26.6 900
4515 2 4 3.6 26.6 901
4520 2 4 3.6 26.6 902
4525 2 4 3.6 26.6 903
4530 2 4 3.6 26.6 904
4535 2 4 3.6 26.6 905
4540 2 4 3.6 26.6 906
4545 2 4 3.6 26.6 907
4550 2 4 3.6 26.6 908
4555 2 4 3.6 26.6 909
4560 2 4 3.6 26.6 910
4565 2 4 3.6 26.6 911
4570 2 4 3.6 26.6 912
4575 2 4 3.6 26.6 913
4580 2 4 3.6 26.6 914
4585 2 4 3.6 26.6 915
4590 2 4 3.6 26.6 916
4595 2 4 3.6 26.6 917
4600 2 4 3.6 26.6 918
4605 2 4 3.6 26.6 919
4610 2 4 3.6 26.6 920
4615 2 4 3.6 26.6 921
4620 2 4 3.6 26.6 922
4625 2 4 3.6 26.6 923
4630 2 4 3.6 26.6 924
4635 2 4 3.6 26.6 925
4640 2 4 3.6 26.6 926
4645 2 4 3.6 26.6 927
4650 2 4 3.6 26.6 928
4655 2 4 3.6 26.6 929
4660 2 4 3.6 26.6 930
4665 2 4 3.6 26.6 931
4670 2 4 3.6 26.6 932
4675 2 4 3.6 26.6 933
4680 2 4 3.6 26.6 934
4685 2 4 3.6 26.6 935
4690 2 4 3.6 26.6 936
4695 2 4 3.6 26.6 937
4700 2 4 3.6 26.6 938
4705 2 4 3.6 26.6 939
4710 2 4 3.6 26.6 940
4715 2 4 3.6 26.6 941
4720 2 4 3.6 26.6 942
4725 2 4 3.6 26.6 943
4730 2 4 3.6 26.6 944
4735 2 4 3.6 26.6 945
4740 2 4 3.6 26.6 946
4745 2 4 3.6 26.6 947
4750 2 4 3.6 26.6 948
4755 2 4 3.6 26.6 949
4760 2 4 3.6 26.6 950
4765 2 4 3.6 26.6 951
4770 2 4 3.6 26.6 952
4775 2 4 3.6 26.6 953
4780 2 4 3.6 26.6 954
4785 2 4 3.6 26.6 955
4790 2 4 3.6 26.6 956
4795 2 4 3.6 26.6 957
4800 2 4 3.6 26.6 958
4805 2 4 3.6 26.6 959
4810 2 4 3.6 26.6 960
4815 2 4 3.6 26.6 961
4820 2 4 3.6 26.6 962
4825 2 4 3.6 26.6 963
4830 2 4 3.6 26.6 964
4835 2 4 3.6 26.6 965
4840 2 4 3.6 26.6 966
4845 2 4 3.6 26.6 967
4850 2 4 3.6 26.6 968
4855 2 4 3.6 26.6 969
4860 2 4 3.6 26.6 970
4865 2 4 3.6 26.6 971
4870 2 4 3.6 26.6 972
4875 2 4 3.6 26.6 973
4880 2 4 3.6 26.6 974
4885 2 4 3.6 26.6 975
4890 2 4 3.6 26.6 976
4895 2 4 3.6 26.6 977
4900 2 4 3.6 26.6 978
4905 2 4 3.6 26.6 979
4910 2 4 3.6 26.6 980
4915 2 4 3.6 26.6 981
4920 2 4 3.6 26.6 982
4925 2 4 3.6 26.6 983
4930 2 4 3.6 26.6 984
4935 2 4 3.6 26.6 985
4940 2 4 3.6 26.6 986
4945 2 4 3.6 26.6 987
4950 2 4 3.6 26.6 988
4955 2 4 3.6 26.6 989
4960 2 4 3.6 26.6 990
4965 2 4 3.6 26.6 991
4970 2 4 3.6 26.6 992
4975 2 4 3.6 26.6 993
4980 2 4 3.6 26.6 994
4985 2 4 3.6 26.6 995
4990 2 4 3.6 26.6 996
4995 2 4 3.6 26.6 997
5000 2 4 3.6 26.6 998
5005 2 4 3.6 26.6 999
5010 2 4 3.6 26.6 1000
# Solution finale : 111000111001111010111 (2)
# Optimum         : 111000111000111000111
