# Execution avec les parametre suivants:
# {taillePopulationEnfants=5, verbose=false, tauxMutation=0.5, taillePopulationParents=10, maxEvaluations=30000, maxGenerations=1000, optimum=111000111000111000111, tailleTournoi=5}
# Optimum : 111000111000111000111
# Dimension : 21
15 4 11 9.1 47.3 1
20 4 10 8.6 45.0 2
25 4 10 8.4 44.6 3
30 4 10 8.4 44.6 4
35 4 9 8.2 42.6 5
40 4 9 8.2 42.6 6
45 4 9 7.9 43.7 7
50 4 9 7.9 43.7 8
55 4 9 7.5 44.3 9
60 4 8 7.0 42.6 10
65 4 8 6.7 42.9 11
70 4 8 6.7 42.9 12
75 4 7 6.4 41.6 13
80 4 7 6.4 41.6 14
85 4 7 6.4 41.6 15
90 4 7 6.4 41.6 16
95 4 7 6.4 41.6 17
100 4 7 6.4 41.6 18
105 4 7 6.4 41.6 19
110 4 7 6.4 41.6 20
115 4 7 6.4 41.6 21
120 4 7 6.4 41.6 22
125 4 7 6.4 41.6 23
130 4 7 6.4 41.6 24
135 4 7 6.4 41.6 25
140 4 7 6.4 41.6 26
145 4 7 6.4 41.6 27
150 4 7 6.4 41.6 28
155 4 7 6.3 41.7 29
160 4 7 6.1 40.3 30
165 4 7 6.1 40.3 31
170 4 7 6.0 40.2 32
175 4 7 6.0 40.2 33
180 4 7 6.0 40.2 34
185 4 7 6.0 40.2 35
190 4 7 6.0 40.2 36
195 4 7 5.9 39.5 37
200 4 7 5.8 39.0 38
205 4 7 5.8 39.0 39
210 4 6 5.7 38.7 40
215 4 6 5.7 38.7 41
220 4 6 5.7 38.7 42
225 4 6 5.7 38.7 43
230 4 6 5.7 38.7 44
235 4 6 5.7 38.7 45
240 4 6 5.7 38.7 46
245 4 6 5.7 38.7 47
250 4 6 5.7 38.7 48
255 4 6 5.7 38.7 49
260 4 6 5.7 38.7 50
265 4 6 5.7 38.7 51
270 4 6 5.7 38.7 52
275 4 6 5.7 38.7 53
280 4 6 5.7 38.7 54
285 4 6 5.7 38.7 55
290 4 6 5.7 38.7 56
295 4 6 5.7 38.7 57
300 4 6 5.7 38.7 58
305 4 6 5.6 38.4 59
310 4 6 5.5 38.5 60
315 4 6 5.5 38.5 61
320 4 6 5.5 38.5 62
325 4 6 5.5 38.5 63
330 4 6 5.5 38.5 64
335 4 6 5.4 37.6 65
340 4 6 5.4 37.6 66
345 4 6 5.4 37.6 67
350 4 6 5.4 37.6 68
355 4 6 5.4 37.6 69
360 4 6 5.4 37.6 70
365 4 6 5.3 37.3 71
370 4 6 5.3 37.3 72
375 4 6 5.3 37.3 73
380 4 6 5.3 37.3 74
385 4 6 5.3 37.3 75
390 4 6 5.3 37.3 76
395 4 6 5.3 37.3 77
400 4 6 5.3 37.3 78
405 4 6 5.3 37.3 79
410 4 6 5.3 37.3 80
415 4 6 5.3 37.3 81
420 4 6 5.3 37.3 82
425 4 6 5.3 37.3 83
430 4 6 5.3 37.3 84
435 4 6 5.3 37.3 85
440 4 6 5.3 37.3 86
445 4 6 5.3 37.3 87
450 4 6 5.3 37.3 88
455 4 6 5.3 37.3 89
460 4 6 5.3 37.3 90
465 4 6 5.3 37.3 91
470 4 6 5.3 37.3 92
475 4 6 5.3 37.3 93
480 4 6 5.3 37.3 94
485 4 6 5.3 37.3 95
490 4 6 5.3 37.3 96
495 4 6 5.2 36.4 97
500 4 6 5.2 36.4 98
505 4 6 5.2 36.4 99
510 4 6 5.2 36.4 100
515 4 6 5.2 36.4 101
520 4 6 5.2 36.4 102
525 4 6 5.2 36.4 103
530 4 6 5.2 36.4 104
535 4 6 5.2 36.4 105
540 4 6 5.2 36.4 106
545 4 6 5.2 36.4 107
550 4 6 5.2 36.4 108
555 4 6 5.2 36.4 109
560 4 6 5.2 36.4 110
565 4 6 5.2 36.4 111
570 4 6 5.2 36.4 112
575 4 6 5.2 36.4 113
580 4 6 5.2 36.4 114
585 4 6 5.2 36.4 115
590 4 6 5.2 36.4 116
595 4 6 5.2 36.4 117
600 4 6 5.2 36.4 118
605 4 6 5.2 36.4 119
610 4 6 5.2 36.4 120
615 4 6 5.1 36.5 121
620 4 6 5.1 36.5 122
625 4 6 5.0 36.4 123
630 4 6 5.0 36.4 124
635 4 5 4.9 36.3 125
640 4 5 4.9 36.3 126
645 4 5 4.9 36.3 127
650 4 5 4.9 36.3 128
655 4 5 4.9 36.3 129
660 4 5 4.9 36.3 130
665 4 5 4.9 36.3 131
670 4 5 4.9 36.3 132
675 4 5 4.9 36.3 133
680 4 5 4.9 36.3 134
685 4 5 4.9 36.3 135
690 4 5 4.9 36.3 136
695 4 5 4.9 36.3 137
700 4 5 4.9 36.3 138
705 4 5 4.9 36.3 139
710 4 5 4.9 36.3 140
715 4 5 4.9 36.3 141
720 4 5 4.9 36.3 142
725 4 5 4.9 36.3 143
730 4 5 4.9 36.3 144
735 4 5 4.9 36.3 145
740 4 5 4.9 36.3 146
745 4 5 4.9 36.3 147
750 4 5 4.9 36.3 148
755 4 5 4.9 36.3 149
760 4 5 4.9 36.3 150
765 4 5 4.8 35.2 151
770 4 5 4.8 35.2 152
775 4 5 4.8 35.2 153
780 4 5 4.8 35.2 154
785 4 5 4.8 35.2 155
790 4 5 4.8 35.2 156
795 4 5 4.8 35.2 157
800 4 5 4.8 35.2 158
805 4 5 4.8 35.2 159
810 4 5 4.8 35.2 160
815 4 5 4.8 35.2 161
820 4 5 4.8 35.2 162
825 4 5 4.8 35.2 163
830 4 5 4.8 35.2 164
835 4 5 4.8 35.2 165
840 4 5 4.8 35.2 166
845 4 5 4.8 35.2 167
850 4 5 4.8 35.2 168
855 4 5 4.8 35.2 169
860 4 5 4.8 35.2 170
865 4 5 4.8 35.2 171
870 4 5 4.8 35.2 172
875 4 5 4.8 35.2 173
880 4 5 4.8 35.2 174
885 4 5 4.8 35.2 175
890 4 5 4.8 35.2 176
895 4 5 4.8 35.2 177
900 4 5 4.8 35.2 178
905 4 5 4.8 35.2 179
910 4 5 4.8 35.2 180
915 4 5 4.8 35.2 181
920 4 5 4.8 35.2 182
925 4 5 4.8 35.2 183
930 4 5 4.8 35.2 184
935 4 5 4.8 35.2 185
940 4 5 4.8 35.2 186
945 4 5 4.8 35.2 187
950 4 5 4.8 35.2 188
955 4 5 4.8 35.2 189
960 4 5 4.8 35.2 190
965 4 5 4.8 35.2 191
970 4 5 4.8 35.2 192
975 4 5 4.8 35.2 193
980 4 5 4.8 35.2 194
985 4 5 4.8 35.2 195
990 4 5 4.8 35.2 196
995 4 5 4.8 35.2 197
1000 4 5 4.8 35.2 198
1005 4 5 4.8 35.2 199
1010 4 5 4.8 35.2 200
1015 4 5 4.8 35.2 201
1020 4 5 4.8 35.2 202
1025 4 5 4.8 35.2 203
1030 4 5 4.8 35.2 204
1035 4 5 4.8 35.2 205
1040 4 5 4.8 35.2 206
1045 4 5 4.8 35.2 207
1050 4 5 4.8 35.2 208
1055 4 5 4.8 35.2 209
1060 4 5 4.8 35.2 210
1065 4 5 4.8 35.2 211
1070 4 5 4.8 35.2 212
1075 4 5 4.8 35.2 213
1080 4 5 4.8 35.2 214
1085 4 5 4.8 35.2 215
1090 4 5 4.8 35.2 216
1095 4 5 4.8 35.2 217
1100 4 5 4.8 35.2 218
1105 4 5 4.8 35.2 219
1110 4 5 4.8 35.2 220
1115 4 5 4.8 35.2 221
1120 4 5 4.8 35.2 222
1125 4 5 4.8 35.2 223
1130 4 5 4.8 35.2 224
1135 4 5 4.8 35.2 225
1140 4 5 4.8 35.2 226
1145 4 5 4.8 35.2 227
1150 4 5 4.8 35.2 228
1155 4 5 4.8 35.2 229
1160 4 5 4.8 35.2 230
1165 4 5 4.8 35.2 231
1170 4 5 4.8 35.2 232
1175 4 5 4.8 35.2 233
1180 4 5 4.8 35.2 234
1185 4 5 4.8 35.2 235
1190 4 5 4.8 35.2 236
1195 4 5 4.8 35.2 237
1200 4 5 4.8 35.2 238
1205 4 5 4.8 35.2 239
1210 4 5 4.8 35.2 240
1215 4 5 4.8 35.2 241
1220 4 5 4.8 35.2 242
1225 4 5 4.8 35.2 243
1230 4 5 4.8 35.2 244
1235 4 5 4.8 35.2 245
1240 4 5 4.8 35.2 246
1245 4 5 4.8 35.2 247
1250 4 5 4.8 35.2 248
1255 4 5 4.8 35.2 249
1260 4 5 4.8 35.2 250
1265 4 5 4.8 35.2 251
1270 4 5 4.8 35.2 252
1275 4 5 4.8 35.2 253
1280 4 5 4.8 35.2 254
1285 4 5 4.8 35.2 255
1290 4 5 4.8 35.2 256
1295 4 5 4.8 35.2 257
1300 4 5 4.8 35.2 258
1305 4 5 4.8 35.2 259
1310 4 5 4.8 35.2 260
1315 4 5 4.8 35.2 261
1320 4 5 4.8 35.2 262
1325 4 5 4.8 35.2 263
1330 4 5 4.8 35.2 264
1335 4 5 4.8 35.2 265
1340 4 5 4.8 35.2 266
1345 4 5 4.8 35.2 267
1350 4 5 4.8 35.2 268
1355 4 5 4.8 35.2 269
1360 4 5 4.8 35.2 270
1365 4 5 4.8 35.2 271
1370 4 5 4.8 35.2 272
1375 4 5 4.8 35.2 273
1380 4 5 4.8 35.2 274
1385 4 5 4.8 35.2 275
1390 4 5 4.8 35.2 276
1395 4 5 4.8 35.2 277
1400 4 5 4.8 35.2 278
1405 4 5 4.8 35.2 279
1410 4 5 4.8 35.2 280
1415 4 5 4.8 35.2 281
1420 4 5 4.8 35.2 282
1425 4 5 4.8 35.2 283
1430 4 5 4.8 35.2 284
1435 4 5 4.8 35.2 285
1440 4 5 4.8 35.2 286
1445 4 5 4.8 35.2 287
1450 4 5 4.8 35.2 288
1455 4 5 4.8 35.2 289
1460 4 5 4.8 35.2 290
1465 4 5 4.8 35.2 291
1470 4 5 4.8 35.2 292
1475 4 5 4.8 35.2 293
1480 4 5 4.8 35.2 294
1485 4 5 4.8 35.2 295
1490 4 5 4.8 35.2 296
1495 4 5 4.8 35.2 297
1500 4 5 4.8 35.2 298
1505 4 5 4.8 35.2 299
1510 4 5 4.8 35.2 300
1515 4 5 4.8 35.2 301
1520 4 5 4.8 35.2 302
1525 4 5 4.8 35.2 303
1530 4 5 4.8 35.2 304
1535 4 5 4.8 35.2 305
1540 4 5 4.8 35.2 306
1545 4 5 4.8 35.2 307
1550 4 5 4.8 35.2 308
1555 4 5 4.8 35.2 309
1560 4 5 4.8 35.2 310
1565 4 5 4.8 35.2 311
1570 4 5 4.8 35.2 312
1575 4 5 4.8 35.2 313
1580 4 5 4.8 35.2 314
1585 4 5 4.8 35.2 315
1590 4 5 4.8 35.2 316
1595 4 5 4.8 35.2 317
1600 4 5 4.8 35.2 318
1605 4 5 4.8 35.2 319
1610 4 5 4.8 35.2 320
1615 4 5 4.8 35.2 321
1620 4 5 4.8 35.2 322
1625 4 5 4.8 35.2 323
1630 4 5 4.8 35.2 324
1635 4 5 4.8 35.2 325
1640 4 5 4.8 35.2 326
1645 4 5 4.8 35.2 327
1650 4 5 4.8 35.2 328
1655 4 5 4.8 35.2 329
1660 4 5 4.8 35.2 330
1665 4 5 4.8 35.2 331
1670 4 5 4.8 35.2 332
1675 4 5 4.8 35.2 333
1680 4 5 4.8 35.2 334
1685 4 5 4.8 35.2 335
1690 4 5 4.8 35.2 336
1695 4 5 4.8 35.2 337
1700 4 5 4.8 35.2 338
1705 4 5 4.8 35.2 339
1710 4 5 4.8 35.2 340
1715 4 5 4.8 35.2 341
1720 4 5 4.8 35.2 342
1725 4 5 4.8 35.2 343
1730 4 5 4.8 35.2 344
1735 4 5 4.8 35.2 345
1740 4 5 4.8 35.2 346
1745 4 5 4.8 35.2 347
1750 4 5 4.8 35.2 348
1755 4 5 4.8 35.2 349
1760 4 5 4.8 35.2 350
1765 4 5 4.8 35.2 351
1770 4 5 4.8 35.2 352
1775 4 5 4.8 35.2 353
1780 4 5 4.8 35.2 354
1785 4 5 4.8 35.2 355
1790 4 5 4.8 35.2 356
1795 4 5 4.8 35.2 357
1800 4 5 4.8 35.2 358
1805 4 5 4.8 35.2 359
1810 4 5 4.8 35.2 360
1815 4 5 4.8 35.2 361
1820 4 5 4.8 35.2 362
1825 4 5 4.8 35.2 363
1830 4 5 4.8 35.2 364
1835 4 5 4.8 35.2 365
1840 4 5 4.8 35.2 366
1845 4 5 4.8 35.2 367
1850 4 5 4.8 35.2 368
1855 4 5 4.8 35.2 369
1860 4 5 4.8 35.2 370
1865 4 5 4.8 35.2 371
1870 4 5 4.8 35.2 372
1875 4 5 4.8 35.2 373
1880 4 5 4.8 35.2 374
1885 4 5 4.8 35.2 375
1890 4 5 4.8 35.2 376
1895 4 5 4.8 35.2 377
1900 4 5 4.8 35.2 378
1905 4 5 4.8 35.2 379
1910 4 5 4.8 35.2 380
1915 4 5 4.8 35.2 381
1920 4 5 4.8 35.2 382
1925 4 5 4.8 35.2 383
1930 4 5 4.8 35.2 384
1935 4 5 4.8 35.2 385
1940 4 5 4.8 35.2 386
1945 4 5 4.8 35.2 387
1950 4 5 4.8 35.2 388
1955 4 5 4.8 35.2 389
1960 4 5 4.7 33.7 390
1965 4 5 4.7 33.7 391
1970 4 5 4.7 33.7 392
1975 4 5 4.7 33.7 393
1980 4 5 4.7 33.7 394
1985 4 5 4.7 33.7 395
1990 4 5 4.7 33.7 396
1995 4 5 4.7 33.7 397
2000 4 5 4.7 33.7 398
2005 4 5 4.7 33.7 399
2010 4 5 4.7 33.7 400
2015 4 5 4.7 33.7 401
2020 4 5 4.7 33.7 402
2025 4 5 4.7 33.7 403
2030 4 5 4.7 33.7 404
2035 4 5 4.7 33.7 405
2040 4 5 4.7 33.7 406
2045 4 5 4.7 33.7 407
2050 4 5 4.7 33.7 408
2055 4 5 4.7 33.7 409
2060 4 5 4.7 33.7 410
2065 4 5 4.7 33.7 411
2070 4 5 4.7 33.7 412
2075 4 5 4.7 33.7 413
2080 4 5 4.7 33.7 414
2085 4 5 4.7 33.7 415
2090 4 5 4.7 33.7 416
2095 4 5 4.7 33.7 417
2100 4 5 4.7 33.7 418
2105 4 5 4.7 33.7 419
2110 4 5 4.7 33.7 420
2115 4 5 4.7 33.7 421
2120 4 5 4.7 33.7 422
2125 4 5 4.7 33.7 423
2130 4 5 4.7 33.7 424
2135 4 5 4.7 33.7 425
2140 4 5 4.7 33.7 426
2145 4 5 4.7 33.7 427
2150 4 5 4.7 33.7 428
2155 4 5 4.7 33.7 429
2160 4 5 4.7 33.7 430
2165 4 5 4.7 33.7 431
2170 4 5 4.7 33.7 432
2175 4 5 4.7 33.7 433
2180 4 5 4.7 33.7 434
2185 4 5 4.7 33.7 435
2190 4 5 4.7 33.7 436
2195 4 5 4.7 33.7 437
2200 4 5 4.7 33.7 438
2205 4 5 4.7 33.7 439
2210 4 5 4.7 33.7 440
2215 4 5 4.7 33.7 441
2220 4 5 4.7 33.7 442
2225 4 5 4.7 33.7 443
2230 4 5 4.7 33.7 444
2235 4 5 4.7 33.7 445
2240 4 5 4.7 33.7 446
2245 4 5 4.7 33.7 447
2250 4 5 4.7 33.7 448
2255 4 5 4.7 33.7 449
2260 4 5 4.7 33.7 450
2265 4 5 4.7 33.7 451
2270 4 5 4.7 33.7 452
2275 4 5 4.7 33.7 453
2280 4 5 4.6 32.4 454
2285 4 5 4.6 32.4 455
2290 4 5 4.6 32.4 456
2295 4 5 4.6 32.4 457
2300 4 5 4.6 32.4 458
2305 4 5 4.6 32.4 459
2310 4 5 4.6 32.4 460
2315 4 5 4.6 32.4 461
2320 4 5 4.6 32.4 462
2325 4 5 4.6 32.4 463
2330 4 5 4.6 32.4 464
2335 4 5 4.6 32.4 465
2340 4 5 4.6 32.4 466
2345 4 5 4.6 32.4 467
2350 4 5 4.6 32.4 468
2355 4 5 4.6 32.4 469
2360 4 5 4.6 32.4 470
2365 4 5 4.6 32.4 471
2370 4 5 4.6 32.4 472
2375 4 5 4.6 32.4 473
2380 4 5 4.6 32.4 474
2385 4 5 4.6 32.4 475
2390 4 5 4.6 32.4 476
2395 4 5 4.6 32.4 477
2400 4 5 4.6 32.4 478
2405 4 5 4.6 32.4 479
2410 4 5 4.6 32.4 480
2415 4 5 4.6 32.4 481
2420 4 5 4.6 32.4 482
2425 4 5 4.6 32.4 483
2430 4 5 4.6 32.4 484
2435 4 5 4.6 32.4 485
2440 4 5 4.6 32.4 486
2445 4 5 4.6 32.4 487
2450 4 5 4.6 32.4 488
2455 4 5 4.6 32.4 489
2460 4 5 4.6 32.4 490
2465 4 5 4.6 32.4 491
2470 4 5 4.6 32.4 492
2475 4 5 4.6 32.4 493
2480 4 5 4.6 32.4 494
2485 4 5 4.6 32.4 495
2490 4 5 4.6 32.4 496
2495 4 5 4.6 32.4 497
2500 4 5 4.6 32.4 498
2505 4 5 4.6 32.4 499
2510 4 5 4.6 32.4 500
2515 4 5 4.6 32.4 501
2520 4 5 4.6 32.4 502
2525 4 5 4.6 32.4 503
2530 4 5 4.6 32.4 504
2535 4 5 4.6 32.4 505
2540 4 5 4.6 32.4 506
2545 4 5 4.6 32.4 507
2550 4 5 4.6 32.4 508
2555 4 5 4.6 32.4 509
2560 4 5 4.6 32.4 510
2565 4 5 4.6 32.4 511
2570 4 5 4.6 32.4 512
2575 4 5 4.6 32.4 513
2580 4 5 4.6 32.4 514
2585 4 5 4.6 32.4 515
2590 4 5 4.6 32.4 516
2595 4 5 4.6 32.4 517
2600 4 5 4.6 32.4 518
2605 4 5 4.6 32.4 519
2610 4 5 4.6 32.4 520
2615 4 5 4.6 32.4 521
2620 4 5 4.6 32.4 522
2625 4 5 4.6 32.4 523
2630 4 5 4.6 32.4 524
2635 4 5 4.6 32.4 525
2640 4 5 4.6 32.4 526
2645 4 5 4.6 32.4 527
2650 4 5 4.6 32.4 528
2655 4 5 4.6 32.4 529
2660 4 5 4.6 32.4 530
2665 4 5 4.6 32.4 531
2670 4 5 4.6 32.4 532
2675 4 5 4.6 32.4 533
2680 4 5 4.6 32.4 534
2685 4 5 4.6 32.4 535
2690 4 5 4.6 32.4 536
2695 4 5 4.6 32.4 537
2700 4 5 4.6 32.4 538
2705 4 5 4.6 32.4 539
2710 4 5 4.6 32.4 540
2715 4 5 4.6 32.4 541
2720 4 5 4.6 32.4 542
2725 4 5 4.6 32.4 543
2730 4 5 4.6 32.4 544
2735 4 5 4.6 32.4 545
2740 4 5 4.6 32.4 546
2745 4 5 4.6 32.4 547
2750 4 5 4.6 32.4 548
2755 4 5 4.6 32.4 549
2760 4 5 4.6 32.4 550
2765 4 5 4.6 32.4 551
2770 4 5 4.6 32.4 552
2775 4 5 4.6 32.4 553
2780 4 5 4.6 32.4 554
2785 4 5 4.6 32.4 555
2790 4 5 4.6 32.4 556
2795 4 5 4.6 32.4 557
2800 4 5 4.6 32.4 558
2805 4 5 4.6 32.4 559
2810 4 5 4.6 32.4 560
2815 4 5 4.6 32.4 561
2820 4 5 4.6 32.4 562
2825 4 5 4.6 32.4 563
2830 4 5 4.6 32.4 564
2835 4 5 4.6 32.4 565
2840 4 5 4.6 32.4 566
2845 4 5 4.6 32.4 567
2850 2 5 4.3 30.7 568
2855 2 5 4.3 30.7 569
2860 2 5 4.3 30.7 570
2865 2 5 4.3 30.7 571
2870 2 5 4.3 30.7 572
2875 2 5 4.3 30.7 573
2880 2 5 4.3 30.7 574
2885 2 5 4.3 30.7 575
2890 2 5 4.3 30.7 576
2895 2 5 4.3 30.7 577
2900 2 5 4.3 30.7 578
2905 2 5 4.3 30.7 579
2910 2 5 4.3 30.7 580
2915 2 5 4.3 30.7 581
2920 2 5 4.3 30.7 582
2925 2 5 4.3 30.7 583
2930 2 5 4.3 30.7 584
2935 2 5 4.3 30.7 585
2940 2 5 4.2 30.8 586
2945 2 5 4.2 30.8 587
2950 2 5 4.2 30.8 588
2955 2 5 4.2 30.8 589
2960 2 5 4.2 30.8 590
2965 2 5 4.2 30.8 591
2970 2 5 4.2 30.8 592
2975 2 5 4.2 30.8 593
2980 2 5 4.2 30.8 594
2985 2 5 4.2 30.8 595
2990 2 5 4.2 30.8 596
2995 2 5 4.2 30.8 597
3000 2 5 4.2 30.8 598
3005 2 5 4.2 30.8 599
3010 2 5 4.2 30.8 600
3015 2 5 4.2 30.8 601
3020 2 5 4.2 30.8 602
3025 2 5 4.2 30.8 603
3030 2 5 4.2 30.8 604
3035 2 5 4.2 30.8 605
3040 2 5 4.2 30.8 606
3045 2 5 4.2 30.8 607
3050 2 5 4.2 30.8 608
3055 2 5 4.2 30.8 609
3060 2 5 4.2 30.8 610
3065 2 5 4.2 30.8 611
3070 2 5 4.2 30.8 612
3075 2 5 4.2 30.8 613
3080 2 5 4.2 30.8 614
3085 2 5 4.2 30.8 615
3090 2 5 4.2 30.8 616
3095 2 5 4.2 30.8 617
3100 2 5 4.2 30.8 618
3105 2 5 4.2 30.8 619
3110 2 5 4.2 30.8 620
3115 2 5 4.2 30.8 621
3120 2 5 4.2 30.8 622
3125 2 5 4.2 30.8 623
3130 2 5 4.2 30.8 624
3135 2 5 4.2 30.8 625
3140 2 5 4.2 30.8 626
3145 2 5 4.2 30.8 627
3150 2 5 4.2 30.8 628
3155 2 5 4.2 30.8 629
3160 2 5 4.2 30.8 630
3165 2 5 4.2 30.8 631
3170 2 5 4.2 30.8 632
3175 2 5 4.2 30.8 633
3180 2 5 4.2 30.8 634
3185 2 5 4.2 30.8 635
3190 2 5 4.2 30.8 636
3195 2 5 4.2 30.8 637
3200 2 5 4.2 30.8 638
3205 2 5 4.2 30.8 639
3210 2 5 4.2 30.8 640
3215 2 5 4.2 30.8 641
3220 2 5 4.2 30.8 642
3225 2 5 4.2 30.8 643
3230 2 5 4.2 30.8 644
3235 2 5 4.2 30.8 645
3240 2 5 4.2 30.8 646
3245 2 5 4.2 30.8 647
3250 2 5 4.2 30.8 648
3255 2 5 4.2 30.8 649
3260 2 5 4.2 30.8 650
3265 2 5 4.2 30.8 651
3270 2 5 4.2 30.8 652
3275 2 5 4.2 30.8 653
3280 2 5 4.2 30.8 654
3285 2 5 4.2 30.8 655
3290 2 5 4.2 30.8 656
3295 2 5 4.2 30.8 657
3300 2 5 4.2 30.8 658
3305 2 5 4.2 30.8 659
3310 2 5 4.2 30.8 660
3315 2 5 4.2 30.8 661
3320 2 5 4.2 30.8 662
3325 2 5 4.2 30.8 663
3330 2 5 4.2 30.8 664
3335 2 5 4.2 30.8 665
3340 2 5 4.1 30.5 666
3345 2 5 4.1 30.5 667
3350 2 5 4.1 30.5 668
3355 2 5 4.1 30.5 669
3360 2 5 4.1 30.5 670
3365 2 5 4.1 30.5 671
3370 2 5 4.1 30.5 672
3375 2 5 4.1 30.5 673
3380 2 5 4.1 30.5 674
3385 2 5 4.1 30.5 675
3390 2 5 4.1 30.5 676
3395 2 5 4.1 30.5 677
3400 2 5 4.1 30.5 678
3405 2 5 4.1 30.5 679
3410 2 5 4.1 30.5 680
3415 2 5 4.1 30.5 681
3420 2 5 4.1 30.5 682
3425 2 5 4.1 30.5 683
3430 2 5 4.1 30.5 684
3435 2 5 4.1 30.5 685
3440 2 5 4.1 30.5 686
3445 2 5 4.1 30.5 687
3450 2 5 4.1 30.5 688
3455 2 5 4.1 30.5 689
3460 2 5 4.1 30.5 690
3465 2 5 4.1 30.5 691
3470 2 5 4.1 30.5 692
3475 2 5 4.1 30.5 693
3480 2 5 4.1 30.5 694
3485 2 5 4.1 30.5 695
3490 2 5 4.1 30.5 696
3495 2 5 4.1 30.5 697
3500 2 5 4.1 30.5 698
3505 2 5 4.1 30.5 699
3510 2 5 4.1 30.5 700
3515 2 5 4.1 30.5 701
3520 2 5 4.1 30.5 702
3525 2 5 4.1 30.5 703
3530 2 5 4.1 30.5 704
3535 2 5 4.1 30.5 705
3540 2 5 4.1 30.5 706
3545 2 5 4.1 30.5 707
3550 2 5 4.1 30.5 708
3555 2 5 4.1 30.5 709
3560 2 5 4.1 30.5 710
3565 2 5 4.1 30.5 711
3570 2 5 4.1 30.5 712
3575 2 5 4.1 30.5 713
3580 2 5 4.1 30.5 714
3585 2 5 4.1 30.5 715
3590 2 5 3.8 28.0 716
3595 2 5 3.8 28.0 717
3600 2 5 3.8 28.0 718
3605 2 5 3.8 28.0 719
3610 2 5 3.8 28.0 720
3615 2 5 3.8 28.0 721
3620 2 5 3.8 28.0 722
3625 2 5 3.8 28.0 723
3630 2 5 3.8 28.0 724
3635 2 5 3.8 28.0 725
3640 2 5 3.8 28.0 726
3645 2 5 3.8 28.0 727
3650 2 5 3.8 28.0 728
3655 2 5 3.8 28.0 729
3660 2 5 3.8 28.0 730
3665 2 5 3.8 28.0 731
3670 2 5 3.8 28.0 732
3675 2 5 3.8 28.0 733
3680 2 5 3.8 28.0 734
3685 2 5 3.8 28.0 735
3690 2 5 3.8 28.0 736
3695 2 5 3.7 28.3 737
3700 2 5 3.7 28.3 738
3705 2 5 3.7 28.3 739
3710 2 5 3.7 28.3 740
3715 2 5 3.7 28.3 741
3720 2 5 3.7 28.3 742
3725 2 5 3.7 28.3 743
3730 2 5 3.7 28.3 744
3735 2 5 3.7 28.3 745
3740 2 5 3.7 28.3 746
3745 2 5 3.7 28.3 747
3750 2 5 3.7 28.3 748
3755 2 5 3.7 28.3 749
3760 2 5 3.7 28.3 750
3765 2 5 3.7 28.3 751
3770 2 5 3.7 28.3 752
3775 2 5 3.7 28.3 753
3780 2 5 3.7 28.3 754
3785 2 5 3.7 28.3 755
3790 2 5 3.7 28.3 756
3795 2 5 3.7 28.3 757
3800 2 5 3.7 28.3 758
3805 2 5 3.7 28.3 759
3810 2 5 3.7 28.3 760
3815 2 5 3.7 28.3 761
3820 2 5 3.7 28.3 762
3825 2 5 3.7 28.3 763
3830 2 5 3.7 28.3 764
3835 2 5 3.7 28.3 765
3840 2 5 3.7 28.3 766
3845 2 5 3.7 28.3 767
3850 2 5 3.7 28.3 768
3855 2 5 3.7 28.3 769
3860 2 5 3.7 28.3 770
3865 2 5 3.7 28.3 771
3870 2 5 3.7 28.3 772
3875 2 5 3.7 28.3 773
3880 2 5 3.7 28.3 774
3885 2 5 3.7 28.3 775
3890 2 5 3.7 28.3 776
3895 2 5 3.7 28.3 777
3900 2 5 3.7 28.3 778
3905 2 5 3.7 28.3 779
3910 2 5 3.7 28.3 780
3915 2 5 3.7 28.3 781
3920 2 5 3.7 28.3 782
3925 2 5 3.7 28.3 783
3930 2 5 3.7 28.3 784
3935 2 5 3.7 28.3 785
3940 2 5 3.7 28.3 786
3945 2 5 3.7 28.3 787
3950 2 5 3.7 28.3 788
3955 2 5 3.7 28.3 789
3960 2 5 3.7 28.3 790
3965 2 5 3.7 28.3 791
3970 2 5 3.7 28.3 792
3975 2 5 3.7 28.3 793
3980 2 5 3.7 28.3 794
3985 2 5 3.7 28.3 795
3990 2 5 3.7 28.3 796
3995 2 5 3.7 28.3 797
4000 2 5 3.7 28.3 798
4005 2 5 3.7 28.3 799
4010 2 5 3.7 28.3 800
4015 2 4 3.5 26.5 801
4020 2 4 3.5 26.5 802
4025 2 4 3.5 26.5 803
4030 2 4 3.5 26.5 804
4035 2 4 3.5 26.5 805
4040 2 4 3.5 26.5 806
4045 2 4 3.5 26.5 807
4050 2 4 3.5 26.5 808
4055 2 4 3.5 26.5 809
4060 2 4 3.5 26.5 810
4065 2 4 3.5 26.5 811
4070 2 4 3.5 26.5 812
4075 2 4 3.5 26.5 813
4080 2 4 3.5 26.5 814
4085 2 4 3.5 26.5 815
4090 2 4 3.5 26.5 816
4095 2 4 3.5 26.5 817
4100 2 4 3.5 26.5 818
4105 2 4 3.5 26.5 819
4110 2 4 3.5 26.5 820
4115 2 4 3.5 26.5 821
4120 2 4 3.5 26.5 822
4125 2 4 3.5 26.5 823
4130 2 4 3.5 26.5 824
4135 2 4 3.5 26.5 825
4140 2 4 3.5 26.5 826
4145 2 4 3.5 26.5 827
4150 2 4 3.5 26.5 828
4155 2 4 3.5 26.5 829
4160 2 4 3.5 26.5 830
4165 2 4 3.5 26.5 831
4170 2 4 3.5 26.5 832
4175 2 4 3.5 26.5 833
4180 2 4 3.5 26.5 834
4185 2 4 3.5 26.5 835
4190 2 4 3.5 26.5 836
4195 2 4 3.5 26.5 837
4200 2 4 3.5 26.5 838
4205 2 4 3.5 26.5 839
4210 2 4 3.5 26.5 840
4215 2 4 3.5 26.5 841
4220 2 4 3.5 26.5 842
4225 2 4 3.5 26.5 843
4230 2 4 3.5 26.5 844
4235 2 4 3.5 26.5 845
4240 2 4 3.5 26.5 846
4245 2 4 3.5 26.5 847
4250 2 4 3.5 26.5 848
4255 2 4 3.5 26.5 849
4260 2 4 3.5 26.5 850
4265 2 4 3.5 26.5 851
4270 2 4 3.5 26.5 852
4275 2 4 3.5 26.5 853
4280 2 4 3.5 26.5 854
4285 2 4 3.5 26.5 855
4290 2 4 3.5 26.5 856
4295 2 4 3.5 26.5 857
4300 2 4 3.5 26.5 858
4305 2 4 3.5 26.5 859
4310 2 4 3.5 26.5 860
4315 2 4 3.5 26.5 861
4320 2 4 3.5 26.5 862
4325 2 4 3.5 26.5 863
4330 2 4 3.5 26.5 864
4335 2 4 3.5 26.5 865
4340 2 4 3.5 26.5 866
4345 2 4 3.5 26.5 867
4350 2 4 3.5 26.5 868
4355 2 4 3.5 26.5 869
4360 2 4 3.5 26.5 870
4365 2 4 3.5 26.5 871
4370 2 4 3.5 26.5 872
4375 2 4 3.5 26.5 873
4380 2 4 3.5 26.5 874
4385 2 4 3.5 26.5 875
4390 2 4 3.5 26.5 876
4395 2 4 3.5 26.5 877
4400 2 4 3.5 26.5 878
4405 2 4 3.5 26.5 879
4410 2 4 3.5 26.5 880
4415 2 4 3.5 26.5 881
4420 2 4 3.5 26.5 882
4425 2 4 3.5 26.5 883
4430 2 4 3.5 26.5 884
4435 2 4 3.5 26.5 885
4440 2 4 3.5 26.5 886
4445 2 4 3.5 26.5 887
4450 2 4 3.5 26.5 888
4455 2 4 3.5 26.5 889
4460 2 4 3.5 26.5 890
4465 2 4 3.5 26.5 891
4470 2 4 3.5 26.5 892
4475 2 4 3.5 26.5 893
4480 2 4 3.5 26.5 894
4485 2 4 3.5 26.5 895
4490 2 4 3.5 26.5 896
4495 2 4 3.5 26.5 897
4500 2 4 3.5 26.5 898
4505 2 4 3.5 26.5 899
4510 2 4 3.5 26.5 900
4515 2 4 3.5 26.5 901
4520 2 4 3.5 26.5 902
4525 2 4 3.5 26.5 903
4530 2 4 3.5 26.5 904
4535 2 4 3.5 26.5 905
4540 2 4 3.5 26.5 906
4545 2 4 3.5 26.5 907
4550 2 4 3.5 26.5 908
4555 2 4 3.5 26.5 909
4560 2 4 3.5 26.5 910
4565 2 4 3.5 26.5 911
4570 2 4 3.5 26.5 912
4575 2 4 3.5 26.5 913
4580 2 4 3.5 26.5 914
4585 2 4 3.5 26.5 915
4590 2 4 3.5 26.5 916
4595 2 4 3.5 26.5 917
4600 2 4 3.5 26.5 918
4605 2 4 3.5 26.5 919
4610 2 4 3.5 26.5 920
4615 2 4 3.5 26.5 921
4620 2 4 3.5 26.5 922
4625 2 4 3.5 26.5 923
4630 2 4 3.5 26.5 924
4635 2 4 3.5 26.5 925
4640 2 4 3.5 26.5 926
4645 2 4 3.5 26.5 927
4650 2 4 3.5 26.5 928
4655 2 4 3.5 26.5 929
4660 2 4 3.5 26.5 930
4665 2 4 3.5 26.5 931
4670 2 4 3.5 26.5 932
4675 2 4 3.5 26.5 933
4680 2 4 3.5 26.5 934
4685 2 4 3.5 26.5 935
4690 2 4 3.5 26.5 936
4695 2 4 3.5 26.5 937
4700 2 4 3.5 26.5 938
4705 2 4 3.5 26.5 939
4710 2 4 3.5 26.5 940
4715 2 4 3.5 26.5 941
4720 2 4 3.5 26.5 942
4725 2 4 3.5 26.5 943
4730 2 4 3.5 26.5 944
4735 2 4 3.5 26.5 945
4740 2 4 3.5 26.5 946
4745 2 4 3.5 26.5 947
4750 2 4 3.5 26.5 948
4755 2 4 3.5 26.5 949
4760 2 4 3.5 26.5 950
4765 2 4 3.5 26.5 951
4770 2 4 3.5 26.5 952
4775 2 4 3.5 26.5 953
4780 2 4 3.5 26.5 954
4785 2 4 3.5 26.5 955
4790 2 4 3.5 26.5 956
4795 2 4 3.5 26.5 957
4800 2 4 3.5 26.5 958
4805 2 4 3.5 26.5 959
4810 2 4 3.5 26.5 960
4815 2 4 3.5 26.5 961
4820 2 4 3.5 26.5 962
4825 2 4 3.5 26.5 963
4830 2 4 3.5 26.5 964
4835 2 4 3.5 26.5 965
4840 2 4 3.5 26.5 966
4845 2 4 3.5 26.5 967
4850 2 4 3.5 26.5 968
4855 2 4 3.5 26.5 969
4860 2 4 3.5 26.5 970
4865 2 4 3.5 26.5 971
4870 2 4 3.5 26.5 972
4875 2 4 3.5 26.5 973
4880 2 4 3.5 26.5 974
4885 2 4 3.5 26.5 975
4890 2 4 3.5 26.5 976
4895 2 4 3.5 26.5 977
4900 2 4 3.5 26.5 978
4905 2 4 3.5 26.5 979
4910 2 4 3.5 26.5 980
4915 2 4 3.5 26.5 981
4920 2 4 3.5 26.5 982
4925 2 4 3.5 26.5 983
4930 2 4 3.5 26.5 984
4935 2 4 3.5 26.5 985
4940 2 4 3.5 26.5 986
4945 2 4 3.5 26.5 987
4950 2 4 3.5 26.5 988
4955 2 4 3.5 26.5 989
4960 2 4 3.5 26.5 990
4965 2 4 3.5 26.5 991
4970 2 4 3.5 26.5 992
4975 2 4 3.5 26.5 993
4980 2 4 3.5 26.5 994
4985 2 4 3.5 26.5 995
4990 2 4 3.5 26.5 996
4995 2 4 3.5 26.5 997
5000 2 4 3.5 26.5 998
5005 2 4 3.5 26.5 999
5010 2 4 3.5 26.5 1000
# Solution finale : 101100111000111000111 (2)
# Optimum         : 111000111000111000111
