# Execution avec les parametre suivants:
# {taillePopulationEnfants=5, verbose=false, tauxMutation=0.5, taillePopulationParents=10, maxEvaluations=30000, maxGenerations=1000, optimum=111000111000111000111, tailleTournoi=5}
# Optimum : 111000111000111000111
# Dimension : 21
15 7 12 9.9 48.5 1
20 7 11 9.4 48.4 2
25 7 10 9.0 44.8 3
30 7 10 8.6 43.6 4
35 7 10 8.6 43.6 5
40 3 9 7.8 42.4 6
45 3 9 7.8 42.4 7
50 3 9 7.8 42.4 8
55 3 9 7.8 42.4 9
60 3 9 7.6 43.8 10
65 3 9 7.6 43.8 11
70 3 9 7.0 42.0 12
75 3 8 6.8 42.0 13
80 3 8 6.8 42.0 14
85 3 8 6.8 42.0 15
90 3 8 6.8 42.0 16
95 3 8 6.8 42.0 17
100 3 8 6.7 39.9 18
105 3 8 6.7 39.9 19
110 3 8 6.2 38.0 20
115 3 8 6.2 38.0 21
120 3 7 6.1 35.7 22
125 3 7 6.1 35.7 23
130 3 7 6.1 35.7 24
135 3 7 6.1 35.7 25
140 3 7 5.9 35.7 26
145 3 7 5.9 35.7 27
150 3 7 5.9 35.7 28
155 3 7 5.9 35.7 29
160 3 7 5.9 35.7 30
165 3 7 5.7 35.5 31
170 3 7 5.5 35.3 32
175 3 7 5.5 35.3 33
180 3 7 5.5 35.3 34
185 3 7 5.3 35.1 35
190 3 7 5.3 35.1 36
195 3 7 5.3 35.1 37
200 3 7 5.3 35.1 38
205 3 7 5.3 35.1 39
210 3 7 5.2 35.4 40
215 3 7 5.2 35.4 41
220 3 7 5.2 35.4 42
225 3 7 5.2 35.4 43
230 3 7 5.1 33.3 44
235 3 6 5.0 34.8 45
240 3 6 5.0 34.8 46
245 3 6 5.0 34.8 47
250 3 6 5.0 34.8 48
255 3 6 5.0 34.8 49
260 3 6 5.0 34.8 50
265 3 6 5.0 34.8 51
270 3 6 5.0 34.8 52
275 3 6 5.0 34.8 53
280 3 6 5.0 34.8 54
285 3 6 5.0 34.8 55
290 3 6 5.0 34.8 56
295 3 6 5.0 34.8 57
300 3 6 5.0 34.8 58
305 3 6 5.0 34.8 59
310 3 6 5.0 34.8 60
315 3 6 5.0 34.8 61
320 3 6 5.0 34.8 62
325 3 6 5.0 34.8 63
330 3 6 5.0 34.8 64
335 3 6 5.0 34.8 65
340 3 6 5.0 34.8 66
345 3 6 5.0 34.8 67
350 3 6 5.0 34.8 68
355 3 6 5.0 34.8 69
360 3 6 5.0 34.8 70
365 3 6 5.0 34.8 71
370 3 6 5.0 34.8 72
375 3 6 4.9 33.5 73
380 3 6 4.9 33.5 74
385 3 6 4.9 33.5 75
390 3 6 4.9 33.5 76
395 3 6 4.9 33.5 77
400 3 5 4.7 33.9 78
405 3 5 4.7 33.9 79
410 3 5 4.7 33.9 80
415 3 5 4.7 33.9 81
420 3 5 4.7 33.9 82
425 3 5 4.7 33.9 83
430 3 5 4.7 33.9 84
435 3 5 4.7 33.9 85
440 3 5 4.7 33.9 86
445 3 5 4.7 33.9 87
450 3 5 4.7 33.9 88
455 3 5 4.7 33.9 89
460 3 5 4.7 33.9 90
465 3 5 4.7 33.9 91
470 3 5 4.7 33.9 92
475 3 5 4.7 33.9 93
480 3 5 4.7 33.9 94
485 3 5 4.7 33.9 95
490 3 5 4.7 33.9 96
495 3 5 4.7 33.9 97
500 3 5 4.7 33.9 98
505 3 5 4.7 33.9 99
510 3 5 4.7 33.9 100
515 3 5 4.7 33.9 101
520 3 5 4.7 33.9 102
525 3 5 4.7 33.9 103
530 3 5 4.7 33.9 104
535 3 5 4.7 33.9 105
540 3 5 4.7 33.9 106
545 3 5 4.7 33.9 107
550 3 5 4.7 33.9 108
555 3 5 4.7 33.9 109
560 3 5 4.7 33.9 110
565 3 5 4.7 33.9 111
570 3 5 4.7 33.9 112
575 3 5 4.7 33.9 113
580 3 5 4.7 33.9 114
585 3 5 4.7 33.9 115
590 3 5 4.7 33.9 116
595 3 5 4.7 33.9 117
600 3 5 4.7 33.9 118
605 3 5 4.7 33.9 119
610 3 5 4.7 33.9 120
615 3 5 4.7 33.9 121
620 3 5 4.7 33.9 122
625 3 5 4.7 33.9 123
630 3 5 4.7 33.9 124
635 3 5 4.7 33.9 125
640 3 5 4.7 33.9 126
645 3 5 4.7 33.9 127
650 3 5 4.7 33.9 128
655 3 5 4.7 33.9 129
660 3 5 4.7 33.9 130
665 3 5 4.7 33.9 131
670 3 5 4.7 33.9 132
675 3 5 4.7 33.9 133
680 3 5 4.7 33.9 134
685 3 5 4.7 33.9 135
690 3 5 4.7 33.9 136
695 3 5 4.7 33.9 137
700 3 5 4.7 33.9 138
705 3 5 4.7 33.9 139
710 3 5 4.7 33.9 140
715 3 5 4.7 33.9 141
720 3 5 4.7 33.9 142
725 3 5 4.7 33.9 143
730 3 5 4.7 33.9 144
735 3 5 4.7 33.9 145
740 3 5 4.7 33.9 146
745 3 5 4.7 33.9 147
750 3 5 4.7 33.9 148
755 3 5 4.7 33.9 149
760 3 5 4.7 33.9 150
765 3 5 4.7 33.9 151
770 3 5 4.7 33.9 152
775 3 5 4.7 33.9 153
780 3 5 4.7 33.9 154
785 3 5 4.7 33.9 155
790 3 5 4.7 33.9 156
795 3 5 4.7 33.9 157
800 3 5 4.7 33.9 158
805 3 5 4.7 33.9 159
810 3 5 4.7 33.9 160
815 3 5 4.7 33.9 161
820 3 5 4.7 33.9 162
825 3 5 4.7 33.9 163
830 3 5 4.7 33.9 164
835 3 5 4.7 33.9 165
840 3 5 4.6 33.6 166
845 3 5 4.6 33.6 167
850 3 5 4.6 33.6 168
855 3 5 4.6 33.6 169
860 3 5 4.6 33.6 170
865 3 5 4.6 33.6 171
870 3 5 4.6 33.6 172
875 3 5 4.6 33.6 173
880 3 5 4.6 33.6 174
885 3 5 4.6 33.6 175
890 3 5 4.6 33.6 176
895 3 5 4.6 33.6 177
900 3 5 4.6 33.6 178
905 3 5 4.6 33.6 179
910 3 5 4.6 33.6 180
915 3 5 4.6 33.6 181
920 3 5 4.6 33.6 182
925 3 5 4.6 33.6 183
930 3 5 4.6 33.6 184
935 3 5 4.6 33.6 185
940 3 5 4.6 33.6 186
945 3 5 4.6 33.6 187
950 3 5 4.6 33.6 188
955 3 5 4.6 33.6 189
960 3 5 4.6 33.6 190
965 3 5 4.6 33.6 191
970 3 5 4.6 33.6 192
975 3 5 4.6 33.6 193
980 3 5 4.6 33.6 194
985 3 5 4.6 33.6 195
990 3 5 4.6 33.6 196
995 3 5 4.6 33.6 197
1000 3 5 4.6 33.6 198
1005 3 5 4.6 33.6 199
1010 3 5 4.5 33.1 200
1015 3 5 4.5 33.1 201
1020 3 5 4.5 33.1 202
1025 3 5 4.5 33.1 203
1030 3 5 4.5 33.1 204
1035 3 5 4.5 33.1 205
1040 3 5 4.5 33.1 206
1045 3 5 4.5 33.1 207
1050 3 5 4.5 33.1 208
1055 3 5 4.5 33.1 209
1060 3 5 4.5 33.1 210
1065 3 5 4.5 33.1 211
1070 3 5 4.5 33.1 212
1075 3 5 4.5 33.1 213
1080 3 5 4.5 33.1 214
1085 3 5 4.5 33.1 215
1090 3 5 4.5 33.1 216
1095 3 5 4.5 33.1 217
1100 3 5 4.5 33.1 218
1105 3 5 4.5 33.1 219
1110 3 5 4.5 33.1 220
1115 3 5 4.5 33.1 221
1120 3 5 4.5 33.1 222
1125 3 5 4.5 33.1 223
1130 3 5 4.5 33.1 224
1135 3 5 4.5 33.1 225
1140 3 5 4.5 33.1 226
1145 3 5 4.5 33.1 227
1150 3 5 4.5 33.1 228
1155 3 5 4.5 33.1 229
1160 3 5 4.4 31.6 230
1165 3 5 4.4 31.6 231
1170 3 5 4.4 31.6 232
1175 3 5 4.4 31.6 233
1180 3 5 4.4 31.6 234
1185 3 5 4.4 31.6 235
1190 3 5 4.4 31.6 236
1195 3 5 4.4 31.6 237
1200 3 5 4.4 31.6 238
1205 3 5 4.4 31.6 239
1210 3 5 4.4 31.6 240
1215 3 5 4.4 31.6 241
1220 3 5 4.4 31.6 242
1225 3 5 4.4 31.6 243
1230 3 5 4.4 31.6 244
1235 3 5 4.4 31.6 245
1240 3 5 4.4 31.6 246
1245 3 5 4.4 31.6 247
1250 3 5 4.4 31.6 248
1255 3 5 4.4 31.6 249
1260 3 5 4.4 31.6 250
1265 3 5 4.4 31.6 251
1270 3 5 4.4 31.6 252
1275 3 5 4.4 31.6 253
1280 3 5 4.4 31.6 254
1285 3 5 4.4 31.6 255
1290 3 5 4.4 31.6 256
1295 3 5 4.4 31.6 257
1300 3 5 4.4 31.6 258
1305 3 5 4.4 31.6 259
1310 3 5 4.4 31.6 260
1315 3 5 4.4 31.6 261
1320 3 5 4.4 31.6 262
1325 3 5 4.4 31.6 263
1330 3 5 4.4 31.6 264
1335 3 5 4.4 31.6 265
1340 3 5 4.4 31.6 266
1345 3 5 4.4 31.6 267
1350 3 5 4.4 31.6 268
1355 3 5 4.4 31.6 269
1360 3 5 4.4 31.6 270
1365 3 5 4.4 31.6 271
1370 3 5 4.4 31.6 272
1375 3 5 4.4 31.6 273
1380 3 5 4.4 31.6 274
1385 3 5 4.4 31.6 275
1390 3 5 4.4 31.6 276
1395 3 5 4.4 31.6 277
1400 3 5 4.4 31.6 278
1405 3 5 4.4 31.6 279
1410 3 5 4.4 31.6 280
1415 3 5 4.4 31.6 281
1420 3 5 4.4 31.6 282
1425 3 5 4.4 31.6 283
1430 3 5 4.4 31.6 284
1435 3 5 4.4 31.6 285
1440 3 5 4.4 31.6 286
1445 3 5 4.4 31.6 287
1450 3 5 4.4 31.6 288
1455 3 5 4.4 31.6 289
1460 3 5 4.4 31.6 290
1465 3 5 4.4 31.6 291
1470 3 5 4.4 31.6 292
1475 3 5 4.4 31.6 293
1480 3 5 4.4 31.6 294
1485 3 5 4.4 31.6 295
1490 3 5 4.4 31.6 296
1495 3 5 4.4 31.6 297
1500 3 5 4.4 31.6 298
1505 3 5 4.4 31.6 299
1510 3 5 4.4 31.6 300
1515 3 5 4.4 31.6 301
1520 3 5 4.4 31.6 302
1525 3 5 4.4 31.6 303
1530 3 5 4.4 31.6 304
1535 3 5 4.4 31.6 305
1540 3 5 4.4 31.6 306
1545 3 5 4.4 31.6 307
1550 3 5 4.4 31.6 308
1555 3 5 4.4 31.6 309
1560 3 5 4.4 31.6 310
1565 3 5 4.4 31.6 311
1570 3 5 4.4 31.6 312
1575 3 5 4.4 31.6 313
1580 3 5 4.4 31.6 314
1585 3 5 4.4 31.6 315
1590 3 5 4.4 31.6 316
1595 3 5 4.4 31.6 317
1600 3 5 4.4 31.6 318
1605 3 5 4.4 31.6 319
1610 3 5 4.4 31.6 320
1615 3 5 4.4 31.6 321
1620 3 5 4.4 31.6 322
1625 3 5 4.4 31.6 323
1630 3 5 4.4 31.6 324
1635 3 5 4.4 31.6 325
1640 3 5 4.4 31.6 326
1645 3 5 4.4 31.6 327
1650 3 5 4.4 31.6 328
1655 3 5 4.4 31.6 329
1660 3 5 4.4 31.6 330
1665 3 5 4.4 31.6 331
1670 3 5 4.4 31.6 332
1675 3 5 4.4 31.6 333
1680 3 5 4.4 31.6 334
1685 3 5 4.4 31.6 335
1690 3 5 4.4 31.6 336
1695 3 5 4.4 31.6 337
1700 3 5 4.4 31.6 338
1705 3 5 4.4 31.6 339
1710 3 5 4.4 31.6 340
1715 3 5 4.4 31.6 341
1720 3 5 4.4 31.6 342
1725 3 5 4.4 31.6 343
1730 3 5 4.4 31.6 344
1735 3 5 4.4 31.6 345
1740 3 5 4.4 31.6 346
1745 3 5 4.4 31.6 347
1750 3 5 4.4 31.6 348
1755 3 5 4.4 31.6 349
1760 3 5 4.4 31.6 350
1765 3 5 4.4 31.6 351
1770 3 5 4.4 31.6 352
1775 3 5 4.4 31.6 353
1780 3 5 4.4 31.6 354
1785 3 5 4.4 31.6 355
1790 3 5 4.4 31.6 356
1795 3 5 4.4 31.6 357
1800 3 5 4.4 31.6 358
1805 3 5 4.4 31.6 359
1810 3 5 4.4 31.6 360
1815 3 5 4.4 31.6 361
1820 3 5 4.4 31.6 362
1825 3 5 4.4 31.6 363
1830 3 5 4.4 31.6 364
1835 3 5 4.4 31.6 365
1840 3 5 4.4 31.6 366
1845 3 5 4.4 31.6 367
1850 3 5 4.4 31.6 368
1855 3 5 4.4 31.6 369
1860 3 5 4.4 31.6 370
1865 3 5 4.4 31.6 371
1870 3 5 4.4 31.6 372
1875 3 5 4.4 31.6 373
1880 3 5 4.4 31.6 374
1885 3 5 4.4 31.6 375
1890 3 5 4.4 31.6 376
1895 3 5 4.4 31.6 377
1900 3 5 4.4 31.6 378
1905 3 5 4.4 31.6 379
1910 3 5 4.4 31.6 380
1915 3 5 4.4 31.6 381
1920 3 5 4.4 31.6 382
1925 3 5 4.4 31.6 383
1930 3 5 4.4 31.6 384
1935 3 5 4.4 31.6 385
1940 3 5 4.4 31.6 386
1945 3 5 4.4 31.6 387
1950 3 5 4.4 31.6 388
1955 3 5 4.4 31.6 389
1960 3 5 4.4 31.6 390
1965 3 5 4.4 31.6 391
1970 3 5 4.4 31.6 392
1975 3 5 4.4 31.6 393
1980 3 5 4.4 31.6 394
1985 3 5 4.4 31.6 395
1990 3 5 4.4 31.6 396
1995 3 5 4.4 31.6 397
2000 3 5 4.4 31.6 398
2005 3 5 4.4 31.6 399
2010 3 5 4.4 31.6 400
2015 3 5 4.4 31.6 401
2020 3 5 4.4 31.6 402
2025 3 5 4.4 31.6 403
2030 3 5 4.4 31.6 404
2035 3 5 4.4 31.6 405
2040 3 5 4.4 31.6 406
2045 3 5 4.4 31.6 407
2050 3 5 4.4 31.6 408
2055 3 5 4.4 31.6 409
2060 3 5 4.4 31.6 410
2065 3 5 4.4 31.6 411
2070 3 5 4.4 31.6 412
2075 3 5 4.4 31.6 413
2080 3 5 4.4 31.6 414
2085 3 5 4.4 31.6 415
2090 3 5 4.4 31.6 416
2095 3 5 4.4 31.6 417
2100 3 5 4.4 31.6 418
2105 3 5 4.4 31.6 419
2110 3 5 4.4 31.6 420
2115 3 5 4.4 31.6 421
2120 3 5 4.4 31.6 422
2125 3 5 4.4 31.6 423
2130 3 5 4.4 31.6 424
2135 3 5 4.4 31.6 425
2140 3 5 4.4 31.6 426
2145 3 5 4.4 31.6 427
2150 3 5 4.4 31.6 428
2155 3 5 4.4 31.6 429
2160 3 5 4.4 31.6 430
2165 3 5 4.4 31.6 431
2170 3 5 4.4 31.6 432
2175 3 5 4.4 31.6 433
2180 3 5 4.4 31.6 434
2185 3 5 4.4 31.6 435
2190 3 5 4.4 31.6 436
2195 3 5 4.4 31.6 437
2200 3 5 4.4 31.6 438
2205 3 5 4.4 31.6 439
2210 3 5 4.4 31.6 440
2215 3 5 4.4 31.6 441
2220 3 5 4.4 31.6 442
2225 3 5 4.4 31.6 443
2230 3 5 4.4 31.6 444
2235 3 5 4.4 31.6 445
2240 3 5 4.4 31.6 446
2245 3 5 4.4 31.6 447
2250 3 5 4.4 31.6 448
2255 3 5 4.4 31.6 449
2260 3 5 4.4 31.6 450
2265 3 5 4.4 31.6 451
2270 3 5 4.4 31.6 452
2275 3 5 4.4 31.6 453
2280 3 5 4.4 31.6 454
2285 3 5 4.4 31.6 455
2290 3 5 4.4 31.6 456
2295 3 5 4.4 31.6 457
2300 3 5 4.4 31.6 458
2305 3 5 4.4 31.6 459
2310 3 5 4.4 31.6 460
2315 3 5 4.4 31.6 461
2320 3 5 4.4 31.6 462
2325 3 5 4.4 31.6 463
2330 3 5 4.4 31.6 464
2335 3 5 4.4 31.6 465
2340 3 5 4.4 31.6 466
2345 3 5 4.4 31.6 467
2350 3 5 4.4 31.6 468
2355 3 5 4.4 31.6 469
2360 3 5 4.4 31.6 470
2365 3 5 4.4 31.6 471
2370 3 5 4.4 31.6 472
2375 3 5 4.4 31.6 473
2380 3 5 4.4 31.6 474
2385 3 5 4.4 31.6 475
2390 3 5 4.4 31.6 476
2395 3 5 4.4 31.6 477
2400 3 5 4.4 31.6 478
2405 3 5 4.4 31.6 479
2410 3 5 4.4 31.6 480
2415 3 5 4.4 31.6 481
2420 3 5 4.4 31.6 482
2425 3 5 4.4 31.6 483
2430 3 5 4.4 31.6 484
2435 3 5 4.4 31.6 485
2440 3 5 4.4 31.6 486
2445 3 5 4.4 31.6 487
2450 3 5 4.4 31.6 488
2455 3 5 4.4 31.6 489
2460 3 5 4.4 31.6 490
2465 3 5 4.4 31.6 491
2470 3 5 4.4 31.6 492
2475 3 5 4.4 31.6 493
2480 3 5 4.4 31.6 494
2485 3 5 4.4 31.6 495
2490 3 5 4.4 31.6 496
2495 3 5 4.4 31.6 497
2500 3 5 4.4 31.6 498
2505 3 5 4.4 31.6 499
2510 3 5 4.4 31.6 500
2515 3 5 4.4 31.6 501
2520 3 5 4.4 31.6 502
2525 3 5 4.4 31.6 503
2530 3 5 4.4 31.6 504
2535 3 5 4.4 31.6 505
2540 3 5 4.4 31.6 506
2545 3 5 4.4 31.6 507
2550 3 5 4.4 31.6 508
2555 3 5 4.4 31.6 509
2560 3 5 4.4 31.6 510
2565 3 5 4.4 31.6 511
2570 3 5 4.4 31.6 512
2575 3 5 4.4 31.6 513
2580 3 5 4.4 31.6 514
2585 3 5 4.4 31.6 515
2590 3 5 4.4 31.6 516
2595 3 5 4.4 31.6 517
2600 3 5 4.4 31.6 518
2605 3 5 4.4 31.6 519
2610 3 5 4.4 31.6 520
2615 3 5 4.4 31.6 521
2620 3 5 4.4 31.6 522
2625 3 5 4.4 31.6 523
2630 3 5 4.4 31.6 524
2635 3 5 4.4 31.6 525
2640 3 5 4.4 31.6 526
2645 3 5 4.4 31.6 527
2650 3 5 4.4 31.6 528
2655 3 5 4.4 31.6 529
2660 3 5 4.4 31.6 530
2665 3 5 4.4 31.6 531
2670 3 5 4.3 31.3 532
2675 3 5 4.3 31.3 533
2680 3 5 4.3 31.3 534
2685 3 5 4.3 31.3 535
2690 3 5 4.3 31.3 536
2695 3 5 4.3 31.3 537
2700 3 5 4.3 31.3 538
2705 3 5 4.3 31.3 539
2710 3 5 4.3 31.3 540
2715 3 5 4.3 31.3 541
2720 3 5 4.3 31.3 542
2725 3 5 4.3 31.3 543
2730 3 5 4.3 31.3 544
2735 3 5 4.3 31.3 545
2740 3 5 4.3 31.3 546
2745 3 5 4.3 31.3 547
2750 3 5 4.3 31.3 548
2755 3 5 4.3 31.3 549
2760 3 5 4.3 31.3 550
2765 3 5 4.3 31.3 551
2770 3 5 4.3 31.3 552
2775 3 5 4.3 31.3 553
2780 3 5 4.3 31.3 554
2785 3 5 4.3 31.3 555
2790 3 5 4.3 31.3 556
2795 3 5 4.3 31.3 557
2800 3 5 4.3 31.3 558
2805 3 5 4.3 31.3 559
2810 3 5 4.3 31.3 560
2815 3 5 4.3 31.3 561
2820 3 5 4.2 30.6 562
2825 3 5 4.2 30.6 563
2830 3 5 4.2 30.6 564
2835 3 5 4.2 30.6 565
2840 3 5 4.2 30.6 566
2845 3 5 4.2 30.6 567
2850 3 5 4.2 30.6 568
2855 3 5 4.2 30.6 569
2860 3 5 4.2 30.6 570
2865 3 5 4.2 30.6 571
2870 3 5 4.2 30.6 572
2875 3 5 4.2 30.6 573
2880 3 5 4.2 30.6 574
2885 3 5 4.2 30.6 575
2890 3 5 4.2 30.6 576
2895 3 5 4.2 30.6 577
2900 3 5 4.2 30.6 578
2905 3 5 4.2 30.6 579
2910 3 5 4.2 30.6 580
2915 3 5 4.2 30.6 581
2920 3 5 4.0 29.8 582
2925 3 5 4.0 29.8 583
2930 3 5 4.0 29.8 584
2935 3 5 4.0 29.8 585
2940 3 5 4.0 29.8 586
2945 3 5 4.0 29.8 587
2950 3 5 4.0 29.8 588
2955 3 5 4.0 29.8 589
2960 3 5 4.0 29.8 590
2965 3 5 4.0 29.8 591
2970 3 5 4.0 29.8 592
2975 3 5 4.0 29.8 593
2980 3 5 4.0 29.8 594
2985 3 5 4.0 29.8 595
2990 3 5 4.0 29.8 596
2995 3 5 4.0 29.8 597
3000 3 5 4.0 29.8 598
3005 3 5 4.0 29.8 599
3010 3 5 4.0 29.8 600
3015 3 5 4.0 29.8 601
3020 3 5 4.0 29.8 602
3025 3 5 4.0 29.8 603
3030 3 5 4.0 29.8 604
3035 3 5 4.0 29.8 605
3040 3 5 4.0 29.8 606
3045 3 5 4.0 29.8 607
3050 3 5 4.0 29.8 608
3055 3 5 4.0 29.8 609
3060 3 5 4.0 29.8 610
3065 3 5 4.0 29.8 611
3070 3 5 4.0 29.8 612
3075 3 5 4.0 29.8 613
3080 3 5 4.0 29.8 614
3085 3 5 4.0 29.8 615
3090 3 5 4.0 29.8 616
3095 3 5 4.0 29.8 617
3100 3 5 4.0 29.8 618
3105 3 5 4.0 29.8 619
3110 3 5 4.0 29.8 620
3115 3 5 4.0 29.8 621
3120 3 5 4.0 29.8 622
3125 3 5 4.0 29.8 623
3130 3 5 4.0 29.8 624
3135 3 5 4.0 29.8 625
3140 3 5 4.0 29.8 626
3145 3 5 4.0 29.8 627
3150 3 5 4.0 29.8 628
3155 3 5 4.0 29.8 629
3160 3 5 4.0 29.8 630
3165 3 5 4.0 29.8 631
3170 3 5 4.0 29.8 632
3175 3 5 4.0 29.8 633
3180 3 5 4.0 29.8 634
3185 3 5 4.0 29.8 635
3190 3 5 4.0 29.8 636
3195 3 5 4.0 29.8 637
3200 3 5 4.0 29.8 638
3205 3 5 4.0 29.8 639
3210 3 5 4.0 29.8 640
3215 3 5 4.0 29.8 641
3220 3 5 4.0 29.8 642
3225 3 5 4.0 29.8 643
3230 3 5 4.0 29.8 644
3235 3 5 4.0 29.8 645
3240 3 5 4.0 29.8 646
3245 3 5 4.0 29.8 647
3250 3 5 4.0 29.8 648
3255 3 5 4.0 29.8 649
3260 3 5 4.0 29.8 650
3265 3 5 4.0 29.8 651
3270 3 5 4.0 29.8 652
3275 3 5 4.0 29.8 653
3280 3 5 4.0 29.8 654
3285 3 5 4.0 29.8 655
3290 3 5 4.0 29.8 656
3295 3 5 4.0 29.8 657
3300 3 5 4.0 29.8 658
3305 3 5 4.0 29.8 659
3310 3 5 4.0 29.8 660
3315 3 5 4.0 29.8 661
3320 3 5 4.0 29.8 662
3325 3 5 4.0 29.8 663
3330 3 5 4.0 29.8 664
3335 3 5 4.0 29.8 665
3340 3 5 4.0 29.8 666
3345 3 5 4.0 29.8 667
3350 3 5 4.0 29.8 668
3355 3 5 4.0 29.8 669
3360 3 5 4.0 29.8 670
3365 3 5 4.0 29.8 671
3370 3 5 4.0 29.8 672
3375 3 5 4.0 29.8 673
3380 3 5 4.0 29.8 674
3385 3 5 4.0 29.8 675
3390 3 5 4.0 29.8 676
3395 3 5 4.0 29.8 677
3400 3 5 4.0 29.8 678
3405 3 5 4.0 29.8 679
3410 3 5 4.0 29.8 680
3415 3 5 4.0 29.8 681
3420 3 5 4.0 29.8 682
3425 3 5 4.0 29.8 683
3430 3 5 4.0 29.8 684
3435 3 5 4.0 29.8 685
3440 3 5 4.0 29.8 686
3445 3 5 4.0 29.8 687
3450 3 5 4.0 29.8 688
3455 3 5 4.0 29.8 689
3460 3 5 4.0 29.8 690
3465 3 5 4.0 29.8 691
3470 3 5 4.0 29.8 692
3475 3 5 4.0 29.8 693
3480 3 5 4.0 29.8 694
3485 3 5 4.0 29.8 695
3490 3 5 4.0 29.8 696
3495 3 5 4.0 29.8 697
3500 3 5 4.0 29.8 698
3505 3 5 4.0 29.8 699
3510 3 5 4.0 29.8 700
3515 3 5 4.0 29.8 701
3520 3 5 4.0 29.8 702
3525 3 5 4.0 29.8 703
3530 3 5 4.0 29.8 704
3535 3 5 4.0 29.8 705
3540 3 5 4.0 29.8 706
3545 3 5 4.0 29.8 707
3550 3 5 4.0 29.8 708
3555 3 5 4.0 29.8 709
3560 3 5 4.0 29.8 710
3565 3 5 4.0 29.8 711
3570 3 5 4.0 29.8 712
3575 3 5 4.0 29.8 713
3580 3 5 4.0 29.8 714
3585 3 5 4.0 29.8 715
3590 3 5 4.0 29.8 716
3595 3 5 4.0 29.8 717
3600 3 5 4.0 29.8 718
3605 3 5 4.0 29.8 719
3610 3 5 4.0 29.8 720
3615 3 5 4.0 29.8 721
3620 3 5 4.0 29.8 722
3625 3 5 4.0 29.8 723
3630 3 5 4.0 29.8 724
3635 3 5 4.0 29.8 725
3640 3 5 4.0 29.8 726
3645 3 5 4.0 29.8 727
3650 3 5 4.0 29.8 728
3655 3 5 4.0 29.8 729
3660 3 5 4.0 29.8 730
3665 3 5 4.0 29.8 731
3670 3 5 4.0 29.8 732
3675 3 5 4.0 29.8 733
3680 3 5 4.0 29.8 734
3685 3 5 4.0 29.8 735
3690 3 5 4.0 29.8 736
3695 3 5 4.0 29.8 737
3700 3 5 4.0 29.8 738
3705 3 5 4.0 29.8 739
3710 3 5 4.0 29.8 740
3715 3 5 4.0 29.8 741
3720 3 5 4.0 29.8 742
3725 3 5 4.0 29.8 743
3730 3 5 4.0 29.8 744
3735 3 5 4.0 29.8 745
3740 3 5 4.0 29.8 746
3745 3 5 4.0 29.8 747
3750 3 5 4.0 29.8 748
3755 3 5 4.0 29.8 749
3760 3 5 4.0 29.8 750
3765 3 5 4.0 29.8 751
3770 3 5 4.0 29.8 752
3775 3 5 4.0 29.8 753
3780 3 5 4.0 29.8 754
3785 3 5 4.0 29.8 755
3790 3 5 4.0 29.8 756
3795 3 5 4.0 29.8 757
3800 3 5 4.0 29.8 758
3805 3 5 4.0 29.8 759
3810 3 5 4.0 29.8 760
3815 3 5 3.8 27.8 761
3820 3 5 3.8 27.8 762
3825 3 5 3.8 27.8 763
3830 3 4 3.7 27.1 764
3835 3 4 3.7 27.1 765
3840 3 4 3.7 27.1 766
3845 3 4 3.7 27.1 767
3850 3 4 3.7 27.1 768
3855 3 4 3.7 27.1 769
3860 3 4 3.7 27.1 770
3865 3 4 3.7 27.1 771
3870 3 4 3.7 27.1 772
3875 3 4 3.7 27.1 773
3880 3 4 3.7 27.1 774
3885 3 4 3.7 27.1 775
3890 3 4 3.7 27.1 776
3895 3 4 3.7 27.1 777
3900 3 4 3.7 27.1 778
3905 3 4 3.7 27.1 779
3910 3 4 3.7 27.1 780
3915 3 4 3.7 27.1 781
3920 3 4 3.7 27.1 782
3925 3 4 3.7 27.1 783
3930 3 4 3.7 27.1 784
3935 3 4 3.7 27.1 785
3940 3 4 3.7 27.1 786
3945 3 4 3.7 27.1 787
3950 3 4 3.7 27.1 788
3955 3 4 3.7 27.1 789
3960 3 4 3.7 27.1 790
3965 3 4 3.7 27.1 791
3970 3 4 3.7 27.1 792
3975 3 4 3.7 27.1 793
3980 3 4 3.7 27.1 794
3985 3 4 3.7 27.1 795
3990 3 4 3.7 27.1 796
3995 3 4 3.7 27.1 797
4000 3 4 3.7 27.1 798
4005 3 4 3.7 27.1 799
4010 3 4 3.7 27.1 800
4015 3 4 3.7 27.1 801
4020 3 4 3.7 27.1 802
4025 3 4 3.7 27.1 803
4030 3 4 3.7 27.1 804
4035 3 4 3.7 27.1 805
4040 3 4 3.7 27.1 806
4045 3 4 3.7 27.1 807
4050 3 4 3.7 27.1 808
4055 3 4 3.7 27.1 809
4060 3 4 3.7 27.1 810
4065 3 4 3.7 27.1 811
4070 3 4 3.7 27.1 812
4075 3 4 3.7 27.1 813
4080 3 4 3.7 27.1 814
4085 3 4 3.7 27.1 815
4090 3 4 3.7 27.1 816
4095 3 4 3.7 27.1 817
4100 3 4 3.7 27.1 818
4105 3 4 3.7 27.1 819
4110 3 4 3.7 27.1 820
4115 3 4 3.7 27.1 821
4120 3 4 3.7 27.1 822
4125 3 4 3.7 27.1 823
4130 3 4 3.7 27.1 824
4135 3 4 3.7 27.1 825
4140 3 4 3.7 27.1 826
4145 3 4 3.7 27.1 827
4150 3 4 3.7 27.1 828
4155 3 4 3.7 27.1 829
4160 3 4 3.7 27.1 830
4165 3 4 3.7 27.1 831
4170 3 4 3.7 27.1 832
4175 3 4 3.7 27.1 833
4180 3 4 3.7 27.1 834
4185 3 4 3.7 27.1 835
4190 3 4 3.7 27.1 836
4195 3 4 3.7 27.1 837
4200 3 4 3.7 27.1 838
4205 3 4 3.6 26.6 839
4210 3 4 3.6 26.6 840
4215 3 4 3.6 26.6 841
4220 3 4 3.6 26.6 842
4225 3 4 3.6 26.6 843
4230 3 4 3.6 26.6 844
4235 3 4 3.6 26.6 845
4240 3 4 3.6 26.6 846
4245 3 4 3.6 26.6 847
4250 3 4 3.6 26.6 848
4255 3 4 3.6 26.6 849
4260 3 4 3.6 26.6 850
4265 3 4 3.6 26.6 851
4270 3 4 3.6 26.6 852
4275 3 4 3.6 26.6 853
4280 3 4 3.6 26.6 854
4285 3 4 3.6 26.6 855
4290 3 4 3.6 26.6 856
4295 3 4 3.6 26.6 857
4300 3 4 3.6 26.6 858
4305 3 4 3.6 26.6 859
4310 3 4 3.6 26.6 860
4315 3 4 3.6 26.6 861
4320 3 4 3.6 26.6 862
4325 3 4 3.6 26.6 863
4330 3 4 3.6 26.6 864
4335 3 4 3.6 26.6 865
4340 3 4 3.6 26.6 866
4345 3 4 3.6 26.6 867
4350 3 4 3.6 26.6 868
4355 3 4 3.6 26.6 869
4360 3 4 3.6 26.6 870
4365 3 4 3.6 26.6 871
4370 3 4 3.6 26.6 872
4375 3 4 3.6 26.6 873
4380 3 4 3.6 26.6 874
4385 3 4 3.6 26.6 875
4390 3 4 3.6 26.6 876
4395 3 4 3.6 26.6 877
4400 3 4 3.6 26.6 878
4405 3 4 3.6 26.6 879
4410 3 4 3.6 26.6 880
4415 3 4 3.6 26.6 881
4420 3 4 3.6 26.6 882
4425 3 4 3.6 26.6 883
4430 3 4 3.6 26.6 884
4435 3 4 3.6 26.6 885
4440 3 4 3.6 26.6 886
4445 3 4 3.6 26.6 887
4450 3 4 3.6 26.6 888
4455 3 4 3.6 26.6 889
4460 3 4 3.6 26.6 890
4465 3 4 3.6 26.6 891
4470 3 4 3.6 26.6 892
4475 3 4 3.6 26.6 893
4480 3 4 3.6 26.6 894
4485 3 4 3.6 26.6 895
4490 3 4 3.6 26.6 896
4495 3 4 3.6 26.6 897
4500 3 4 3.6 26.6 898
4505 3 4 3.6 26.6 899
4510 3 4 3.6 26.6 900
4515 3 4 3.6 26.6 901
4520 3 4 3.6 26.6 902
4525 3 4 3.6 26.6 903
4530 3 4 3.6 26.6 904
4535 3 4 3.6 26.6 905
4540 3 4 3.6 26.6 906
4545 3 4 3.6 26.6 907
4550 3 4 3.6 26.6 908
4555 3 4 3.6 26.6 909
4560 3 4 3.6 26.6 910
4565 3 4 3.6 26.6 911
4570 3 4 3.6 26.6 912
4575 3 4 3.6 26.6 913
4580 3 4 3.6 26.6 914
4585 3 4 3.6 26.6 915
4590 3 4 3.6 26.6 916
4595 3 4 3.6 26.6 917
4600 3 4 3.6 26.6 918
4605 3 4 3.6 26.6 919
4610 3 4 3.6 26.6 920
4615 3 4 3.6 26.6 921
4620 3 4 3.6 26.6 922
4625 3 4 3.6 26.6 923
4630 3 4 3.6 26.6 924
4635 3 4 3.6 26.6 925
4640 3 4 3.6 26.6 926
4645 3 4 3.6 26.6 927
4650 3 4 3.6 26.6 928
4655 3 4 3.6 26.6 929
4660 3 4 3.6 26.6 930
4665 3 4 3.6 26.6 931
4670 3 4 3.6 26.6 932
4675 3 4 3.6 26.6 933
4680 3 4 3.6 26.6 934
4685 3 4 3.6 26.6 935
4690 3 4 3.6 26.6 936
4695 3 4 3.6 26.6 937
4700 3 4 3.6 26.6 938
4705 3 4 3.6 26.6 939
4710 3 4 3.6 26.6 940
4715 3 4 3.6 26.6 941
4720 3 4 3.6 26.6 942
4725 3 4 3.6 26.6 943
4730 3 4 3.6 26.6 944
4735 3 4 3.6 26.6 945
4740 3 4 3.6 26.6 946
4745 3 4 3.6 26.6 947
4750 3 4 3.6 26.6 948
4755 3 4 3.6 26.6 949
4760 3 4 3.6 26.6 950
4765 3 4 3.6 26.6 951
4770 3 4 3.6 26.6 952
4775 3 4 3.6 26.6 953
4780 3 4 3.6 26.6 954
4785 3 4 3.6 26.6 955
4790 3 4 3.6 26.6 956
4795 3 4 3.6 26.6 957
4800 3 4 3.6 26.6 958
4805 3 4 3.6 26.6 959
4810 3 4 3.6 26.6 960
4815 3 4 3.6 26.6 961
4820 3 4 3.6 26.6 962
4825 3 4 3.6 26.6 963
4830 3 4 3.6 26.6 964
4835 3 4 3.6 26.6 965
4840 3 4 3.6 26.6 966
4845 3 4 3.6 26.6 967
4850 3 4 3.6 26.6 968
4855 3 4 3.6 26.6 969
4860 3 4 3.6 26.6 970
4865 3 4 3.6 26.6 971
4870 3 4 3.6 26.6 972
4875 3 4 3.6 26.6 973
4880 3 4 3.6 26.6 974
4885 3 4 3.6 26.6 975
4890 3 4 3.6 26.6 976
4895 3 4 3.6 26.6 977
4900 3 4 3.6 26.6 978
4905 3 4 3.6 26.6 979
4910 3 4 3.6 26.6 980
4915 3 4 3.6 26.6 981
4920 3 4 3.6 26.6 982
4925 3 4 3.6 26.6 983
4930 3 4 3.6 26.6 984
4935 3 4 3.6 26.6 985
4940 3 4 3.6 26.6 986
4945 3 4 3.6 26.6 987
4950 3 4 3.6 26.6 988
4955 3 4 3.6 26.6 989
4960 3 4 3.6 26.6 990
4965 3 4 3.6 26.6 991
4970 3 4 3.6 26.6 992
4975 3 4 3.6 26.6 993
4980 3 4 3.6 26.6 994
4985 3 4 3.6 26.6 995
4990 3 4 3.6 26.6 996
4995 3 4 3.6 26.6 997
5000 3 4 3.6 26.6 998
5005 3 4 3.6 26.6 999
5010 3 4 3.6 26.6 1000
# Solution finale : 111000110100111010111 (3)
# Optimum         : 111000111000111000111
