# Execution avec les parametre suivants:
# {taillePopulationEnfants=5, verbose=false, tauxMutation=0.5, taillePopulationParents=10, maxEvaluations=30000, maxGenerations=1000, optimum=111000111000111000111, tailleTournoi=5}
# Optimum : 111000111000111000111
# Dimension : 21
15 5 11 8.5 46.1 1
20 5 10 8.1 46.3 2
25 5 10 7.9 44.9 3
30 5 8 7.4 43.2 4
35 5 8 7.4 43.2 5
40 5 8 7.4 43.2 6
45 5 8 7.4 43.2 7
50 5 8 7.4 43.2 8
55 5 8 7.4 43.2 9
60 5 8 7.4 43.2 10
65 5 8 7.1 43.5 11
70 5 8 7.1 43.5 12
75 5 8 6.9 43.9 13
80 5 8 6.9 43.9 14
85 5 8 6.6 41.6 15
90 5 8 6.6 41.6 16
95 5 8 6.6 41.6 17
100 5 8 6.6 41.6 18
105 5 8 6.5 40.9 19
110 5 8 6.5 40.9 20
115 5 7 6.4 41.0 21
120 5 7 6.4 41.0 22
125 5 7 6.4 41.0 23
130 5 7 6.4 41.0 24
135 5 7 6.4 41.0 25
140 5 7 6.4 41.0 26
145 5 7 6.4 41.0 27
150 5 7 6.4 41.0 28
155 5 7 6.3 40.9 29
160 5 7 6.3 40.9 30
165 5 7 6.3 40.9 31
170 5 7 6.3 40.9 32
175 5 7 6.3 40.9 33
180 5 7 6.3 40.9 34
185 5 7 6.3 40.9 35
190 5 7 6.3 40.9 36
195 5 7 6.3 40.9 37
200 5 7 6.3 40.9 38
205 5 7 6.1 40.1 39
210 5 7 6.1 40.1 40
215 5 7 6.1 40.1 41
220 5 7 6.1 40.1 42
225 5 7 6.1 40.1 43
230 5 7 6.1 40.1 44
235 5 7 6.1 40.1 45
240 5 7 6.1 40.1 46
245 5 7 6.1 40.1 47
250 5 7 6.1 40.1 48
255 5 7 6.1 40.1 49
260 5 7 6.1 40.1 50
265 5 7 6.1 40.1 51
270 5 7 6.1 40.1 52
275 5 7 5.9 39.3 53
280 5 7 5.9 39.3 54
285 5 7 5.9 39.3 55
290 5 7 5.9 39.3 56
295 5 7 5.9 39.3 57
300 5 7 5.9 39.3 58
305 5 7 5.8 39.2 59
310 5 7 5.8 39.2 60
315 5 7 5.8 39.2 61
320 5 7 5.8 39.2 62
325 5 7 5.8 39.2 63
330 5 7 5.8 39.2 64
335 5 7 5.8 39.2 65
340 5 7 5.8 39.2 66
345 5 7 5.8 39.2 67
350 5 6 5.7 39.5 68
355 5 6 5.7 39.5 69
360 5 6 5.7 39.5 70
365 5 6 5.7 39.5 71
370 5 6 5.7 39.5 72
375 5 6 5.7 39.5 73
380 5 6 5.7 39.5 74
385 5 6 5.7 39.5 75
390 5 6 5.7 39.5 76
395 5 6 5.7 39.5 77
400 2 6 5.3 37.3 78
405 2 6 5.3 37.3 79
410 2 6 5.3 37.3 80
415 2 6 5.3 37.3 81
420 2 6 5.2 36.2 82
425 2 6 5.2 36.2 83
430 2 6 5.2 36.2 84
435 2 6 5.2 36.2 85
440 2 6 5.2 36.2 86
445 2 6 5.2 36.2 87
450 2 6 5.2 36.2 88
455 2 6 5.2 36.2 89
460 2 6 5.0 35.4 90
465 2 6 5.0 35.4 91
470 2 6 5.0 35.4 92
475 2 6 5.0 35.4 93
480 2 6 5.0 35.4 94
485 2 6 5.0 35.4 95
490 2 6 5.0 35.4 96
495 2 6 5.0 35.4 97
500 2 6 5.0 35.4 98
505 2 6 5.0 35.4 99
510 2 6 5.0 35.4 100
515 2 6 5.0 35.4 101
520 2 6 5.0 35.4 102
525 2 6 5.0 35.4 103
530 2 6 5.0 35.4 104
535 2 6 5.0 35.4 105
540 2 6 4.8 34.6 106
545 2 6 4.8 34.6 107
550 2 6 4.8 34.6 108
555 2 6 4.8 34.6 109
560 2 6 4.8 34.6 110
565 2 6 4.5 33.3 111
570 2 6 4.5 33.3 112
575 2 6 4.5 33.3 113
580 2 5 4.4 32.6 114
585 2 5 4.4 32.6 115
590 2 5 4.4 32.6 116
595 2 5 4.4 32.6 117
600 2 5 4.4 32.6 118
605 2 5 4.4 32.6 119
610 2 5 4.4 32.6 120
615 2 5 4.4 32.6 121
620 2 5 4.4 32.6 122
625 2 5 4.4 32.6 123
630 2 5 4.4 32.6 124
635 2 5 4.4 32.6 125
640 2 5 4.4 32.6 126
645 2 5 4.4 32.6 127
650 2 5 4.4 32.6 128
655 2 5 4.4 32.6 129
660 2 5 4.4 32.6 130
665 2 5 4.4 32.6 131
670 2 5 4.4 32.6 132
675 2 5 4.4 32.6 133
680 2 5 4.4 32.6 134
685 2 5 4.4 32.6 135
690 2 5 4.4 32.6 136
695 2 5 4.4 32.6 137
700 2 5 4.4 32.6 138
705 2 5 4.4 32.6 139
710 2 5 4.4 32.6 140
715 2 5 4.4 32.6 141
720 2 5 4.4 32.6 142
725 2 5 4.4 32.6 143
730 2 5 4.4 32.6 144
735 2 5 4.4 32.6 145
740 2 5 4.4 32.6 146
745 2 5 4.4 32.6 147
750 2 5 4.4 32.6 148
755 2 5 4.4 32.6 149
760 2 5 4.4 32.6 150
765 2 5 4.4 32.6 151
770 2 5 4.4 32.6 152
775 2 5 4.4 32.6 153
780 2 5 4.4 32.6 154
785 2 5 4.4 32.6 155
790 2 5 4.4 32.6 156
795 2 5 4.4 32.6 157
800 2 5 4.4 32.6 158
805 2 5 4.4 32.6 159
810 2 5 4.4 32.6 160
815 2 5 4.4 32.6 161
820 2 5 4.4 32.6 162
825 2 5 4.4 32.6 163
830 2 5 4.4 32.6 164
835 2 5 4.4 32.6 165
840 2 5 4.4 32.6 166
845 2 5 4.4 32.6 167
850 2 5 4.4 32.6 168
855 2 5 4.4 32.6 169
860 2 5 4.1 30.7 170
865 2 5 4.1 30.7 171
870 2 5 4.1 30.7 172
875 2 5 4.1 30.7 173
880 2 5 4.1 30.7 174
885 2 5 4.1 30.7 175
890 2 5 4.1 30.7 176
895 2 5 4.1 30.7 177
900 2 5 4.1 30.7 178
905 2 5 4.1 30.7 179
910 2 5 4.1 30.7 180
915 2 5 4.1 30.7 181
920 2 5 4.1 30.7 182
925 2 5 4.1 30.7 183
930 2 5 4.1 30.7 184
935 2 5 4.1 30.7 185
940 2 5 4.1 30.7 186
945 2 5 4.1 30.7 187
950 2 5 4.1 30.7 188
955 2 5 4.1 30.7 189
960 2 5 4.1 30.7 190
965 2 5 4.1 30.7 191
970 2 5 4.1 30.7 192
975 2 5 4.1 30.7 193
980 2 5 4.1 30.7 194
985 2 5 4.0 29.2 195
990 2 5 4.0 29.2 196
995 2 5 4.0 29.2 197
1000 2 5 4.0 29.2 198
1005 2 5 4.0 29.2 199
1010 2 5 4.0 29.2 200
1015 2 5 4.0 29.2 201
1020 2 5 4.0 29.2 202
1025 2 5 4.0 29.2 203
1030 2 5 4.0 29.2 204
1035 2 5 4.0 29.2 205
1040 2 5 4.0 29.2 206
1045 2 5 4.0 29.2 207
1050 2 5 4.0 29.2 208
1055 2 5 4.0 29.2 209
1060 2 5 4.0 29.2 210
1065 2 5 4.0 29.2 211
1070 2 5 4.0 29.2 212
1075 2 5 4.0 29.2 213
1080 2 5 4.0 29.2 214
1085 2 5 4.0 29.2 215
1090 2 5 4.0 29.2 216
1095 2 5 4.0 29.2 217
1100 2 5 4.0 29.2 218
1105 2 5 4.0 29.2 219
1110 2 5 4.0 29.2 220
1115 2 5 4.0 29.2 221
1120 2 5 4.0 29.2 222
1125 2 5 4.0 29.2 223
1130 2 5 4.0 29.2 224
1135 2 5 4.0 29.2 225
1140 2 5 4.0 29.2 226
1145 2 5 4.0 29.2 227
1150 2 5 4.0 29.2 228
1155 2 5 4.0 29.2 229
1160 2 5 4.0 29.2 230
1165 2 5 4.0 29.2 231
1170 2 5 4.0 29.2 232
1175 2 5 4.0 29.2 233
1180 2 5 4.0 29.2 234
1185 2 5 4.0 29.2 235
1190 2 5 4.0 29.2 236
1195 2 5 4.0 29.2 237
1200 2 5 4.0 29.2 238
1205 2 5 4.0 29.2 239
1210 2 5 4.0 29.2 240
1215 2 5 4.0 29.2 241
1220 2 5 4.0 29.2 242
1225 2 5 4.0 29.2 243
1230 2 5 4.0 29.2 244
1235 2 5 4.0 29.2 245
1240 2 5 4.0 29.2 246
1245 2 5 4.0 29.2 247
1250 2 5 4.0 29.2 248
1255 2 5 4.0 29.2 249
1260 2 5 4.0 29.2 250
1265 2 5 4.0 29.2 251
1270 2 5 4.0 29.2 252
1275 2 5 4.0 29.2 253
1280 2 5 4.0 29.2 254
1285 2 5 4.0 29.2 255
1290 2 5 4.0 29.2 256
1295 2 5 4.0 29.2 257
1300 2 5 4.0 29.2 258
1305 2 5 4.0 29.2 259
1310 2 5 4.0 29.2 260
1315 2 5 4.0 29.2 261
1320 2 5 4.0 29.2 262
1325 2 5 4.0 29.2 263
1330 2 5 4.0 29.2 264
1335 2 5 4.0 29.2 265
1340 2 5 4.0 29.2 266
1345 2 5 4.0 29.2 267
1350 2 5 4.0 29.2 268
1355 2 5 4.0 29.2 269
1360 2 5 4.0 29.2 270
1365 2 5 4.0 29.2 271
1370 2 5 4.0 29.2 272
1375 2 5 4.0 29.2 273
1380 2 5 4.0 29.2 274
1385 2 5 4.0 29.2 275
1390 2 5 4.0 29.2 276
1395 2 5 4.0 29.2 277
1400 2 5 4.0 29.2 278
1405 2 5 4.0 29.2 279
1410 2 5 4.0 29.2 280
1415 2 5 4.0 29.2 281
1420 2 5 4.0 29.2 282
1425 2 5 4.0 29.2 283
1430 2 5 4.0 29.2 284
1435 2 5 4.0 29.2 285
1440 2 5 4.0 29.2 286
1445 2 5 4.0 29.2 287
1450 2 5 4.0 29.2 288
1455 2 5 4.0 29.2 289
1460 2 5 4.0 29.2 290
1465 2 5 4.0 29.2 291
1470 2 5 4.0 29.2 292
1475 2 5 4.0 29.2 293
1480 2 5 4.0 29.2 294
1485 2 5 4.0 29.2 295
1490 2 5 4.0 29.2 296
1495 2 5 3.9 28.1 297
1500 2 5 3.9 28.1 298
1505 2 5 3.9 28.1 299
1510 2 5 3.9 28.1 300
1515 2 5 3.9 28.1 301
1520 2 5 3.9 28.1 302
1525 2 5 3.9 28.1 303
1530 2 5 3.9 28.1 304
1535 2 5 3.9 28.1 305
1540 2 5 3.9 28.1 306
1545 2 5 3.9 28.1 307
1550 2 5 3.9 28.1 308
1555 2 5 3.9 28.1 309
1560 2 5 3.9 28.1 310
1565 2 5 3.6 26.2 311
1570 2 5 3.6 26.2 312
1575 2 5 3.6 26.2 313
1580 2 5 3.6 26.2 314
1585 2 5 3.6 26.2 315
1590 2 5 3.6 26.2 316
1595 2 5 3.6 26.2 317
1600 2 5 3.6 26.2 318
1605 2 5 3.6 26.2 319
1610 2 5 3.6 26.2 320
1615 2 5 3.6 26.2 321
1620 2 5 3.6 26.2 322
1625 2 5 3.6 26.2 323
1630 2 5 3.6 26.2 324
1635 2 5 3.6 26.2 325
1640 2 5 3.6 26.2 326
1645 2 5 3.6 26.2 327
1650 2 5 3.6 26.2 328
1655 2 5 3.6 26.2 329
1660 2 5 3.6 26.2 330
1665 2 5 3.6 26.2 331
1670 2 5 3.6 26.2 332
1675 2 5 3.6 26.2 333
1680 2 5 3.6 26.2 334
1685 2 5 3.6 26.2 335
1690 2 5 3.6 26.2 336
1695 2 5 3.6 26.2 337
1700 2 5 3.6 26.2 338
1705 2 5 3.6 26.2 339
1710 2 5 3.6 26.2 340
1715 2 5 3.6 26.2 341
1720 2 5 3.6 26.2 342
1725 2 5 3.6 26.2 343
1730 2 5 3.6 26.2 344
1735 2 5 3.6 26.2 345
1740 2 5 3.6 26.2 346
1745 2 5 3.6 26.2 347
1750 2 5 3.6 26.2 348
1755 2 5 3.6 26.2 349
1760 2 5 3.6 26.2 350
1765 2 5 3.6 26.2 351
1770 2 5 3.6 26.2 352
1775 2 5 3.6 26.2 353
1780 2 5 3.6 26.2 354
1785 2 5 3.6 26.2 355
1790 2 5 3.6 26.2 356
1795 2 5 3.6 26.2 357
1800 2 5 3.6 26.2 358
1805 2 5 3.6 26.2 359
1810 2 5 3.6 26.2 360
1815 2 5 3.6 26.2 361
1820 2 5 3.6 26.2 362
1825 2 5 3.6 26.2 363
1830 2 5 3.6 26.2 364
1835 2 5 3.6 26.2 365
1840 2 5 3.6 26.2 366
1845 2 5 3.6 26.2 367
1850 2 5 3.4 25.2 368
1855 2 5 3.4 25.2 369
1860 2 5 3.4 25.2 370
1865 2 5 3.4 25.2 371
1870 2 5 3.4 25.2 372
1875 2 5 3.4 25.2 373
1880 2 5 3.4 25.2 374
1885 2 5 3.4 25.2 375
1890 2 5 3.4 25.2 376
1895 2 5 3.4 25.2 377
1900 2 5 3.4 25.2 378
1905 2 5 3.4 25.2 379
1910 2 5 3.4 25.2 380
1915 2 5 3.4 25.2 381
1920 2 5 3.4 25.2 382
1925 2 5 3.4 25.2 383
1930 2 5 3.4 25.2 384
1935 2 5 3.4 25.2 385
1940 2 5 3.4 25.2 386
1945 2 5 3.4 25.2 387
1950 2 5 3.4 25.2 388
1955 2 5 3.4 25.2 389
1960 2 5 3.4 25.2 390
1965 2 5 3.4 25.2 391
1970 2 5 3.4 25.2 392
1975 2 5 3.4 25.2 393
1980 2 5 3.4 25.2 394
1985 2 5 3.4 25.2 395
1990 2 5 3.4 25.2 396
1995 2 5 3.4 25.2 397
2000 2 5 3.4 25.2 398
2005 2 5 3.4 25.2 399
2010 2 5 3.4 25.2 400
2015 2 5 3.4 25.2 401
2020 2 5 3.4 25.2 402
2025 2 5 3.4 25.2 403
2030 2 5 3.4 25.2 404
2035 2 5 3.4 25.2 405
2040 2 5 3.4 25.2 406
2045 2 5 3.4 25.2 407
2050 2 5 3.4 25.2 408
2055 2 5 3.4 25.2 409
2060 2 5 3.4 25.2 410
2065 2 5 3.4 25.2 411
2070 2 5 3.4 25.2 412
2075 2 5 3.4 25.2 413
2080 2 5 3.4 25.2 414
2085 2 5 3.4 25.2 415
2090 2 5 3.4 25.2 416
2095 2 5 3.4 25.2 417
2100 2 5 3.4 25.2 418
2105 2 5 3.4 25.2 419
2110 2 5 3.4 25.2 420
2115 2 5 3.4 25.2 421
2120 2 5 3.4 25.2 422
2125 2 5 3.4 25.2 423
2130 2 5 3.4 25.2 424
2135 2 5 3.4 25.2 425
2140 2 5 3.4 25.2 426
2145 2 5 3.4 25.2 427
2150 2 5 3.4 25.2 428
2155 2 5 3.4 25.2 429
2160 2 5 3.4 25.2 430
2165 2 5 3.4 25.2 431
2170 2 5 3.4 25.2 432
2175 2 5 3.4 25.2 433
2180 2 5 3.4 25.2 434
2185 2 5 3.4 25.2 435
2190 2 5 3.4 25.2 436
2195 2 5 3.4 25.2 437
2200 2 5 3.4 25.2 438
2205 2 5 3.4 25.2 439
2210 2 5 3.4 25.2 440
2215 2 5 3.4 25.2 441
2220 2 5 3.4 25.2 442
2225 2 5 3.4 25.2 443
2230 2 5 3.4 25.2 444
2235 2 5 3.4 25.2 445
2240 2 5 3.4 25.2 446
2245 2 5 3.4 25.2 447
2250 2 5 3.4 25.2 448
2255 2 5 3.4 25.2 449
2260 2 5 3.4 25.2 450
2265 2 5 3.4 25.2 451
2270 2 5 3.4 25.2 452
2275 2 5 3.4 25.2 453
2280 2 5 3.4 25.2 454
2285 2 5 3.4 25.2 455
2290 2 5 3.4 25.2 456
2295 2 5 3.4 25.2 457
2300 2 5 3.4 25.2 458
2305 2 5 3.4 25.2 459
2310 2 5 3.4 25.2 460
2315 2 5 3.4 25.2 461
2320 2 5 3.4 25.2 462
2325 2 5 3.4 25.2 463
2330 2 5 3.4 25.2 464
2335 2 5 3.4 25.2 465
2340 2 5 3.4 25.2 466
2345 2 5 3.4 25.2 467
2350 2 5 3.4 25.2 468
2355 2 5 3.4 25.2 469
2360 2 5 3.4 25.2 470
2365 2 5 3.4 25.2 471
2370 2 5 3.4 25.2 472
2375 2 5 3.4 25.2 473
2380 2 5 3.4 25.2 474
2385 2 5 3.3 24.5 475
2390 2 5 3.3 24.5 476
2395 2 5 3.3 24.5 477
2400 2 5 3.3 24.5 478
2405 2 5 3.3 24.5 479
2410 2 5 3.3 24.5 480
2415 2 5 3.3 24.5 481
2420 2 5 3.3 24.5 482
2425 2 5 3.3 24.5 483
2430 2 5 3.3 24.5 484
2435 2 5 3.3 24.5 485
2440 2 5 3.3 24.5 486
2445 2 5 3.3 24.5 487
2450 2 5 3.3 24.5 488
2455 2 5 3.3 24.5 489
2460 2 5 3.3 24.5 490
2465 2 5 3.3 24.5 491
2470 2 5 3.3 24.5 492
2475 2 5 3.3 24.5 493
2480 2 5 3.3 24.5 494
2485 2 5 3.3 24.5 495
2490 2 5 3.3 24.5 496
2495 2 5 3.3 24.5 497
2500 2 5 3.3 24.5 498
2505 2 5 3.3 24.5 499
2510 2 5 3.3 24.5 500
2515 2 5 3.3 24.5 501
2520 2 5 3.3 24.5 502
2525 2 5 3.3 24.5 503
2530 2 5 3.3 24.5 504
2535 2 5 3.3 24.5 505
2540 2 5 3.3 24.5 506
2545 2 5 3.3 24.5 507
2550 2 5 3.3 24.5 508
2555 2 5 3.3 24.5 509
2560 2 5 3.3 24.5 510
2565 2 5 3.3 24.5 511
2570 2 5 3.3 24.5 512
2575 2 5 3.3 24.5 513
2580 2 5 3.3 24.5 514
2585 2 5 3.3 24.5 515
2590 2 5 3.3 24.5 516
2595 2 5 3.3 24.5 517
2600 2 5 3.3 24.5 518
2605 2 5 3.3 24.5 519
2610 2 5 3.3 24.5 520
2615 2 5 3.3 24.5 521
2620 2 5 3.3 24.5 522
2625 2 5 3.3 24.5 523
2630 2 5 3.3 24.5 524
2635 2 5 3.3 24.5 525
2640 2 5 3.3 24.5 526
2645 2 5 3.3 24.5 527
2650 2 5 3.3 24.5 528
2655 2 5 3.3 24.5 529
2660 2 5 3.3 24.5 530
2665 2 5 3.3 24.5 531
2670 2 5 3.3 24.5 532
2675 2 5 3.3 24.5 533
2680 2 5 3.3 24.5 534
2685 2 5 3.3 24.5 535
2690 2 5 3.3 24.5 536
2695 2 5 3.3 24.5 537
2700 2 5 3.3 24.5 538
2705 2 5 3.3 24.5 539
2710 2 5 3.3 24.5 540
2715 2 5 3.3 24.5 541
2720 2 5 3.3 24.5 542
2725 2 5 3.3 24.5 543
2730 2 5 3.3 24.5 544
2735 2 5 3.3 24.5 545
2740 2 5 3.3 24.5 546
2745 2 5 3.3 24.5 547
2750 2 5 3.3 24.5 548
2755 2 5 3.3 24.5 549
2760 2 5 3.3 24.5 550
2765 2 5 3.3 24.5 551
2770 2 5 3.3 24.5 552
2775 2 5 3.3 24.5 553
2780 2 5 3.3 24.5 554
2785 2 5 3.3 24.5 555
2790 2 5 3.3 24.5 556
2795 2 5 3.3 24.5 557
2800 2 5 3.3 24.5 558
2805 2 5 3.3 24.5 559
2810 2 5 3.3 24.5 560
2815 2 5 3.3 24.5 561
2820 2 5 3.3 24.5 562
2825 2 5 3.3 24.5 563
2830 2 5 3.3 24.5 564
2835 2 5 3.3 24.5 565
2840 2 5 3.3 24.5 566
2845 2 5 3.3 24.5 567
2850 2 5 3.3 24.5 568
2855 2 5 3.3 24.5 569
2860 2 5 3.3 24.5 570
2865 2 5 3.3 24.5 571
2870 2 5 3.3 24.5 572
2875 2 5 3.3 24.5 573
2880 2 5 3.3 24.5 574
2885 2 5 3.3 24.5 575
2890 2 5 3.3 24.5 576
2895 2 5 3.3 24.5 577
2900 2 5 3.3 24.5 578
2905 2 5 3.3 24.5 579
2910 2 5 3.3 24.5 580
2915 2 5 3.3 24.5 581
2920 2 5 3.3 24.5 582
2925 2 5 3.3 24.5 583
2930 2 5 3.3 24.5 584
2935 2 5 3.3 24.5 585
2940 2 5 3.3 24.5 586
2945 2 5 3.3 24.5 587
2950 2 5 3.3 24.5 588
2955 2 5 3.3 24.5 589
2960 2 5 3.3 24.5 590
2965 2 5 3.3 24.5 591
2970 2 5 3.3 24.5 592
2975 2 5 3.3 24.5 593
2980 2 5 3.3 24.5 594
2985 2 5 3.3 24.5 595
2990 2 5 3.3 24.5 596
2995 2 5 3.3 24.5 597
3000 2 5 3.3 24.5 598
3005 2 5 3.3 24.5 599
3010 2 5 3.3 24.5 600
3015 2 5 3.3 24.5 601
3020 2 5 3.3 24.5 602
3025 2 5 3.3 24.5 603
3030 2 5 3.3 24.5 604
3035 2 5 3.3 24.5 605
3040 2 5 3.3 24.5 606
3045 2 5 3.3 24.5 607
3050 2 5 3.3 24.5 608
3055 2 5 3.3 24.5 609
3060 2 5 3.3 24.5 610
3065 2 5 3.3 24.5 611
3070 2 5 3.3 24.5 612
3075 2 5 3.3 24.5 613
3080 2 5 3.3 24.5 614
3085 2 5 3.3 24.5 615
3090 2 5 3.3 24.5 616
3095 2 5 3.3 24.5 617
3100 2 5 3.3 24.5 618
3105 2 5 3.3 24.5 619
3110 2 5 3.3 24.5 620
3115 2 5 3.3 24.5 621
3120 2 5 3.3 24.5 622
3125 2 5 3.3 24.5 623
3130 2 5 3.3 24.5 624
3135 2 5 3.3 24.5 625
3140 2 5 3.3 24.5 626
3145 2 5 3.3 24.5 627
3150 2 5 3.3 24.5 628
3155 2 5 3.3 24.5 629
3160 2 5 3.3 24.5 630
3165 2 5 3.3 24.5 631
3170 2 4 3.2 22.8 632
3175 2 4 3.2 22.8 633
3180 2 4 3.2 22.8 634
3185 2 4 3.2 22.8 635
3190 2 4 3.2 22.8 636
3195 2 4 3.2 22.8 637
3200 2 4 3.2 22.8 638
3205 2 4 3.2 22.8 639
3210 2 4 3.2 22.8 640
3215 2 4 3.2 22.8 641
3220 2 4 3.2 22.8 642
3225 2 4 3.2 22.8 643
3230 2 4 3.2 22.8 644
3235 2 4 3.2 22.8 645
3240 2 4 3.2 22.8 646
3245 2 4 3.2 22.8 647
3250 2 4 3.2 22.8 648
3255 2 4 3.2 22.8 649
3260 2 4 3.2 22.8 650
3265 2 4 3.2 22.8 651
3270 2 4 3.2 22.8 652
3275 2 4 3.2 22.8 653
3280 2 4 3.2 22.8 654
3285 2 4 3.2 22.8 655
3290 2 4 3.2 22.8 656
3295 2 4 3.2 22.8 657
3300 2 4 3.2 22.8 658
3305 2 4 3.2 22.8 659
3310 2 4 3.2 22.8 660
3315 2 4 3.2 22.8 661
3320 2 4 3.2 22.8 662
3325 2 4 3.2 22.8 663
3330 2 4 3.2 22.8 664
3335 2 4 3.2 22.8 665
3340 2 4 3.2 22.8 666
3345 2 4 3.2 22.8 667
3350 2 4 3.2 22.8 668
3355 2 4 3.2 22.8 669
3360 2 4 3.2 22.8 670
3365 2 4 3.2 22.8 671
3370 2 4 3.2 22.8 672
3375 2 4 3.2 22.8 673
3380 2 4 3.2 22.8 674
3385 2 4 3.2 22.8 675
3390 2 4 3.2 22.8 676
3395 2 4 3.2 22.8 677
3400 2 4 3.2 22.8 678
3405 2 4 3.2 22.8 679
3410 2 4 3.2 22.8 680
3415 2 4 3.2 22.8 681
3420 2 4 3.2 22.8 682
3425 2 4 3.2 22.8 683
3430 2 4 3.2 22.8 684
3435 2 4 3.2 22.8 685
3440 2 4 3.2 22.8 686
3445 2 4 3.2 22.8 687
3450 2 4 3.2 22.8 688
3455 2 4 3.2 22.8 689
3460 2 4 3.2 22.8 690
3465 2 4 3.2 22.8 691
3470 2 4 3.2 22.8 692
3475 2 4 3.2 22.8 693
3480 2 4 3.2 22.8 694
3485 2 4 3.2 22.8 695
3490 2 4 3.2 22.8 696
3495 2 4 3.2 22.8 697
3500 2 4 3.2 22.8 698
3505 2 4 3.2 22.8 699
3510 2 4 3.2 22.8 700
3515 2 4 3.2 22.8 701
3520 2 4 3.2 22.8 702
3525 2 4 3.2 22.8 703
3530 2 4 3.2 22.8 704
3535 2 4 3.2 22.8 705
3540 2 4 3.2 22.8 706
3545 2 4 3.2 22.8 707
3550 2 4 3.2 22.8 708
3555 2 4 3.2 22.8 709
3560 2 4 3.2 22.8 710
3565 2 4 3.2 22.8 711
3570 2 4 3.2 22.8 712
3575 2 4 3.2 22.8 713
3580 2 4 3.2 22.8 714
3585 2 4 3.2 22.8 715
3590 2 4 3.2 22.8 716
3595 2 4 3.2 22.8 717
3600 2 4 3.2 22.8 718
3605 2 4 3.2 22.8 719
3610 2 4 3.2 22.8 720
3615 2 4 3.2 22.8 721
3620 2 4 3.2 22.8 722
3625 2 4 3.2 22.8 723
3630 2 4 3.2 22.8 724
3635 2 4 3.2 22.8 725
3640 2 4 3.2 22.8 726
3645 2 4 3.2 22.8 727
3650 2 4 3.2 22.8 728
3655 2 4 3.2 22.8 729
3660 2 4 3.2 22.8 730
3665 2 4 3.2 22.8 731
3670 2 4 3.2 22.8 732
3675 2 4 3.2 22.8 733
3680 2 4 3.2 22.8 734
3685 2 4 3.2 22.8 735
3690 2 4 3.2 22.8 736
3695 2 4 3.2 22.8 737
3700 2 4 3.2 22.8 738
3705 2 4 3.2 22.8 739
3710 2 4 3.2 22.8 740
3715 2 4 3.2 22.8 741
3720 2 4 3.2 22.8 742
3725 2 4 3.2 22.8 743
3730 2 4 3.2 22.8 744
3735 2 4 3.2 22.8 745
3740 2 4 3.2 22.8 746
3745 2 4 3.2 22.8 747
3750 2 4 3.2 22.8 748
3755 2 4 3.2 22.8 749
3760 2 4 3.2 22.8 750
3765 2 4 3.2 22.8 751
3770 2 4 3.2 22.8 752
3775 2 4 3.2 22.8 753
3780 2 4 3.2 22.8 754
3785 2 4 3.2 22.8 755
3790 2 4 3.2 22.8 756
3795 2 4 3.2 22.8 757
3800 2 4 3.2 22.8 758
3805 2 4 3.2 22.8 759
3810 2 4 3.2 22.8 760
3815 2 4 3.2 22.8 761
3820 2 4 3.2 22.8 762
3825 2 4 3.2 22.8 763
3830 2 4 3.2 22.8 764
3835 2 4 3.2 22.8 765
3840 2 4 3.2 22.8 766
3845 2 4 3.2 22.8 767
3850 2 4 3.2 22.8 768
3855 2 4 3.2 22.8 769
3860 2 4 3.2 22.8 770
3865 2 4 3.2 22.8 771
3870 2 4 3.2 22.8 772
3875 2 4 3.2 22.8 773
3880 2 4 3.2 22.8 774
3885 2 4 3.2 22.8 775
3890 2 4 3.2 22.8 776
3895 2 4 3.2 22.8 777
3900 2 4 3.2 22.8 778
3905 2 4 3.2 22.8 779
3910 2 4 3.2 22.8 780
3915 2 4 3.2 22.8 781
3920 2 4 3.2 22.8 782
3925 2 4 3.2 22.8 783
3930 2 4 3.2 22.8 784
3935 2 4 3.2 22.8 785
3940 2 4 3.2 22.8 786
3945 2 4 3.2 22.8 787
3950 2 4 3.2 22.8 788
3955 2 4 3.2 22.8 789
3960 2 4 3.2 22.8 790
3965 2 4 3.2 22.8 791
3970 2 4 3.2 22.8 792
3975 2 4 3.2 22.8 793
3980 2 4 3.2 22.8 794
3985 2 4 3.2 22.8 795
3990 2 4 3.2 22.8 796
3995 2 4 3.2 22.8 797
4000 2 4 3.2 22.8 798
4005 2 4 3.2 22.8 799
4010 2 4 3.2 22.8 800
4015 2 4 3.2 22.8 801
4020 2 4 3.2 22.8 802
4025 2 4 3.2 22.8 803
4030 2 4 3.2 22.8 804
4035 2 4 3.2 22.8 805
4040 2 4 3.2 22.8 806
4045 2 4 3.2 22.8 807
4050 2 4 3.2 22.8 808
4055 2 4 3.2 22.8 809
4060 2 4 3.2 22.8 810
4065 2 4 3.2 22.8 811
4070 2 4 3.2 22.8 812
4075 2 4 3.2 22.8 813
4080 2 4 3.2 22.8 814
4085 2 4 3.2 22.8 815
4090 2 4 3.2 22.8 816
4095 2 4 3.2 22.8 817
4100 2 4 3.2 22.8 818
4105 2 4 3.2 22.8 819
4110 2 4 3.2 22.8 820
4115 2 4 3.2 22.8 821
4120 2 4 3.2 22.8 822
4125 2 4 3.2 22.8 823
4130 2 4 3.2 22.8 824
4135 2 4 3.2 22.8 825
4140 2 4 3.2 22.8 826
4145 2 4 3.2 22.8 827
4150 2 4 3.2 22.8 828
4155 2 4 3.2 22.8 829
4160 2 4 3.2 22.8 830
4165 2 4 3.2 22.8 831
4170 2 4 3.2 22.8 832
4175 2 4 3.2 22.8 833
4180 2 4 3.2 22.8 834
4185 2 4 3.2 22.8 835
4190 2 4 3.2 22.8 836
4195 2 4 3.2 22.8 837
4200 2 4 3.2 22.8 838
4205 2 4 3.2 22.8 839
4210 2 4 3.2 22.8 840
4215 2 4 3.2 22.8 841
4220 2 4 3.2 22.8 842
4225 2 4 3.2 22.8 843
4230 2 4 3.2 22.8 844
4235 2 4 3.2 22.8 845
4240 2 4 3.2 22.8 846
4245 2 4 3.2 22.8 847
4250 2 4 3.2 22.8 848
4255 2 4 3.2 22.8 849
4260 2 4 3.2 22.8 850
4265 2 4 3.2 22.8 851
4270 2 4 3.2 22.8 852
4275 2 4 3.2 22.8 853
4280 2 4 3.2 22.8 854
4285 2 4 3.2 22.8 855
4290 2 4 3.2 22.8 856
4295 2 4 3.2 22.8 857
4300 2 4 3.2 22.8 858
4305 2 4 3.2 22.8 859
4310 2 4 3.2 22.8 860
4315 2 4 3.2 22.8 861
4320 2 4 3.2 22.8 862
4325 2 4 3.2 22.8 863
4330 2 4 3.2 22.8 864
4335 2 4 3.2 22.8 865
4340 2 4 3.2 22.8 866
4345 2 4 3.2 22.8 867
4350 2 4 3.2 22.8 868
4355 2 4 3.2 22.8 869
4360 2 4 3.2 22.8 870
4365 2 4 3.2 22.8 871
4370 2 4 3.2 22.8 872
4375 2 4 3.2 22.8 873
4380 2 4 3.2 22.8 874
4385 2 4 3.2 22.8 875
4390 2 4 3.2 22.8 876
4395 2 4 3.2 22.8 877
4400 2 4 3.2 22.8 878
4405 2 4 3.2 22.8 879
4410 2 4 3.2 22.8 880
4415 2 4 3.2 22.8 881
4420 2 4 3.2 22.8 882
4425 2 4 3.2 22.8 883
4430 2 4 3.2 22.8 884
4435 2 4 3.2 22.8 885
4440 2 4 3.2 22.8 886
4445 2 4 3.2 22.8 887
4450 2 4 3.2 22.8 888
4455 2 4 3.2 22.8 889
4460 2 4 3.2 22.8 890
4465 2 4 3.2 22.8 891
4470 2 4 3.2 22.8 892
4475 2 4 3.2 22.8 893
4480 2 4 3.2 22.8 894
4485 2 4 3.2 22.8 895
4490 2 4 3.2 22.8 896
4495 2 4 3.2 22.8 897
4500 2 4 3.2 22.8 898
4505 2 4 3.2 22.8 899
4510 2 4 3.2 22.8 900
4515 2 4 3.2 22.8 901
4520 2 4 3.2 22.8 902
4525 2 4 3.2 22.8 903
4530 2 4 3.2 22.8 904
4535 2 4 3.2 22.8 905
4540 2 4 3.2 22.8 906
4545 2 4 3.2 22.8 907
4550 2 4 3.2 22.8 908
4555 2 4 3.2 22.8 909
4560 2 4 3.2 22.8 910
4565 2 4 3.2 22.8 911
4570 2 4 3.2 22.8 912
4575 2 4 3.2 22.8 913
4580 2 4 3.2 22.8 914
4585 2 4 3.2 22.8 915
4590 2 4 3.2 22.8 916
4595 2 4 3.2 22.8 917
4600 2 4 3.2 22.8 918
4605 2 4 3.2 22.8 919
4610 2 4 3.2 22.8 920
4615 2 4 3.2 22.8 921
4620 2 4 3.2 22.8 922
4625 2 4 3.2 22.8 923
4630 2 4 3.2 22.8 924
4635 2 4 3.2 22.8 925
4640 2 4 3.2 22.8 926
4645 2 4 3.2 22.8 927
4650 2 4 3.2 22.8 928
4655 2 4 3.2 22.8 929
4660 2 4 3.2 22.8 930
4665 2 4 3.2 22.8 931
4670 2 4 3.2 22.8 932
4675 2 4 3.2 22.8 933
4680 2 4 3.2 22.8 934
4685 2 4 3.2 22.8 935
4690 2 4 3.2 22.8 936
4695 2 4 3.2 22.8 937
4700 2 4 3.2 22.8 938
4705 2 4 3.2 22.8 939
4710 2 4 3.2 22.8 940
4715 2 4 3.2 22.8 941
4720 2 4 3.2 22.8 942
4725 2 4 3.2 22.8 943
4730 2 4 3.2 22.8 944
4735 2 4 3.2 22.8 945
4740 2 4 3.2 22.8 946
4745 2 4 3.2 22.8 947
4750 2 4 3.2 22.8 948
4755 2 4 3.2 22.8 949
4760 2 4 3.2 22.8 950
4765 2 4 3.2 22.8 951
4770 2 4 3.2 22.8 952
4775 2 4 3.2 22.8 953
4780 2 4 3.2 22.8 954
4785 2 4 3.2 22.8 955
4790 2 4 3.2 22.8 956
4795 2 4 3.2 22.8 957
4800 2 4 3.2 22.8 958
4805 2 4 3.2 22.8 959
4810 2 4 3.2 22.8 960
4815 2 4 3.2 22.8 961
4820 2 4 3.2 22.8 962
4825 2 4 3.2 22.8 963
4830 2 4 3.2 22.8 964
4835 2 4 3.2 22.8 965
4840 2 4 3.2 22.8 966
4845 2 4 3.2 22.8 967
4850 2 4 3.2 22.8 968
4855 2 4 3.2 22.8 969
4860 2 4 3.2 22.8 970
4865 2 4 3.2 22.8 971
4870 2 4 3.2 22.8 972
4875 2 4 3.2 22.8 973
4880 2 4 3.0 22.2 974
4885 2 4 3.0 22.2 975
4890 2 4 3.0 22.2 976
4895 2 4 3.0 22.2 977
4900 2 4 3.0 22.2 978
4905 2 4 3.0 22.2 979
4910 2 4 3.0 22.2 980
4915 2 4 3.0 22.2 981
4920 2 4 3.0 22.2 982
4925 2 4 3.0 22.2 983
4930 2 4 3.0 22.2 984
4935 2 4 3.0 22.2 985
4940 2 4 3.0 22.2 986
4945 2 4 3.0 22.2 987
4950 2 4 3.0 22.2 988
4955 2 4 3.0 22.2 989
4960 2 4 3.0 22.2 990
4965 2 4 3.0 22.2 991
4970 2 4 3.0 22.2 992
4975 2 4 3.0 22.2 993
4980 2 4 3.0 22.2 994
4985 2 4 3.0 22.2 995
4990 2 4 3.0 22.2 996
4995 2 4 3.0 22.2 997
5000 2 4 3.0 22.2 998
5005 2 4 3.0 22.2 999
5010 2 4 3.0 22.2 1000
# Solution finale : 101000111000110000111 (2)
# Optimum         : 111000111000111000111
