# Execution avec les parametre suivants:
# {taillePopulationEnfants=5, verbose=false, tauxMutation=0.5, taillePopulationParents=10, maxEvaluations=30000, maxGenerations=1000, optimum=111000111000111000111, tailleTournoi=5}
# Optimum : 111000111000111000111
# Dimension : 21
15 4 10 8.0 45.2 1
20 4 9 7.5 43.7 2
25 4 9 7.4 44.0 3
30 4 9 7.4 44.0 4
35 4 9 7.2 42.6 5
40 4 8 7.1 42.3 6
45 4 8 7.1 42.3 7
50 4 8 7.1 42.3 8
55 4 8 7.1 42.3 9
60 4 8 6.9 40.7 10
65 4 8 6.9 40.7 11
70 4 8 6.6 38.4 12
75 4 8 6.6 38.4 13
80 3 8 6.0 34.8 14
85 3 8 5.9 36.1 15
90 3 8 5.9 36.1 16
95 3 8 5.9 36.1 17
100 3 7 5.7 36.3 18
105 3 7 5.7 36.3 19
110 3 7 5.6 35.2 20
115 3 7 5.6 35.2 21
120 3 7 5.6 35.2 22
125 3 7 5.6 35.2 23
130 3 7 5.6 35.2 24
135 3 7 5.6 35.2 25
140 3 7 5.6 35.2 26
145 3 7 5.6 35.2 27
150 3 7 5.6 35.2 28
155 3 7 5.6 35.2 29
160 3 7 5.6 35.2 30
165 3 7 5.5 35.9 31
170 3 7 5.4 34.8 32
175 3 7 5.4 34.8 33
180 3 6 5.3 36.3 34
185 3 6 5.3 36.3 35
190 3 6 5.3 36.3 36
195 3 6 5.3 36.3 37
200 3 6 5.3 36.3 38
205 3 6 5.3 36.3 39
210 3 6 5.3 36.3 40
215 3 6 5.3 36.3 41
220 3 6 5.3 36.3 42
225 3 6 5.3 36.3 43
230 3 6 5.3 36.3 44
235 3 6 5.3 36.3 45
240 3 6 5.3 36.3 46
245 3 6 5.3 36.3 47
250 3 6 5.3 36.3 48
255 3 6 5.2 34.4 49
260 3 6 5.2 34.4 50
265 3 6 5.2 34.4 51
270 3 6 5.2 34.4 52
275 3 6 5.2 34.4 53
280 3 6 5.2 34.4 54
285 3 6 5.2 34.4 55
290 3 6 5.2 34.4 56
295 3 6 5.2 34.4 57
300 3 6 5.2 34.4 58
305 3 6 5.2 34.4 59
310 3 6 5.2 34.4 60
315 3 6 5.2 34.4 61
320 3 6 5.1 34.3 62
325 3 6 5.1 34.3 63
330 3 6 5.1 34.3 64
335 3 6 5.1 34.3 65
340 3 6 5.1 34.3 66
345 3 6 5.1 34.3 67
350 3 6 5.0 34.2 68
355 3 6 5.0 34.2 69
360 3 6 5.0 34.2 70
365 3 6 5.0 34.2 71
370 3 6 5.0 34.2 72
375 3 6 5.0 34.2 73
380 3 6 5.0 34.2 74
385 3 6 5.0 34.2 75
390 3 6 5.0 34.2 76
395 3 6 5.0 34.2 77
400 3 6 5.0 34.2 78
405 3 6 5.0 34.2 79
410 3 6 4.8 32.8 80
415 3 6 4.8 32.8 81
420 3 6 4.8 32.8 82
425 3 6 4.7 31.7 83
430 3 6 4.7 31.7 84
435 3 6 4.7 31.7 85
440 3 6 4.7 31.7 86
445 3 6 4.7 31.7 87
450 3 6 4.7 31.7 88
455 3 6 4.7 31.7 89
460 3 6 4.7 31.7 90
465 3 6 4.7 31.7 91
470 3 6 4.7 31.7 92
475 3 6 4.7 31.7 93
480 3 6 4.7 31.7 94
485 3 6 4.7 31.7 95
490 3 6 4.7 31.7 96
495 3 6 4.7 31.7 97
500 3 6 4.7 31.7 98
505 3 6 4.7 31.7 99
510 3 6 4.7 31.7 100
515 3 6 4.7 31.7 101
520 3 6 4.7 31.7 102
525 3 6 4.7 31.7 103
530 3 6 4.7 31.7 104
535 3 6 4.7 31.7 105
540 3 6 4.7 31.7 106
545 3 6 4.7 31.7 107
550 3 6 4.7 31.7 108
555 3 6 4.7 31.7 109
560 3 6 4.7 31.7 110
565 3 6 4.7 31.7 111
570 3 6 4.7 31.7 112
575 3 6 4.7 31.7 113
580 3 6 4.7 31.7 114
585 3 6 4.7 31.7 115
590 3 6 4.7 31.7 116
595 3 6 4.7 31.7 117
600 3 6 4.7 31.7 118
605 3 6 4.7 31.7 119
610 3 6 4.7 31.7 120
615 3 6 4.7 31.7 121
620 3 6 4.7 31.7 122
625 3 5 4.6 30.6 123
630 3 5 4.6 30.6 124
635 3 5 4.6 30.6 125
640 3 5 4.6 30.6 126
645 3 5 4.6 30.6 127
650 3 5 4.5 31.1 128
655 3 5 4.5 31.1 129
660 3 5 4.5 31.1 130
665 3 5 4.3 29.7 131
670 3 5 4.3 29.7 132
675 3 5 4.3 29.7 133
680 3 5 4.3 29.7 134
685 3 5 4.3 29.7 135
690 3 5 4.3 29.7 136
695 3 5 4.3 29.7 137
700 3 5 4.3 29.7 138
705 3 5 4.3 29.7 139
710 3 5 4.3 29.7 140
715 3 5 4.3 29.7 141
720 3 5 4.3 29.7 142
725 3 5 4.3 29.7 143
730 3 5 4.3 29.7 144
735 3 5 4.3 29.7 145
740 3 5 4.3 29.7 146
745 3 5 4.3 29.7 147
750 3 5 4.3 29.7 148
755 3 5 4.3 29.7 149
760 3 5 4.3 29.7 150
765 3 5 4.3 29.7 151
770 3 5 4.3 29.7 152
775 3 5 4.3 29.7 153
780 3 5 4.3 29.7 154
785 3 5 4.3 29.7 155
790 3 5 4.3 29.7 156
795 3 5 4.3 29.7 157
800 3 5 4.3 29.7 158
805 3 5 4.3 29.7 159
810 3 5 4.3 29.7 160
815 3 5 4.3 29.7 161
820 3 5 4.3 29.7 162
825 3 5 4.3 29.7 163
830 3 5 4.3 29.7 164
835 3 5 4.3 29.7 165
840 3 5 4.3 29.7 166
845 3 5 4.3 29.7 167
850 3 5 4.3 29.7 168
855 3 5 4.3 29.7 169
860 3 5 4.3 29.7 170
865 3 5 4.3 29.7 171
870 3 5 4.3 29.7 172
875 3 5 4.3 29.7 173
880 3 5 4.3 29.7 174
885 3 5 4.3 29.7 175
890 3 5 4.3 29.7 176
895 3 5 4.3 29.7 177
900 3 5 4.3 29.7 178
905 3 5 4.3 29.7 179
910 3 5 4.3 29.7 180
915 3 5 4.3 29.7 181
920 3 5 4.3 29.7 182
925 3 5 4.3 29.7 183
930 3 5 4.3 29.7 184
935 3 5 4.3 29.7 185
940 3 5 4.3 29.7 186
945 3 5 4.3 29.7 187
950 3 5 4.3 29.7 188
955 3 5 4.3 29.7 189
960 3 5 4.3 29.7 190
965 3 5 4.3 29.7 191
970 3 5 4.3 29.7 192
975 3 5 4.3 29.7 193
980 3 5 4.3 29.7 194
985 3 5 4.3 29.7 195
990 3 5 4.3 29.7 196
995 3 5 4.3 29.7 197
1000 3 5 4.3 29.7 198
1005 3 5 4.3 29.7 199
1010 3 5 4.3 29.7 200
1015 3 5 4.3 29.7 201
1020 3 5 4.3 29.7 202
1025 3 5 4.3 29.7 203
1030 3 5 4.3 29.7 204
1035 3 5 4.3 29.7 205
1040 3 5 4.3 29.7 206
1045 3 5 4.3 29.7 207
1050 3 5 4.3 29.7 208
1055 3 5 4.3 29.7 209
1060 3 5 4.3 29.7 210
1065 3 5 4.3 29.7 211
1070 3 5 4.3 29.7 212
1075 3 5 4.3 29.7 213
1080 3 5 4.3 29.7 214
1085 3 5 4.3 29.7 215
1090 3 5 4.3 29.7 216
1095 3 5 4.3 29.7 217
1100 3 5 4.3 29.7 218
1105 3 5 4.3 29.7 219
1110 3 5 4.3 29.7 220
1115 3 5 4.3 29.7 221
1120 3 5 4.3 29.7 222
1125 3 5 4.3 29.7 223
1130 3 5 4.3 29.7 224
1135 3 5 4.3 29.7 225
1140 3 5 4.3 29.7 226
1145 3 5 4.3 29.7 227
1150 3 5 4.3 29.7 228
1155 3 5 4.3 29.7 229
1160 3 5 4.3 29.7 230
1165 3 5 4.3 29.7 231
1170 3 5 4.3 29.7 232
1175 3 5 4.3 29.7 233
1180 3 5 4.3 29.7 234
1185 3 5 4.3 29.7 235
1190 3 5 4.3 29.7 236
1195 3 5 4.3 29.7 237
1200 3 5 4.2 28.8 238
1205 3 5 4.2 28.8 239
1210 3 5 4.2 28.8 240
1215 3 5 4.2 28.8 241
1220 3 5 4.2 28.8 242
1225 3 5 4.2 28.8 243
1230 3 5 4.2 28.8 244
1235 3 5 4.2 28.8 245
1240 3 5 4.2 28.8 246
1245 3 5 4.2 28.8 247
1250 3 5 4.2 28.8 248
1255 3 5 4.2 28.8 249
1260 3 5 4.2 28.8 250
1265 3 5 4.2 28.8 251
1270 3 5 4.1 28.7 252
1275 3 5 4.1 28.7 253
1280 3 5 4.1 28.7 254
1285 3 5 4.1 28.7 255
1290 3 5 4.1 28.7 256
1295 3 5 4.1 28.7 257
1300 3 5 4.1 28.7 258
1305 3 5 4.1 28.7 259
1310 3 5 4.1 28.7 260
1315 3 5 4.1 28.7 261
1320 3 5 4.1 28.7 262
1325 3 5 4.1 28.7 263
1330 3 5 4.1 28.7 264
1335 3 5 4.1 28.7 265
1340 3 5 4.1 28.7 266
1345 3 5 4.1 28.7 267
1350 3 5 4.0 28.4 268
1355 3 5 4.0 28.4 269
1360 3 5 4.0 28.4 270
1365 3 5 4.0 28.4 271
1370 3 5 4.0 28.4 272
1375 3 5 4.0 28.4 273
1380 3 5 4.0 28.4 274
1385 3 5 4.0 28.4 275
1390 3 5 4.0 28.4 276
1395 3 5 4.0 28.4 277
1400 3 5 4.0 28.4 278
1405 3 5 4.0 28.4 279
1410 3 5 4.0 28.4 280
1415 3 5 4.0 28.4 281
1420 3 5 4.0 28.4 282
1425 3 5 4.0 28.4 283
1430 3 5 4.0 28.4 284
1435 3 5 4.0 28.4 285
1440 3 5 4.0 28.4 286
1445 3 5 4.0 28.4 287
1450 3 5 4.0 28.4 288
1455 3 5 4.0 28.4 289
1460 3 5 3.9 27.9 290
1465 3 5 3.9 27.9 291
1470 3 5 3.9 27.9 292
1475 3 5 3.9 27.9 293
1480 3 5 3.9 27.9 294
1485 3 5 3.9 27.9 295
1490 3 5 3.9 27.9 296
1495 3 5 3.9 27.9 297
1500 3 5 3.9 27.9 298
1505 3 5 3.9 27.9 299
1510 3 5 3.9 27.9 300
1515 3 5 3.9 27.9 301
1520 3 5 3.9 27.9 302
1525 3 5 3.9 27.9 303
1530 3 5 3.9 27.9 304
1535 3 5 3.9 27.9 305
1540 3 5 3.9 27.9 306
1545 3 5 3.9 27.9 307
1550 3 5 3.9 27.9 308
1555 3 5 3.9 27.9 309
1560 3 5 3.9 27.9 310
1565 3 5 3.9 27.9 311
1570 3 5 3.9 27.9 312
1575 3 5 3.9 27.9 313
1580 3 5 3.9 27.9 314
1585 3 5 3.9 27.9 315
1590 3 5 3.9 27.9 316
1595 3 5 3.9 27.9 317
1600 3 5 3.9 27.9 318
1605 3 5 3.9 27.9 319
1610 3 5 3.9 27.9 320
1615 3 5 3.9 27.9 321
1620 3 5 3.9 27.9 322
1625 3 5 3.9 27.9 323
1630 3 5 3.9 27.9 324
1635 3 5 3.9 27.9 325
1640 3 5 3.9 27.9 326
1645 3 5 3.9 27.9 327
1650 3 5 3.9 27.9 328
1655 3 5 3.9 27.9 329
1660 3 5 3.9 27.9 330
1665 3 5 3.9 27.9 331
1670 3 5 3.9 27.9 332
1675 3 5 3.9 27.9 333
1680 3 5 3.9 27.9 334
1685 3 5 3.9 27.9 335
1690 3 5 3.9 27.9 336
1695 3 5 3.9 27.9 337
1700 3 5 3.9 27.9 338
1705 3 5 3.9 27.9 339
1710 3 5 3.9 27.9 340
1715 3 5 3.9 27.9 341
1720 3 5 3.9 27.9 342
1725 3 5 3.9 27.9 343
1730 3 5 3.9 27.9 344
1735 3 5 3.9 27.9 345
1740 3 5 3.9 27.9 346
1745 3 5 3.9 27.9 347
1750 3 5 3.9 27.9 348
1755 3 5 3.9 27.9 349
1760 3 5 3.9 27.9 350
1765 3 5 3.9 27.9 351
1770 3 5 3.9 27.9 352
1775 3 5 3.9 27.9 353
1780 3 5 3.9 27.9 354
1785 3 5 3.9 27.9 355
1790 3 5 3.9 27.9 356
1795 3 5 3.9 27.9 357
1800 3 5 3.9 27.9 358
1805 3 5 3.9 27.9 359
1810 3 5 3.9 27.9 360
1815 3 4 3.8 27.8 361
1820 3 4 3.8 27.8 362
1825 3 4 3.8 27.8 363
1830 3 4 3.8 27.8 364
1835 3 4 3.8 27.8 365
1840 3 4 3.8 27.8 366
1845 3 4 3.8 27.8 367
1850 3 4 3.8 27.8 368
1855 3 4 3.8 27.8 369
1860 3 4 3.8 27.8 370
1865 3 4 3.8 27.8 371
1870 3 4 3.8 27.8 372
1875 3 4 3.8 27.8 373
1880 3 4 3.8 27.8 374
1885 3 4 3.8 27.8 375
1890 3 4 3.8 27.8 376
1895 3 4 3.8 27.8 377
1900 3 4 3.8 27.8 378
1905 3 4 3.8 27.8 379
1910 3 4 3.8 27.8 380
1915 3 4 3.8 27.8 381
1920 3 4 3.8 27.8 382
1925 3 4 3.8 27.8 383
1930 3 4 3.8 27.8 384
1935 3 4 3.8 27.8 385
1940 3 4 3.8 27.8 386
1945 3 4 3.8 27.8 387
1950 3 4 3.8 27.8 388
1955 3 4 3.8 27.8 389
1960 3 4 3.8 27.8 390
1965 3 4 3.8 27.8 391
1970 3 4 3.8 27.8 392
1975 3 4 3.8 27.8 393
1980 3 4 3.8 27.8 394
1985 3 4 3.8 27.8 395
1990 3 4 3.8 27.8 396
1995 3 4 3.8 27.8 397
2000 3 4 3.8 27.8 398
2005 3 4 3.8 27.8 399
2010 3 4 3.8 27.8 400
2015 3 4 3.8 27.8 401
2020 3 4 3.8 27.8 402
2025 3 4 3.8 27.8 403
2030 3 4 3.8 27.8 404
2035 3 4 3.8 27.8 405
2040 3 4 3.8 27.8 406
2045 3 4 3.8 27.8 407
2050 3 4 3.8 27.8 408
2055 3 4 3.8 27.8 409
2060 3 4 3.8 27.8 410
2065 3 4 3.8 27.8 411
2070 3 4 3.8 27.8 412
2075 3 4 3.8 27.8 413
2080 3 4 3.8 27.8 414
2085 3 4 3.8 27.8 415
2090 3 4 3.8 27.8 416
2095 3 4 3.8 27.8 417
2100 3 4 3.8 27.8 418
2105 3 4 3.8 27.8 419
2110 3 4 3.8 27.8 420
2115 3 4 3.8 27.8 421
2120 3 4 3.8 27.8 422
2125 3 4 3.8 27.8 423
2130 3 4 3.8 27.8 424
2135 3 4 3.8 27.8 425
2140 3 4 3.8 27.8 426
2145 3 4 3.8 27.8 427
2150 3 4 3.8 27.8 428
2155 3 4 3.8 27.8 429
2160 3 4 3.8 27.8 430
2165 3 4 3.8 27.8 431
2170 3 4 3.8 27.8 432
2175 3 4 3.8 27.8 433
2180 3 4 3.8 27.8 434
2185 3 4 3.8 27.8 435
2190 3 4 3.8 27.8 436
2195 3 4 3.8 27.8 437
2200 3 4 3.8 27.8 438
2205 3 4 3.8 27.8 439
2210 3 4 3.8 27.8 440
2215 3 4 3.8 27.8 441
2220 3 4 3.8 27.8 442
2225 3 4 3.8 27.8 443
2230 3 4 3.8 27.8 444
2235 3 4 3.8 27.8 445
2240 3 4 3.8 27.8 446
2245 3 4 3.8 27.8 447
2250 3 4 3.8 27.8 448
2255 3 4 3.8 27.8 449
2260 3 4 3.8 27.8 450
2265 3 4 3.8 27.8 451
2270 3 4 3.8 27.8 452
2275 3 4 3.8 27.8 453
2280 3 4 3.8 27.8 454
2285 3 4 3.8 27.8 455
2290 3 4 3.8 27.8 456
2295 3 4 3.8 27.8 457
2300 3 4 3.8 27.8 458
2305 3 4 3.8 27.8 459
2310 3 4 3.8 27.8 460
2315 3 4 3.8 27.8 461
2320 3 4 3.8 27.8 462
2325 3 4 3.8 27.8 463
2330 3 4 3.8 27.8 464
2335 3 4 3.8 27.8 465
2340 3 4 3.8 27.8 466
2345 3 4 3.8 27.8 467
2350 3 4 3.8 27.8 468
2355 3 4 3.8 27.8 469
2360 3 4 3.8 27.8 470
2365 3 4 3.8 27.8 471
2370 3 4 3.8 27.8 472
2375 3 4 3.8 27.8 473
2380 3 4 3.8 27.8 474
2385 3 4 3.8 27.8 475
2390 3 4 3.8 27.8 476
2395 3 4 3.8 27.8 477
2400 3 4 3.8 27.8 478
2405 3 4 3.8 27.8 479
2410 3 4 3.8 27.8 480
2415 3 4 3.8 27.8 481
2420 3 4 3.8 27.8 482
2425 3 4 3.8 27.8 483
2430 3 4 3.8 27.8 484
2435 3 4 3.8 27.8 485
2440 3 4 3.8 27.8 486
2445 3 4 3.8 27.8 487
2450 3 4 3.8 27.8 488
2455 3 4 3.8 27.8 489
2460 3 4 3.8 27.8 490
2465 3 4 3.8 27.8 491
2470 3 4 3.8 27.8 492
2475 3 4 3.8 27.8 493
2480 3 4 3.8 27.8 494
2485 3 4 3.8 27.8 495
2490 3 4 3.8 27.8 496
2495 3 4 3.8 27.8 497
2500 3 4 3.8 27.8 498
2505 3 4 3.8 27.8 499
2510 3 4 3.8 27.8 500
2515 3 4 3.8 27.8 501
2520 3 4 3.8 27.8 502
2525 3 4 3.8 27.8 503
2530 3 4 3.8 27.8 504
2535 3 4 3.8 27.8 505
2540 3 4 3.8 27.8 506
2545 3 4 3.8 27.8 507
2550 3 4 3.8 27.8 508
2555 3 4 3.8 27.8 509
2560 3 4 3.8 27.8 510
2565 3 4 3.8 27.8 511
2570 3 4 3.8 27.8 512
2575 3 4 3.8 27.8 513
2580 3 4 3.8 27.8 514
2585 3 4 3.8 27.8 515
2590 3 4 3.8 27.8 516
2595 3 4 3.8 27.8 517
2600 3 4 3.8 27.8 518
2605 3 4 3.8 27.8 519
2610 3 4 3.8 27.8 520
2615 3 4 3.8 27.8 521
2620 3 4 3.8 27.8 522
2625 3 4 3.8 27.8 523
2630 3 4 3.8 27.8 524
2635 3 4 3.8 27.8 525
2640 3 4 3.8 27.8 526
2645 3 4 3.8 27.8 527
2650 3 4 3.8 27.8 528
2655 3 4 3.8 27.8 529
2660 3 4 3.8 27.8 530
2665 3 4 3.8 27.8 531
2670 3 4 3.8 27.8 532
2675 3 4 3.8 27.8 533
2680 3 4 3.8 27.8 534
2685 3 4 3.8 27.8 535
2690 3 4 3.8 27.8 536
2695 3 4 3.8 27.8 537
2700 3 4 3.8 27.8 538
2705 3 4 3.8 27.8 539
2710 3 4 3.8 27.8 540
2715 3 4 3.8 27.8 541
2720 3 4 3.8 27.8 542
2725 3 4 3.8 27.8 543
2730 3 4 3.8 27.8 544
2735 3 4 3.8 27.8 545
2740 3 4 3.8 27.8 546
2745 3 4 3.8 27.8 547
2750 3 4 3.8 27.8 548
2755 3 4 3.8 27.8 549
2760 3 4 3.8 27.8 550
2765 3 4 3.8 27.8 551
2770 3 4 3.8 27.8 552
2775 3 4 3.8 27.8 553
2780 3 4 3.8 27.8 554
2785 3 4 3.8 27.8 555
2790 3 4 3.8 27.8 556
2795 3 4 3.8 27.8 557
2800 3 4 3.8 27.8 558
2805 3 4 3.8 27.8 559
2810 3 4 3.8 27.8 560
2815 3 4 3.8 27.8 561
2820 3 4 3.8 27.8 562
2825 3 4 3.8 27.8 563
2830 3 4 3.8 27.8 564
2835 3 4 3.8 27.8 565
2840 3 4 3.8 27.8 566
2845 3 4 3.8 27.8 567
2850 3 4 3.8 27.8 568
2855 3 4 3.8 27.8 569
2860 3 4 3.8 27.8 570
2865 3 4 3.8 27.8 571
2870 3 4 3.8 27.8 572
2875 3 4 3.8 27.8 573
2880 3 4 3.8 27.8 574
2885 3 4 3.8 27.8 575
2890 3 4 3.8 27.8 576
2895 3 4 3.8 27.8 577
2900 3 4 3.8 27.8 578
2905 3 4 3.8 27.8 579
2910 3 4 3.8 27.8 580
2915 3 4 3.8 27.8 581
2920 3 4 3.8 27.8 582
2925 3 4 3.8 27.8 583
2930 3 4 3.8 27.8 584
2935 3 4 3.8 27.8 585
2940 3 4 3.8 27.8 586
2945 3 4 3.8 27.8 587
2950 3 4 3.8 27.8 588
2955 3 4 3.8 27.8 589
2960 3 4 3.8 27.8 590
2965 3 4 3.8 27.8 591
2970 3 4 3.8 27.8 592
2975 3 4 3.8 27.8 593
2980 3 4 3.8 27.8 594
2985 3 4 3.8 27.8 595
2990 3 4 3.8 27.8 596
2995 3 4 3.8 27.8 597
3000 3 4 3.8 27.8 598
3005 3 4 3.8 27.8 599
3010 3 4 3.8 27.8 600
3015 3 4 3.8 27.8 601
3020 3 4 3.8 27.8 602
3025 3 4 3.8 27.8 603
3030 3 4 3.8 27.8 604
3035 3 4 3.8 27.8 605
3040 3 4 3.8 27.8 606
3045 3 4 3.8 27.8 607
3050 3 4 3.8 27.8 608
3055 3 4 3.8 27.8 609
3060 3 4 3.8 27.8 610
3065 3 4 3.8 27.8 611
3070 3 4 3.8 27.8 612
3075 3 4 3.8 27.8 613
3080 3 4 3.8 27.8 614
3085 3 4 3.8 27.8 615
3090 3 4 3.8 27.8 616
3095 3 4 3.8 27.8 617
3100 3 4 3.8 27.8 618
3105 3 4 3.8 27.8 619
3110 3 4 3.8 27.8 620
3115 3 4 3.8 27.8 621
3120 3 4 3.8 27.8 622
3125 3 4 3.8 27.8 623
3130 3 4 3.8 27.8 624
3135 3 4 3.8 27.8 625
3140 3 4 3.8 27.8 626
3145 3 4 3.8 27.8 627
3150 3 4 3.8 27.8 628
3155 3 4 3.8 27.8 629
3160 3 4 3.8 27.8 630
3165 3 4 3.8 27.8 631
3170 3 4 3.8 27.8 632
3175 3 4 3.8 27.8 633
3180 3 4 3.8 27.8 634
3185 3 4 3.8 27.8 635
3190 3 4 3.8 27.8 636
3195 3 4 3.8 27.8 637
3200 3 4 3.8 27.8 638
3205 3 4 3.8 27.8 639
3210 3 4 3.8 27.8 640
3215 3 4 3.8 27.8 641
3220 3 4 3.8 27.8 642
3225 3 4 3.8 27.8 643
3230 3 4 3.8 27.8 644
3235 3 4 3.8 27.8 645
3240 3 4 3.8 27.8 646
3245 3 4 3.8 27.8 647
3250 3 4 3.8 27.8 648
3255 3 4 3.8 27.8 649
3260 3 4 3.8 27.8 650
3265 3 4 3.8 27.8 651
3270 3 4 3.8 27.8 652
3275 3 4 3.8 27.8 653
3280 3 4 3.8 27.8 654
3285 3 4 3.8 27.8 655
3290 3 4 3.8 27.8 656
3295 3 4 3.8 27.8 657
3300 3 4 3.8 27.8 658
3305 3 4 3.8 27.8 659
3310 3 4 3.8 27.8 660
3315 3 4 3.8 27.8 661
3320 3 4 3.8 27.8 662
3325 3 4 3.8 27.8 663
3330 3 4 3.8 27.8 664
3335 3 4 3.8 27.8 665
3340 3 4 3.8 27.8 666
3345 3 4 3.8 27.8 667
3350 3 4 3.8 27.8 668
3355 3 4 3.8 27.8 669
3360 3 4 3.8 27.8 670
3365 3 4 3.8 27.8 671
3370 3 4 3.8 27.8 672
3375 3 4 3.8 27.8 673
3380 3 4 3.8 27.8 674
3385 3 4 3.8 27.8 675
3390 3 4 3.8 27.8 676
3395 3 4 3.8 27.8 677
3400 3 4 3.8 27.8 678
3405 3 4 3.8 27.8 679
3410 3 4 3.8 27.8 680
3415 3 4 3.8 27.8 681
3420 3 4 3.8 27.8 682
3425 3 4 3.8 27.8 683
3430 3 4 3.8 27.8 684
3435 3 4 3.8 27.8 685
3440 3 4 3.8 27.8 686
3445 3 4 3.8 27.8 687
3450 3 4 3.8 27.8 688
3455 3 4 3.8 27.8 689
3460 3 4 3.8 27.8 690
3465 3 4 3.8 27.8 691
3470 3 4 3.8 27.8 692
3475 3 4 3.8 27.8 693
3480 3 4 3.8 27.8 694
3485 3 4 3.8 27.8 695
3490 3 4 3.8 27.8 696
3495 3 4 3.8 27.8 697
3500 3 4 3.8 27.8 698
3505 3 4 3.8 27.8 699
3510 3 4 3.8 27.8 700
3515 3 4 3.8 27.8 701
3520 3 4 3.8 27.8 702
3525 3 4 3.8 27.8 703
3530 3 4 3.8 27.8 704
3535 3 4 3.8 27.8 705
3540 3 4 3.8 27.8 706
3545 3 4 3.8 27.8 707
3550 3 4 3.8 27.8 708
3555 3 4 3.8 27.8 709
3560 3 4 3.8 27.8 710
3565 3 4 3.8 27.8 711
3570 3 4 3.8 27.8 712
3575 3 4 3.8 27.8 713
3580 3 4 3.8 27.8 714
3585 3 4 3.8 27.8 715
3590 3 4 3.8 27.8 716
3595 3 4 3.8 27.8 717
3600 3 4 3.8 27.8 718
3605 3 4 3.8 27.8 719
3610 3 4 3.8 27.8 720
3615 3 4 3.8 27.8 721
3620 3 4 3.8 27.8 722
3625 3 4 3.8 27.8 723
3630 3 4 3.8 27.8 724
3635 3 4 3.8 27.8 725
3640 3 4 3.8 27.8 726
3645 3 4 3.8 27.8 727
3650 3 4 3.8 27.8 728
3655 3 4 3.8 27.8 729
3660 3 4 3.8 27.8 730
3665 3 4 3.8 27.8 731
3670 3 4 3.8 27.8 732
3675 3 4 3.8 27.8 733
3680 3 4 3.8 27.8 734
3685 3 4 3.8 27.8 735
3690 3 4 3.8 27.8 736
3695 3 4 3.8 27.8 737
3700 3 4 3.8 27.8 738
3705 3 4 3.8 27.8 739
3710 3 4 3.8 27.8 740
3715 3 4 3.8 27.8 741
3720 3 4 3.8 27.8 742
3725 3 4 3.8 27.8 743
3730 3 4 3.8 27.8 744
3735 3 4 3.8 27.8 745
3740 3 4 3.8 27.8 746
3745 3 4 3.8 27.8 747
3750 3 4 3.8 27.8 748
3755 3 4 3.8 27.8 749
3760 3 4 3.8 27.8 750
3765 3 4 3.8 27.8 751
3770 3 4 3.8 27.8 752
3775 3 4 3.8 27.8 753
3780 3 4 3.8 27.8 754
3785 3 4 3.8 27.8 755
3790 3 4 3.8 27.8 756
3795 3 4 3.8 27.8 757
3800 3 4 3.8 27.8 758
3805 3 4 3.8 27.8 759
3810 3 4 3.8 27.8 760
3815 3 4 3.8 27.8 761
3820 3 4 3.8 27.8 762
3825 3 4 3.8 27.8 763
3830 3 4 3.8 27.8 764
3835 3 4 3.8 27.8 765
3840 3 4 3.8 27.8 766
3845 3 4 3.8 27.8 767
3850 3 4 3.8 27.8 768
3855 3 4 3.8 27.8 769
3860 3 4 3.8 27.8 770
3865 3 4 3.8 27.8 771
3870 3 4 3.8 27.8 772
3875 3 4 3.8 27.8 773
3880 3 4 3.8 27.8 774
3885 3 4 3.8 27.8 775
3890 3 4 3.8 27.8 776
3895 3 4 3.8 27.8 777
3900 3 4 3.8 27.8 778
3905 3 4 3.8 27.8 779
3910 3 4 3.8 27.8 780
3915 3 4 3.8 27.8 781
3920 3 4 3.8 27.8 782
3925 3 4 3.8 27.8 783
3930 3 4 3.8 27.8 784
3935 3 4 3.8 27.8 785
3940 3 4 3.8 27.8 786
3945 3 4 3.8 27.8 787
3950 3 4 3.8 27.8 788
3955 3 4 3.8 27.8 789
3960 3 4 3.8 27.8 790
3965 3 4 3.8 27.8 791
3970 3 4 3.8 27.8 792
3975 3 4 3.8 27.8 793
3980 3 4 3.8 27.8 794
3985 3 4 3.8 27.8 795
3990 3 4 3.8 27.8 796
3995 3 4 3.8 27.8 797
4000 3 4 3.8 27.8 798
4005 3 4 3.8 27.8 799
4010 3 4 3.8 27.8 800
4015 3 4 3.8 27.8 801
4020 3 4 3.8 27.8 802
4025 3 4 3.8 27.8 803
4030 3 4 3.8 27.8 804
4035 3 4 3.8 27.8 805
4040 3 4 3.8 27.8 806
4045 3 4 3.8 27.8 807
4050 3 4 3.8 27.8 808
4055 3 4 3.8 27.8 809
4060 3 4 3.8 27.8 810
4065 3 4 3.8 27.8 811
4070 3 4 3.8 27.8 812
4075 3 4 3.8 27.8 813
4080 3 4 3.8 27.8 814
4085 3 4 3.8 27.8 815
4090 3 4 3.8 27.8 816
4095 3 4 3.8 27.8 817
4100 3 4 3.8 27.8 818
4105 3 4 3.8 27.8 819
4110 3 4 3.8 27.8 820
4115 3 4 3.8 27.8 821
4120 3 4 3.8 27.8 822
4125 3 4 3.8 27.8 823
4130 3 4 3.8 27.8 824
4135 3 4 3.8 27.8 825
4140 3 4 3.8 27.8 826
4145 3 4 3.8 27.8 827
4150 3 4 3.8 27.8 828
4155 3 4 3.8 27.8 829
4160 3 4 3.8 27.8 830
4165 3 4 3.8 27.8 831
4170 3 4 3.8 27.8 832
4175 3 4 3.8 27.8 833
4180 3 4 3.8 27.8 834
4185 3 4 3.8 27.8 835
4190 3 4 3.8 27.8 836
4195 3 4 3.8 27.8 837
4200 3 4 3.8 27.8 838
4205 3 4 3.8 27.8 839
4210 3 4 3.8 27.8 840
4215 3 4 3.8 27.8 841
4220 3 4 3.8 27.8 842
4225 3 4 3.8 27.8 843
4230 3 4 3.8 27.8 844
4235 3 4 3.8 27.8 845
4240 3 4 3.8 27.8 846
4245 3 4 3.8 27.8 847
4250 3 4 3.8 27.8 848
4255 3 4 3.8 27.8 849
4260 3 4 3.8 27.8 850
4265 3 4 3.8 27.8 851
4270 3 4 3.8 27.8 852
4275 3 4 3.8 27.8 853
4280 3 4 3.8 27.8 854
4285 3 4 3.8 27.8 855
4290 3 4 3.8 27.8 856
4295 3 4 3.8 27.8 857
4300 3 4 3.8 27.8 858
4305 3 4 3.8 27.8 859
4310 3 4 3.8 27.8 860
4315 3 4 3.8 27.8 861
4320 3 4 3.8 27.8 862
4325 3 4 3.8 27.8 863
4330 3 4 3.8 27.8 864
4335 3 4 3.8 27.8 865
4340 3 4 3.8 27.8 866
4345 3 4 3.8 27.8 867
4350 3 4 3.8 27.8 868
4355 3 4 3.8 27.8 869
4360 3 4 3.8 27.8 870
4365 3 4 3.8 27.8 871
4370 3 4 3.8 27.8 872
4375 3 4 3.8 27.8 873
4380 3 4 3.8 27.8 874
4385 3 4 3.8 27.8 875
4390 3 4 3.8 27.8 876
4395 3 4 3.8 27.8 877
4400 3 4 3.8 27.8 878
4405 3 4 3.8 27.8 879
4410 3 4 3.8 27.8 880
4415 3 4 3.8 27.8 881
4420 3 4 3.8 27.8 882
4425 3 4 3.8 27.8 883
4430 3 4 3.8 27.8 884
4435 3 4 3.8 27.8 885
4440 3 4 3.8 27.8 886
4445 3 4 3.8 27.8 887
4450 3 4 3.8 27.8 888
4455 3 4 3.8 27.8 889
4460 3 4 3.8 27.8 890
4465 3 4 3.8 27.8 891
4470 3 4 3.8 27.8 892
4475 3 4 3.8 27.8 893
4480 3 4 3.8 27.8 894
4485 3 4 3.8 27.8 895
4490 3 4 3.8 27.8 896
4495 3 4 3.8 27.8 897
4500 3 4 3.8 27.8 898
4505 3 4 3.8 27.8 899
4510 3 4 3.8 27.8 900
4515 3 4 3.8 27.8 901
4520 3 4 3.8 27.8 902
4525 3 4 3.8 27.8 903
4530 3 4 3.8 27.8 904
4535 3 4 3.8 27.8 905
4540 3 4 3.8 27.8 906
4545 3 4 3.8 27.8 907
4550 3 4 3.8 27.8 908
4555 3 4 3.8 27.8 909
4560 3 4 3.8 27.8 910
4565 3 4 3.8 27.8 911
4570 3 4 3.8 27.8 912
4575 3 4 3.8 27.8 913
4580 3 4 3.8 27.8 914
4585 3 4 3.8 27.8 915
4590 3 4 3.8 27.8 916
4595 3 4 3.8 27.8 917
4600 3 4 3.8 27.8 918
4605 3 4 3.8 27.8 919
4610 3 4 3.8 27.8 920
4615 3 4 3.8 27.8 921
4620 3 4 3.8 27.8 922
4625 3 4 3.8 27.8 923
4630 3 4 3.8 27.8 924
4635 3 4 3.8 27.8 925
4640 3 4 3.8 27.8 926
4645 3 4 3.8 27.8 927
4650 3 4 3.8 27.8 928
4655 3 4 3.8 27.8 929
4660 3 4 3.8 27.8 930
4665 3 4 3.8 27.8 931
4670 3 4 3.8 27.8 932
4675 3 4 3.8 27.8 933
4680 3 4 3.8 27.8 934
4685 3 4 3.8 27.8 935
4690 3 4 3.8 27.8 936
4695 3 4 3.8 27.8 937
4700 3 4 3.8 27.8 938
4705 3 4 3.8 27.8 939
4710 3 4 3.8 27.8 940
4715 3 4 3.8 27.8 941
4720 3 4 3.8 27.8 942
4725 3 4 3.8 27.8 943
4730 3 4 3.8 27.8 944
4735 3 4 3.8 27.8 945
4740 3 4 3.8 27.8 946
4745 3 4 3.8 27.8 947
4750 3 4 3.8 27.8 948
4755 3 4 3.8 27.8 949
4760 3 4 3.8 27.8 950
4765 3 4 3.8 27.8 951
4770 3 4 3.8 27.8 952
4775 3 4 3.8 27.8 953
4780 3 4 3.8 27.8 954
4785 3 4 3.8 27.8 955
4790 3 4 3.8 27.8 956
4795 3 4 3.8 27.8 957
4800 3 4 3.8 27.8 958
4805 3 4 3.8 27.8 959
4810 3 4 3.8 27.8 960
4815 3 4 3.8 27.8 961
4820 3 4 3.8 27.8 962
4825 3 4 3.8 27.8 963
4830 3 4 3.8 27.8 964
4835 3 4 3.8 27.8 965
4840 3 4 3.8 27.8 966
4845 3 4 3.8 27.8 967
4850 3 4 3.8 27.8 968
4855 3 4 3.8 27.8 969
4860 3 4 3.8 27.8 970
4865 3 4 3.8 27.8 971
4870 3 4 3.8 27.8 972
4875 3 4 3.8 27.8 973
4880 3 4 3.8 27.8 974
4885 3 4 3.8 27.8 975
4890 3 4 3.8 27.8 976
4895 3 4 3.8 27.8 977
4900 3 4 3.8 27.8 978
4905 3 4 3.8 27.8 979
4910 3 4 3.8 27.8 980
4915 3 4 3.8 27.8 981
4920 3 4 3.8 27.8 982
4925 3 4 3.8 27.8 983
4930 3 4 3.8 27.8 984
4935 3 4 3.8 27.8 985
4940 3 4 3.8 27.8 986
4945 3 4 3.8 27.8 987
4950 3 4 3.8 27.8 988
4955 3 4 3.8 27.8 989
4960 3 4 3.8 27.8 990
4965 3 4 3.8 27.8 991
4970 3 4 3.8 27.8 992
4975 3 4 3.8 27.8 993
4980 3 4 3.8 27.8 994
4985 3 4 3.8 27.8 995
4990 3 4 3.8 27.8 996
4995 3 4 3.8 27.8 997
5000 3 4 3.8 27.8 998
5005 3 4 3.8 27.8 999
5010 3 4 3.8 27.8 1000
# Solution finale : 011000111000010000111 (3)
# Optimum         : 111000111000111000111
