# Execution avec les parametre suivants:
# {taillePopulationEnfants=5, verbose=false, tauxMutation=0.5, taillePopulationParents=10, maxEvaluations=30000, maxGenerations=1000, optimum=111000111000111000111, tailleTournoi=5}
# Optimum : 111000111000111000111
# Dimension : 21
15 8 11 9.7 48.1 1
20 6 10 9.0 46.4 2
25 6 10 8.5 45.3 3
30 6 9 8.1 45.3 4
35 6 9 8.1 45.3 5
40 6 9 8.0 43.8 6
45 6 9 8.0 43.8 7
50 6 9 7.8 44.4 8
55 6 9 7.8 44.4 9
60 6 8 7.5 43.9 10
65 6 8 7.2 41.4 11
70 5 8 6.9 41.1 12
75 5 8 6.7 40.1 13
80 5 8 6.6 42.0 14
85 5 8 6.5 42.3 15
90 5 8 6.5 42.3 16
95 5 7 6.4 41.6 17
100 5 7 6.4 41.6 18
105 5 7 6.4 41.6 19
110 5 7 6.4 41.6 20
115 5 7 6.4 41.6 21
120 5 7 6.4 41.6 22
125 5 7 6.4 41.6 23
130 5 7 6.2 40.4 24
135 5 7 6.1 40.3 25
140 5 7 6.1 40.3 26
145 5 7 6.1 40.3 27
150 5 7 6.1 40.3 28
155 5 7 6.1 40.3 29
160 4 7 5.8 38.6 30
165 4 7 5.8 38.6 31
170 4 7 5.8 38.6 32
175 4 7 5.8 38.6 33
180 4 7 5.8 38.6 34
185 4 7 5.8 38.6 35
190 4 7 5.7 37.3 36
195 4 7 5.7 37.3 37
200 4 6 5.5 35.5 38
205 4 6 5.4 36.0 39
210 4 6 5.4 36.0 40
215 4 6 5.4 36.0 41
220 4 6 5.4 36.0 42
225 4 6 5.4 36.0 43
230 4 6 5.4 36.0 44
235 4 6 5.4 36.0 45
240 4 6 5.4 36.0 46
245 4 6 5.3 36.1 47
250 4 6 5.2 36.0 48
255 4 6 5.2 36.0 49
260 4 6 5.2 36.0 50
265 4 6 5.2 36.0 51
270 4 6 5.2 36.0 52
275 4 6 5.2 36.0 53
280 4 6 5.2 36.0 54
285 4 6 5.2 36.0 55
290 4 6 5.2 36.0 56
295 4 6 5.1 35.5 57
300 4 6 5.1 35.5 58
305 4 6 5.1 35.5 59
310 4 6 5.1 35.5 60
315 4 6 5.1 35.5 61
320 4 6 5.0 34.4 62
325 4 6 5.0 34.4 63
330 4 6 5.0 34.4 64
335 4 6 5.0 34.4 65
340 4 6 5.0 34.4 66
345 4 6 5.0 34.4 67
350 4 6 5.0 34.4 68
355 4 6 5.0 34.4 69
360 4 6 5.0 34.4 70
365 4 6 5.0 34.4 71
370 4 5 4.9 33.3 72
375 4 5 4.9 33.3 73
380 4 5 4.9 33.3 74
385 4 5 4.9 33.3 75
390 4 5 4.9 33.3 76
395 4 5 4.9 33.3 77
400 4 5 4.9 33.3 78
405 4 5 4.9 33.3 79
410 4 5 4.9 33.3 80
415 4 5 4.9 33.3 81
420 4 5 4.9 33.3 82
425 4 5 4.9 33.3 83
430 4 5 4.9 33.3 84
435 4 5 4.9 33.3 85
440 4 5 4.9 33.3 86
445 4 5 4.9 33.3 87
450 4 5 4.9 33.3 88
455 4 5 4.9 33.3 89
460 4 5 4.9 33.3 90
465 4 5 4.9 33.3 91
470 4 5 4.9 33.3 92
475 4 5 4.9 33.3 93
480 4 5 4.9 33.3 94
485 4 5 4.9 33.3 95
490 4 5 4.9 33.3 96
495 4 5 4.9 33.3 97
500 4 5 4.9 33.3 98
505 4 5 4.9 33.3 99
510 4 5 4.9 33.3 100
515 4 5 4.9 33.3 101
520 4 5 4.9 33.3 102
525 4 5 4.9 33.3 103
530 4 5 4.9 33.3 104
535 4 5 4.9 33.3 105
540 4 5 4.9 33.3 106
545 4 5 4.9 33.3 107
550 4 5 4.9 33.3 108
555 4 5 4.9 33.3 109
560 4 5 4.9 33.3 110
565 4 5 4.9 33.3 111
570 4 5 4.9 33.3 112
575 4 5 4.9 33.3 113
580 4 5 4.9 33.3 114
585 4 5 4.9 33.3 115
590 4 5 4.9 33.3 116
595 4 5 4.8 32.2 117
600 4 5 4.8 32.2 118
605 4 5 4.8 32.2 119
610 4 5 4.8 32.2 120
615 3 5 4.6 30.4 121
620 3 5 4.6 30.4 122
625 3 5 4.6 30.4 123
630 3 5 4.6 30.4 124
635 3 5 4.6 30.4 125
640 3 5 4.6 30.4 126
645 3 5 4.6 30.4 127
650 3 5 4.6 30.4 128
655 3 5 4.6 30.4 129
660 3 5 4.6 30.4 130
665 3 5 4.6 30.4 131
670 3 5 4.6 30.4 132
675 3 5 4.6 30.4 133
680 3 5 4.6 30.4 134
685 3 5 4.6 30.4 135
690 3 5 4.6 30.4 136
695 3 5 4.6 30.4 137
700 3 5 4.6 30.4 138
705 3 5 4.6 30.4 139
710 3 5 4.6 30.4 140
715 3 5 4.6 30.4 141
720 3 5 4.6 30.4 142
725 3 5 4.6 30.4 143
730 3 5 4.6 30.4 144
735 3 5 4.6 30.4 145
740 3 5 4.6 30.4 146
745 3 5 4.6 30.4 147
750 3 5 4.6 30.4 148
755 3 5 4.6 30.4 149
760 3 5 4.6 30.4 150
765 3 5 4.6 30.4 151
770 3 5 4.6 30.4 152
775 3 5 4.6 30.4 153
780 3 5 4.6 30.4 154
785 3 5 4.6 30.4 155
790 3 5 4.6 30.4 156
795 3 5 4.6 30.4 157
800 3 5 4.6 30.4 158
805 3 5 4.6 30.4 159
810 3 5 4.6 30.4 160
815 3 5 4.6 30.4 161
820 3 5 4.5 28.9 162
825 3 5 4.5 28.9 163
830 3 5 4.5 28.9 164
835 3 5 4.5 28.9 165
840 3 5 4.5 28.9 166
845 3 5 4.5 28.9 167
850 3 5 4.5 28.9 168
855 3 5 4.5 28.9 169
860 3 5 4.5 28.9 170
865 3 5 4.5 28.9 171
870 3 5 4.5 28.9 172
875 3 5 4.5 28.9 173
880 3 5 4.5 28.9 174
885 3 5 4.5 28.9 175
890 3 5 4.5 28.9 176
895 3 5 4.5 28.9 177
900 3 5 4.5 28.9 178
905 3 5 4.5 28.9 179
910 3 5 4.5 28.9 180
915 3 5 4.5 28.9 181
920 3 5 4.5 28.9 182
925 3 5 4.5 28.9 183
930 3 5 4.5 28.9 184
935 3 5 4.4 29.8 185
940 3 5 4.4 29.8 186
945 3 5 4.4 29.8 187
950 3 5 4.4 29.8 188
955 3 5 4.4 29.8 189
960 3 5 4.4 29.8 190
965 3 5 4.4 29.8 191
970 3 5 4.4 29.8 192
975 3 5 4.4 29.8 193
980 3 5 4.4 29.8 194
985 3 5 4.4 29.8 195
990 3 5 4.4 29.8 196
995 3 5 4.4 29.8 197
1000 3 5 4.4 29.8 198
1005 3 5 4.4 29.8 199
1010 3 5 4.4 29.8 200
1015 3 5 4.4 29.8 201
1020 3 5 4.4 29.8 202
1025 3 5 4.4 29.8 203
1030 3 5 4.4 29.8 204
1035 3 5 4.4 29.8 205
1040 3 5 4.4 29.8 206
1045 3 5 4.4 29.8 207
1050 3 5 4.4 29.8 208
1055 3 5 4.4 29.8 209
1060 3 5 4.4 29.8 210
1065 3 5 4.4 29.8 211
1070 3 5 4.4 29.8 212
1075 3 5 4.4 29.8 213
1080 3 5 4.4 29.8 214
1085 3 5 4.3 29.3 215
1090 3 5 4.3 29.3 216
1095 3 5 4.3 29.3 217
1100 3 5 4.3 29.3 218
1105 3 5 4.3 29.3 219
1110 3 5 4.3 29.3 220
1115 3 5 4.3 29.3 221
1120 3 5 4.3 29.3 222
1125 3 5 4.3 29.3 223
1130 3 5 4.3 29.3 224
1135 3 5 4.3 29.3 225
1140 3 5 4.3 29.3 226
1145 3 5 4.3 29.3 227
1150 3 5 4.3 29.3 228
1155 3 5 4.3 29.3 229
1160 3 5 4.3 29.3 230
1165 3 5 4.3 29.3 231
1170 3 5 4.3 29.3 232
1175 3 5 4.3 29.3 233
1180 3 5 4.3 29.3 234
1185 3 5 4.3 29.3 235
1190 3 5 4.3 29.3 236
1195 3 5 4.3 29.3 237
1200 3 5 4.3 29.3 238
1205 3 5 4.3 29.3 239
1210 3 5 4.3 29.3 240
1215 3 5 4.3 29.3 241
1220 3 5 4.2 28.8 242
1225 3 5 4.2 28.8 243
1230 3 5 4.1 29.1 244
1235 3 5 4.1 29.1 245
1240 3 5 4.1 29.1 246
1245 3 5 4.1 29.1 247
1250 3 5 4.1 29.1 248
1255 3 5 4.1 29.1 249
1260 3 5 4.1 29.1 250
1265 3 5 4.1 29.1 251
1270 3 5 4.1 29.1 252
1275 3 5 4.1 29.1 253
1280 3 5 4.1 29.1 254
1285 3 5 4.1 29.1 255
1290 3 5 4.1 29.1 256
1295 3 5 4.1 29.1 257
1300 3 5 4.1 29.1 258
1305 3 5 4.1 29.1 259
1310 3 5 4.1 29.1 260
1315 3 5 4.1 29.1 261
1320 3 5 4.1 29.1 262
1325 3 5 4.1 29.1 263
1330 3 5 4.1 29.1 264
1335 3 5 4.1 29.1 265
1340 3 5 4.1 29.1 266
1345 3 5 4.1 29.1 267
1350 3 5 4.1 29.1 268
1355 3 5 4.1 29.1 269
1360 3 5 4.1 29.1 270
1365 3 5 4.1 29.1 271
1370 3 5 4.1 29.1 272
1375 3 5 4.1 29.1 273
1380 3 5 4.1 29.1 274
1385 3 5 4.1 29.1 275
1390 3 5 4.1 29.1 276
1395 3 5 4.1 29.1 277
1400 3 5 4.1 29.1 278
1405 3 5 4.1 29.1 279
1410 3 5 4.1 29.1 280
1415 3 5 4.1 29.1 281
1420 3 5 4.1 29.1 282
1425 3 5 4.1 29.1 283
1430 3 5 4.1 29.1 284
1435 3 5 4.1 29.1 285
1440 3 5 4.1 29.1 286
1445 3 5 4.1 29.1 287
1450 3 5 4.1 29.1 288
1455 3 5 4.1 29.1 289
1460 3 5 4.1 29.1 290
1465 3 5 4.1 29.1 291
1470 3 5 4.1 29.1 292
1475 3 5 4.1 29.1 293
1480 3 5 4.1 29.1 294
1485 3 5 4.1 29.1 295
1490 3 5 4.1 29.1 296
1495 3 5 4.1 29.1 297
1500 3 5 4.1 29.1 298
1505 3 5 4.1 29.1 299
1510 3 5 4.1 29.1 300
1515 3 5 4.1 29.1 301
1520 3 5 4.1 29.1 302
1525 3 5 4.1 29.1 303
1530 3 5 4.1 29.1 304
1535 3 5 4.1 29.1 305
1540 3 5 4.1 29.1 306
1545 3 5 4.1 29.1 307
1550 3 5 4.1 29.1 308
1555 3 5 4.1 29.1 309
1560 3 5 4.1 29.1 310
1565 3 5 4.1 29.1 311
1570 3 5 4.1 29.1 312
1575 3 5 4.1 29.1 313
1580 3 5 4.1 29.1 314
1585 3 5 4.1 29.1 315
1590 3 5 4.1 29.1 316
1595 3 5 4.1 29.1 317
1600 3 5 4.1 29.1 318
1605 3 5 4.1 29.1 319
1610 3 5 4.1 29.1 320
1615 3 5 4.1 29.1 321
1620 3 5 4.1 29.1 322
1625 3 5 4.1 29.1 323
1630 3 5 4.1 29.1 324
1635 3 5 4.1 29.1 325
1640 3 5 4.1 29.1 326
1645 3 5 4.0 29.4 327
1650 3 5 4.0 29.4 328
1655 3 5 4.0 29.4 329
1660 3 5 4.0 29.4 330
1665 3 5 4.0 29.4 331
1670 3 5 4.0 29.4 332
1675 3 5 4.0 29.4 333
1680 3 5 4.0 29.4 334
1685 3 5 4.0 29.4 335
1690 3 5 4.0 29.4 336
1695 3 5 4.0 29.4 337
1700 3 5 4.0 29.4 338
1705 3 5 4.0 29.4 339
1710 3 5 4.0 29.4 340
1715 3 5 4.0 29.4 341
1720 3 5 4.0 29.4 342
1725 3 5 4.0 29.4 343
1730 3 5 4.0 29.4 344
1735 3 5 4.0 29.4 345
1740 3 5 4.0 29.4 346
1745 3 5 4.0 29.4 347
1750 3 5 4.0 29.4 348
1755 3 5 4.0 29.4 349
1760 3 5 4.0 29.4 350
1765 3 5 4.0 29.4 351
1770 3 5 4.0 29.4 352
1775 3 5 4.0 29.4 353
1780 3 5 4.0 29.4 354
1785 3 5 4.0 29.4 355
1790 3 5 4.0 29.4 356
1795 3 5 4.0 29.4 357
1800 3 5 4.0 29.4 358
1805 3 5 4.0 29.4 359
1810 3 5 4.0 29.4 360
1815 3 5 4.0 29.4 361
1820 3 5 4.0 29.4 362
1825 3 5 4.0 29.4 363
1830 3 5 4.0 29.4 364
1835 3 5 4.0 29.4 365
1840 3 4 3.9 28.3 366
1845 3 4 3.9 28.3 367
1850 3 4 3.9 28.3 368
1855 3 4 3.9 28.3 369
1860 3 4 3.9 28.3 370
1865 3 4 3.9 28.3 371
1870 3 4 3.9 28.3 372
1875 3 4 3.9 28.3 373
1880 3 4 3.9 28.3 374
1885 3 4 3.9 28.3 375
1890 3 4 3.9 28.3 376
1895 3 4 3.9 28.3 377
1900 3 4 3.9 28.3 378
1905 3 4 3.9 28.3 379
1910 3 4 3.9 28.3 380
1915 3 4 3.9 28.3 381
1920 3 4 3.9 28.3 382
1925 3 4 3.9 28.3 383
1930 3 4 3.9 28.3 384
1935 3 4 3.9 28.3 385
1940 3 4 3.9 28.3 386
1945 3 4 3.9 28.3 387
1950 3 4 3.9 28.3 388
1955 3 4 3.9 28.3 389
1960 3 4 3.9 28.3 390
1965 3 4 3.9 28.3 391
1970 3 4 3.9 28.3 392
1975 3 4 3.9 28.3 393
1980 3 4 3.9 28.3 394
1985 3 4 3.9 28.3 395
1990 3 4 3.9 28.3 396
1995 3 4 3.9 28.3 397
2000 3 4 3.9 28.3 398
2005 3 4 3.9 28.3 399
2010 3 4 3.9 28.3 400
2015 3 4 3.9 28.3 401
2020 3 4 3.9 28.3 402
2025 3 4 3.9 28.3 403
2030 3 4 3.9 28.3 404
2035 3 4 3.9 28.3 405
2040 3 4 3.9 28.3 406
2045 3 4 3.9 28.3 407
2050 3 4 3.9 28.3 408
2055 3 4 3.9 28.3 409
2060 3 4 3.9 28.3 410
2065 3 4 3.9 28.3 411
2070 3 4 3.9 28.3 412
2075 3 4 3.9 28.3 413
2080 3 4 3.9 28.3 414
2085 3 4 3.9 28.3 415
2090 3 4 3.9 28.3 416
2095 3 4 3.9 28.3 417
2100 3 4 3.9 28.3 418
2105 3 4 3.9 28.3 419
2110 3 4 3.9 28.3 420
2115 3 4 3.9 28.3 421
2120 3 4 3.9 28.3 422
2125 3 4 3.9 28.3 423
2130 3 4 3.9 28.3 424
2135 3 4 3.9 28.3 425
2140 3 4 3.9 28.3 426
2145 3 4 3.9 28.3 427
2150 3 4 3.9 28.3 428
2155 3 4 3.9 28.3 429
2160 3 4 3.9 28.3 430
2165 3 4 3.9 28.3 431
2170 3 4 3.9 28.3 432
2175 3 4 3.9 28.3 433
2180 3 4 3.9 28.3 434
2185 3 4 3.9 28.3 435
2190 3 4 3.9 28.3 436
2195 3 4 3.9 28.3 437
2200 3 4 3.9 28.3 438
2205 3 4 3.9 28.3 439
2210 3 4 3.9 28.3 440
2215 3 4 3.9 28.3 441
2220 3 4 3.9 28.3 442
2225 3 4 3.9 28.3 443
2230 3 4 3.9 28.3 444
2235 3 4 3.9 28.3 445
2240 3 4 3.9 28.3 446
2245 3 4 3.9 28.3 447
2250 3 4 3.9 28.3 448
2255 3 4 3.9 28.3 449
2260 3 4 3.9 28.3 450
2265 3 4 3.9 28.3 451
2270 3 4 3.9 28.3 452
2275 3 4 3.9 28.3 453
2280 3 4 3.9 28.3 454
2285 3 4 3.9 28.3 455
2290 3 4 3.9 28.3 456
2295 3 4 3.9 28.3 457
2300 3 4 3.9 28.3 458
2305 3 4 3.9 28.3 459
2310 3 4 3.9 28.3 460
2315 3 4 3.9 28.3 461
2320 3 4 3.9 28.3 462
2325 3 4 3.9 28.3 463
2330 3 4 3.9 28.3 464
2335 3 4 3.9 28.3 465
2340 3 4 3.9 28.3 466
2345 3 4 3.9 28.3 467
2350 3 4 3.9 28.3 468
2355 3 4 3.9 28.3 469
2360 3 4 3.9 28.3 470
2365 3 4 3.9 28.3 471
2370 3 4 3.9 28.3 472
2375 3 4 3.9 28.3 473
2380 3 4 3.9 28.3 474
2385 3 4 3.9 28.3 475
2390 3 4 3.9 28.3 476
2395 3 4 3.9 28.3 477
2400 3 4 3.9 28.3 478
2405 3 4 3.9 28.3 479
2410 3 4 3.9 28.3 480
2415 3 4 3.9 28.3 481
2420 3 4 3.9 28.3 482
2425 3 4 3.9 28.3 483
2430 3 4 3.9 28.3 484
2435 3 4 3.9 28.3 485
2440 3 4 3.9 28.3 486
2445 3 4 3.9 28.3 487
2450 3 4 3.9 28.3 488
2455 3 4 3.9 28.3 489
2460 3 4 3.9 28.3 490
2465 3 4 3.9 28.3 491
2470 3 4 3.9 28.3 492
2475 3 4 3.9 28.3 493
2480 3 4 3.9 28.3 494
2485 3 4 3.9 28.3 495
2490 3 4 3.9 28.3 496
2495 3 4 3.9 28.3 497
2500 3 4 3.9 28.3 498
2505 3 4 3.9 28.3 499
2510 3 4 3.9 28.3 500
2515 3 4 3.9 28.3 501
2520 3 4 3.9 28.3 502
2525 3 4 3.9 28.3 503
2530 3 4 3.9 28.3 504
2535 3 4 3.9 28.3 505
2540 3 4 3.9 28.3 506
2545 3 4 3.9 28.3 507
2550 3 4 3.9 28.3 508
2555 3 4 3.9 28.3 509
2560 3 4 3.9 28.3 510
2565 3 4 3.9 28.3 511
2570 3 4 3.9 28.3 512
2575 3 4 3.9 28.3 513
2580 3 4 3.9 28.3 514
2585 3 4 3.9 28.3 515
2590 3 4 3.9 28.3 516
2595 3 4 3.9 28.3 517
2600 3 4 3.9 28.3 518
2605 3 4 3.9 28.3 519
2610 3 4 3.9 28.3 520
2615 3 4 3.9 28.3 521
2620 3 4 3.9 28.3 522
2625 3 4 3.9 28.3 523
2630 3 4 3.9 28.3 524
2635 3 4 3.9 28.3 525
2640 3 4 3.9 28.3 526
2645 3 4 3.9 28.3 527
2650 3 4 3.9 28.3 528
2655 3 4 3.9 28.3 529
2660 3 4 3.9 28.3 530
2665 3 4 3.9 28.3 531
2670 3 4 3.9 28.3 532
2675 3 4 3.9 28.3 533
2680 3 4 3.9 28.3 534
2685 3 4 3.9 28.3 535
2690 3 4 3.9 28.3 536
2695 3 4 3.9 28.3 537
2700 3 4 3.9 28.3 538
2705 3 4 3.9 28.3 539
2710 3 4 3.9 28.3 540
2715 3 4 3.9 28.3 541
2720 3 4 3.9 28.3 542
2725 3 4 3.9 28.3 543
2730 3 4 3.9 28.3 544
2735 3 4 3.9 28.3 545
2740 3 4 3.9 28.3 546
2745 3 4 3.9 28.3 547
2750 3 4 3.9 28.3 548
2755 3 4 3.9 28.3 549
2760 3 4 3.9 28.3 550
2765 3 4 3.9 28.3 551
2770 3 4 3.9 28.3 552
2775 3 4 3.9 28.3 553
2780 3 4 3.9 28.3 554
2785 3 4 3.9 28.3 555
2790 3 4 3.9 28.3 556
2795 3 4 3.9 28.3 557
2800 3 4 3.9 28.3 558
2805 3 4 3.9 28.3 559
2810 3 4 3.9 28.3 560
2815 3 4 3.9 28.3 561
2820 3 4 3.9 28.3 562
2825 3 4 3.9 28.3 563
2830 3 4 3.9 28.3 564
2835 3 4 3.9 28.3 565
2840 3 4 3.9 28.3 566
2845 3 4 3.9 28.3 567
2850 3 4 3.9 28.3 568
2855 3 4 3.9 28.3 569
2860 3 4 3.9 28.3 570
2865 3 4 3.9 28.3 571
2870 3 4 3.9 28.3 572
2875 3 4 3.9 28.3 573
2880 3 4 3.9 28.3 574
2885 3 4 3.9 28.3 575
2890 3 4 3.9 28.3 576
2895 3 4 3.9 28.3 577
2900 3 4 3.9 28.3 578
2905 3 4 3.9 28.3 579
2910 3 4 3.9 28.3 580
2915 3 4 3.9 28.3 581
2920 3 4 3.9 28.3 582
2925 3 4 3.9 28.3 583
2930 3 4 3.9 28.3 584
2935 3 4 3.9 28.3 585
2940 3 4 3.9 28.3 586
2945 3 4 3.9 28.3 587
2950 3 4 3.9 28.3 588
2955 3 4 3.9 28.3 589
2960 3 4 3.9 28.3 590
2965 3 4 3.9 28.3 591
2970 3 4 3.9 28.3 592
2975 3 4 3.9 28.3 593
2980 3 4 3.9 28.3 594
2985 3 4 3.9 28.3 595
2990 3 4 3.9 28.3 596
2995 3 4 3.9 28.3 597
3000 3 4 3.9 28.3 598
3005 3 4 3.9 28.3 599
3010 3 4 3.9 28.3 600
3015 3 4 3.9 28.3 601
3020 3 4 3.9 28.3 602
3025 3 4 3.9 28.3 603
3030 3 4 3.9 28.3 604
3035 3 4 3.9 28.3 605
3040 3 4 3.9 28.3 606
3045 3 4 3.9 28.3 607
3050 3 4 3.9 28.3 608
3055 3 4 3.9 28.3 609
3060 3 4 3.9 28.3 610
3065 3 4 3.9 28.3 611
3070 3 4 3.9 28.3 612
3075 3 4 3.9 28.3 613
3080 3 4 3.9 28.3 614
3085 3 4 3.9 28.3 615
3090 3 4 3.9 28.3 616
3095 3 4 3.9 28.3 617
3100 3 4 3.9 28.3 618
3105 3 4 3.9 28.3 619
3110 3 4 3.9 28.3 620
3115 3 4 3.9 28.3 621
3120 3 4 3.9 28.3 622
3125 3 4 3.9 28.3 623
3130 3 4 3.9 28.3 624
3135 3 4 3.9 28.3 625
3140 3 4 3.9 28.3 626
3145 3 4 3.9 28.3 627
3150 3 4 3.9 28.3 628
3155 3 4 3.9 28.3 629
3160 3 4 3.9 28.3 630
3165 3 4 3.9 28.3 631
3170 3 4 3.9 28.3 632
3175 3 4 3.9 28.3 633
3180 3 4 3.9 28.3 634
3185 3 4 3.9 28.3 635
3190 3 4 3.9 28.3 636
3195 3 4 3.9 28.3 637
3200 3 4 3.9 28.3 638
3205 3 4 3.9 28.3 639
3210 3 4 3.9 28.3 640
3215 3 4 3.9 28.3 641
3220 3 4 3.9 28.3 642
3225 3 4 3.9 28.3 643
3230 3 4 3.9 28.3 644
3235 3 4 3.9 28.3 645
3240 3 4 3.9 28.3 646
3245 3 4 3.9 28.3 647
3250 3 4 3.9 28.3 648
3255 3 4 3.9 28.3 649
3260 3 4 3.9 28.3 650
3265 3 4 3.9 28.3 651
3270 3 4 3.9 28.3 652
3275 3 4 3.9 28.3 653
3280 3 4 3.9 28.3 654
3285 3 4 3.9 28.3 655
3290 3 4 3.9 28.3 656
3295 3 4 3.9 28.3 657
3300 3 4 3.9 28.3 658
3305 3 4 3.9 28.3 659
3310 3 4 3.9 28.3 660
3315 3 4 3.9 28.3 661
3320 3 4 3.9 28.3 662
3325 3 4 3.9 28.3 663
3330 3 4 3.9 28.3 664
3335 3 4 3.9 28.3 665
3340 3 4 3.9 28.3 666
3345 3 4 3.9 28.3 667
3350 3 4 3.9 28.3 668
3355 3 4 3.9 28.3 669
3360 3 4 3.9 28.3 670
3365 3 4 3.9 28.3 671
3370 3 4 3.9 28.3 672
3375 3 4 3.9 28.3 673
3380 3 4 3.9 28.3 674
3385 3 4 3.9 28.3 675
3390 3 4 3.9 28.3 676
3395 3 4 3.9 28.3 677
3400 3 4 3.9 28.3 678
3405 3 4 3.9 28.3 679
3410 3 4 3.9 28.3 680
3415 3 4 3.9 28.3 681
3420 3 4 3.9 28.3 682
3425 3 4 3.9 28.3 683
3430 3 4 3.9 28.3 684
3435 3 4 3.9 28.3 685
3440 3 4 3.9 28.3 686
3445 3 4 3.9 28.3 687
3450 3 4 3.9 28.3 688
3455 3 4 3.9 28.3 689
3460 3 4 3.9 28.3 690
3465 3 4 3.9 28.3 691
3470 3 4 3.9 28.3 692
3475 3 4 3.9 28.3 693
3480 3 4 3.9 28.3 694
3485 3 4 3.9 28.3 695
3490 3 4 3.9 28.3 696
3495 3 4 3.9 28.3 697
3500 3 4 3.9 28.3 698
3505 3 4 3.9 28.3 699
3510 3 4 3.9 28.3 700
3515 3 4 3.9 28.3 701
3520 3 4 3.9 28.3 702
3525 3 4 3.9 28.3 703
3530 3 4 3.9 28.3 704
3535 3 4 3.9 28.3 705
3540 3 4 3.9 28.3 706
3545 3 4 3.9 28.3 707
3550 3 4 3.9 28.3 708
3555 3 4 3.9 28.3 709
3560 3 4 3.9 28.3 710
3565 3 4 3.9 28.3 711
3570 3 4 3.9 28.3 712
3575 3 4 3.9 28.3 713
3580 3 4 3.9 28.3 714
3585 3 4 3.9 28.3 715
3590 3 4 3.9 28.3 716
3595 3 4 3.9 28.3 717
3600 3 4 3.9 28.3 718
3605 3 4 3.9 28.3 719
3610 3 4 3.9 28.3 720
3615 3 4 3.9 28.3 721
3620 3 4 3.9 28.3 722
3625 3 4 3.9 28.3 723
3630 3 4 3.9 28.3 724
3635 3 4 3.9 28.3 725
3640 3 4 3.9 28.3 726
3645 3 4 3.9 28.3 727
3650 3 4 3.9 28.3 728
3655 3 4 3.9 28.3 729
3660 3 4 3.9 28.3 730
3665 3 4 3.9 28.3 731
3670 3 4 3.9 28.3 732
3675 3 4 3.9 28.3 733
3680 3 4 3.9 28.3 734
3685 3 4 3.9 28.3 735
3690 3 4 3.9 28.3 736
3695 3 4 3.9 28.3 737
3700 3 4 3.9 28.3 738
3705 3 4 3.9 28.3 739
3710 3 4 3.9 28.3 740
3715 3 4 3.9 28.3 741
3720 3 4 3.9 28.3 742
3725 3 4 3.9 28.3 743
3730 3 4 3.9 28.3 744
3735 3 4 3.9 28.3 745
3740 3 4 3.9 28.3 746
3745 3 4 3.9 28.3 747
3750 3 4 3.9 28.3 748
3755 3 4 3.9 28.3 749
3760 3 4 3.9 28.3 750
3765 3 4 3.9 28.3 751
3770 3 4 3.9 28.3 752
3775 3 4 3.9 28.3 753
3780 3 4 3.9 28.3 754
3785 3 4 3.9 28.3 755
3790 3 4 3.9 28.3 756
3795 3 4 3.9 28.3 757
3800 3 4 3.9 28.3 758
3805 3 4 3.9 28.3 759
3810 3 4 3.9 28.3 760
3815 3 4 3.9 28.3 761
3820 3 4 3.9 28.3 762
3825 3 4 3.9 28.3 763
3830 3 4 3.9 28.3 764
3835 3 4 3.9 28.3 765
3840 3 4 3.9 28.3 766
3845 3 4 3.9 28.3 767
3850 3 4 3.9 28.3 768
3855 3 4 3.9 28.3 769
3860 3 4 3.9 28.3 770
3865 3 4 3.9 28.3 771
3870 3 4 3.9 28.3 772
3875 3 4 3.9 28.3 773
3880 3 4 3.9 28.3 774
3885 3 4 3.9 28.3 775
3890 3 4 3.9 28.3 776
3895 3 4 3.9 28.3 777
3900 3 4 3.9 28.3 778
3905 3 4 3.9 28.3 779
3910 3 4 3.9 28.3 780
3915 3 4 3.9 28.3 781
3920 3 4 3.9 28.3 782
3925 3 4 3.9 28.3 783
3930 3 4 3.9 28.3 784
3935 3 4 3.9 28.3 785
3940 3 4 3.9 28.3 786
3945 3 4 3.9 28.3 787
3950 3 4 3.9 28.3 788
3955 3 4 3.9 28.3 789
3960 3 4 3.9 28.3 790
3965 3 4 3.9 28.3 791
3970 3 4 3.9 28.3 792
3975 3 4 3.9 28.3 793
3980 3 4 3.9 28.3 794
3985 3 4 3.9 28.3 795
3990 3 4 3.9 28.3 796
3995 3 4 3.9 28.3 797
4000 3 4 3.9 28.3 798
4005 3 4 3.9 28.3 799
4010 3 4 3.9 28.3 800
4015 3 4 3.9 28.3 801
4020 3 4 3.9 28.3 802
4025 3 4 3.9 28.3 803
4030 3 4 3.9 28.3 804
4035 3 4 3.9 28.3 805
4040 3 4 3.9 28.3 806
4045 3 4 3.9 28.3 807
4050 3 4 3.9 28.3 808
4055 3 4 3.9 28.3 809
4060 3 4 3.9 28.3 810
4065 3 4 3.9 28.3 811
4070 3 4 3.9 28.3 812
4075 3 4 3.9 28.3 813
4080 3 4 3.9 28.3 814
4085 3 4 3.9 28.3 815
4090 3 4 3.9 28.3 816
4095 3 4 3.9 28.3 817
4100 3 4 3.9 28.3 818
4105 3 4 3.9 28.3 819
4110 3 4 3.9 28.3 820
4115 3 4 3.9 28.3 821
4120 3 4 3.9 28.3 822
4125 3 4 3.9 28.3 823
4130 3 4 3.9 28.3 824
4135 3 4 3.9 28.3 825
4140 3 4 3.9 28.3 826
4145 3 4 3.9 28.3 827
4150 3 4 3.9 28.3 828
4155 3 4 3.9 28.3 829
4160 3 4 3.9 28.3 830
4165 3 4 3.9 28.3 831
4170 3 4 3.9 28.3 832
4175 3 4 3.9 28.3 833
4180 3 4 3.9 28.3 834
4185 3 4 3.9 28.3 835
4190 3 4 3.9 28.3 836
4195 3 4 3.9 28.3 837
4200 3 4 3.9 28.3 838
4205 3 4 3.9 28.3 839
4210 3 4 3.9 28.3 840
4215 3 4 3.9 28.3 841
4220 3 4 3.9 28.3 842
4225 3 4 3.9 28.3 843
4230 3 4 3.9 28.3 844
4235 3 4 3.9 28.3 845
4240 3 4 3.9 28.3 846
4245 3 4 3.9 28.3 847
4250 3 4 3.9 28.3 848
4255 3 4 3.9 28.3 849
4260 3 4 3.9 28.3 850
4265 3 4 3.9 28.3 851
4270 3 4 3.9 28.3 852
4275 3 4 3.9 28.3 853
4280 3 4 3.9 28.3 854
4285 3 4 3.9 28.3 855
4290 3 4 3.9 28.3 856
4295 3 4 3.9 28.3 857
4300 3 4 3.9 28.3 858
4305 3 4 3.9 28.3 859
4310 3 4 3.9 28.3 860
4315 3 4 3.9 28.3 861
4320 3 4 3.9 28.3 862
4325 3 4 3.9 28.3 863
4330 3 4 3.9 28.3 864
4335 3 4 3.9 28.3 865
4340 3 4 3.9 28.3 866
4345 3 4 3.9 28.3 867
4350 3 4 3.9 28.3 868
4355 3 4 3.9 28.3 869
4360 3 4 3.9 28.3 870
4365 3 4 3.9 28.3 871
4370 3 4 3.9 28.3 872
4375 3 4 3.9 28.3 873
4380 3 4 3.9 28.3 874
4385 3 4 3.9 28.3 875
4390 3 4 3.9 28.3 876
4395 3 4 3.9 28.3 877
4400 3 4 3.9 28.3 878
4405 3 4 3.9 28.3 879
4410 3 4 3.9 28.3 880
4415 3 4 3.9 28.3 881
4420 3 4 3.9 28.3 882
4425 3 4 3.9 28.3 883
4430 3 4 3.9 28.3 884
4435 3 4 3.9 28.3 885
4440 3 4 3.9 28.3 886
4445 3 4 3.9 28.3 887
4450 3 4 3.9 28.3 888
4455 3 4 3.9 28.3 889
4460 3 4 3.9 28.3 890
4465 3 4 3.9 28.3 891
4470 3 4 3.9 28.3 892
4475 3 4 3.9 28.3 893
4480 3 4 3.9 28.3 894
4485 3 4 3.9 28.3 895
4490 3 4 3.9 28.3 896
4495 3 4 3.9 28.3 897
4500 3 4 3.9 28.3 898
4505 3 4 3.9 28.3 899
4510 3 4 3.9 28.3 900
4515 3 4 3.9 28.3 901
4520 3 4 3.9 28.3 902
4525 3 4 3.9 28.3 903
4530 3 4 3.9 28.3 904
4535 3 4 3.9 28.3 905
4540 3 4 3.9 28.3 906
4545 3 4 3.9 28.3 907
4550 3 4 3.9 28.3 908
4555 3 4 3.9 28.3 909
4560 3 4 3.9 28.3 910
4565 3 4 3.9 28.3 911
4570 3 4 3.9 28.3 912
4575 3 4 3.9 28.3 913
4580 3 4 3.9 28.3 914
4585 3 4 3.9 28.3 915
4590 3 4 3.9 28.3 916
4595 3 4 3.9 28.3 917
4600 3 4 3.9 28.3 918
4605 3 4 3.9 28.3 919
4610 3 4 3.9 28.3 920
4615 3 4 3.9 28.3 921
4620 3 4 3.9 28.3 922
4625 3 4 3.9 28.3 923
4630 3 4 3.9 28.3 924
4635 3 4 3.9 28.3 925
4640 3 4 3.9 28.3 926
4645 3 4 3.9 28.3 927
4650 3 4 3.9 28.3 928
4655 3 4 3.9 28.3 929
4660 3 4 3.9 28.3 930
4665 3 4 3.9 28.3 931
4670 3 4 3.9 28.3 932
4675 3 4 3.9 28.3 933
4680 3 4 3.9 28.3 934
4685 3 4 3.9 28.3 935
4690 3 4 3.9 28.3 936
4695 3 4 3.9 28.3 937
4700 3 4 3.9 28.3 938
4705 3 4 3.9 28.3 939
4710 3 4 3.9 28.3 940
4715 3 4 3.9 28.3 941
4720 3 4 3.9 28.3 942
4725 3 4 3.9 28.3 943
4730 3 4 3.9 28.3 944
4735 3 4 3.9 28.3 945
4740 3 4 3.9 28.3 946
4745 3 4 3.9 28.3 947
4750 3 4 3.8 27.8 948
4755 3 4 3.8 27.8 949
4760 3 4 3.8 27.8 950
4765 3 4 3.8 27.8 951
4770 3 4 3.8 27.8 952
4775 3 4 3.8 27.8 953
4780 3 4 3.8 27.8 954
4785 3 4 3.8 27.8 955
4790 3 4 3.8 27.8 956
4795 3 4 3.8 27.8 957
4800 3 4 3.8 27.8 958
4805 3 4 3.8 27.8 959
4810 3 4 3.8 27.8 960
4815 3 4 3.8 27.8 961
4820 3 4 3.8 27.8 962
4825 3 4 3.8 27.8 963
4830 3 4 3.8 27.8 964
4835 3 4 3.8 27.8 965
4840 3 4 3.8 27.8 966
4845 3 4 3.8 27.8 967
4850 3 4 3.8 27.8 968
4855 3 4 3.8 27.8 969
4860 3 4 3.8 27.8 970
4865 3 4 3.8 27.8 971
4870 3 4 3.8 27.8 972
4875 3 4 3.8 27.8 973
4880 3 4 3.8 27.8 974
4885 3 4 3.8 27.8 975
4890 3 4 3.8 27.8 976
4895 3 4 3.8 27.8 977
4900 3 4 3.8 27.8 978
4905 3 4 3.8 27.8 979
4910 3 4 3.8 27.8 980
4915 3 4 3.8 27.8 981
4920 3 4 3.8 27.8 982
4925 3 4 3.8 27.8 983
4930 3 4 3.8 27.8 984
4935 3 4 3.8 27.8 985
4940 3 4 3.8 27.8 986
4945 3 4 3.8 27.8 987
4950 3 4 3.8 27.8 988
4955 3 4 3.8 27.8 989
4960 3 4 3.8 27.8 990
4965 3 4 3.8 27.8 991
4970 3 4 3.8 27.8 992
4975 3 4 3.8 27.8 993
4980 3 4 3.8 27.8 994
4985 3 4 3.8 27.8 995
4990 3 4 3.8 27.8 996
4995 3 4 3.8 27.8 997
5000 3 4 3.8 27.8 998
5005 3 4 3.8 27.8 999
5010 3 4 3.8 27.8 1000
# Solution finale : 111000110000111000001 (3)
# Optimum         : 111000111000111000111
