# Execution avec les parametre suivants:
# {taillePopulationEnfants=5, verbose=false, tauxMutation=0.5, taillePopulationParents=10, maxEvaluations=30000, maxGenerations=1000, optimum=111000111000111000111, tailleTournoi=5}
# Optimum : 111000111000111000111
# Dimension : 21
15 7 12 10.2 48.8 1
20 7 11 10.1 46.7 2
25 6 11 8.9 47.9 3
30 6 10 8.8 47.0 4
35 6 10 8.7 46.9 5
40 6 10 8.3 44.9 6
45 5 9 7.7 42.1 7
50 5 9 7.4 42.4 8
55 5 9 7.4 42.4 9
60 5 8 7.0 41.6 10
65 5 8 6.9 42.5 11
70 5 8 6.9 42.5 12
75 5 8 6.8 42.0 13
80 5 8 6.8 42.0 14
85 5 8 6.6 40.4 15
90 5 7 6.5 39.7 16
95 5 7 6.5 39.7 17
100 5 7 6.5 39.7 18
105 5 7 6.5 39.7 19
110 5 7 6.3 39.3 20
115 5 7 6.1 39.9 21
120 5 7 6.1 39.9 22
125 5 7 6.1 39.9 23
130 5 7 6.1 39.9 24
135 5 7 6.0 39.8 25
140 5 7 6.0 39.8 26
145 5 7 6.0 39.8 27
150 5 7 6.0 39.8 28
155 5 7 6.0 39.8 29
160 5 7 6.0 39.8 30
165 5 7 6.0 39.8 31
170 5 7 6.0 39.8 32
175 5 7 6.0 39.8 33
180 5 7 5.9 38.7 34
185 5 7 5.8 38.6 35
190 5 7 5.8 38.6 36
195 5 6 5.7 36.5 37
200 5 6 5.7 36.5 38
205 5 6 5.7 36.5 39
210 5 6 5.7 36.5 40
215 5 6 5.7 36.5 41
220 5 6 5.7 36.5 42
225 5 6 5.7 36.5 43
230 5 6 5.7 36.5 44
235 5 6 5.7 36.5 45
240 5 6 5.7 36.5 46
245 5 6 5.7 36.5 47
250 5 6 5.7 36.5 48
255 5 6 5.7 36.5 49
260 5 6 5.7 36.5 50
265 5 6 5.7 36.5 51
270 5 6 5.7 36.5 52
275 5 6 5.7 36.5 53
280 5 6 5.7 36.5 54
285 5 6 5.7 36.5 55
290 5 6 5.7 36.5 56
295 5 6 5.7 36.5 57
300 5 6 5.7 36.5 58
305 5 6 5.7 36.5 59
310 5 6 5.7 36.5 60
315 5 6 5.7 36.5 61
320 5 6 5.6 37.4 62
325 5 6 5.6 37.4 63
330 5 6 5.6 37.4 64
335 5 6 5.6 37.4 65
340 5 6 5.6 37.4 66
345 5 6 5.6 37.4 67
350 5 6 5.5 36.3 68
355 5 6 5.5 36.3 69
360 5 6 5.5 36.3 70
365 5 6 5.5 36.3 71
370 5 6 5.5 36.3 72
375 5 6 5.5 36.3 73
380 5 6 5.5 36.3 74
385 5 6 5.5 36.3 75
390 5 6 5.5 36.3 76
395 5 6 5.5 36.3 77
400 5 6 5.5 36.3 78
405 5 6 5.5 36.3 79
410 5 6 5.5 36.3 80
415 5 6 5.5 36.3 81
420 5 6 5.4 36.4 82
425 5 6 5.3 34.9 83
430 5 6 5.3 34.9 84
435 5 6 5.3 34.9 85
440 5 6 5.3 34.9 86
445 5 6 5.2 35.4 87
450 5 6 5.2 35.4 88
455 5 6 5.2 35.4 89
460 5 6 5.2 35.4 90
465 5 6 5.2 35.4 91
470 5 6 5.2 35.4 92
475 5 6 5.2 35.4 93
480 5 6 5.2 35.4 94
485 5 6 5.2 35.4 95
490 5 6 5.2 35.4 96
495 5 6 5.2 35.4 97
500 5 6 5.2 35.4 98
505 5 6 5.2 35.4 99
510 5 6 5.2 35.4 100
515 5 6 5.1 35.5 101
520 2 5 4.7 34.3 102
525 2 5 4.7 34.3 103
530 2 5 4.7 34.3 104
535 2 5 4.7 34.3 105
540 2 5 4.7 34.3 106
545 2 5 4.7 34.3 107
550 2 5 4.7 34.3 108
555 2 5 4.7 34.3 109
560 2 5 4.7 34.3 110
565 2 5 4.7 34.3 111
570 2 5 4.7 34.3 112
575 2 5 4.7 34.3 113
580 2 5 4.7 34.3 114
585 2 5 4.7 34.3 115
590 2 5 4.7 34.3 116
595 2 5 4.7 34.3 117
600 2 5 4.7 34.3 118
605 2 5 4.7 34.3 119
610 2 5 4.7 34.3 120
615 2 5 4.7 34.3 121
620 2 5 4.7 34.3 122
625 2 5 4.7 34.3 123
630 2 5 4.7 34.3 124
635 2 5 4.7 34.3 125
640 2 5 4.7 34.3 126
645 2 5 4.7 34.3 127
650 2 5 4.7 34.3 128
655 2 5 4.7 34.3 129
660 2 5 4.7 34.3 130
665 2 5 4.7 34.3 131
670 2 5 4.7 34.3 132
675 2 5 4.7 34.3 133
680 2 5 4.7 34.3 134
685 2 5 4.7 34.3 135
690 2 5 4.7 34.3 136
695 2 5 4.7 34.3 137
700 2 5 4.7 34.3 138
705 2 5 4.7 34.3 139
710 2 5 4.6 33.2 140
715 2 5 4.6 33.2 141
720 2 5 4.6 33.2 142
725 2 5 4.6 33.2 143
730 2 5 4.6 33.2 144
735 2 5 4.6 33.2 145
740 2 5 4.6 33.2 146
745 2 5 4.6 33.2 147
750 2 5 4.6 33.2 148
755 2 5 4.6 33.2 149
760 2 5 4.6 33.2 150
765 2 5 4.6 33.2 151
770 2 5 4.6 33.2 152
775 2 5 4.6 33.2 153
780 2 5 4.6 33.2 154
785 2 5 4.6 33.2 155
790 2 5 4.6 33.2 156
795 2 5 4.6 33.2 157
800 2 5 4.6 33.2 158
805 2 5 4.6 33.2 159
810 2 5 4.6 33.2 160
815 2 5 4.6 33.2 161
820 2 5 4.6 33.2 162
825 2 5 4.6 33.2 163
830 2 5 4.6 33.2 164
835 2 5 4.6 33.2 165
840 2 5 4.6 33.2 166
845 2 5 4.6 33.2 167
850 2 5 4.6 33.2 168
855 2 5 4.6 33.2 169
860 2 5 4.6 33.2 170
865 2 5 4.6 33.2 171
870 2 5 4.6 33.2 172
875 2 5 4.6 33.2 173
880 2 5 4.6 33.2 174
885 2 5 4.6 33.2 175
890 2 5 4.6 33.2 176
895 2 5 4.6 33.2 177
900 2 5 4.6 33.2 178
905 2 5 4.6 33.2 179
910 2 5 4.6 33.2 180
915 2 5 4.6 33.2 181
920 2 5 4.6 33.2 182
925 2 5 4.6 33.2 183
930 2 5 4.6 33.2 184
935 2 5 4.6 33.2 185
940 2 5 4.6 33.2 186
945 2 5 4.6 33.2 187
950 2 5 4.6 33.2 188
955 2 5 4.6 33.2 189
960 2 5 4.5 32.9 190
965 2 5 4.5 32.9 191
970 2 5 4.5 32.9 192
975 2 5 4.5 32.9 193
980 2 5 4.5 32.9 194
985 2 5 4.5 32.9 195
990 2 5 4.5 32.9 196
995 2 5 4.5 32.9 197
1000 2 5 4.5 32.9 198
1005 2 5 4.5 32.9 199
1010 2 5 4.5 32.9 200
1015 2 5 4.5 32.9 201
1020 2 5 4.5 32.9 202
1025 2 5 4.5 32.9 203
1030 2 5 4.5 32.9 204
1035 2 5 4.5 32.9 205
1040 2 5 4.5 32.9 206
1045 2 5 4.5 32.9 207
1050 2 5 4.5 32.9 208
1055 2 5 4.5 32.9 209
1060 2 5 4.5 32.9 210
1065 2 5 4.5 32.9 211
1070 2 5 4.3 31.5 212
1075 2 5 4.3 31.5 213
1080 2 5 4.3 31.5 214
1085 2 5 4.3 31.5 215
1090 2 5 4.2 30.2 216
1095 2 5 4.2 30.2 217
1100 2 5 4.2 30.2 218
1105 2 5 4.2 30.2 219
1110 2 5 4.2 30.2 220
1115 2 5 4.2 30.2 221
1120 2 5 4.2 30.2 222
1125 2 5 4.2 30.2 223
1130 2 5 4.2 30.2 224
1135 2 5 4.2 30.2 225
1140 2 5 4.2 30.2 226
1145 2 5 4.2 30.2 227
1150 2 5 4.2 30.2 228
1155 2 5 4.2 30.2 229
1160 2 5 4.2 30.2 230
1165 2 5 4.2 30.2 231
1170 2 5 4.2 30.2 232
1175 2 5 4.2 30.2 233
1180 2 5 4.2 30.2 234
1185 2 5 4.2 30.2 235
1190 2 5 4.2 30.2 236
1195 2 5 4.2 30.2 237
1200 2 5 4.2 30.2 238
1205 2 5 4.2 30.2 239
1210 2 5 4.2 30.2 240
1215 2 5 4.2 30.2 241
1220 2 5 4.2 30.2 242
1225 2 5 4.2 30.2 243
1230 2 5 4.2 30.2 244
1235 2 5 4.2 30.2 245
1240 2 5 4.2 30.2 246
1245 2 5 4.2 30.2 247
1250 2 5 4.2 30.2 248
1255 2 5 4.2 30.2 249
1260 2 5 4.2 30.2 250
1265 2 5 4.2 30.2 251
1270 2 5 4.2 30.2 252
1275 2 5 4.2 30.2 253
1280 2 5 4.2 30.2 254
1285 2 5 4.2 30.2 255
1290 2 5 4.2 30.2 256
1295 2 5 4.2 30.2 257
1300 2 5 4.2 30.2 258
1305 2 5 4.2 30.2 259
1310 2 5 4.2 30.2 260
1315 2 5 4.2 30.2 261
1320 2 5 4.2 30.2 262
1325 2 5 4.2 30.2 263
1330 2 5 4.2 30.2 264
1335 2 5 4.2 30.2 265
1340 2 5 4.2 30.2 266
1345 2 5 4.2 30.2 267
1350 2 5 4.2 30.2 268
1355 2 5 4.2 30.2 269
1360 2 5 4.2 30.2 270
1365 2 5 4.2 30.2 271
1370 2 5 4.2 30.2 272
1375 2 5 4.2 30.2 273
1380 2 5 4.2 30.2 274
1385 2 5 4.2 30.2 275
1390 2 5 4.2 30.2 276
1395 2 5 4.2 30.2 277
1400 2 5 4.2 30.2 278
1405 2 5 4.2 30.2 279
1410 2 5 4.2 30.2 280
1415 2 5 4.2 30.2 281
1420 2 5 4.2 30.2 282
1425 2 5 4.2 30.2 283
1430 2 5 4.2 30.2 284
1435 2 5 4.2 30.2 285
1440 2 5 4.2 30.2 286
1445 2 5 4.2 30.2 287
1450 2 5 4.2 30.2 288
1455 2 5 4.2 30.2 289
1460 2 5 4.2 30.2 290
1465 2 5 4.2 30.2 291
1470 2 5 4.2 30.2 292
1475 2 5 4.2 30.2 293
1480 2 5 4.2 30.2 294
1485 2 5 4.2 30.2 295
1490 2 5 4.2 30.2 296
1495 2 5 4.2 30.2 297
1500 2 5 4.2 30.2 298
1505 2 5 4.2 30.2 299
1510 2 5 4.2 30.2 300
1515 2 5 4.2 30.2 301
1520 2 5 4.2 30.2 302
1525 2 5 4.2 30.2 303
1530 2 5 4.2 30.2 304
1535 2 5 4.2 30.2 305
1540 2 5 4.2 30.2 306
1545 2 5 4.2 30.2 307
1550 2 5 4.2 30.2 308
1555 2 5 4.2 30.2 309
1560 2 5 4.2 30.2 310
1565 2 5 4.2 30.2 311
1570 2 5 4.2 30.2 312
1575 2 5 4.0 28.6 313
1580 2 5 4.0 28.6 314
1585 2 5 4.0 28.6 315
1590 2 5 4.0 28.6 316
1595 2 5 4.0 28.6 317
1600 2 5 4.0 28.6 318
1605 2 5 4.0 28.6 319
1610 2 5 4.0 28.6 320
1615 2 5 4.0 28.6 321
1620 2 5 4.0 28.6 322
1625 2 5 4.0 28.6 323
1630 2 5 4.0 28.6 324
1635 2 5 4.0 28.6 325
1640 2 5 4.0 28.6 326
1645 2 5 4.0 28.6 327
1650 2 5 4.0 28.6 328
1655 2 5 4.0 28.6 329
1660 2 5 4.0 28.6 330
1665 2 5 4.0 28.6 331
1670 2 5 4.0 28.6 332
1675 2 5 4.0 28.6 333
1680 2 5 4.0 28.6 334
1685 2 5 4.0 28.6 335
1690 2 5 4.0 28.6 336
1695 2 5 4.0 28.6 337
1700 2 5 3.9 28.1 338
1705 2 5 3.9 28.1 339
1710 2 5 3.9 28.1 340
1715 2 5 3.9 28.1 341
1720 2 5 3.9 28.1 342
1725 2 5 3.9 28.1 343
1730 2 5 3.9 28.1 344
1735 2 5 3.9 28.1 345
1740 2 5 3.9 28.1 346
1745 2 5 3.9 28.1 347
1750 2 5 3.9 28.1 348
1755 2 5 3.9 28.1 349
1760 2 5 3.9 28.1 350
1765 2 5 3.9 28.1 351
1770 2 5 3.9 28.1 352
1775 2 5 3.9 28.1 353
1780 2 5 3.9 28.1 354
1785 2 5 3.9 28.1 355
1790 2 5 3.9 28.1 356
1795 2 5 3.9 28.1 357
1800 2 5 3.9 28.1 358
1805 2 5 3.9 28.1 359
1810 2 5 3.8 28.0 360
1815 2 5 3.8 28.0 361
1820 2 5 3.8 28.0 362
1825 2 5 3.8 28.0 363
1830 2 5 3.8 28.0 364
1835 2 5 3.8 28.0 365
1840 2 5 3.8 28.0 366
1845 2 5 3.8 28.0 367
1850 2 5 3.8 28.0 368
1855 2 5 3.8 28.0 369
1860 2 5 3.8 28.0 370
1865 2 5 3.8 28.0 371
1870 2 5 3.6 27.4 372
1875 2 5 3.6 27.4 373
1880 2 5 3.6 27.4 374
1885 2 5 3.6 27.4 375
1890 2 5 3.6 27.4 376
1895 2 5 3.6 27.4 377
1900 2 5 3.6 27.4 378
1905 2 5 3.6 27.4 379
1910 2 5 3.6 27.4 380
1915 2 5 3.6 27.4 381
1920 2 5 3.6 27.4 382
1925 2 5 3.6 27.4 383
1930 2 5 3.6 27.4 384
1935 2 5 3.6 27.4 385
1940 2 5 3.6 27.4 386
1945 2 5 3.6 27.4 387
1950 2 5 3.6 27.4 388
1955 2 5 3.6 27.4 389
1960 2 5 3.6 27.4 390
1965 2 5 3.6 27.4 391
1970 2 4 3.5 26.3 392
1975 2 4 3.5 26.3 393
1980 2 4 3.5 26.3 394
1985 2 4 3.5 26.3 395
1990 2 4 3.5 26.3 396
1995 2 4 3.5 26.3 397
2000 2 4 3.5 26.3 398
2005 2 4 3.5 26.3 399
2010 2 4 3.5 26.3 400
2015 2 4 3.5 26.3 401
2020 2 4 3.5 26.3 402
2025 2 4 3.5 26.3 403
2030 2 4 3.5 26.3 404
2035 2 4 3.5 26.3 405
2040 2 4 3.5 26.3 406
2045 2 4 3.5 26.3 407
2050 2 4 3.5 26.3 408
2055 2 4 3.5 26.3 409
2060 2 4 3.5 26.3 410
2065 2 4 3.5 26.3 411
2070 2 4 3.5 26.3 412
2075 2 4 3.5 26.3 413
2080 2 4 3.5 26.3 414
2085 2 4 3.5 26.3 415
2090 2 4 3.5 26.3 416
2095 2 4 3.5 26.3 417
2100 2 4 3.5 26.3 418
2105 2 4 3.5 26.3 419
2110 2 4 3.5 26.3 420
2115 2 4 3.5 26.3 421
2120 2 4 3.5 26.3 422
2125 2 4 3.5 26.3 423
2130 2 4 3.5 26.3 424
2135 2 4 3.5 26.3 425
2140 2 4 3.5 26.3 426
2145 2 4 3.5 26.3 427
2150 2 4 3.5 26.3 428
2155 2 4 3.5 26.3 429
2160 2 4 3.5 26.3 430
2165 2 4 3.5 26.3 431
2170 2 4 3.5 26.3 432
2175 2 4 3.5 26.3 433
2180 2 4 3.5 26.3 434
2185 2 4 3.5 26.3 435
2190 2 4 3.5 26.3 436
2195 2 4 3.5 26.3 437
2200 2 4 3.5 26.3 438
2205 2 4 3.5 26.3 439
2210 2 4 3.5 26.3 440
2215 2 4 3.5 26.3 441
2220 2 4 3.5 26.3 442
2225 2 4 3.5 26.3 443
2230 2 4 3.5 26.3 444
2235 2 4 3.5 26.3 445
2240 2 4 3.5 26.3 446
2245 2 4 3.5 26.3 447
2250 2 4 3.5 26.3 448
2255 2 4 3.5 26.3 449
2260 2 4 3.5 26.3 450
2265 2 4 3.5 26.3 451
2270 2 4 3.5 26.3 452
2275 2 4 3.5 26.3 453
2280 2 4 3.5 26.3 454
2285 2 4 3.5 26.3 455
2290 2 4 3.5 26.3 456
2295 2 4 3.5 26.3 457
2300 2 4 3.5 26.3 458
2305 2 4 3.5 26.3 459
2310 2 4 3.5 26.3 460
2315 2 4 3.5 26.3 461
2320 2 4 3.5 26.3 462
2325 2 4 3.5 26.3 463
2330 2 4 3.5 26.3 464
2335 2 4 3.5 26.3 465
2340 2 4 3.5 26.3 466
2345 2 4 3.5 26.3 467
2350 2 4 3.5 26.3 468
2355 2 4 3.5 26.3 469
2360 2 4 3.5 26.3 470
2365 2 4 3.5 26.3 471
2370 2 4 3.5 26.3 472
2375 2 4 3.5 26.3 473
2380 2 4 3.5 26.3 474
2385 2 4 3.5 26.3 475
2390 2 4 3.5 26.3 476
2395 2 4 3.5 26.3 477
2400 2 4 3.5 26.3 478
2405 2 4 3.5 26.3 479
2410 2 4 3.5 26.3 480
2415 2 4 3.5 26.3 481
2420 2 4 3.5 26.3 482
2425 2 4 3.5 26.3 483
2430 2 4 3.5 26.3 484
2435 2 4 3.5 26.3 485
2440 2 4 3.5 26.3 486
2445 2 4 3.5 26.3 487
2450 2 4 3.5 26.3 488
2455 2 4 3.5 26.3 489
2460 2 4 3.5 26.3 490
2465 2 4 3.5 26.3 491
2470 2 4 3.5 26.3 492
2475 2 4 3.5 26.3 493
2480 2 4 3.5 26.3 494
2485 2 4 3.5 26.3 495
2490 2 4 3.5 26.3 496
2495 2 4 3.5 26.3 497
2500 2 4 3.5 26.3 498
2505 2 4 3.5 26.3 499
2510 2 4 3.5 26.3 500
2515 2 4 3.5 26.3 501
2520 2 4 3.5 26.3 502
2525 2 4 3.5 26.3 503
2530 2 4 3.5 26.3 504
2535 2 4 3.5 26.3 505
2540 2 4 3.5 26.3 506
2545 2 4 3.5 26.3 507
2550 2 4 3.5 26.3 508
2555 2 4 3.5 26.3 509
2560 2 4 3.5 26.3 510
2565 2 4 3.5 26.3 511
2570 2 4 3.5 26.3 512
2575 2 4 3.5 26.3 513
2580 2 4 3.5 26.3 514
2585 2 4 3.5 26.3 515
2590 2 4 3.5 26.3 516
2595 2 4 3.5 26.3 517
2600 2 4 3.5 26.3 518
2605 2 4 3.5 26.3 519
2610 2 4 3.5 26.3 520
2615 2 4 3.5 26.3 521
2620 2 4 3.5 26.3 522
2625 2 4 3.5 26.3 523
2630 2 4 3.5 26.3 524
2635 2 4 3.5 26.3 525
2640 2 4 3.5 26.3 526
2645 2 4 3.5 26.3 527
2650 2 4 3.5 26.3 528
2655 2 4 3.5 26.3 529
2660 2 4 3.5 26.3 530
2665 2 4 3.5 26.3 531
2670 2 4 3.5 26.3 532
2675 2 4 3.5 26.3 533
2680 2 4 3.5 26.3 534
2685 2 4 3.5 26.3 535
2690 2 4 3.5 26.3 536
2695 2 4 3.5 26.3 537
2700 2 4 3.5 26.3 538
2705 2 4 3.5 26.3 539
2710 2 4 3.5 26.3 540
2715 2 4 3.5 26.3 541
2720 2 4 3.5 26.3 542
2725 2 4 3.5 26.3 543
2730 2 4 3.5 26.3 544
2735 2 4 3.5 26.3 545
2740 2 4 3.5 26.3 546
2745 2 4 3.5 26.3 547
2750 2 4 3.5 26.3 548
2755 2 4 3.5 26.3 549
2760 2 4 3.5 26.3 550
2765 2 4 3.5 26.3 551
2770 2 4 3.5 26.3 552
2775 2 4 3.5 26.3 553
2780 2 4 3.5 26.3 554
2785 2 4 3.5 26.3 555
2790 2 4 3.5 26.3 556
2795 2 4 3.5 26.3 557
2800 2 4 3.5 26.3 558
2805 2 4 3.5 26.3 559
2810 2 4 3.5 26.3 560
2815 2 4 3.5 26.3 561
2820 2 4 3.5 26.3 562
2825 2 4 3.5 26.3 563
2830 2 4 3.5 26.3 564
2835 2 4 3.5 26.3 565
2840 2 4 3.5 26.3 566
2845 2 4 3.5 26.3 567
2850 2 4 3.5 26.3 568
2855 2 4 3.5 26.3 569
2860 2 4 3.5 26.3 570
2865 2 4 3.5 26.3 571
2870 2 4 3.5 26.3 572
2875 2 4 3.5 26.3 573
2880 2 4 3.5 26.3 574
2885 2 4 3.5 26.3 575
2890 2 4 3.5 26.3 576
2895 2 4 3.5 26.3 577
2900 2 4 3.5 26.3 578
2905 2 4 3.5 26.3 579
2910 2 4 3.5 26.3 580
2915 2 4 3.5 26.3 581
2920 2 4 3.5 26.3 582
2925 2 4 3.5 26.3 583
2930 2 4 3.5 26.3 584
2935 2 4 3.5 26.3 585
2940 2 4 3.5 26.3 586
2945 2 4 3.5 26.3 587
2950 2 4 3.5 26.3 588
2955 2 4 3.5 26.3 589
2960 2 4 3.5 26.3 590
2965 2 4 3.5 26.3 591
2970 2 4 3.5 26.3 592
2975 2 4 3.5 26.3 593
2980 2 4 3.5 26.3 594
2985 2 4 3.5 26.3 595
2990 2 4 3.5 26.3 596
2995 2 4 3.5 26.3 597
3000 2 4 3.5 26.3 598
3005 2 4 3.5 26.3 599
3010 2 4 3.5 26.3 600
3015 2 4 3.5 26.3 601
3020 2 4 3.5 26.3 602
3025 2 4 3.5 26.3 603
3030 2 4 3.5 26.3 604
3035 2 4 3.5 26.3 605
3040 2 4 3.5 26.3 606
3045 2 4 3.5 26.3 607
3050 2 4 3.5 26.3 608
3055 2 4 3.5 26.3 609
3060 2 4 3.5 26.3 610
3065 2 4 3.5 26.3 611
3070 2 4 3.5 26.3 612
3075 2 4 3.5 26.3 613
3080 2 4 3.5 26.3 614
3085 2 4 3.5 26.3 615
3090 2 4 3.5 26.3 616
3095 2 4 3.5 26.3 617
3100 2 4 3.5 26.3 618
3105 2 4 3.5 26.3 619
3110 2 4 3.5 26.3 620
3115 2 4 3.5 26.3 621
3120 1 4 3.2 23.8 622
3125 1 4 3.2 23.8 623
3130 1 4 3.2 23.8 624
3135 1 4 3.2 23.8 625
3140 1 4 3.2 23.8 626
3145 1 4 3.2 23.8 627
3150 1 4 3.2 23.8 628
3155 1 4 3.2 23.8 629
3160 1 4 3.2 23.8 630
3165 1 4 3.2 23.8 631
3170 1 4 3.2 23.8 632
3175 1 4 3.2 23.8 633
3180 1 4 3.2 23.8 634
3185 1 4 3.2 23.8 635
3190 1 4 3.2 23.8 636
3195 1 4 3.2 23.8 637
3200 1 4 3.2 23.8 638
3205 1 4 3.2 23.8 639
3210 1 4 3.2 23.8 640
3215 1 4 3.2 23.8 641
3220 1 4 3.2 23.8 642
3225 1 4 3.2 23.8 643
3230 1 4 3.2 23.8 644
3235 1 4 3.2 23.8 645
3240 1 4 3.2 23.8 646
3245 1 4 3.2 23.8 647
3250 1 4 3.2 23.8 648
3255 1 4 3.2 23.8 649
3260 1 4 3.2 23.8 650
3265 1 4 3.2 23.8 651
3270 1 4 3.2 23.8 652
3275 1 4 3.2 23.8 653
3280 1 4 3.2 23.8 654
3285 1 4 3.2 23.8 655
3290 1 4 3.2 23.8 656
3295 1 4 3.2 23.8 657
3300 1 4 3.2 23.8 658
3305 1 4 3.2 23.8 659
3310 1 4 3.2 23.8 660
3315 1 4 3.2 23.8 661
3320 1 4 3.2 23.8 662
3325 1 4 3.2 23.8 663
3330 1 4 3.2 23.8 664
3335 1 4 3.2 23.8 665
3340 1 4 3.2 23.8 666
3345 1 4 3.2 23.8 667
3350 1 4 3.2 23.8 668
3355 1 4 3.2 23.8 669
3360 1 4 3.2 23.8 670
3365 1 4 3.2 23.8 671
3370 1 4 3.2 23.8 672
3375 1 4 3.2 23.8 673
3380 1 4 3.2 23.8 674
3385 1 4 3.2 23.8 675
3390 1 4 3.2 23.8 676
3395 1 4 3.2 23.8 677
3400 1 4 3.2 23.8 678
3405 1 4 3.2 23.8 679
3410 1 4 3.2 23.8 680
3415 1 4 3.2 23.8 681
3420 1 4 3.2 23.8 682
3425 1 4 3.2 23.8 683
3430 1 4 3.2 23.8 684
3435 1 4 3.2 23.8 685
3440 1 4 3.2 23.8 686
3445 1 4 3.2 23.8 687
3450 1 4 3.2 23.8 688
3455 1 4 3.2 23.8 689
3460 1 4 3.2 23.8 690
3465 1 4 3.2 23.8 691
3470 1 4 3.2 23.8 692
3475 1 4 3.2 23.8 693
3480 1 4 3.2 23.8 694
3485 1 4 3.2 23.8 695
3490 1 4 3.2 23.8 696
3495 1 4 3.2 23.8 697
3500 1 4 3.2 23.8 698
3505 1 4 3.2 23.8 699
3510 1 4 3.2 23.8 700
3515 1 4 3.2 23.8 701
3520 1 4 3.2 23.8 702
3525 1 4 3.2 23.8 703
3530 1 4 3.2 23.8 704
3535 1 4 3.2 23.8 705
3540 1 4 3.2 23.8 706
3545 1 4 3.2 23.8 707
3550 1 4 3.2 23.8 708
3555 1 4 3.2 23.8 709
3560 1 4 3.2 23.8 710
3565 1 4 3.2 23.8 711
3570 1 4 3.2 23.8 712
3575 1 4 3.2 23.8 713
3580 1 4 3.2 23.8 714
3585 1 4 3.2 23.8 715
3590 1 4 3.2 23.8 716
3595 1 4 3.2 23.8 717
3600 1 4 3.2 23.8 718
3605 1 4 3.2 23.8 719
3610 1 4 3.2 23.8 720
3615 1 4 3.2 23.8 721
3620 1 4 3.2 23.8 722
3625 1 4 3.2 23.8 723
3630 1 4 3.2 23.8 724
3635 1 4 3.2 23.8 725
3640 1 4 3.2 23.8 726
3645 1 4 3.2 23.8 727
3650 1 4 3.2 23.8 728
3655 1 4 3.2 23.8 729
3660 1 4 3.2 23.8 730
3665 1 4 3.2 23.8 731
3670 1 4 3.2 23.8 732
3675 1 4 3.2 23.8 733
3680 1 4 3.2 23.8 734
3685 1 4 3.2 23.8 735
3690 1 4 3.2 23.8 736
3695 1 4 3.2 23.8 737
3700 1 4 3.2 23.8 738
3705 1 4 3.2 23.8 739
3710 1 4 3.2 23.8 740
3715 1 4 3.2 23.8 741
3720 1 4 3.2 23.8 742
3725 1 4 3.2 23.8 743
3730 1 4 3.2 23.8 744
3735 1 4 3.2 23.8 745
3740 1 4 3.2 23.8 746
3745 1 4 3.2 23.8 747
3750 1 4 3.2 23.8 748
3755 1 4 3.2 23.8 749
3760 1 4 3.2 23.8 750
3765 1 4 3.2 23.8 751
3770 1 4 3.2 23.8 752
3775 1 4 3.2 23.8 753
3780 1 4 3.2 23.8 754
3785 1 4 3.2 23.8 755
3790 1 4 3.2 23.8 756
3795 1 4 3.2 23.8 757
3800 1 4 3.2 23.8 758
3805 1 4 3.2 23.8 759
3810 1 4 3.2 23.8 760
3815 1 4 3.2 23.8 761
3820 1 4 3.2 23.8 762
3825 1 4 3.2 23.8 763
3830 1 4 3.2 23.8 764
3835 1 4 3.2 23.8 765
3840 1 4 3.2 23.8 766
3845 1 4 3.2 23.8 767
3850 1 4 3.2 23.8 768
3855 1 4 3.2 23.8 769
3860 1 4 3.2 23.8 770
3865 1 4 3.2 23.8 771
3870 1 4 3.2 23.8 772
3875 1 4 3.2 23.8 773
3880 1 4 3.2 23.8 774
3885 1 4 3.2 23.8 775
3890 1 4 3.0 22.2 776
3895 1 4 3.0 22.2 777
3900 1 4 3.0 22.2 778
3905 1 4 3.0 22.2 779
3910 1 4 3.0 22.2 780
3915 1 4 3.0 22.2 781
3920 1 4 3.0 22.2 782
3925 1 4 3.0 22.2 783
3930 1 4 3.0 22.2 784
3935 1 4 3.0 22.2 785
3940 1 4 3.0 22.2 786
3945 1 4 3.0 22.2 787
3950 1 4 3.0 22.2 788
3955 1 4 3.0 22.2 789
3960 1 4 3.0 22.2 790
3965 1 4 3.0 22.2 791
3970 1 4 3.0 22.2 792
3975 1 4 3.0 22.2 793
3980 1 4 3.0 22.2 794
3985 1 4 3.0 22.2 795
3990 1 4 3.0 22.2 796
3995 1 4 3.0 22.2 797
4000 1 4 3.0 22.2 798
4005 1 4 3.0 22.2 799
4010 1 4 3.0 22.2 800
4015 1 4 3.0 22.2 801
4020 1 4 3.0 22.2 802
4025 1 4 3.0 22.2 803
4030 1 4 3.0 22.2 804
4035 1 4 3.0 22.2 805
4040 1 4 3.0 22.2 806
4045 1 4 3.0 22.2 807
4050 1 4 3.0 22.2 808
4055 1 4 3.0 22.2 809
4060 1 4 3.0 22.2 810
4065 1 4 3.0 22.2 811
4070 1 4 3.0 22.2 812
4075 1 4 3.0 22.2 813
4080 1 4 3.0 22.2 814
4085 1 4 3.0 22.2 815
4090 1 4 3.0 22.2 816
4095 1 4 3.0 22.2 817
4100 1 4 3.0 22.2 818
4105 1 4 3.0 22.2 819
4110 1 4 3.0 22.2 820
4115 1 4 3.0 22.2 821
4120 1 4 3.0 22.2 822
4125 1 4 3.0 22.2 823
4130 1 4 3.0 22.2 824
4135 1 4 3.0 22.2 825
4140 1 4 3.0 22.2 826
4145 1 4 3.0 22.2 827
4150 1 4 3.0 22.2 828
4155 1 4 3.0 22.2 829
4160 1 4 3.0 22.2 830
4165 1 4 3.0 22.2 831
4170 1 4 3.0 22.2 832
4175 1 4 3.0 22.2 833
4180 1 4 3.0 22.2 834
4185 1 4 3.0 22.2 835
4190 1 4 3.0 22.2 836
4195 1 4 3.0 22.2 837
4200 1 4 3.0 22.2 838
4205 1 4 3.0 22.2 839
4210 1 4 3.0 22.2 840
4215 1 4 3.0 22.2 841
4220 1 4 3.0 22.2 842
4225 1 4 3.0 22.2 843
4230 1 4 3.0 22.2 844
4235 1 4 3.0 22.2 845
4240 1 4 3.0 22.2 846
4245 1 4 3.0 22.2 847
4250 1 4 3.0 22.2 848
4255 1 4 3.0 22.2 849
4260 1 4 3.0 22.2 850
4265 1 4 3.0 22.2 851
4270 1 4 3.0 22.2 852
4275 1 4 3.0 22.2 853
4280 1 4 3.0 22.2 854
4285 1 4 3.0 22.2 855
4290 1 4 3.0 22.2 856
4295 1 4 3.0 22.2 857
4300 1 4 3.0 22.2 858
4305 1 4 3.0 22.2 859
4310 1 4 3.0 22.2 860
4315 1 4 3.0 22.2 861
4320 1 4 3.0 22.2 862
4325 1 4 3.0 22.2 863
4330 1 4 3.0 22.2 864
4335 1 4 3.0 22.2 865
4340 1 4 3.0 22.2 866
4345 1 4 3.0 22.2 867
4350 1 4 3.0 22.2 868
4355 1 4 3.0 22.2 869
4360 1 4 3.0 22.2 870
4365 1 4 3.0 22.2 871
4370 1 4 3.0 22.2 872
4375 1 4 3.0 22.2 873
4380 1 4 3.0 22.2 874
4385 1 4 3.0 22.2 875
4390 1 4 3.0 22.2 876
4395 1 4 3.0 22.2 877
4400 1 4 3.0 22.2 878
4405 1 4 3.0 22.2 879
4410 1 4 3.0 22.2 880
4415 1 4 3.0 22.2 881
4420 1 4 3.0 22.2 882
4425 1 4 3.0 22.2 883
4430 1 4 3.0 22.2 884
4435 1 4 3.0 22.2 885
4440 1 4 3.0 22.2 886
4445 1 4 3.0 22.2 887
4450 1 4 3.0 22.2 888
4455 1 4 3.0 22.2 889
4460 1 4 3.0 22.2 890
4465 1 4 3.0 22.2 891
4470 1 4 3.0 22.2 892
4475 1 4 3.0 22.2 893
4480 1 4 3.0 22.2 894
4485 1 4 3.0 22.2 895
4490 1 4 3.0 22.2 896
4495 1 4 3.0 22.2 897
4500 1 4 3.0 22.2 898
4505 1 4 3.0 22.2 899
4510 1 4 3.0 22.2 900
4515 1 4 3.0 22.2 901
4520 1 4 3.0 22.2 902
4525 1 4 3.0 22.2 903
4530 1 4 3.0 22.2 904
4535 1 4 3.0 22.2 905
4540 1 4 3.0 22.2 906
4545 1 4 3.0 22.2 907
4550 1 4 3.0 22.2 908
4555 1 4 3.0 22.2 909
4560 1 4 3.0 22.2 910
4565 1 4 3.0 22.2 911
4570 1 4 3.0 22.2 912
4575 1 4 3.0 22.2 913
4580 1 4 3.0 22.2 914
4585 1 4 3.0 22.2 915
4590 1 4 3.0 22.2 916
4595 1 4 3.0 22.2 917
4600 1 4 3.0 22.2 918
4605 1 4 3.0 22.2 919
4610 1 4 3.0 22.2 920
4615 1 4 3.0 22.2 921
4620 1 4 3.0 22.2 922
4625 1 4 3.0 22.2 923
4630 1 4 3.0 22.2 924
4635 1 4 3.0 22.2 925
4640 1 4 3.0 22.2 926
4645 1 4 3.0 22.2 927
4650 1 4 3.0 22.2 928
4655 1 4 3.0 22.2 929
4660 1 4 3.0 22.2 930
4665 1 4 3.0 22.2 931
4670 1 4 3.0 22.2 932
4675 1 4 3.0 22.2 933
4680 1 4 3.0 22.2 934
4685 1 4 3.0 22.2 935
4690 1 4 3.0 22.2 936
4695 1 4 3.0 22.2 937
4700 1 4 3.0 22.2 938
4705 1 4 3.0 22.2 939
4710 1 4 3.0 22.2 940
4715 1 4 3.0 22.2 941
4720 1 4 3.0 22.2 942
4725 1 4 3.0 22.2 943
4730 1 4 3.0 22.2 944
4735 1 4 3.0 22.2 945
4740 1 4 3.0 22.2 946
4745 1 4 3.0 22.2 947
4750 1 4 3.0 22.2 948
4755 1 4 3.0 22.2 949
4760 1 4 3.0 22.2 950
4765 1 4 3.0 22.2 951
4770 1 4 3.0 22.2 952
4775 1 4 3.0 22.2 953
4780 1 4 3.0 22.2 954
4785 1 4 3.0 22.2 955
4790 1 4 3.0 22.2 956
4795 1 4 3.0 22.2 957
4800 1 4 3.0 22.2 958
4805 1 4 3.0 22.2 959
4810 1 4 3.0 22.2 960
4815 1 4 3.0 22.2 961
4820 1 4 3.0 22.2 962
4825 1 4 3.0 22.2 963
4830 1 4 3.0 22.2 964
4835 1 4 3.0 22.2 965
4840 1 4 3.0 22.2 966
4845 1 4 3.0 22.2 967
4850 1 4 3.0 22.2 968
4855 1 4 3.0 22.2 969
4860 1 4 3.0 22.2 970
4865 1 4 3.0 22.2 971
4870 1 4 3.0 22.2 972
4875 1 4 3.0 22.2 973
4880 1 4 3.0 22.2 974
4885 1 4 3.0 22.2 975
4890 1 4 3.0 22.2 976
4895 1 4 3.0 22.2 977
4900 1 4 3.0 22.2 978
4905 1 4 3.0 22.2 979
4910 1 4 3.0 22.2 980
4915 1 4 3.0 22.2 981
4920 1 4 3.0 22.2 982
4925 1 4 3.0 22.2 983
4930 1 4 3.0 22.2 984
4935 1 4 3.0 22.2 985
4940 1 4 3.0 22.2 986
4945 1 4 3.0 22.2 987
4950 1 4 3.0 22.2 988
4955 1 4 3.0 22.2 989
4960 1 4 3.0 22.2 990
4965 1 4 3.0 22.2 991
4970 1 4 3.0 22.2 992
4975 1 4 3.0 22.2 993
4980 1 4 3.0 22.2 994
4985 1 4 3.0 22.2 995
4990 1 4 3.0 22.2 996
4995 1 4 3.0 22.2 997
5000 1 4 3.0 22.2 998
5005 1 4 3.0 22.2 999
5010 1 4 3.0 22.2 1000
# Solution finale : 111000111000111000011 (1)
# Optimum         : 111000111000111000111
