# Execution avec les parametre suivants:
# {taillePopulationEnfants=5, verbose=false, tauxMutation=0.5, taillePopulationParents=10, maxEvaluations=30000, maxGenerations=1000, optimum=111000111000111000111, tailleTournoi=5}
# Optimum : 111000111000111000111
# Dimension : 21
15 7 12 10.3 46.7 1
20 6 11 9.5 44.9 2
25 6 11 9.2 45.4 3
30 6 10 9.0 45.2 4
35 6 10 8.6 45.0 5
40 5 9 7.7 43.3 6
45 5 9 7.6 43.8 7
50 5 9 7.5 44.1 8
55 5 9 7.3 42.5 9
60 5 8 6.9 42.1 10
65 5 8 6.9 42.1 11
70 5 8 6.9 42.1 12
75 5 8 6.8 40.8 13
80 5 8 6.8 40.8 14
85 5 8 6.7 39.5 15
90 5 8 6.7 39.5 16
95 5 7 6.6 39.8 17
100 5 7 6.6 39.8 18
105 5 7 6.6 39.8 19
110 5 7 6.6 39.8 20
115 5 7 6.6 39.8 21
120 5 7 6.4 38.4 22
125 5 7 6.3 39.3 23
130 5 7 6.3 39.3 24
135 5 7 6.3 39.3 25
140 5 7 6.3 39.3 26
145 5 7 6.3 39.3 27
150 5 7 6.3 39.3 28
155 5 7 6.3 39.3 29
160 5 7 6.3 39.3 30
165 5 7 6.1 40.1 31
170 4 7 5.8 40.4 32
175 4 7 5.8 40.4 33
180 4 7 5.7 39.7 34
185 4 7 5.5 38.5 35
190 4 7 5.5 38.5 36
195 4 7 5.5 38.5 37
200 4 7 5.5 38.5 38
205 4 6 5.3 37.3 39
210 4 6 5.3 37.3 40
215 4 6 5.3 37.3 41
220 4 6 5.2 37.2 42
225 4 6 5.2 37.2 43
230 4 6 5.2 37.2 44
235 4 6 5.2 37.2 45
240 4 6 5.2 37.2 46
245 4 6 5.2 37.2 47
250 4 6 5.2 37.2 48
255 4 6 5.2 37.2 49
260 4 6 5.2 37.2 50
265 4 6 5.2 37.2 51
270 4 6 5.2 37.2 52
275 4 6 5.2 37.2 53
280 4 6 5.2 37.2 54
285 4 6 5.2 37.2 55
290 4 6 5.2 37.2 56
295 4 6 5.2 37.2 57
300 4 6 5.2 37.2 58
305 4 6 5.2 37.2 59
310 4 6 5.2 37.2 60
315 4 6 5.2 37.2 61
320 4 6 5.2 37.2 62
325 4 6 5.2 37.2 63
330 4 6 5.2 37.2 64
335 4 6 5.2 37.2 65
340 4 6 5.1 37.3 66
345 4 6 5.1 37.3 67
350 4 6 5.0 36.6 68
355 4 6 5.0 36.6 69
360 4 6 5.0 36.6 70
365 4 6 5.0 36.6 71
370 4 6 5.0 36.6 72
375 4 6 5.0 36.6 73
380 4 6 5.0 36.6 74
385 4 5 4.9 35.3 75
390 4 5 4.9 35.3 76
395 4 5 4.9 35.3 77
400 4 5 4.9 35.3 78
405 4 5 4.9 35.3 79
410 4 5 4.9 35.3 80
415 4 5 4.9 35.3 81
420 4 5 4.9 35.3 82
425 4 5 4.9 35.3 83
430 4 5 4.9 35.3 84
435 4 5 4.9 35.3 85
440 4 5 4.9 35.3 86
445 4 5 4.9 35.3 87
450 4 5 4.9 35.3 88
455 4 5 4.9 35.3 89
460 4 5 4.9 35.3 90
465 4 5 4.9 35.3 91
470 4 5 4.9 35.3 92
475 4 5 4.9 35.3 93
480 4 5 4.9 35.3 94
485 4 5 4.9 35.3 95
490 4 5 4.9 35.3 96
495 4 5 4.9 35.3 97
500 4 5 4.9 35.3 98
505 4 5 4.9 35.3 99
510 4 5 4.9 35.3 100
515 4 5 4.9 35.3 101
520 4 5 4.9 35.3 102
525 4 5 4.9 35.3 103
530 4 5 4.9 35.3 104
535 4 5 4.9 35.3 105
540 4 5 4.9 35.3 106
545 4 5 4.9 35.3 107
550 4 5 4.9 35.3 108
555 4 5 4.9 35.3 109
560 3 5 4.7 35.1 110
565 3 5 4.7 35.1 111
570 3 5 4.7 35.1 112
575 3 5 4.7 35.1 113
580 3 5 4.7 35.1 114
585 3 5 4.7 35.1 115
590 3 5 4.7 35.1 116
595 3 5 4.7 35.1 117
600 3 5 4.7 35.1 118
605 3 5 4.7 35.1 119
610 3 5 4.7 35.1 120
615 3 5 4.7 35.1 121
620 3 5 4.7 35.1 122
625 3 5 4.7 35.1 123
630 3 5 4.7 35.1 124
635 3 5 4.7 35.1 125
640 3 5 4.7 35.1 126
645 3 5 4.7 35.1 127
650 3 5 4.7 35.1 128
655 3 5 4.7 35.1 129
660 3 5 4.7 35.1 130
665 3 5 4.7 35.1 131
670 3 5 4.7 35.1 132
675 3 5 4.7 35.1 133
680 3 5 4.7 35.1 134
685 3 5 4.7 35.1 135
690 3 5 4.7 35.1 136
695 3 5 4.7 35.1 137
700 3 5 4.7 35.1 138
705 3 5 4.7 35.1 139
710 3 5 4.7 35.1 140
715 3 5 4.7 35.1 141
720 3 5 4.7 35.1 142
725 3 5 4.7 35.1 143
730 3 5 4.7 35.1 144
735 3 5 4.7 35.1 145
740 3 5 4.7 35.1 146
745 3 5 4.7 35.1 147
750 3 5 4.7 35.1 148
755 3 5 4.7 35.1 149
760 3 5 4.7 35.1 150
765 3 5 4.7 35.1 151
770 3 5 4.7 35.1 152
775 3 5 4.7 35.1 153
780 3 5 4.7 35.1 154
785 3 5 4.7 35.1 155
790 3 5 4.7 35.1 156
795 3 5 4.7 35.1 157
800 3 5 4.7 35.1 158
805 3 5 4.7 35.1 159
810 3 5 4.7 35.1 160
815 3 5 4.7 35.1 161
820 3 5 4.7 35.1 162
825 3 5 4.7 35.1 163
830 3 5 4.7 35.1 164
835 3 5 4.7 35.1 165
840 3 5 4.7 35.1 166
845 3 5 4.7 35.1 167
850 3 5 4.7 35.1 168
855 3 5 4.7 35.1 169
860 3 5 4.7 35.1 170
865 3 5 4.7 35.1 171
870 3 5 4.7 35.1 172
875 3 5 4.7 35.1 173
880 3 5 4.7 35.1 174
885 3 5 4.7 35.1 175
890 3 5 4.7 35.1 176
895 3 5 4.7 35.1 177
900 3 5 4.7 35.1 178
905 3 5 4.7 35.1 179
910 3 5 4.7 35.1 180
915 3 5 4.7 35.1 181
920 3 5 4.6 34.6 182
925 3 5 4.6 34.6 183
930 3 5 4.6 34.6 184
935 3 5 4.6 34.6 185
940 3 5 4.6 34.6 186
945 3 5 4.6 34.6 187
950 3 5 4.6 34.6 188
955 3 5 4.6 34.6 189
960 3 5 4.6 34.6 190
965 3 5 4.6 34.6 191
970 3 5 4.6 34.6 192
975 3 5 4.6 34.6 193
980 3 5 4.6 34.6 194
985 3 5 4.6 34.6 195
990 3 5 4.6 34.6 196
995 3 5 4.6 34.6 197
1000 3 5 4.6 34.6 198
1005 3 5 4.6 34.6 199
1010 3 5 4.6 34.6 200
1015 3 5 4.6 34.6 201
1020 3 5 4.6 34.6 202
1025 3 5 4.6 34.6 203
1030 3 5 4.6 34.6 204
1035 3 5 4.5 33.5 205
1040 3 5 4.5 33.5 206
1045 3 5 4.5 33.5 207
1050 3 5 4.5 33.5 208
1055 3 5 4.5 33.5 209
1060 3 5 4.5 33.5 210
1065 3 5 4.5 33.5 211
1070 3 5 4.5 33.5 212
1075 3 5 4.5 33.5 213
1080 3 5 4.5 33.5 214
1085 3 5 4.5 33.5 215
1090 3 5 4.5 33.5 216
1095 3 5 4.5 33.5 217
1100 3 5 4.5 33.5 218
1105 3 5 4.5 33.5 219
1110 3 5 4.5 33.5 220
1115 3 5 4.5 33.5 221
1120 3 5 4.5 33.5 222
1125 3 5 4.5 33.5 223
1130 3 5 4.5 33.5 224
1135 3 5 4.5 33.5 225
1140 3 5 4.5 33.5 226
1145 3 5 4.5 33.5 227
1150 3 5 4.5 33.5 228
1155 3 5 4.5 33.5 229
1160 3 5 4.5 33.5 230
1165 3 5 4.5 33.5 231
1170 3 5 4.5 33.5 232
1175 3 5 4.5 33.5 233
1180 3 5 4.5 33.5 234
1185 3 5 4.5 33.5 235
1190 3 5 4.5 33.5 236
1195 3 5 4.5 33.5 237
1200 3 5 4.5 33.5 238
1205 3 5 4.3 32.3 239
1210 3 5 4.3 32.3 240
1215 3 5 4.3 32.3 241
1220 3 5 4.3 32.3 242
1225 3 5 4.3 32.3 243
1230 3 5 4.3 32.3 244
1235 3 5 4.3 32.3 245
1240 3 5 4.3 32.3 246
1245 3 5 4.3 32.3 247
1250 3 5 4.3 32.3 248
1255 3 5 4.3 32.3 249
1260 3 5 4.3 32.3 250
1265 3 5 4.3 32.3 251
1270 3 5 4.3 32.3 252
1275 3 5 4.3 32.3 253
1280 3 5 4.3 32.3 254
1285 3 5 4.3 32.3 255
1290 3 5 4.3 32.3 256
1295 3 5 4.3 32.3 257
1300 3 5 4.3 32.3 258
1305 2 5 4.0 30.8 259
1310 2 5 4.0 30.8 260
1315 2 5 4.0 30.8 261
1320 2 5 3.7 28.7 262
1325 2 5 3.7 28.7 263
1330 2 5 3.7 28.7 264
1335 2 5 3.7 28.7 265
1340 2 5 3.7 28.7 266
1345 2 5 3.7 28.7 267
1350 2 5 3.7 28.7 268
1355 2 5 3.7 28.7 269
1360 2 5 3.6 27.6 270
1365 2 5 3.6 27.6 271
1370 2 5 3.6 27.6 272
1375 2 5 3.6 27.6 273
1380 2 5 3.6 27.6 274
1385 2 5 3.6 27.6 275
1390 2 5 3.6 27.6 276
1395 2 5 3.6 27.6 277
1400 2 5 3.6 27.6 278
1405 2 5 3.6 27.6 279
1410 2 5 3.6 27.6 280
1415 2 5 3.6 27.6 281
1420 2 5 3.6 27.6 282
1425 2 5 3.6 27.6 283
1430 2 5 3.6 27.6 284
1435 2 5 3.6 27.6 285
1440 2 5 3.6 27.6 286
1445 2 5 3.6 27.6 287
1450 2 5 3.6 27.6 288
1455 2 5 3.6 27.6 289
1460 2 5 3.6 27.6 290
1465 2 5 3.6 27.6 291
1470 2 5 3.6 27.6 292
1475 2 5 3.6 27.6 293
1480 2 5 3.6 27.6 294
1485 2 5 3.6 27.6 295
1490 2 5 3.6 27.6 296
1495 2 5 3.6 27.6 297
1500 2 5 3.6 27.6 298
1505 2 5 3.6 27.6 299
1510 2 5 3.6 27.6 300
1515 2 5 3.6 27.6 301
1520 2 5 3.6 27.6 302
1525 2 5 3.6 27.6 303
1530 2 5 3.6 27.6 304
1535 2 5 3.6 27.6 305
1540 2 5 3.6 27.6 306
1545 2 5 3.5 27.7 307
1550 2 5 3.5 27.7 308
1555 2 5 3.5 27.7 309
1560 2 5 3.5 27.7 310
1565 2 5 3.5 27.7 311
1570 2 5 3.5 27.7 312
1575 2 5 3.5 27.7 313
1580 2 5 3.5 27.7 314
1585 2 5 3.5 27.7 315
1590 2 5 3.5 27.7 316
1595 2 5 3.5 27.7 317
1600 2 5 3.5 27.7 318
1605 2 5 3.5 27.7 319
1610 2 5 3.5 27.7 320
1615 2 5 3.5 27.7 321
1620 2 5 3.5 27.7 322
1625 2 5 3.5 27.7 323
1630 2 5 3.5 27.7 324
1635 2 5 3.5 27.7 325
1640 2 5 3.5 27.7 326
1645 2 5 3.5 27.7 327
1650 2 5 3.5 27.7 328
1655 2 5 3.5 27.7 329
1660 2 5 3.5 27.7 330
1665 2 5 3.5 27.7 331
1670 2 5 3.5 27.7 332
1675 2 5 3.5 27.7 333
1680 2 5 3.5 27.7 334
1685 2 5 3.5 27.7 335
1690 2 5 3.5 27.7 336
1695 2 5 3.5 27.7 337
1700 2 5 3.5 27.7 338
1705 2 5 3.5 27.7 339
1710 2 5 3.5 27.7 340
1715 2 5 3.5 27.7 341
1720 2 5 3.5 27.7 342
1725 2 5 3.5 27.7 343
1730 2 5 3.5 27.7 344
1735 2 5 3.5 27.7 345
1740 2 5 3.5 27.7 346
1745 2 5 3.5 27.7 347
1750 2 5 3.5 27.7 348
1755 2 5 3.5 27.7 349
1760 2 5 3.5 27.7 350
1765 2 5 3.5 27.7 351
1770 2 5 3.5 27.7 352
1775 2 5 3.5 27.7 353
1780 2 5 3.5 27.7 354
1785 2 5 3.5 27.7 355
1790 2 5 3.5 27.7 356
1795 2 5 3.5 27.7 357
1800 2 5 3.5 27.7 358
1805 2 5 3.5 27.7 359
1810 2 5 3.5 27.7 360
1815 2 5 3.5 27.7 361
1820 2 5 3.5 27.7 362
1825 2 5 3.5 27.7 363
1830 2 4 3.3 26.3 364
1835 2 4 3.3 26.3 365
1840 2 4 3.3 26.3 366
1845 2 4 3.3 26.3 367
1850 2 4 3.3 26.3 368
1855 2 4 3.3 26.3 369
1860 2 4 3.3 26.3 370
1865 2 4 3.3 26.3 371
1870 2 4 3.3 26.3 372
1875 2 4 3.3 26.3 373
1880 2 4 3.3 26.3 374
1885 2 4 3.3 26.3 375
1890 2 4 3.3 26.3 376
1895 2 4 3.3 26.3 377
1900 2 4 3.3 26.3 378
1905 2 4 3.3 26.3 379
1910 2 4 3.3 26.3 380
1915 2 4 3.3 26.3 381
1920 2 4 3.3 26.3 382
1925 2 4 3.3 26.3 383
1930 2 4 3.3 26.3 384
1935 2 4 3.3 26.3 385
1940 2 4 3.3 26.3 386
1945 2 4 3.3 26.3 387
1950 2 4 3.3 26.3 388
1955 2 4 3.3 26.3 389
1960 2 4 3.3 26.3 390
1965 2 4 3.3 26.3 391
1970 2 4 3.3 26.3 392
1975 2 4 3.3 26.3 393
1980 2 4 3.3 26.3 394
1985 2 4 3.3 26.3 395
1990 2 4 3.3 26.3 396
1995 2 4 3.3 26.3 397
2000 2 4 3.3 26.3 398
2005 2 4 3.3 26.3 399
2010 2 4 3.3 26.3 400
2015 2 4 3.3 26.3 401
2020 2 4 3.3 26.3 402
2025 2 4 3.3 26.3 403
2030 2 4 3.3 26.3 404
2035 2 4 3.3 26.3 405
2040 2 4 3.3 26.3 406
2045 2 4 3.3 26.3 407
2050 2 4 3.3 26.3 408
2055 2 4 3.3 26.3 409
2060 2 4 3.3 26.3 410
2065 2 4 3.3 26.3 411
2070 2 4 3.3 26.3 412
2075 2 4 3.3 26.3 413
2080 2 4 3.3 26.3 414
2085 2 4 3.3 26.3 415
2090 2 4 3.3 26.3 416
2095 2 4 3.3 26.3 417
2100 2 4 3.3 26.3 418
2105 2 4 3.3 26.3 419
2110 2 4 3.3 26.3 420
2115 2 4 3.3 26.3 421
2120 2 4 3.3 26.3 422
2125 2 4 3.3 26.3 423
2130 2 4 3.3 26.3 424
2135 2 4 3.3 26.3 425
2140 2 4 3.3 26.3 426
2145 2 4 3.3 26.3 427
2150 2 4 3.3 26.3 428
2155 2 4 3.3 26.3 429
2160 2 4 3.3 26.3 430
2165 2 4 3.3 26.3 431
2170 2 4 3.3 26.3 432
2175 2 4 3.3 26.3 433
2180 2 4 3.3 26.3 434
2185 2 4 3.3 26.3 435
2190 2 4 3.3 26.3 436
2195 2 4 3.3 26.3 437
2200 2 4 3.3 26.3 438
2205 2 4 3.3 26.3 439
2210 2 4 3.3 26.3 440
2215 2 4 3.3 26.3 441
2220 2 4 3.3 26.3 442
2225 2 4 3.3 26.3 443
2230 2 4 3.3 26.3 444
2235 2 4 3.3 26.3 445
2240 2 4 3.3 26.3 446
2245 2 4 3.3 26.3 447
2250 2 4 3.3 26.3 448
2255 2 4 3.3 26.3 449
2260 2 4 3.3 26.3 450
2265 2 4 3.3 26.3 451
2270 2 4 3.3 26.3 452
2275 2 4 3.3 26.3 453
2280 2 4 3.3 26.3 454
2285 2 4 3.3 26.3 455
2290 2 4 3.3 26.3 456
2295 2 4 3.3 26.3 457
2300 2 4 3.3 26.3 458
2305 2 4 3.3 26.3 459
2310 2 4 3.3 26.3 460
2315 2 4 3.3 26.3 461
2320 2 4 3.3 26.3 462
2325 2 4 3.3 26.3 463
2330 2 4 3.3 26.3 464
2335 2 4 3.3 26.3 465
2340 2 4 3.3 26.3 466
2345 2 4 3.3 26.3 467
2350 2 4 3.3 26.3 468
2355 2 4 3.3 26.3 469
2360 2 4 3.3 26.3 470
2365 2 4 3.3 26.3 471
2370 2 4 3.3 26.3 472
2375 2 4 3.3 26.3 473
2380 2 4 3.3 26.3 474
2385 2 4 3.3 26.3 475
2390 2 4 3.3 26.3 476
2395 2 4 3.3 26.3 477
2400 2 4 3.3 26.3 478
2405 2 4 3.3 26.3 479
2410 2 4 3.3 26.3 480
2415 2 4 3.3 26.3 481
2420 2 4 3.3 26.3 482
2425 2 4 3.3 26.3 483
2430 2 4 3.3 26.3 484
2435 2 4 3.3 26.3 485
2440 2 4 3.3 26.3 486
2445 2 4 3.3 26.3 487
2450 2 4 3.3 26.3 488
2455 2 4 3.3 26.3 489
2460 2 4 3.3 26.3 490
2465 2 4 3.3 26.3 491
2470 2 4 3.3 26.3 492
2475 2 4 3.3 26.3 493
2480 2 4 3.3 26.3 494
2485 2 4 3.3 26.3 495
2490 2 4 3.3 26.3 496
2495 2 4 3.3 26.3 497
2500 2 4 3.3 26.3 498
2505 2 4 3.3 26.3 499
2510 2 4 3.3 26.3 500
2515 2 4 3.3 26.3 501
2520 2 4 3.3 26.3 502
2525 2 4 3.3 26.3 503
2530 2 4 3.3 26.3 504
2535 2 4 3.3 26.3 505
2540 2 4 3.3 26.3 506
2545 2 4 3.3 26.3 507
2550 2 4 3.3 26.3 508
2555 2 4 3.3 26.3 509
2560 2 4 3.3 26.3 510
2565 2 4 3.3 26.3 511
2570 2 4 3.3 26.3 512
2575 2 4 3.3 26.3 513
2580 2 4 3.3 26.3 514
2585 2 4 3.3 26.3 515
2590 2 4 3.3 26.3 516
2595 2 4 3.3 26.3 517
2600 2 4 3.3 26.3 518
2605 2 4 3.3 26.3 519
2610 2 4 3.3 26.3 520
2615 2 4 3.3 26.3 521
2620 2 4 3.3 26.3 522
2625 2 4 3.3 26.3 523
2630 2 4 3.3 26.3 524
2635 2 4 3.3 26.3 525
2640 2 4 3.3 26.3 526
2645 2 4 3.3 26.3 527
2650 2 4 3.3 26.3 528
2655 2 4 3.3 26.3 529
2660 2 4 3.3 26.3 530
2665 2 4 3.3 26.3 531
2670 2 4 3.3 26.3 532
2675 2 4 3.3 26.3 533
2680 2 4 3.3 26.3 534
2685 2 4 3.3 26.3 535
2690 2 4 3.3 26.3 536
2695 2 4 3.3 26.3 537
2700 2 4 3.3 26.3 538
2705 2 4 3.3 26.3 539
2710 2 4 3.3 26.3 540
2715 2 4 3.3 26.3 541
2720 2 4 3.3 26.3 542
2725 2 4 3.3 26.3 543
2730 2 4 3.3 26.3 544
2735 2 4 3.3 26.3 545
2740 2 4 3.3 26.3 546
2745 2 4 3.3 26.3 547
2750 2 4 3.3 26.3 548
2755 2 4 3.3 26.3 549
2760 2 4 3.3 26.3 550
2765 2 4 3.3 26.3 551
2770 2 4 3.3 26.3 552
2775 2 4 3.3 26.3 553
2780 2 4 3.3 26.3 554
2785 2 4 3.3 26.3 555
2790 2 4 3.3 26.3 556
2795 2 4 3.3 26.3 557
2800 2 4 3.3 26.3 558
2805 2 4 3.3 26.3 559
2810 2 4 3.3 26.3 560
2815 2 4 3.3 26.3 561
2820 2 4 3.3 26.3 562
2825 2 4 3.3 26.3 563
2830 2 4 3.3 26.3 564
2835 2 4 3.3 26.3 565
2840 2 4 3.3 26.3 566
2845 2 4 3.3 26.3 567
2850 2 4 3.3 26.3 568
2855 2 4 3.3 26.3 569
2860 2 4 3.3 26.3 570
2865 2 4 3.3 26.3 571
2870 2 4 3.3 26.3 572
2875 2 4 3.3 26.3 573
2880 2 4 3.3 26.3 574
2885 2 4 3.3 26.3 575
2890 2 4 3.3 26.3 576
2895 2 4 3.3 26.3 577
2900 2 4 3.3 26.3 578
2905 2 4 3.3 26.3 579
2910 2 4 3.3 26.3 580
2915 2 4 3.3 26.3 581
2920 2 4 3.3 26.3 582
2925 2 4 3.3 26.3 583
2930 2 4 3.3 26.3 584
2935 2 4 3.3 26.3 585
2940 2 4 3.3 26.3 586
2945 2 4 3.3 26.3 587
2950 2 4 3.3 26.3 588
2955 2 4 3.3 26.3 589
2960 2 4 3.3 26.3 590
2965 2 4 3.3 26.3 591
2970 2 4 3.3 26.3 592
2975 2 4 3.3 26.3 593
2980 2 4 3.3 26.3 594
2985 2 4 3.3 26.3 595
2990 2 4 3.3 26.3 596
2995 2 4 3.3 26.3 597
3000 2 4 3.3 26.3 598
3005 2 4 3.3 26.3 599
3010 2 4 3.3 26.3 600
3015 2 4 3.3 26.3 601
3020 2 4 3.3 26.3 602
3025 2 4 3.3 26.3 603
3030 2 4 3.3 26.3 604
3035 2 4 3.3 26.3 605
3040 2 4 3.3 26.3 606
3045 2 4 3.3 26.3 607
3050 2 4 3.3 26.3 608
3055 2 4 3.3 26.3 609
3060 2 4 3.3 26.3 610
3065 2 4 3.3 26.3 611
3070 2 4 3.3 26.3 612
3075 2 4 3.3 26.3 613
3080 2 4 3.3 26.3 614
3085 2 4 3.3 26.3 615
3090 2 4 3.3 26.3 616
3095 2 4 3.3 26.3 617
3100 2 4 3.3 26.3 618
3105 2 4 3.3 26.3 619
3110 2 4 3.3 26.3 620
3115 2 4 3.3 26.3 621
3120 2 4 3.3 26.3 622
3125 2 4 3.3 26.3 623
3130 2 4 3.3 26.3 624
3135 2 4 3.3 26.3 625
3140 2 4 3.3 26.3 626
3145 2 4 3.3 26.3 627
3150 2 4 3.3 26.3 628
3155 2 4 3.3 26.3 629
3160 2 4 3.3 26.3 630
3165 2 4 3.3 26.3 631
3170 2 4 3.3 26.3 632
3175 2 4 3.3 26.3 633
3180 2 4 3.3 26.3 634
3185 2 4 3.3 26.3 635
3190 2 4 3.3 26.3 636
3195 2 4 3.3 26.3 637
3200 2 4 3.3 26.3 638
3205 2 4 3.3 26.3 639
3210 2 4 3.3 26.3 640
3215 2 4 3.3 26.3 641
3220 2 4 3.3 26.3 642
3225 2 4 3.3 26.3 643
3230 2 4 3.3 26.3 644
3235 2 4 3.3 26.3 645
3240 2 4 3.3 26.3 646
3245 2 4 3.3 26.3 647
3250 2 4 3.3 26.3 648
3255 2 4 3.3 26.3 649
3260 2 4 3.3 26.3 650
3265 2 4 3.3 26.3 651
3270 2 4 3.3 26.3 652
3275 2 4 3.3 26.3 653
3280 2 4 3.3 26.3 654
3285 2 4 3.3 26.3 655
3290 2 4 3.3 26.3 656
3295 2 4 3.3 26.3 657
3300 2 4 3.3 26.3 658
3305 2 4 3.3 26.3 659
3310 2 4 3.3 26.3 660
3315 2 4 3.3 26.3 661
3320 2 4 3.3 26.3 662
3325 2 4 3.3 26.3 663
3330 2 4 3.3 26.3 664
3335 2 4 3.3 26.3 665
3340 2 4 3.3 26.3 666
3345 2 4 3.3 26.3 667
3350 2 4 3.3 26.3 668
3355 2 4 3.3 26.3 669
3360 2 4 3.3 26.3 670
3365 2 4 3.3 26.3 671
3370 2 4 3.3 26.3 672
3375 2 4 3.3 26.3 673
3380 2 4 3.3 26.3 674
3385 2 4 3.3 26.3 675
3390 2 4 3.3 26.3 676
3395 2 4 3.3 26.3 677
3400 2 4 3.3 26.3 678
3405 2 4 3.3 26.3 679
3410 2 4 3.3 26.3 680
3415 2 4 3.3 26.3 681
3420 2 4 3.3 26.3 682
3425 2 4 3.3 26.3 683
3430 2 4 3.3 26.3 684
3435 2 4 3.3 26.3 685
3440 2 4 3.3 26.3 686
3445 2 4 3.3 26.3 687
3450 2 4 3.3 26.3 688
3455 2 4 3.3 26.3 689
3460 2 4 3.3 26.3 690
3465 2 4 3.3 26.3 691
3470 2 4 3.3 26.3 692
3475 2 4 3.3 26.3 693
3480 2 4 3.3 26.3 694
3485 2 4 3.3 26.3 695
3490 2 4 3.3 26.3 696
3495 2 4 3.3 26.3 697
3500 2 4 3.3 26.3 698
3505 2 4 3.3 26.3 699
3510 2 4 3.3 26.3 700
3515 2 4 3.3 26.3 701
3520 2 4 3.3 26.3 702
3525 2 4 3.3 26.3 703
3530 2 4 3.3 26.3 704
3535 2 4 3.3 26.3 705
3540 2 4 3.3 26.3 706
3545 2 4 3.3 26.3 707
3550 2 4 3.3 26.3 708
3555 2 4 3.3 26.3 709
3560 2 4 3.3 26.3 710
3565 2 4 3.3 26.3 711
3570 2 4 3.3 26.3 712
3575 2 4 3.2 25.2 713
3580 2 4 3.2 25.2 714
3585 2 4 3.2 25.2 715
3590 2 4 3.2 25.2 716
3595 2 4 3.2 25.2 717
3600 2 4 3.2 25.2 718
3605 2 4 3.2 25.2 719
3610 2 4 3.1 24.7 720
3615 2 4 3.1 24.7 721
3620 2 4 3.1 24.7 722
3625 2 4 3.1 24.7 723
3630 2 4 3.1 24.7 724
3635 2 4 3.1 24.7 725
3640 2 4 3.1 24.7 726
3645 2 4 3.1 24.7 727
3650 2 4 3.1 24.7 728
3655 2 4 3.1 24.7 729
3660 2 4 3.1 24.7 730
3665 2 4 3.1 24.7 731
3670 2 4 3.1 24.7 732
3675 2 4 3.1 24.7 733
3680 2 4 3.1 24.7 734
3685 2 4 3.1 24.7 735
3690 2 4 3.1 24.7 736
3695 2 4 3.1 24.7 737
3700 2 4 3.1 24.7 738
3705 2 4 3.1 24.7 739
3710 2 4 3.1 24.7 740
3715 2 4 3.1 24.7 741
3720 2 4 3.1 24.7 742
3725 2 4 3.1 24.7 743
3730 2 4 3.1 24.7 744
3735 2 4 3.1 24.7 745
3740 2 4 3.1 24.7 746
3745 2 4 3.1 24.7 747
3750 2 4 3.1 24.7 748
3755 2 4 3.1 24.7 749
3760 2 4 3.1 24.7 750
3765 2 4 3.1 24.7 751
3770 2 4 3.1 24.7 752
3775 2 4 3.1 24.7 753
3780 2 4 3.1 24.7 754
3785 2 4 3.1 24.7 755
3790 2 4 3.1 24.7 756
3795 2 4 3.1 24.7 757
3800 2 4 3.1 24.7 758
3805 2 4 3.1 24.7 759
3810 2 4 3.1 24.7 760
3815 2 4 3.1 24.7 761
3820 2 4 3.1 24.7 762
3825 2 4 3.1 24.7 763
3830 2 4 3.1 24.7 764
3835 2 4 3.1 24.7 765
3840 2 4 3.1 24.7 766
3845 2 4 3.1 24.7 767
3850 2 4 3.1 24.7 768
3855 2 4 3.1 24.7 769
3860 2 4 3.1 24.7 770
3865 2 4 3.1 24.7 771
3870 2 4 3.1 24.7 772
3875 2 4 3.1 24.7 773
3880 2 4 3.1 24.7 774
3885 2 4 3.1 24.7 775
3890 2 4 3.1 24.7 776
3895 2 4 3.1 24.7 777
3900 2 4 3.1 24.7 778
3905 2 4 3.1 24.7 779
3910 2 4 3.1 24.7 780
3915 2 4 3.1 24.7 781
3920 2 4 3.1 24.7 782
3925 2 4 3.1 24.7 783
3930 2 4 3.1 24.7 784
3935 2 4 3.1 24.7 785
3940 2 4 3.1 24.7 786
3945 2 4 3.1 24.7 787
3950 2 4 3.1 24.7 788
3955 2 4 3.1 24.7 789
3960 2 4 3.1 24.7 790
3965 2 4 3.1 24.7 791
3970 2 4 3.1 24.7 792
3975 2 4 3.1 24.7 793
3980 2 4 3.1 24.7 794
3985 2 4 3.1 24.7 795
3990 2 4 3.1 24.7 796
3995 2 4 3.1 24.7 797
4000 2 4 3.1 24.7 798
4005 2 4 3.1 24.7 799
4010 2 4 3.1 24.7 800
4015 2 4 3.1 24.7 801
4020 2 4 3.1 24.7 802
4025 2 4 3.1 24.7 803
4030 2 4 3.1 24.7 804
4035 2 4 3.1 24.7 805
4040 2 4 3.1 24.7 806
4045 2 4 3.1 24.7 807
4050 2 4 3.1 24.7 808
4055 2 4 3.1 24.7 809
4060 2 4 3.1 24.7 810
4065 2 4 3.1 24.7 811
4070 2 4 3.1 24.7 812
4075 2 4 3.1 24.7 813
4080 2 4 3.1 24.7 814
4085 2 4 3.1 24.7 815
4090 2 4 3.1 24.7 816
4095 2 4 3.1 24.7 817
4100 2 4 3.1 24.7 818
4105 2 4 3.1 24.7 819
4110 2 4 3.1 24.7 820
4115 2 4 3.1 24.7 821
4120 2 4 3.1 24.7 822
4125 2 4 3.1 24.7 823
4130 2 4 3.1 24.7 824
4135 2 4 3.1 24.7 825
4140 2 4 3.1 24.7 826
4145 2 4 3.1 24.7 827
4150 2 4 3.1 24.7 828
4155 2 4 3.1 24.7 829
4160 2 4 3.1 24.7 830
4165 2 4 3.1 24.7 831
4170 2 4 3.1 24.7 832
4175 2 4 3.1 24.7 833
4180 2 4 3.1 24.7 834
4185 2 4 3.1 24.7 835
4190 2 4 3.1 24.7 836
4195 2 4 3.1 24.7 837
4200 2 4 3.1 24.7 838
4205 2 4 3.1 24.7 839
4210 2 4 3.1 24.7 840
4215 2 4 3.1 24.7 841
4220 2 4 3.1 24.7 842
4225 2 4 3.1 24.7 843
4230 2 4 3.1 24.7 844
4235 2 4 3.1 24.7 845
4240 2 4 3.1 24.7 846
4245 2 4 3.1 24.7 847
4250 2 4 3.1 24.7 848
4255 2 4 3.1 24.7 849
4260 2 4 3.1 24.7 850
4265 2 4 3.1 24.7 851
4270 2 4 3.1 24.7 852
4275 2 4 3.1 24.7 853
4280 2 4 3.1 24.7 854
4285 2 4 3.1 24.7 855
4290 2 4 3.1 24.7 856
4295 2 4 3.1 24.7 857
4300 2 4 3.1 24.7 858
4305 2 4 3.1 24.7 859
4310 2 4 3.1 24.7 860
4315 2 4 3.1 24.7 861
4320 2 4 3.1 24.7 862
4325 2 4 3.1 24.7 863
4330 2 4 3.1 24.7 864
4335 2 4 3.1 24.7 865
4340 2 4 3.1 24.7 866
4345 2 4 3.1 24.7 867
4350 2 4 3.1 24.7 868
4355 2 4 3.1 24.7 869
4360 2 4 3.1 24.7 870
4365 2 4 3.1 24.7 871
4370 2 4 3.1 24.7 872
4375 2 4 3.1 24.7 873
4380 2 4 3.1 24.7 874
4385 2 4 3.1 24.7 875
4390 2 4 3.1 24.7 876
4395 2 4 3.1 24.7 877
4400 2 4 3.1 24.7 878
4405 2 4 3.1 24.7 879
4410 2 4 3.1 24.7 880
4415 2 4 3.1 24.7 881
4420 2 4 3.1 24.7 882
4425 2 4 3.1 24.7 883
4430 2 4 3.1 24.7 884
4435 2 4 3.1 24.7 885
4440 2 4 3.1 24.7 886
4445 2 4 3.1 24.7 887
4450 2 4 3.1 24.7 888
4455 2 4 3.1 24.7 889
4460 2 4 3.1 24.7 890
4465 2 4 3.1 24.7 891
4470 2 4 3.1 24.7 892
4475 2 4 3.1 24.7 893
4480 2 4 3.1 24.7 894
4485 2 4 3.1 24.7 895
4490 2 4 3.1 24.7 896
4495 2 4 3.1 24.7 897
4500 2 4 3.1 24.7 898
4505 2 4 3.1 24.7 899
4510 2 4 3.1 24.7 900
4515 2 4 3.1 24.7 901
4520 2 4 3.1 24.7 902
4525 2 4 3.1 24.7 903
4530 2 4 3.1 24.7 904
4535 2 4 3.1 24.7 905
4540 2 4 3.1 24.7 906
4545 2 4 3.1 24.7 907
4550 2 4 3.1 24.7 908
4555 2 4 3.1 24.7 909
4560 2 4 3.1 24.7 910
4565 2 4 3.1 24.7 911
4570 2 4 3.1 24.7 912
4575 2 4 3.1 24.7 913
4580 2 4 3.1 24.7 914
4585 2 4 3.1 24.7 915
4590 2 4 3.1 24.7 916
4595 2 4 3.1 24.7 917
4600 2 4 3.1 24.7 918
4605 2 4 3.1 24.7 919
4610 2 4 3.1 24.7 920
4615 2 4 3.1 24.7 921
4620 2 4 3.1 24.7 922
4625 2 4 3.1 24.7 923
4630 2 4 3.1 24.7 924
4635 2 4 3.1 24.7 925
4640 2 4 3.1 24.7 926
4645 2 4 3.1 24.7 927
4650 2 4 3.1 24.7 928
4655 2 4 3.1 24.7 929
4660 2 4 3.1 24.7 930
4665 2 4 3.1 24.7 931
4670 2 4 3.1 24.7 932
4675 2 4 3.1 24.7 933
4680 2 4 3.1 24.7 934
4685 2 4 3.1 24.7 935
4690 2 4 3.1 24.7 936
4695 2 4 3.1 24.7 937
4700 2 4 3.1 24.7 938
4705 2 4 3.1 24.7 939
4710 2 4 3.1 24.7 940
4715 2 4 3.1 24.7 941
4720 2 4 3.1 24.7 942
4725 2 4 3.1 24.7 943
4730 2 4 3.1 24.7 944
4735 2 4 3.1 24.7 945
4740 2 4 3.1 24.7 946
4745 2 4 3.1 24.7 947
4750 2 4 3.1 24.7 948
4755 2 4 3.1 24.7 949
4760 2 4 3.1 24.7 950
4765 2 4 3.1 24.7 951
4770 2 4 3.1 24.7 952
4775 2 4 3.1 24.7 953
4780 2 4 3.1 24.7 954
4785 2 4 3.1 24.7 955
4790 2 4 3.1 24.7 956
4795 2 4 3.1 24.7 957
4800 2 4 3.1 24.7 958
4805 2 4 3.1 24.7 959
4810 2 4 3.1 24.7 960
4815 2 4 3.1 24.7 961
4820 2 4 3.1 24.7 962
4825 2 4 3.1 24.7 963
4830 2 4 3.1 24.7 964
4835 2 4 3.1 24.7 965
4840 2 4 3.1 24.7 966
4845 2 4 3.1 24.7 967
4850 2 4 3.1 24.7 968
4855 2 4 3.1 24.7 969
4860 2 4 3.1 24.7 970
4865 2 4 3.1 24.7 971
4870 2 4 3.1 24.7 972
4875 2 4 3.1 24.7 973
4880 2 4 3.1 24.7 974
4885 2 4 3.1 24.7 975
4890 2 4 3.1 24.7 976
4895 2 4 3.1 24.7 977
4900 2 4 3.1 24.7 978
4905 2 4 3.1 24.7 979
4910 2 4 3.1 24.7 980
4915 2 4 3.1 24.7 981
4920 2 4 3.1 24.7 982
4925 2 4 3.1 24.7 983
4930 2 4 3.1 24.7 984
4935 2 4 3.1 24.7 985
4940 2 4 3.1 24.7 986
4945 2 4 3.1 24.7 987
4950 2 4 3.1 24.7 988
4955 2 4 3.1 24.7 989
4960 2 4 3.1 24.7 990
4965 2 4 3.1 24.7 991
4970 2 4 3.1 24.7 992
4975 2 4 3.1 24.7 993
4980 2 4 3.1 24.7 994
4985 2 4 3.1 24.7 995
4990 2 4 3.0 24.0 996
4995 2 4 3.0 24.0 997
5000 2 4 3.0 24.0 998
5005 2 4 3.0 24.0 999
5010 2 4 3.0 24.0 1000
# Solution finale : 111000111000110001111 (2)
# Optimum         : 111000111000111000111
