# Execution avec les parametre suivants:
# {taillePopulationEnfants=5, verbose=false, tauxMutation=0.5, taillePopulationParents=10, maxEvaluations=30000, maxGenerations=1000, optimum=111000111000111000111, tailleTournoi=5}
# Optimum : 111000111000111000111
# Dimension : 21
15 8 12 9.5 48.5 1
20 8 10 9.2 48.0 2
25 8 10 9.0 48.4 3
30 8 10 8.8 46.6 4
35 7 9 8.5 46.3 5
40 6 9 8.1 45.5 6
45 6 9 8.1 45.5 7
50 6 9 7.7 45.7 8
55 6 8 7.4 44.6 9
60 6 8 7.4 44.6 10
65 6 8 7.4 44.6 11
70 6 8 7.4 44.6 12
75 4 8 6.8 40.4 13
80 4 8 6.7 41.1 14
85 4 8 6.3 37.9 15
90 4 7 6.2 37.6 16
95 4 7 6.1 37.9 17
100 4 7 5.9 39.1 18
105 4 7 5.7 36.9 19
110 4 7 5.7 36.9 20
115 4 6 5.3 35.5 21
120 4 6 5.3 35.5 22
125 4 6 5.3 35.5 23
130 4 6 5.3 35.5 24
135 4 6 5.3 35.5 25
140 4 6 5.3 35.5 26
145 4 6 5.3 35.5 27
150 4 6 5.3 35.5 28
155 4 6 5.3 35.5 29
160 4 6 5.3 35.5 30
165 4 6 5.3 35.5 31
170 4 6 5.3 35.5 32
175 4 6 5.3 35.5 33
180 4 6 5.3 35.5 34
185 4 6 5.3 35.5 35
190 4 6 5.3 35.5 36
195 4 6 5.3 35.5 37
200 4 6 5.3 35.5 38
205 4 6 5.3 35.5 39
210 4 6 5.3 35.5 40
215 4 6 5.3 35.5 41
220 4 6 5.1 34.5 42
225 4 6 5.1 34.5 43
230 4 6 5.1 34.5 44
235 4 6 5.1 34.5 45
240 4 6 5.1 34.5 46
245 4 6 5.1 34.5 47
250 4 6 5.1 34.5 48
255 4 6 5.1 34.5 49
260 4 6 5.1 34.5 50
265 4 6 5.1 34.5 51
270 4 6 5.1 34.5 52
275 4 6 5.1 34.5 53
280 4 6 5.1 34.5 54
285 4 6 5.1 34.5 55
290 4 6 5.1 34.5 56
295 4 6 5.1 34.5 57
300 4 6 5.1 34.5 58
305 4 6 5.1 34.5 59
310 4 6 5.1 34.5 60
315 4 6 5.1 34.5 61
320 3 6 4.8 33.6 62
325 3 6 4.8 33.6 63
330 3 6 4.8 33.6 64
335 3 6 4.8 33.6 65
340 3 6 4.8 33.6 66
345 3 6 4.8 33.6 67
350 3 6 4.8 33.6 68
355 3 6 4.8 33.6 69
360 3 6 4.8 33.6 70
365 3 6 4.8 33.6 71
370 3 6 4.7 34.7 72
375 3 6 4.7 34.7 73
380 3 6 4.6 34.2 74
385 3 6 4.6 34.2 75
390 3 6 4.6 34.2 76
395 3 6 4.6 34.2 77
400 3 5 4.5 33.3 78
405 3 5 4.5 33.3 79
410 3 5 4.5 33.3 80
415 3 5 4.5 33.3 81
420 3 5 4.5 33.3 82
425 3 5 4.5 33.3 83
430 3 5 4.5 33.3 84
435 3 5 4.5 33.3 85
440 3 5 4.5 33.3 86
445 3 5 4.5 33.3 87
450 3 5 4.5 33.3 88
455 3 5 4.5 33.3 89
460 3 5 4.5 33.3 90
465 3 5 4.5 33.3 91
470 3 5 4.5 33.3 92
475 3 5 4.5 33.3 93
480 3 5 4.5 33.3 94
485 3 5 4.5 33.3 95
490 3 5 4.5 33.3 96
495 3 5 4.5 33.3 97
500 3 5 4.5 33.3 98
505 3 5 4.5 33.3 99
510 3 5 4.5 33.3 100
515 3 5 4.5 33.3 101
520 3 5 4.5 33.3 102
525 3 5 4.5 33.3 103
530 3 5 4.5 33.3 104
535 3 5 4.5 33.3 105
540 3 5 4.5 33.3 106
545 3 5 4.5 33.3 107
550 3 5 4.5 33.3 108
555 3 5 4.5 33.3 109
560 3 5 4.5 33.3 110
565 3 5 4.5 33.3 111
570 3 5 4.5 33.3 112
575 3 5 4.5 33.3 113
580 3 5 4.5 33.3 114
585 3 5 4.5 33.3 115
590 3 5 4.5 33.3 116
595 3 5 4.5 33.3 117
600 3 5 4.5 33.3 118
605 3 5 4.5 33.3 119
610 3 5 4.5 33.3 120
615 3 5 4.5 33.3 121
620 3 5 4.5 33.3 122
625 3 5 4.5 33.3 123
630 3 5 4.4 33.4 124
635 3 5 4.4 33.4 125
640 3 5 4.4 33.4 126
645 3 5 4.4 33.4 127
650 3 5 4.4 33.4 128
655 3 5 4.4 33.4 129
660 3 5 4.4 33.4 130
665 3 5 4.4 33.4 131
670 3 5 4.4 33.4 132
675 3 5 4.4 33.4 133
680 3 5 4.4 33.4 134
685 3 5 4.4 33.4 135
690 3 5 4.4 33.4 136
695 3 5 4.4 33.4 137
700 3 5 4.4 33.4 138
705 3 5 4.4 33.4 139
710 3 5 4.4 33.4 140
715 3 5 4.4 33.4 141
720 3 5 4.4 33.4 142
725 3 5 4.4 33.4 143
730 3 5 4.4 33.4 144
735 3 5 4.4 33.4 145
740 3 5 4.4 33.4 146
745 3 5 4.4 33.4 147
750 3 5 4.4 33.4 148
755 3 5 4.4 33.4 149
760 3 5 4.4 33.4 150
765 3 5 4.4 33.4 151
770 3 5 4.4 33.4 152
775 3 5 4.4 33.4 153
780 3 5 4.4 33.4 154
785 3 5 4.4 33.4 155
790 3 5 4.4 33.4 156
795 3 5 4.4 33.4 157
800 3 5 4.4 33.4 158
805 3 5 4.4 33.4 159
810 3 5 4.4 33.4 160
815 3 5 4.4 33.4 161
820 3 5 4.3 33.1 162
825 3 5 4.3 33.1 163
830 3 5 4.3 33.1 164
835 3 5 4.3 33.1 165
840 3 5 4.3 33.1 166
845 3 5 4.3 33.1 167
850 3 5 4.3 33.1 168
855 3 5 4.3 33.1 169
860 3 5 4.3 33.1 170
865 3 5 4.3 33.1 171
870 3 5 4.3 33.1 172
875 3 5 4.3 33.1 173
880 3 5 4.3 33.1 174
885 3 5 4.3 33.1 175
890 3 5 4.3 33.1 176
895 3 5 4.2 32.0 177
900 3 5 4.2 32.0 178
905 3 5 4.2 32.0 179
910 3 5 4.2 32.0 180
915 3 5 4.2 32.0 181
920 3 5 4.2 32.0 182
925 3 5 4.2 32.0 183
930 3 5 4.2 32.0 184
935 3 5 4.2 32.0 185
940 3 5 4.2 32.0 186
945 3 5 4.2 32.0 187
950 3 5 4.2 32.0 188
955 3 5 4.2 32.0 189
960 3 5 4.2 32.0 190
965 3 5 4.2 32.0 191
970 3 5 4.2 32.0 192
975 3 5 4.2 32.0 193
980 3 5 4.2 32.0 194
985 3 5 4.2 32.0 195
990 3 5 4.2 32.0 196
995 3 5 4.2 32.0 197
1000 3 5 4.2 32.0 198
1005 3 5 4.2 32.0 199
1010 3 5 4.2 32.0 200
1015 3 5 4.2 32.0 201
1020 3 5 4.2 32.0 202
1025 3 5 4.2 32.0 203
1030 3 5 4.2 32.0 204
1035 3 5 4.2 32.0 205
1040 3 5 4.2 32.0 206
1045 3 5 4.2 32.0 207
1050 3 5 4.2 32.0 208
1055 3 5 4.2 32.0 209
1060 3 5 4.2 32.0 210
1065 3 5 4.2 32.0 211
1070 3 5 4.2 32.0 212
1075 3 5 4.2 32.0 213
1080 3 5 4.2 32.0 214
1085 3 5 4.2 32.0 215
1090 3 5 4.2 32.0 216
1095 3 5 4.2 32.0 217
1100 3 5 4.2 32.0 218
1105 3 5 4.2 32.0 219
1110 3 5 4.2 32.0 220
1115 3 5 4.2 32.0 221
1120 3 5 4.2 32.0 222
1125 3 5 4.2 32.0 223
1130 3 5 4.2 32.0 224
1135 3 5 4.2 32.0 225
1140 3 5 4.2 32.0 226
1145 3 5 4.2 32.0 227
1150 3 5 4.2 32.0 228
1155 3 5 4.2 32.0 229
1160 3 5 4.2 32.0 230
1165 3 5 4.2 32.0 231
1170 3 5 4.2 32.0 232
1175 3 5 4.2 32.0 233
1180 3 5 4.2 32.0 234
1185 3 5 4.2 32.0 235
1190 3 5 4.2 32.0 236
1195 3 5 4.2 32.0 237
1200 3 5 4.2 32.0 238
1205 3 5 4.0 30.2 239
1210 3 5 4.0 30.2 240
1215 3 5 4.0 30.2 241
1220 3 5 4.0 30.2 242
1225 3 5 4.0 30.2 243
1230 3 5 4.0 30.2 244
1235 3 5 4.0 30.2 245
1240 3 5 4.0 30.2 246
1245 3 5 4.0 30.2 247
1250 3 5 4.0 30.2 248
1255 3 5 4.0 30.2 249
1260 3 5 4.0 30.2 250
1265 3 5 4.0 30.2 251
1270 3 5 4.0 30.2 252
1275 3 5 4.0 30.2 253
1280 3 5 4.0 30.2 254
1285 3 5 4.0 30.2 255
1290 3 5 4.0 30.2 256
1295 3 5 4.0 30.2 257
1300 3 5 4.0 30.2 258
1305 3 5 4.0 30.2 259
1310 3 5 4.0 30.2 260
1315 3 5 4.0 30.2 261
1320 3 5 4.0 30.2 262
1325 3 5 4.0 30.2 263
1330 3 5 4.0 30.2 264
1335 3 5 4.0 30.2 265
1340 3 5 3.9 28.7 266
1345 3 5 3.9 28.7 267
1350 3 5 3.9 28.7 268
1355 3 5 3.9 28.7 269
1360 3 5 3.9 28.7 270
1365 3 5 3.9 28.7 271
1370 3 5 3.9 28.7 272
1375 3 5 3.9 28.7 273
1380 3 5 3.9 28.7 274
1385 3 5 3.9 28.7 275
1390 3 5 3.9 28.7 276
1395 3 5 3.9 28.7 277
1400 3 5 3.9 28.7 278
1405 3 5 3.9 28.7 279
1410 3 5 3.9 28.7 280
1415 3 5 3.9 28.7 281
1420 3 5 3.9 28.7 282
1425 3 5 3.9 28.7 283
1430 3 5 3.9 28.7 284
1435 3 5 3.9 28.7 285
1440 3 5 3.9 28.7 286
1445 3 5 3.9 28.7 287
1450 3 5 3.9 28.7 288
1455 3 5 3.9 28.7 289
1460 3 5 3.9 28.7 290
1465 3 5 3.9 28.7 291
1470 3 5 3.9 28.7 292
1475 3 5 3.9 28.7 293
1480 3 5 3.9 28.7 294
1485 3 4 3.8 28.2 295
1490 3 4 3.8 28.2 296
1495 3 4 3.8 28.2 297
1500 3 4 3.8 28.2 298
1505 3 4 3.8 28.2 299
1510 3 4 3.8 28.2 300
1515 3 4 3.8 28.2 301
1520 3 4 3.8 28.2 302
1525 3 4 3.8 28.2 303
1530 3 4 3.8 28.2 304
1535 3 4 3.8 28.2 305
1540 3 4 3.8 28.2 306
1545 3 4 3.8 28.2 307
1550 3 4 3.8 28.2 308
1555 3 4 3.8 28.2 309
1560 3 4 3.8 28.2 310
1565 3 4 3.8 28.2 311
1570 3 4 3.8 28.2 312
1575 3 4 3.8 28.2 313
1580 3 4 3.8 28.2 314
1585 3 4 3.8 28.2 315
1590 3 4 3.8 28.2 316
1595 3 4 3.8 28.2 317
1600 3 4 3.8 28.2 318
1605 3 4 3.8 28.2 319
1610 3 4 3.8 28.2 320
1615 3 4 3.8 28.2 321
1620 3 4 3.8 28.2 322
1625 3 4 3.8 28.2 323
1630 3 4 3.8 28.2 324
1635 3 4 3.8 28.2 325
1640 3 4 3.8 28.2 326
1645 3 4 3.8 28.2 327
1650 3 4 3.8 28.2 328
1655 3 4 3.8 28.2 329
1660 3 4 3.8 28.2 330
1665 3 4 3.8 28.2 331
1670 3 4 3.8 28.2 332
1675 3 4 3.8 28.2 333
1680 3 4 3.8 28.2 334
1685 3 4 3.8 28.2 335
1690 3 4 3.8 28.2 336
1695 3 4 3.8 28.2 337
1700 3 4 3.8 28.2 338
1705 3 4 3.8 28.2 339
1710 3 4 3.8 28.2 340
1715 3 4 3.8 28.2 341
1720 3 4 3.8 28.2 342
1725 3 4 3.8 28.2 343
1730 3 4 3.8 28.2 344
1735 3 4 3.8 28.2 345
1740 3 4 3.8 28.2 346
1745 3 4 3.8 28.2 347
1750 3 4 3.8 28.2 348
1755 3 4 3.8 28.2 349
1760 3 4 3.8 28.2 350
1765 3 4 3.8 28.2 351
1770 3 4 3.8 28.2 352
1775 3 4 3.8 28.2 353
1780 3 4 3.8 28.2 354
1785 3 4 3.8 28.2 355
1790 3 4 3.8 28.2 356
1795 3 4 3.8 28.2 357
1800 3 4 3.8 28.2 358
1805 3 4 3.8 28.2 359
1810 3 4 3.8 28.2 360
1815 3 4 3.8 28.2 361
1820 3 4 3.8 28.2 362
1825 3 4 3.8 28.2 363
1830 3 4 3.8 28.2 364
1835 3 4 3.8 28.2 365
1840 3 4 3.8 28.2 366
1845 3 4 3.8 28.2 367
1850 3 4 3.8 28.2 368
1855 3 4 3.8 28.2 369
1860 3 4 3.8 28.2 370
1865 3 4 3.8 28.2 371
1870 3 4 3.8 28.2 372
1875 3 4 3.8 28.2 373
1880 3 4 3.8 28.2 374
1885 3 4 3.8 28.2 375
1890 3 4 3.8 28.2 376
1895 3 4 3.8 28.2 377
1900 3 4 3.8 28.2 378
1905 3 4 3.8 28.2 379
1910 3 4 3.8 28.2 380
1915 3 4 3.8 28.2 381
1920 3 4 3.8 28.2 382
1925 3 4 3.8 28.2 383
1930 3 4 3.8 28.2 384
1935 3 4 3.8 28.2 385
1940 3 4 3.8 28.2 386
1945 3 4 3.8 28.2 387
1950 3 4 3.8 28.2 388
1955 3 4 3.8 28.2 389
1960 3 4 3.8 28.2 390
1965 3 4 3.8 28.2 391
1970 3 4 3.8 28.2 392
1975 3 4 3.8 28.2 393
1980 3 4 3.8 28.2 394
1985 3 4 3.8 28.2 395
1990 3 4 3.8 28.2 396
1995 3 4 3.8 28.2 397
2000 3 4 3.8 28.2 398
2005 3 4 3.8 28.2 399
2010 3 4 3.8 28.2 400
2015 3 4 3.8 28.2 401
2020 3 4 3.8 28.2 402
2025 3 4 3.8 28.2 403
2030 3 4 3.8 28.2 404
2035 3 4 3.8 28.2 405
2040 3 4 3.8 28.2 406
2045 3 4 3.8 28.2 407
2050 3 4 3.8 28.2 408
2055 3 4 3.8 28.2 409
2060 3 4 3.8 28.2 410
2065 3 4 3.8 28.2 411
2070 3 4 3.8 28.2 412
2075 3 4 3.8 28.2 413
2080 3 4 3.8 28.2 414
2085 3 4 3.8 28.2 415
2090 3 4 3.8 28.2 416
2095 3 4 3.8 28.2 417
2100 3 4 3.8 28.2 418
2105 3 4 3.8 28.2 419
2110 3 4 3.8 28.2 420
2115 3 4 3.8 28.2 421
2120 3 4 3.8 28.2 422
2125 3 4 3.8 28.2 423
2130 3 4 3.8 28.2 424
2135 3 4 3.8 28.2 425
2140 3 4 3.8 28.2 426
2145 3 4 3.8 28.2 427
2150 3 4 3.8 28.2 428
2155 3 4 3.8 28.2 429
2160 3 4 3.8 28.2 430
2165 3 4 3.8 28.2 431
2170 3 4 3.8 28.2 432
2175 3 4 3.8 28.2 433
2180 3 4 3.8 28.2 434
2185 3 4 3.8 28.2 435
2190 3 4 3.8 28.2 436
2195 3 4 3.8 28.2 437
2200 3 4 3.8 28.2 438
2205 3 4 3.8 28.2 439
2210 3 4 3.8 28.2 440
2215 3 4 3.8 28.2 441
2220 3 4 3.8 28.2 442
2225 3 4 3.8 28.2 443
2230 3 4 3.8 28.2 444
2235 3 4 3.8 28.2 445
2240 3 4 3.8 28.2 446
2245 3 4 3.8 28.2 447
2250 3 4 3.8 28.2 448
2255 3 4 3.8 28.2 449
2260 3 4 3.8 28.2 450
2265 3 4 3.8 28.2 451
2270 3 4 3.8 28.2 452
2275 3 4 3.8 28.2 453
2280 3 4 3.8 28.2 454
2285 3 4 3.8 28.2 455
2290 3 4 3.8 28.2 456
2295 3 4 3.8 28.2 457
2300 3 4 3.8 28.2 458
2305 3 4 3.8 28.2 459
2310 3 4 3.8 28.2 460
2315 3 4 3.8 28.2 461
2320 3 4 3.8 28.2 462
2325 3 4 3.8 28.2 463
2330 3 4 3.8 28.2 464
2335 3 4 3.8 28.2 465
2340 3 4 3.8 28.2 466
2345 3 4 3.8 28.2 467
2350 3 4 3.8 28.2 468
2355 3 4 3.8 28.2 469
2360 3 4 3.8 28.2 470
2365 3 4 3.8 28.2 471
2370 3 4 3.8 28.2 472
2375 3 4 3.8 28.2 473
2380 3 4 3.8 28.2 474
2385 3 4 3.7 27.7 475
2390 3 4 3.7 27.7 476
2395 3 4 3.7 27.7 477
2400 3 4 3.7 27.7 478
2405 3 4 3.7 27.7 479
2410 3 4 3.7 27.7 480
2415 3 4 3.7 27.7 481
2420 3 4 3.7 27.7 482
2425 3 4 3.7 27.7 483
2430 3 4 3.7 27.7 484
2435 3 4 3.7 27.7 485
2440 3 4 3.7 27.7 486
2445 3 4 3.7 27.7 487
2450 3 4 3.7 27.7 488
2455 3 4 3.7 27.7 489
2460 3 4 3.7 27.7 490
2465 3 4 3.7 27.7 491
2470 3 4 3.7 27.7 492
2475 3 4 3.7 27.7 493
2480 3 4 3.7 27.7 494
2485 3 4 3.7 27.7 495
2490 3 4 3.7 27.7 496
2495 3 4 3.7 27.7 497
2500 3 4 3.7 27.7 498
2505 3 4 3.7 27.7 499
2510 3 4 3.7 27.7 500
2515 3 4 3.7 27.7 501
2520 3 4 3.7 27.7 502
2525 3 4 3.7 27.7 503
2530 3 4 3.7 27.7 504
2535 3 4 3.7 27.7 505
2540 3 4 3.7 27.7 506
2545 3 4 3.7 27.7 507
2550 3 4 3.7 27.7 508
2555 3 4 3.7 27.7 509
2560 3 4 3.7 27.7 510
2565 3 4 3.7 27.7 511
2570 3 4 3.7 27.7 512
2575 3 4 3.7 27.7 513
2580 3 4 3.7 27.7 514
2585 3 4 3.7 27.7 515
2590 3 4 3.7 27.7 516
2595 3 4 3.7 27.7 517
2600 3 4 3.7 27.7 518
2605 3 4 3.7 27.7 519
2610 3 4 3.7 27.7 520
2615 3 4 3.7 27.7 521
2620 3 4 3.7 27.7 522
2625 3 4 3.7 27.7 523
2630 3 4 3.7 27.7 524
2635 3 4 3.7 27.7 525
2640 3 4 3.7 27.7 526
2645 3 4 3.7 27.7 527
2650 3 4 3.7 27.7 528
2655 3 4 3.7 27.7 529
2660 3 4 3.7 27.7 530
2665 3 4 3.7 27.7 531
2670 3 4 3.7 27.7 532
2675 3 4 3.7 27.7 533
2680 3 4 3.7 27.7 534
2685 3 4 3.7 27.7 535
2690 3 4 3.7 27.7 536
2695 3 4 3.7 27.7 537
2700 3 4 3.7 27.7 538
2705 3 4 3.7 27.7 539
2710 3 4 3.7 27.7 540
2715 3 4 3.7 27.7 541
2720 3 4 3.7 27.7 542
2725 3 4 3.7 27.7 543
2730 3 4 3.7 27.7 544
2735 3 4 3.7 27.7 545
2740 3 4 3.7 27.7 546
2745 3 4 3.7 27.7 547
2750 3 4 3.7 27.7 548
2755 3 4 3.7 27.7 549
2760 3 4 3.7 27.7 550
2765 3 4 3.7 27.7 551
2770 3 4 3.7 27.7 552
2775 3 4 3.7 27.7 553
2780 3 4 3.7 27.7 554
2785 3 4 3.7 27.7 555
2790 3 4 3.7 27.7 556
2795 3 4 3.7 27.7 557
2800 3 4 3.7 27.7 558
2805 3 4 3.7 27.7 559
2810 3 4 3.7 27.7 560
2815 3 4 3.7 27.7 561
2820 3 4 3.7 27.7 562
2825 3 4 3.7 27.7 563
2830 3 4 3.7 27.7 564
2835 3 4 3.7 27.7 565
2840 3 4 3.7 27.7 566
2845 3 4 3.7 27.7 567
2850 3 4 3.7 27.7 568
2855 3 4 3.7 27.7 569
2860 3 4 3.7 27.7 570
2865 3 4 3.7 27.7 571
2870 3 4 3.7 27.7 572
2875 3 4 3.7 27.7 573
2880 3 4 3.7 27.7 574
2885 3 4 3.7 27.7 575
2890 3 4 3.7 27.7 576
2895 3 4 3.7 27.7 577
2900 3 4 3.7 27.7 578
2905 3 4 3.7 27.7 579
2910 3 4 3.7 27.7 580
2915 3 4 3.7 27.7 581
2920 3 4 3.7 27.7 582
2925 3 4 3.7 27.7 583
2930 3 4 3.7 27.7 584
2935 3 4 3.7 27.7 585
2940 3 4 3.7 27.7 586
2945 3 4 3.7 27.7 587
2950 3 4 3.7 27.7 588
2955 3 4 3.7 27.7 589
2960 3 4 3.7 27.7 590
2965 3 4 3.7 27.7 591
2970 3 4 3.7 27.7 592
2975 3 4 3.7 27.7 593
2980 3 4 3.7 27.7 594
2985 3 4 3.7 27.7 595
2990 3 4 3.7 27.7 596
2995 3 4 3.7 27.7 597
3000 3 4 3.7 27.7 598
3005 3 4 3.7 27.7 599
3010 3 4 3.7 27.7 600
3015 3 4 3.7 27.7 601
3020 3 4 3.7 27.7 602
3025 3 4 3.7 27.7 603
3030 3 4 3.7 27.7 604
3035 3 4 3.7 27.7 605
3040 3 4 3.7 27.7 606
3045 3 4 3.7 27.7 607
3050 3 4 3.7 27.7 608
3055 3 4 3.7 27.7 609
3060 3 4 3.7 27.7 610
3065 3 4 3.7 27.7 611
3070 3 4 3.7 27.7 612
3075 3 4 3.7 27.7 613
3080 3 4 3.7 27.7 614
3085 3 4 3.7 27.7 615
3090 3 4 3.7 27.7 616
3095 3 4 3.7 27.7 617
3100 3 4 3.7 27.7 618
3105 3 4 3.7 27.7 619
3110 3 4 3.7 27.7 620
3115 3 4 3.7 27.7 621
3120 3 4 3.7 27.7 622
3125 3 4 3.7 27.7 623
3130 3 4 3.7 27.7 624
3135 3 4 3.7 27.7 625
3140 3 4 3.7 27.7 626
3145 3 4 3.7 27.7 627
3150 3 4 3.7 27.7 628
3155 3 4 3.7 27.7 629
3160 3 4 3.7 27.7 630
3165 3 4 3.7 27.7 631
3170 3 4 3.7 27.7 632
3175 3 4 3.7 27.7 633
3180 3 4 3.7 27.7 634
3185 3 4 3.7 27.7 635
3190 3 4 3.7 27.7 636
3195 3 4 3.7 27.7 637
3200 3 4 3.7 27.7 638
3205 3 4 3.7 27.7 639
3210 3 4 3.7 27.7 640
3215 3 4 3.7 27.7 641
3220 3 4 3.7 27.7 642
3225 3 4 3.7 27.7 643
3230 3 4 3.7 27.7 644
3235 3 4 3.7 27.7 645
3240 3 4 3.7 27.7 646
3245 3 4 3.7 27.7 647
3250 3 4 3.7 27.7 648
3255 3 4 3.7 27.7 649
3260 3 4 3.7 27.7 650
3265 3 4 3.7 27.7 651
3270 3 4 3.7 27.7 652
3275 3 4 3.7 27.7 653
3280 3 4 3.7 27.7 654
3285 3 4 3.7 27.7 655
3290 3 4 3.7 27.7 656
3295 3 4 3.7 27.7 657
3300 3 4 3.7 27.7 658
3305 3 4 3.7 27.7 659
3310 3 4 3.7 27.7 660
3315 3 4 3.7 27.7 661
3320 3 4 3.7 27.7 662
3325 3 4 3.7 27.7 663
3330 3 4 3.7 27.7 664
3335 3 4 3.7 27.7 665
3340 3 4 3.7 27.7 666
3345 3 4 3.7 27.7 667
3350 3 4 3.7 27.7 668
3355 3 4 3.7 27.7 669
3360 3 4 3.7 27.7 670
3365 3 4 3.7 27.7 671
3370 3 4 3.7 27.7 672
3375 3 4 3.7 27.7 673
3380 3 4 3.7 27.7 674
3385 3 4 3.7 27.7 675
3390 3 4 3.7 27.7 676
3395 3 4 3.7 27.7 677
3400 3 4 3.7 27.7 678
3405 3 4 3.7 27.7 679
3410 3 4 3.7 27.7 680
3415 3 4 3.7 27.7 681
3420 3 4 3.7 27.7 682
3425 3 4 3.7 27.7 683
3430 3 4 3.7 27.7 684
3435 3 4 3.7 27.7 685
3440 3 4 3.7 27.7 686
3445 3 4 3.7 27.7 687
3450 3 4 3.7 27.7 688
3455 3 4 3.7 27.7 689
3460 3 4 3.7 27.7 690
3465 3 4 3.7 27.7 691
3470 3 4 3.7 27.7 692
3475 3 4 3.7 27.7 693
3480 3 4 3.7 27.7 694
3485 3 4 3.7 27.7 695
3490 3 4 3.7 27.7 696
3495 3 4 3.7 27.7 697
3500 3 4 3.7 27.7 698
3505 3 4 3.7 27.7 699
3510 3 4 3.7 27.7 700
3515 3 4 3.7 27.7 701
3520 3 4 3.7 27.7 702
3525 3 4 3.7 27.7 703
3530 3 4 3.7 27.7 704
3535 3 4 3.7 27.7 705
3540 3 4 3.7 27.7 706
3545 3 4 3.7 27.7 707
3550 3 4 3.7 27.7 708
3555 3 4 3.7 27.7 709
3560 3 4 3.7 27.7 710
3565 3 4 3.7 27.7 711
3570 3 4 3.7 27.7 712
3575 3 4 3.7 27.7 713
3580 3 4 3.7 27.7 714
3585 3 4 3.7 27.7 715
3590 3 4 3.7 27.7 716
3595 3 4 3.7 27.7 717
3600 3 4 3.7 27.7 718
3605 3 4 3.7 27.7 719
3610 3 4 3.7 27.7 720
3615 3 4 3.7 27.7 721
3620 3 4 3.7 27.7 722
3625 3 4 3.7 27.7 723
3630 3 4 3.7 27.7 724
3635 3 4 3.7 27.7 725
3640 3 4 3.7 27.7 726
3645 3 4 3.7 27.7 727
3650 3 4 3.7 27.7 728
3655 3 4 3.7 27.7 729
3660 3 4 3.7 27.7 730
3665 3 4 3.7 27.7 731
3670 3 4 3.7 27.7 732
3675 3 4 3.7 27.7 733
3680 3 4 3.7 27.7 734
3685 3 4 3.7 27.7 735
3690 3 4 3.7 27.7 736
3695 3 4 3.7 27.7 737
3700 3 4 3.7 27.7 738
3705 3 4 3.7 27.7 739
3710 3 4 3.7 27.7 740
3715 3 4 3.7 27.7 741
3720 3 4 3.7 27.7 742
3725 3 4 3.7 27.7 743
3730 3 4 3.7 27.7 744
3735 3 4 3.7 27.7 745
3740 3 4 3.7 27.7 746
3745 3 4 3.7 27.7 747
3750 3 4 3.7 27.7 748
3755 3 4 3.7 27.7 749
3760 3 4 3.7 27.7 750
3765 3 4 3.7 27.7 751
3770 3 4 3.7 27.7 752
3775 3 4 3.7 27.7 753
3780 3 4 3.7 27.7 754
3785 3 4 3.7 27.7 755
3790 3 4 3.7 27.7 756
3795 3 4 3.7 27.7 757
3800 3 4 3.7 27.7 758
3805 3 4 3.7 27.7 759
3810 3 4 3.7 27.7 760
3815 3 4 3.7 27.7 761
3820 3 4 3.7 27.7 762
3825 3 4 3.7 27.7 763
3830 3 4 3.7 27.7 764
3835 3 4 3.7 27.7 765
3840 3 4 3.7 27.7 766
3845 3 4 3.7 27.7 767
3850 3 4 3.7 27.7 768
3855 3 4 3.7 27.7 769
3860 3 4 3.7 27.7 770
3865 3 4 3.7 27.7 771
3870 3 4 3.7 27.7 772
3875 3 4 3.7 27.7 773
3880 3 4 3.7 27.7 774
3885 3 4 3.7 27.7 775
3890 3 4 3.7 27.7 776
3895 3 4 3.7 27.7 777
3900 3 4 3.7 27.7 778
3905 3 4 3.7 27.7 779
3910 3 4 3.7 27.7 780
3915 3 4 3.7 27.7 781
3920 3 4 3.7 27.7 782
3925 3 4 3.7 27.7 783
3930 3 4 3.7 27.7 784
3935 3 4 3.7 27.7 785
3940 3 4 3.7 27.7 786
3945 3 4 3.7 27.7 787
3950 3 4 3.7 27.7 788
3955 3 4 3.7 27.7 789
3960 3 4 3.7 27.7 790
3965 3 4 3.7 27.7 791
3970 3 4 3.7 27.7 792
3975 3 4 3.7 27.7 793
3980 3 4 3.7 27.7 794
3985 3 4 3.7 27.7 795
3990 3 4 3.7 27.7 796
3995 3 4 3.7 27.7 797
4000 3 4 3.7 27.7 798
4005 3 4 3.7 27.7 799
4010 3 4 3.7 27.7 800
4015 3 4 3.7 27.7 801
4020 3 4 3.7 27.7 802
4025 3 4 3.7 27.7 803
4030 3 4 3.7 27.7 804
4035 3 4 3.7 27.7 805
4040 3 4 3.7 27.7 806
4045 3 4 3.7 27.7 807
4050 3 4 3.7 27.7 808
4055 3 4 3.7 27.7 809
4060 3 4 3.7 27.7 810
4065 3 4 3.7 27.7 811
4070 3 4 3.7 27.7 812
4075 3 4 3.7 27.7 813
4080 3 4 3.7 27.7 814
4085 3 4 3.7 27.7 815
4090 3 4 3.7 27.7 816
4095 3 4 3.7 27.7 817
4100 3 4 3.7 27.7 818
4105 3 4 3.7 27.7 819
4110 3 4 3.7 27.7 820
4115 3 4 3.7 27.7 821
4120 3 4 3.7 27.7 822
4125 3 4 3.7 27.7 823
4130 3 4 3.7 27.7 824
4135 3 4 3.7 27.7 825
4140 3 4 3.7 27.7 826
4145 3 4 3.7 27.7 827
4150 3 4 3.7 27.7 828
4155 3 4 3.7 27.7 829
4160 3 4 3.7 27.7 830
4165 3 4 3.7 27.7 831
4170 3 4 3.7 27.7 832
4175 3 4 3.7 27.7 833
4180 3 4 3.7 27.7 834
4185 3 4 3.7 27.7 835
4190 3 4 3.7 27.7 836
4195 3 4 3.7 27.7 837
4200 3 4 3.7 27.7 838
4205 3 4 3.7 27.7 839
4210 3 4 3.7 27.7 840
4215 3 4 3.7 27.7 841
4220 3 4 3.7 27.7 842
4225 3 4 3.7 27.7 843
4230 3 4 3.7 27.7 844
4235 3 4 3.7 27.7 845
4240 3 4 3.7 27.7 846
4245 3 4 3.7 27.7 847
4250 3 4 3.7 27.7 848
4255 3 4 3.7 27.7 849
4260 3 4 3.7 27.7 850
4265 3 4 3.6 27.4 851
4270 3 4 3.6 27.4 852
4275 3 4 3.6 27.4 853
4280 3 4 3.6 27.4 854
4285 3 4 3.6 27.4 855
4290 3 4 3.6 27.4 856
4295 3 4 3.6 27.4 857
4300 3 4 3.6 27.4 858
4305 3 4 3.6 27.4 859
4310 3 4 3.6 27.4 860
4315 3 4 3.6 27.4 861
4320 3 4 3.6 27.4 862
4325 3 4 3.6 27.4 863
4330 3 4 3.6 27.4 864
4335 3 4 3.6 27.4 865
4340 3 4 3.6 27.4 866
4345 3 4 3.6 27.4 867
4350 3 4 3.6 27.4 868
4355 3 4 3.6 27.4 869
4360 3 4 3.6 27.4 870
4365 3 4 3.6 27.4 871
4370 3 4 3.6 27.4 872
4375 3 4 3.6 27.4 873
4380 3 4 3.6 27.4 874
4385 3 4 3.6 27.4 875
4390 3 4 3.6 27.4 876
4395 3 4 3.6 27.4 877
4400 3 4 3.6 27.4 878
4405 3 4 3.6 27.4 879
4410 3 4 3.6 27.4 880
4415 3 4 3.6 27.4 881
4420 3 4 3.6 27.4 882
4425 3 4 3.6 27.4 883
4430 3 4 3.6 27.4 884
4435 3 4 3.6 27.4 885
4440 3 4 3.6 27.4 886
4445 3 4 3.6 27.4 887
4450 3 4 3.6 27.4 888
4455 3 4 3.6 27.4 889
4460 3 4 3.6 27.4 890
4465 3 4 3.6 27.4 891
4470 3 4 3.6 27.4 892
4475 3 4 3.6 27.4 893
4480 3 4 3.6 27.4 894
4485 3 4 3.6 27.4 895
4490 3 4 3.6 27.4 896
4495 3 4 3.6 27.4 897
4500 3 4 3.6 27.4 898
4505 3 4 3.6 27.4 899
4510 3 4 3.6 27.4 900
4515 3 4 3.6 27.4 901
4520 3 4 3.6 27.4 902
4525 3 4 3.6 27.4 903
4530 3 4 3.6 27.4 904
4535 3 4 3.6 27.4 905
4540 3 4 3.6 27.4 906
4545 3 4 3.6 27.4 907
4550 3 4 3.6 27.4 908
4555 3 4 3.6 27.4 909
4560 3 4 3.6 27.4 910
4565 3 4 3.6 27.4 911
4570 3 4 3.6 27.4 912
4575 3 4 3.6 27.4 913
4580 3 4 3.6 27.4 914
4585 3 4 3.6 27.4 915
4590 3 4 3.6 27.4 916
4595 3 4 3.6 27.4 917
4600 3 4 3.6 27.4 918
4605 3 4 3.6 27.4 919
4610 3 4 3.6 27.4 920
4615 3 4 3.6 27.4 921
4620 3 4 3.6 27.4 922
4625 3 4 3.6 27.4 923
4630 3 4 3.6 27.4 924
4635 3 4 3.6 27.4 925
4640 3 4 3.6 27.4 926
4645 3 4 3.6 27.4 927
4650 3 4 3.6 27.4 928
4655 3 4 3.6 27.4 929
4660 3 4 3.6 27.4 930
4665 3 4 3.6 27.4 931
4670 3 4 3.6 27.4 932
4675 3 4 3.6 27.4 933
4680 3 4 3.6 27.4 934
4685 3 4 3.6 27.4 935
4690 3 4 3.6 27.4 936
4695 3 4 3.6 27.4 937
4700 3 4 3.6 27.4 938
4705 3 4 3.6 27.4 939
4710 3 4 3.6 27.4 940
4715 3 4 3.6 27.4 941
4720 3 4 3.6 27.4 942
4725 3 4 3.6 27.4 943
4730 3 4 3.6 27.4 944
4735 3 4 3.6 27.4 945
4740 3 4 3.6 27.4 946
4745 3 4 3.6 27.4 947
4750 3 4 3.6 27.4 948
4755 3 4 3.6 27.4 949
4760 3 4 3.6 27.4 950
4765 3 4 3.6 27.4 951
4770 3 4 3.6 27.4 952
4775 3 4 3.6 27.4 953
4780 3 4 3.6 27.4 954
4785 3 4 3.6 27.4 955
4790 3 4 3.6 27.4 956
4795 3 4 3.6 27.4 957
4800 3 4 3.6 27.4 958
4805 3 4 3.6 27.4 959
4810 3 4 3.6 27.4 960
4815 3 4 3.6 27.4 961
4820 3 4 3.6 27.4 962
4825 3 4 3.6 27.4 963
4830 3 4 3.6 27.4 964
4835 3 4 3.6 27.4 965
4840 3 4 3.6 27.4 966
4845 3 4 3.6 27.4 967
4850 3 4 3.6 27.4 968
4855 3 4 3.6 27.4 969
4860 3 4 3.6 27.4 970
4865 3 4 3.6 27.4 971
4870 3 4 3.6 27.4 972
4875 3 4 3.5 27.5 973
4880 3 4 3.5 27.5 974
4885 3 4 3.5 27.5 975
4890 3 4 3.5 27.5 976
4895 3 4 3.5 27.5 977
4900 3 4 3.5 27.5 978
4905 3 4 3.5 27.5 979
4910 3 4 3.5 27.5 980
4915 3 4 3.5 27.5 981
4920 3 4 3.5 27.5 982
4925 3 4 3.5 27.5 983
4930 3 4 3.5 27.5 984
4935 3 4 3.5 27.5 985
4940 3 4 3.5 27.5 986
4945 3 4 3.5 27.5 987
4950 3 4 3.5 27.5 988
4955 3 4 3.5 27.5 989
4960 3 4 3.5 27.5 990
4965 3 4 3.5 27.5 991
4970 3 4 3.5 27.5 992
4975 3 4 3.5 27.5 993
4980 3 4 3.5 27.5 994
4985 3 4 3.5 27.5 995
4990 3 4 3.5 27.5 996
4995 3 4 3.5 27.5 997
5000 3 4 3.5 27.5 998
5005 3 4 3.5 27.5 999
5010 3 4 3.5 27.5 1000
# Solution finale : 111000111000110000100 (3)
# Optimum         : 111000111000111000111
