# Execution avec les parametre suivants:
# {taillePopulationEnfants=5, verbose=false, tauxMutation=0.5, taillePopulationParents=10, maxEvaluations=30000, maxGenerations=1000, optimum=111000111000111000111, tailleTournoi=5}
# Optimum : 111000111000111000111
# Dimension : 21
15 6 12 10.2 45.4 1
20 6 11 9.5 47.3 2
25 6 11 9.1 48.5 3
30 6 10 8.7 45.5 4
35 6 10 8.5 45.9 5
40 6 10 8.1 43.9 6
45 6 9 7.9 43.1 7
50 6 8 7.5 39.5 8
55 6 8 7.5 39.5 9
60 6 8 7.5 39.5 10
65 6 8 7.5 39.5 11
70 5 8 7.2 39.0 12
75 5 8 7.0 38.0 13
80 5 8 7.0 38.0 14
85 5 8 7.0 38.0 15
90 5 8 7.0 38.0 16
95 5 8 7.0 38.0 17
100 5 8 7.0 38.0 18
105 5 8 7.0 38.0 19
110 5 8 7.0 38.0 20
115 5 8 7.0 38.0 21
120 5 8 6.9 40.1 22
125 5 8 6.9 40.1 23
130 5 8 6.7 40.9 24
135 4 8 6.3 39.5 25
140 4 8 6.2 39.6 26
145 4 7 6.1 39.9 27
150 4 7 6.1 39.9 28
155 4 7 6.1 39.9 29
160 4 7 6.1 39.9 30
165 4 7 6.1 39.9 31
170 4 7 6.1 39.9 32
175 4 7 5.9 39.1 33
180 4 7 5.9 39.1 34
185 4 7 5.9 39.1 35
190 4 7 5.9 39.1 36
195 4 7 5.9 39.1 37
200 4 7 5.9 39.1 38
205 4 7 5.9 39.1 39
210 4 7 5.9 39.1 40
215 4 7 5.9 39.1 41
220 4 7 5.9 39.1 42
225 4 7 5.9 39.1 43
230 4 7 5.9 39.1 44
235 4 7 5.9 39.1 45
240 4 7 5.9 39.1 46
245 4 7 5.9 39.1 47
250 4 7 5.9 39.1 48
255 4 7 5.9 39.1 49
260 4 7 5.8 38.0 50
265 4 7 5.8 38.0 51
270 4 7 5.8 38.0 52
275 4 7 5.8 38.0 53
280 4 7 5.8 38.0 54
285 4 7 5.8 38.0 55
290 4 7 5.8 38.0 56
295 4 7 5.8 38.0 57
300 4 7 5.6 35.6 58
305 4 7 5.6 35.6 59
310 4 7 5.6 35.6 60
315 4 6 5.5 34.3 61
320 4 6 5.5 34.3 62
325 4 6 5.5 34.3 63
330 4 6 5.4 33.6 64
335 4 6 5.4 33.6 65
340 4 6 5.4 33.6 66
345 4 6 5.4 33.6 67
350 4 6 5.4 33.6 68
355 4 6 5.4 33.6 69
360 4 6 5.4 33.6 70
365 4 6 5.4 33.6 71
370 4 6 5.4 33.6 72
375 4 6 5.4 33.6 73
380 4 6 5.4 33.6 74
385 4 6 5.4 33.6 75
390 4 6 5.4 33.6 76
395 4 6 5.4 33.6 77
400 4 6 5.4 33.6 78
405 4 6 5.4 33.6 79
410 4 6 5.4 33.6 80
415 4 6 5.4 33.6 81
420 4 6 5.4 33.6 82
425 4 6 5.4 33.6 83
430 4 6 5.4 33.6 84
435 4 6 5.4 33.6 85
440 4 6 5.4 33.6 86
445 4 6 5.4 33.6 87
450 4 6 5.4 33.6 88
455 4 6 5.4 33.6 89
460 4 6 5.4 33.6 90
465 4 6 5.4 33.6 91
470 4 6 5.4 33.6 92
475 4 6 5.4 33.6 93
480 4 6 5.2 34.0 94
485 4 6 5.2 34.0 95
490 4 6 5.2 34.0 96
495 4 6 5.0 33.6 97
500 4 6 5.0 33.6 98
505 4 6 5.0 33.6 99
510 4 6 5.0 33.6 100
515 4 6 5.0 33.6 101
520 4 6 5.0 33.6 102
525 4 6 5.0 33.6 103
530 4 6 5.0 33.6 104
535 4 6 5.0 33.6 105
540 4 6 5.0 33.6 106
545 4 6 5.0 33.6 107
550 4 6 5.0 33.6 108
555 4 6 5.0 33.6 109
560 4 6 5.0 33.6 110
565 4 6 5.0 33.6 111
570 4 6 5.0 33.6 112
575 4 6 5.0 33.6 113
580 4 6 5.0 33.6 114
585 4 6 5.0 33.6 115
590 4 6 5.0 33.6 116
595 4 6 5.0 33.6 117
600 4 6 5.0 33.6 118
605 4 6 5.0 33.6 119
610 4 6 5.0 33.6 120
615 4 6 5.0 33.6 121
620 4 6 5.0 33.6 122
625 4 6 5.0 33.6 123
630 4 6 5.0 33.6 124
635 4 6 5.0 33.6 125
640 4 6 5.0 33.6 126
645 4 6 5.0 33.6 127
650 4 6 5.0 33.6 128
655 4 6 5.0 33.6 129
660 4 6 5.0 33.6 130
665 4 6 5.0 33.6 131
670 4 6 5.0 33.6 132
675 4 6 5.0 33.6 133
680 4 6 5.0 33.6 134
685 4 6 5.0 33.6 135
690 4 6 5.0 33.6 136
695 4 6 5.0 33.6 137
700 4 6 5.0 33.6 138
705 4 6 5.0 33.6 139
710 4 6 5.0 33.6 140
715 4 6 5.0 33.6 141
720 4 6 5.0 33.6 142
725 4 6 5.0 33.6 143
730 4 6 5.0 33.6 144
735 4 6 5.0 33.6 145
740 4 6 5.0 33.6 146
745 4 6 5.0 33.6 147
750 4 6 5.0 33.6 148
755 4 6 5.0 33.6 149
760 4 6 5.0 33.6 150
765 4 6 5.0 33.6 151
770 4 6 5.0 33.6 152
775 4 6 4.9 34.9 153
780 4 6 4.9 34.9 154
785 4 6 4.9 34.9 155
790 4 6 4.9 34.9 156
795 4 6 4.9 34.9 157
800 4 6 4.9 34.9 158
805 4 6 4.7 34.3 159
810 4 6 4.7 34.3 160
815 4 6 4.7 34.3 161
820 4 6 4.7 34.3 162
825 4 6 4.7 34.3 163
830 4 6 4.7 34.3 164
835 4 6 4.7 34.3 165
840 4 6 4.7 34.3 166
845 4 6 4.7 34.3 167
850 4 6 4.7 34.3 168
855 4 6 4.7 34.3 169
860 4 6 4.7 34.3 170
865 4 6 4.7 34.3 171
870 4 6 4.7 34.3 172
875 4 6 4.7 34.3 173
880 4 6 4.7 34.3 174
885 4 6 4.7 34.3 175
890 4 6 4.7 34.3 176
895 4 6 4.7 34.3 177
900 4 6 4.7 34.3 178
905 4 6 4.7 34.3 179
910 4 6 4.7 34.3 180
915 4 6 4.7 34.3 181
920 4 6 4.7 34.3 182
925 4 6 4.7 34.3 183
930 4 6 4.7 34.3 184
935 4 6 4.7 34.3 185
940 4 6 4.7 34.3 186
945 4 6 4.7 34.3 187
950 4 6 4.7 34.3 188
955 4 6 4.7 34.3 189
960 4 6 4.7 34.3 190
965 4 6 4.7 34.3 191
970 4 6 4.7 34.3 192
975 4 6 4.7 34.3 193
980 4 6 4.7 34.3 194
985 4 6 4.7 34.3 195
990 4 6 4.7 34.3 196
995 4 6 4.7 34.3 197
1000 4 6 4.7 34.3 198
1005 4 6 4.7 34.3 199
1010 4 6 4.7 34.3 200
1015 4 5 4.6 33.6 201
1020 4 5 4.6 33.6 202
1025 4 5 4.6 33.6 203
1030 4 5 4.6 33.6 204
1035 4 5 4.6 33.6 205
1040 4 5 4.6 33.6 206
1045 4 5 4.6 33.6 207
1050 4 5 4.6 33.6 208
1055 4 5 4.6 33.6 209
1060 4 5 4.6 33.6 210
1065 4 5 4.6 33.6 211
1070 4 5 4.6 33.6 212
1075 4 5 4.6 33.6 213
1080 4 5 4.6 33.6 214
1085 4 5 4.5 32.7 215
1090 4 5 4.5 32.7 216
1095 4 5 4.5 32.7 217
1100 4 5 4.5 32.7 218
1105 4 5 4.5 32.7 219
1110 4 5 4.5 32.7 220
1115 4 5 4.5 32.7 221
1120 4 5 4.5 32.7 222
1125 4 5 4.5 32.7 223
1130 4 5 4.5 32.7 224
1135 4 5 4.5 32.7 225
1140 4 5 4.5 32.7 226
1145 4 5 4.5 32.7 227
1150 4 5 4.5 32.7 228
1155 4 5 4.5 32.7 229
1160 4 5 4.5 32.7 230
1165 4 5 4.5 32.7 231
1170 4 5 4.5 32.7 232
1175 4 5 4.5 32.7 233
1180 4 5 4.5 32.7 234
1185 4 5 4.5 32.7 235
1190 4 5 4.5 32.7 236
1195 4 5 4.5 32.7 237
1200 4 5 4.5 32.7 238
1205 4 5 4.5 32.7 239
1210 4 5 4.5 32.7 240
1215 4 5 4.5 32.7 241
1220 4 5 4.5 32.7 242
1225 4 5 4.5 32.7 243
1230 4 5 4.5 32.7 244
1235 4 5 4.5 32.7 245
1240 4 5 4.5 32.7 246
1245 4 5 4.5 32.7 247
1250 4 5 4.5 32.7 248
1255 4 5 4.5 32.7 249
1260 4 5 4.5 32.7 250
1265 4 5 4.5 32.7 251
1270 4 5 4.5 32.7 252
1275 4 5 4.5 32.7 253
1280 4 5 4.5 32.7 254
1285 4 5 4.5 32.7 255
1290 4 5 4.5 32.7 256
1295 4 5 4.5 32.7 257
1300 4 5 4.5 32.7 258
1305 4 5 4.5 32.7 259
1310 4 5 4.5 32.7 260
1315 4 5 4.5 32.7 261
1320 4 5 4.5 32.7 262
1325 4 5 4.5 32.7 263
1330 4 5 4.5 32.7 264
1335 4 5 4.5 32.7 265
1340 4 5 4.5 32.7 266
1345 4 5 4.5 32.7 267
1350 4 5 4.5 32.7 268
1355 4 5 4.5 32.7 269
1360 4 5 4.5 32.7 270
1365 4 5 4.5 32.7 271
1370 4 5 4.5 32.7 272
1375 4 5 4.5 32.7 273
1380 4 5 4.5 32.7 274
1385 4 5 4.5 32.7 275
1390 4 5 4.5 32.7 276
1395 4 5 4.5 32.7 277
1400 2 5 4.2 30.6 278
1405 2 5 4.2 30.6 279
1410 2 5 4.2 30.6 280
1415 2 5 4.2 30.6 281
1420 2 5 4.2 30.6 282
1425 2 5 4.2 30.6 283
1430 2 5 4.2 30.6 284
1435 2 5 4.2 30.6 285
1440 2 5 4.2 30.6 286
1445 2 5 4.2 30.6 287
1450 2 5 4.2 30.6 288
1455 2 5 4.2 30.6 289
1460 2 5 4.2 30.6 290
1465 2 5 4.2 30.6 291
1470 2 5 4.2 30.6 292
1475 2 5 4.2 30.6 293
1480 2 5 4.2 30.6 294
1485 2 5 4.2 30.6 295
1490 2 5 4.2 30.6 296
1495 2 5 4.2 30.6 297
1500 2 5 4.2 30.6 298
1505 2 5 4.2 30.6 299
1510 2 5 4.2 30.6 300
1515 2 5 4.2 30.6 301
1520 2 5 4.2 30.6 302
1525 2 5 4.2 30.6 303
1530 2 5 4.2 30.6 304
1535 2 5 4.2 30.6 305
1540 2 5 4.2 30.6 306
1545 2 5 4.2 30.6 307
1550 2 5 4.2 30.6 308
1555 2 5 4.2 30.6 309
1560 2 5 4.2 30.6 310
1565 2 5 4.2 30.6 311
1570 2 5 4.2 30.6 312
1575 2 5 4.2 30.6 313
1580 2 5 4.2 30.6 314
1585 2 5 4.2 30.6 315
1590 2 5 4.2 30.6 316
1595 2 5 4.2 30.6 317
1600 2 5 4.2 30.6 318
1605 2 5 4.2 30.6 319
1610 2 5 4.2 30.6 320
1615 2 5 4.2 30.6 321
1620 2 5 4.2 30.6 322
1625 2 5 4.2 30.6 323
1630 2 5 4.2 30.6 324
1635 2 5 4.2 30.6 325
1640 2 5 4.2 30.6 326
1645 2 5 4.2 30.6 327
1650 2 5 4.2 30.6 328
1655 2 5 4.2 30.6 329
1660 2 5 4.2 30.6 330
1665 2 5 4.2 30.6 331
1670 2 5 4.2 30.6 332
1675 2 5 4.2 30.6 333
1680 2 5 4.2 30.6 334
1685 2 5 4.2 30.6 335
1690 2 5 4.2 30.6 336
1695 2 5 4.2 30.6 337
1700 2 5 4.2 30.6 338
1705 2 5 4.2 30.6 339
1710 2 5 4.2 30.6 340
1715 2 5 4.2 30.6 341
1720 2 5 4.2 30.6 342
1725 2 5 4.2 30.6 343
1730 2 5 4.2 30.6 344
1735 2 5 4.2 30.6 345
1740 2 5 4.2 30.6 346
1745 2 5 4.1 29.1 347
1750 2 5 4.1 29.1 348
1755 2 5 4.1 29.1 349
1760 2 5 4.1 29.1 350
1765 2 5 4.1 29.1 351
1770 2 5 4.1 29.1 352
1775 2 5 4.1 29.1 353
1780 2 5 4.1 29.1 354
1785 2 5 4.1 29.1 355
1790 2 5 4.1 29.1 356
1795 2 5 4.1 29.1 357
1800 2 5 4.1 29.1 358
1805 2 5 4.1 29.1 359
1810 2 5 4.1 29.1 360
1815 2 5 4.1 29.1 361
1820 2 5 4.1 29.1 362
1825 2 5 4.1 29.1 363
1830 2 5 4.1 29.1 364
1835 2 5 4.1 29.1 365
1840 2 5 4.1 29.1 366
1845 2 5 4.1 29.1 367
1850 2 5 4.1 29.1 368
1855 2 5 4.1 29.1 369
1860 2 5 4.1 29.1 370
1865 2 5 4.1 29.1 371
1870 2 5 4.1 29.1 372
1875 2 5 4.1 29.1 373
1880 2 5 4.1 29.1 374
1885 2 5 4.1 29.1 375
1890 2 5 4.1 29.1 376
1895 2 5 4.1 29.1 377
1900 2 5 4.1 29.1 378
1905 2 5 4.1 29.1 379
1910 2 5 4.1 29.1 380
1915 2 5 4.1 29.1 381
1920 2 5 4.1 29.1 382
1925 2 5 4.1 29.1 383
1930 2 5 4.1 29.1 384
1935 2 5 4.1 29.1 385
1940 2 5 4.1 29.1 386
1945 2 5 4.1 29.1 387
1950 2 5 4.1 29.1 388
1955 2 5 4.1 29.1 389
1960 2 5 4.1 29.1 390
1965 2 5 4.1 29.1 391
1970 2 5 4.1 29.1 392
1975 2 5 4.1 29.1 393
1980 2 5 4.1 29.1 394
1985 2 5 4.1 29.1 395
1990 2 5 4.1 29.1 396
1995 2 5 4.1 29.1 397
2000 2 5 4.1 29.1 398
2005 2 5 4.1 29.1 399
2010 2 5 4.1 29.1 400
2015 2 5 4.1 29.1 401
2020 2 5 4.1 29.1 402
2025 2 5 4.1 29.1 403
2030 2 5 4.1 29.1 404
2035 2 5 4.1 29.1 405
2040 2 5 4.0 28.2 406
2045 2 5 4.0 28.2 407
2050 2 5 4.0 28.2 408
2055 2 5 4.0 28.2 409
2060 2 5 4.0 28.2 410
2065 2 5 4.0 28.2 411
2070 2 5 4.0 28.2 412
2075 2 5 4.0 28.2 413
2080 2 5 4.0 28.2 414
2085 2 5 4.0 28.2 415
2090 2 5 4.0 28.2 416
2095 2 5 4.0 28.2 417
2100 2 5 4.0 28.2 418
2105 2 5 4.0 28.2 419
2110 2 5 4.0 28.2 420
2115 2 5 4.0 28.2 421
2120 2 5 4.0 28.2 422
2125 2 5 4.0 28.2 423
2130 2 5 4.0 28.2 424
2135 2 5 4.0 28.2 425
2140 2 5 4.0 28.2 426
2145 2 5 4.0 28.2 427
2150 2 5 4.0 28.2 428
2155 2 5 4.0 28.2 429
2160 2 5 4.0 28.2 430
2165 2 5 4.0 28.2 431
2170 2 5 4.0 28.2 432
2175 2 5 4.0 28.2 433
2180 2 5 4.0 28.2 434
2185 2 5 4.0 28.2 435
2190 2 5 4.0 28.2 436
2195 2 5 4.0 28.2 437
2200 2 5 4.0 28.2 438
2205 2 5 4.0 28.2 439
2210 2 5 4.0 28.2 440
2215 2 5 4.0 28.2 441
2220 2 5 4.0 28.2 442
2225 2 5 4.0 28.2 443
2230 2 5 4.0 28.2 444
2235 2 5 4.0 28.2 445
2240 2 5 4.0 28.2 446
2245 2 5 4.0 28.2 447
2250 2 5 4.0 28.2 448
2255 2 5 4.0 28.2 449
2260 2 5 4.0 28.2 450
2265 2 5 4.0 28.2 451
2270 2 5 4.0 28.2 452
2275 2 5 4.0 28.2 453
2280 2 5 4.0 28.2 454
2285 2 5 4.0 28.2 455
2290 2 5 4.0 28.2 456
2295 2 5 4.0 28.2 457
2300 2 5 4.0 28.2 458
2305 2 5 4.0 28.2 459
2310 2 5 4.0 28.2 460
2315 2 5 4.0 28.2 461
2320 2 5 4.0 28.2 462
2325 2 5 4.0 28.2 463
2330 2 5 4.0 28.2 464
2335 2 5 4.0 28.2 465
2340 2 5 4.0 28.2 466
2345 2 5 4.0 28.2 467
2350 2 5 4.0 28.2 468
2355 2 5 4.0 28.2 469
2360 2 5 4.0 28.2 470
2365 2 5 4.0 28.2 471
2370 2 5 4.0 28.2 472
2375 2 5 4.0 28.2 473
2380 2 5 4.0 28.2 474
2385 2 5 4.0 28.2 475
2390 2 5 4.0 28.2 476
2395 2 5 4.0 28.2 477
2400 2 5 4.0 28.2 478
2405 2 5 4.0 28.2 479
2410 2 5 4.0 28.2 480
2415 2 5 4.0 28.2 481
2420 2 5 4.0 28.2 482
2425 2 5 4.0 28.2 483
2430 2 5 4.0 28.2 484
2435 2 5 4.0 28.2 485
2440 2 5 4.0 28.2 486
2445 2 5 4.0 28.2 487
2450 2 5 4.0 28.2 488
2455 2 5 4.0 28.2 489
2460 2 5 4.0 28.2 490
2465 2 5 4.0 28.2 491
2470 2 5 4.0 28.2 492
2475 2 5 4.0 28.2 493
2480 2 5 4.0 28.2 494
2485 2 5 4.0 28.2 495
2490 2 5 4.0 28.2 496
2495 2 5 4.0 28.2 497
2500 2 5 4.0 28.2 498
2505 2 5 4.0 28.2 499
2510 2 5 4.0 28.2 500
2515 2 5 4.0 28.2 501
2520 2 5 4.0 28.2 502
2525 2 5 4.0 28.2 503
2530 2 5 4.0 28.2 504
2535 2 5 4.0 28.2 505
2540 2 5 4.0 28.2 506
2545 2 5 4.0 28.2 507
2550 2 5 4.0 28.2 508
2555 2 5 4.0 28.2 509
2560 2 5 4.0 28.2 510
2565 2 5 4.0 28.2 511
2570 2 5 4.0 28.2 512
2575 2 5 4.0 28.2 513
2580 2 5 4.0 28.2 514
2585 2 5 4.0 28.2 515
2590 2 5 4.0 28.2 516
2595 2 5 4.0 28.2 517
2600 2 5 4.0 28.2 518
2605 2 5 4.0 28.2 519
2610 2 5 4.0 28.2 520
2615 2 5 4.0 28.2 521
2620 2 5 4.0 28.2 522
2625 2 5 4.0 28.2 523
2630 2 5 4.0 28.2 524
2635 2 5 4.0 28.2 525
2640 2 5 4.0 28.2 526
2645 2 5 4.0 28.2 527
2650 2 5 4.0 28.2 528
2655 2 5 4.0 28.2 529
2660 2 5 4.0 28.2 530
2665 2 5 4.0 28.2 531
2670 2 5 4.0 28.2 532
2675 2 5 4.0 28.2 533
2680 2 5 4.0 28.2 534
2685 2 5 4.0 28.2 535
2690 2 5 4.0 28.2 536
2695 2 5 4.0 28.2 537
2700 2 5 3.9 27.9 538
2705 2 5 3.9 27.9 539
2710 2 5 3.9 27.9 540
2715 2 5 3.9 27.9 541
2720 2 5 3.9 27.9 542
2725 2 5 3.9 27.9 543
2730 2 5 3.9 27.9 544
2735 2 5 3.9 27.9 545
2740 2 5 3.9 27.9 546
2745 2 5 3.9 27.9 547
2750 2 5 3.9 27.9 548
2755 2 5 3.9 27.9 549
2760 2 5 3.9 27.9 550
2765 2 5 3.9 27.9 551
2770 2 5 3.9 27.9 552
2775 2 5 3.9 27.9 553
2780 2 5 3.9 27.9 554
2785 2 5 3.9 27.9 555
2790 2 5 3.9 27.9 556
2795 2 5 3.9 27.9 557
2800 2 5 3.9 27.9 558
2805 2 5 3.9 27.9 559
2810 2 5 3.9 27.9 560
2815 2 5 3.9 27.9 561
2820 2 5 3.9 27.9 562
2825 2 5 3.9 27.9 563
2830 2 5 3.9 27.9 564
2835 2 5 3.9 27.9 565
2840 2 5 3.9 27.9 566
2845 2 5 3.9 27.9 567
2850 2 5 3.9 27.9 568
2855 2 5 3.9 27.9 569
2860 2 5 3.9 27.9 570
2865 2 5 3.9 27.9 571
2870 2 5 3.9 27.9 572
2875 2 5 3.9 27.9 573
2880 2 5 3.9 27.9 574
2885 2 5 3.9 27.9 575
2890 2 5 3.9 27.9 576
2895 2 5 3.9 27.9 577
2900 2 5 3.9 27.9 578
2905 2 5 3.9 27.9 579
2910 2 5 3.9 27.9 580
2915 2 5 3.9 27.9 581
2920 2 4 3.8 27.0 582
2925 2 4 3.8 27.0 583
2930 2 4 3.8 27.0 584
2935 2 4 3.8 27.0 585
2940 2 4 3.8 27.0 586
2945 2 4 3.8 27.0 587
2950 2 4 3.8 27.0 588
2955 2 4 3.8 27.0 589
2960 2 4 3.8 27.0 590
2965 2 4 3.8 27.0 591
2970 2 4 3.8 27.0 592
2975 2 4 3.8 27.0 593
2980 2 4 3.8 27.0 594
2985 2 4 3.8 27.0 595
2990 2 4 3.8 27.0 596
2995 2 4 3.8 27.0 597
3000 2 4 3.8 27.0 598
3005 2 4 3.8 27.0 599
3010 2 4 3.8 27.0 600
3015 2 4 3.8 27.0 601
3020 2 4 3.8 27.0 602
3025 2 4 3.8 27.0 603
3030 2 4 3.8 27.0 604
3035 2 4 3.8 27.0 605
3040 2 4 3.8 27.0 606
3045 2 4 3.8 27.0 607
3050 2 4 3.8 27.0 608
3055 2 4 3.8 27.0 609
3060 2 4 3.8 27.0 610
3065 2 4 3.8 27.0 611
3070 2 4 3.8 27.0 612
3075 2 4 3.8 27.0 613
3080 2 4 3.8 27.0 614
3085 2 4 3.8 27.0 615
3090 2 4 3.8 27.0 616
3095 2 4 3.8 27.0 617
3100 2 4 3.8 27.0 618
3105 2 4 3.8 27.0 619
3110 2 4 3.8 27.0 620
3115 2 4 3.8 27.0 621
3120 2 4 3.8 27.0 622
3125 2 4 3.8 27.0 623
3130 2 4 3.8 27.0 624
3135 2 4 3.8 27.0 625
3140 2 4 3.8 27.0 626
3145 2 4 3.8 27.0 627
3150 2 4 3.8 27.0 628
3155 2 4 3.8 27.0 629
3160 2 4 3.8 27.0 630
3165 2 4 3.8 27.0 631
3170 2 4 3.8 27.0 632
3175 2 4 3.8 27.0 633
3180 2 4 3.8 27.0 634
3185 2 4 3.8 27.0 635
3190 2 4 3.8 27.0 636
3195 2 4 3.8 27.0 637
3200 2 4 3.8 27.0 638
3205 2 4 3.8 27.0 639
3210 2 4 3.8 27.0 640
3215 2 4 3.8 27.0 641
3220 2 4 3.8 27.0 642
3225 2 4 3.8 27.0 643
3230 2 4 3.8 27.0 644
3235 2 4 3.8 27.0 645
3240 2 4 3.8 27.0 646
3245 2 4 3.8 27.0 647
3250 2 4 3.8 27.0 648
3255 2 4 3.8 27.0 649
3260 2 4 3.8 27.0 650
3265 2 4 3.8 27.0 651
3270 2 4 3.8 27.0 652
3275 2 4 3.8 27.0 653
3280 2 4 3.8 27.0 654
3285 2 4 3.8 27.0 655
3290 2 4 3.8 27.0 656
3295 2 4 3.8 27.0 657
3300 2 4 3.8 27.0 658
3305 2 4 3.8 27.0 659
3310 2 4 3.8 27.0 660
3315 2 4 3.8 27.0 661
3320 2 4 3.8 27.0 662
3325 2 4 3.8 27.0 663
3330 2 4 3.8 27.0 664
3335 2 4 3.8 27.0 665
3340 2 4 3.8 27.0 666
3345 2 4 3.8 27.0 667
3350 2 4 3.8 27.0 668
3355 2 4 3.8 27.0 669
3360 2 4 3.8 27.0 670
3365 2 4 3.8 27.0 671
3370 2 4 3.8 27.0 672
3375 2 4 3.8 27.0 673
3380 2 4 3.8 27.0 674
3385 2 4 3.7 27.1 675
3390 2 4 3.7 27.1 676
3395 2 4 3.7 27.1 677
3400 2 4 3.7 27.1 678
3405 2 4 3.7 27.1 679
3410 2 4 3.7 27.1 680
3415 2 4 3.7 27.1 681
3420 2 4 3.7 27.1 682
3425 2 4 3.7 27.1 683
3430 2 4 3.7 27.1 684
3435 2 4 3.7 27.1 685
3440 2 4 3.7 27.1 686
3445 2 4 3.7 27.1 687
3450 2 4 3.7 27.1 688
3455 2 4 3.7 27.1 689
3460 2 4 3.7 27.1 690
3465 2 4 3.7 27.1 691
3470 2 4 3.7 27.1 692
3475 2 4 3.7 27.1 693
3480 2 4 3.7 27.1 694
3485 2 4 3.7 27.1 695
3490 2 4 3.7 27.1 696
3495 2 4 3.7 27.1 697
3500 2 4 3.7 27.1 698
3505 2 4 3.7 27.1 699
3510 2 4 3.7 27.1 700
3515 2 4 3.7 27.1 701
3520 2 4 3.7 27.1 702
3525 2 4 3.7 27.1 703
3530 2 4 3.7 27.1 704
3535 2 4 3.7 27.1 705
3540 2 4 3.7 27.1 706
3545 2 4 3.7 27.1 707
3550 2 4 3.7 27.1 708
3555 2 4 3.7 27.1 709
3560 2 4 3.7 27.1 710
3565 2 4 3.7 27.1 711
3570 2 4 3.7 27.1 712
3575 2 4 3.7 27.1 713
3580 2 4 3.7 27.1 714
3585 2 4 3.7 27.1 715
3590 2 4 3.7 27.1 716
3595 2 4 3.7 27.1 717
3600 2 4 3.7 27.1 718
3605 2 4 3.7 27.1 719
3610 2 4 3.7 27.1 720
3615 2 4 3.7 27.1 721
3620 2 4 3.7 27.1 722
3625 2 4 3.7 27.1 723
3630 2 4 3.7 27.1 724
3635 2 4 3.7 27.1 725
3640 2 4 3.7 27.1 726
3645 2 4 3.7 27.1 727
3650 2 4 3.7 27.1 728
3655 2 4 3.7 27.1 729
3660 2 4 3.7 27.1 730
3665 2 4 3.7 27.1 731
3670 2 4 3.7 27.1 732
3675 2 4 3.7 27.1 733
3680 2 4 3.7 27.1 734
3685 2 4 3.7 27.1 735
3690 2 4 3.7 27.1 736
3695 2 4 3.7 27.1 737
3700 2 4 3.7 27.1 738
3705 2 4 3.7 27.1 739
3710 2 4 3.7 27.1 740
3715 2 4 3.7 27.1 741
3720 2 4 3.7 27.1 742
3725 2 4 3.7 27.1 743
3730 2 4 3.7 27.1 744
3735 2 4 3.7 27.1 745
3740 2 4 3.7 27.1 746
3745 2 4 3.7 27.1 747
3750 2 4 3.7 27.1 748
3755 2 4 3.7 27.1 749
3760 2 4 3.7 27.1 750
3765 2 4 3.7 27.1 751
3770 2 4 3.7 27.1 752
3775 2 4 3.7 27.1 753
3780 2 4 3.7 27.1 754
3785 2 4 3.7 27.1 755
3790 2 4 3.7 27.1 756
3795 2 4 3.7 27.1 757
3800 2 4 3.7 27.1 758
3805 2 4 3.7 27.1 759
3810 2 4 3.7 27.1 760
3815 2 4 3.7 27.1 761
3820 2 4 3.7 27.1 762
3825 2 4 3.7 27.1 763
3830 2 4 3.7 27.1 764
3835 2 4 3.7 27.1 765
3840 2 4 3.7 27.1 766
3845 2 4 3.7 27.1 767
3850 2 4 3.7 27.1 768
3855 2 4 3.7 27.1 769
3860 2 4 3.7 27.1 770
3865 2 4 3.7 27.1 771
3870 2 4 3.7 27.1 772
3875 2 4 3.7 27.1 773
3880 2 4 3.7 27.1 774
3885 2 4 3.7 27.1 775
3890 2 4 3.7 27.1 776
3895 2 4 3.7 27.1 777
3900 2 4 3.7 27.1 778
3905 2 4 3.7 27.1 779
3910 2 4 3.7 27.1 780
3915 2 4 3.7 27.1 781
3920 2 4 3.7 27.1 782
3925 2 4 3.7 27.1 783
3930 2 4 3.7 27.1 784
3935 2 4 3.7 27.1 785
3940 2 4 3.7 27.1 786
3945 2 4 3.7 27.1 787
3950 2 4 3.7 27.1 788
3955 2 4 3.7 27.1 789
3960 2 4 3.7 27.1 790
3965 2 4 3.7 27.1 791
3970 2 4 3.7 27.1 792
3975 2 4 3.7 27.1 793
3980 2 4 3.7 27.1 794
3985 2 4 3.7 27.1 795
3990 2 4 3.7 27.1 796
3995 2 4 3.7 27.1 797
4000 2 4 3.7 27.1 798
4005 2 4 3.7 27.1 799
4010 2 4 3.7 27.1 800
4015 2 4 3.7 27.1 801
4020 2 4 3.7 27.1 802
4025 2 4 3.7 27.1 803
4030 2 4 3.7 27.1 804
4035 2 4 3.7 27.1 805
4040 2 4 3.7 27.1 806
4045 2 4 3.7 27.1 807
4050 2 4 3.7 27.1 808
4055 2 4 3.7 27.1 809
4060 2 4 3.7 27.1 810
4065 2 4 3.7 27.1 811
4070 2 4 3.7 27.1 812
4075 2 4 3.7 27.1 813
4080 2 4 3.7 27.1 814
4085 2 4 3.7 27.1 815
4090 2 4 3.7 27.1 816
4095 2 4 3.7 27.1 817
4100 2 4 3.7 27.1 818
4105 2 4 3.7 27.1 819
4110 2 4 3.7 27.1 820
4115 2 4 3.7 27.1 821
4120 2 4 3.7 27.1 822
4125 2 4 3.7 27.1 823
4130 2 4 3.7 27.1 824
4135 2 4 3.7 27.1 825
4140 2 4 3.7 27.1 826
4145 2 4 3.7 27.1 827
4150 2 4 3.7 27.1 828
4155 2 4 3.7 27.1 829
4160 2 4 3.7 27.1 830
4165 2 4 3.7 27.1 831
4170 2 4 3.7 27.1 832
4175 2 4 3.7 27.1 833
4180 2 4 3.7 27.1 834
4185 2 4 3.7 27.1 835
4190 2 4 3.7 27.1 836
4195 2 4 3.7 27.1 837
4200 2 4 3.7 27.1 838
4205 2 4 3.7 27.1 839
4210 2 4 3.7 27.1 840
4215 2 4 3.7 27.1 841
4220 2 4 3.7 27.1 842
4225 2 4 3.7 27.1 843
4230 2 4 3.7 27.1 844
4235 2 4 3.7 27.1 845
4240 2 4 3.7 27.1 846
4245 2 4 3.7 27.1 847
4250 2 4 3.7 27.1 848
4255 2 4 3.7 27.1 849
4260 2 4 3.7 27.1 850
4265 2 4 3.7 27.1 851
4270 2 4 3.7 27.1 852
4275 2 4 3.7 27.1 853
4280 2 4 3.7 27.1 854
4285 2 4 3.7 27.1 855
4290 2 4 3.7 27.1 856
4295 2 4 3.7 27.1 857
4300 2 4 3.7 27.1 858
4305 2 4 3.7 27.1 859
4310 2 4 3.7 27.1 860
4315 2 4 3.7 27.1 861
4320 2 4 3.5 26.1 862
4325 2 4 3.5 26.1 863
4330 2 4 3.5 26.1 864
4335 2 4 3.5 26.1 865
4340 2 4 3.5 26.1 866
4345 2 4 3.5 26.1 867
4350 2 4 3.5 26.1 868
4355 2 4 3.5 26.1 869
4360 2 4 3.5 26.1 870
4365 2 4 3.5 26.1 871
4370 2 4 3.5 26.1 872
4375 2 4 3.5 26.1 873
4380 2 4 3.5 26.1 874
4385 2 4 3.5 26.1 875
4390 2 4 3.5 26.1 876
4395 2 4 3.5 26.1 877
4400 2 4 3.5 26.1 878
4405 2 4 3.5 26.1 879
4410 2 4 3.5 26.1 880
4415 2 4 3.5 26.1 881
4420 2 4 3.5 26.1 882
4425 2 4 3.5 26.1 883
4430 2 4 3.5 26.1 884
4435 2 4 3.5 26.1 885
4440 2 4 3.5 26.1 886
4445 2 4 3.5 26.1 887
4450 2 4 3.5 26.1 888
4455 2 4 3.5 26.1 889
4460 2 4 3.5 26.1 890
4465 2 4 3.5 26.1 891
4470 2 4 3.5 26.1 892
4475 2 4 3.5 26.1 893
4480 2 4 3.5 26.1 894
4485 2 4 3.5 26.1 895
4490 2 4 3.5 26.1 896
4495 2 4 3.5 26.1 897
4500 2 4 3.5 26.1 898
4505 2 4 3.5 26.1 899
4510 2 4 3.5 26.1 900
4515 2 4 3.5 26.1 901
4520 2 4 3.5 26.1 902
4525 2 4 3.5 26.1 903
4530 2 4 3.5 26.1 904
4535 2 4 3.5 26.1 905
4540 2 4 3.5 26.1 906
4545 2 4 3.5 26.1 907
4550 2 4 3.5 26.1 908
4555 2 4 3.5 26.1 909
4560 2 4 3.5 26.1 910
4565 2 4 3.5 26.1 911
4570 2 4 3.5 26.1 912
4575 2 4 3.5 26.1 913
4580 2 4 3.5 26.1 914
4585 2 4 3.5 26.1 915
4590 2 4 3.5 26.1 916
4595 2 4 3.5 26.1 917
4600 2 4 3.5 26.1 918
4605 2 4 3.5 26.1 919
4610 2 4 3.5 26.1 920
4615 2 4 3.5 26.1 921
4620 2 4 3.5 26.1 922
4625 2 4 3.5 26.1 923
4630 2 4 3.5 26.1 924
4635 2 4 3.5 26.1 925
4640 2 4 3.5 26.1 926
4645 2 4 3.5 26.1 927
4650 2 4 3.5 26.1 928
4655 2 4 3.5 26.1 929
4660 2 4 3.5 26.1 930
4665 2 4 3.5 26.1 931
4670 2 4 3.5 26.1 932
4675 2 4 3.5 26.1 933
4680 2 4 3.5 26.1 934
4685 2 4 3.5 26.1 935
4690 2 4 3.5 26.1 936
4695 2 4 3.5 26.1 937
4700 2 4 3.5 26.1 938
4705 2 4 3.5 26.1 939
4710 2 4 3.5 26.1 940
4715 2 4 3.5 26.1 941
4720 2 4 3.5 26.1 942
4725 2 4 3.5 26.1 943
4730 2 4 3.5 26.1 944
4735 2 4 3.5 26.1 945
4740 2 4 3.5 26.1 946
4745 2 4 3.5 26.1 947
4750 2 4 3.5 26.1 948
4755 2 4 3.5 26.1 949
4760 2 4 3.5 26.1 950
4765 2 4 3.5 26.1 951
4770 2 4 3.5 26.1 952
4775 2 4 3.5 26.1 953
4780 2 4 3.5 26.1 954
4785 2 4 3.5 26.1 955
4790 2 4 3.5 26.1 956
4795 2 4 3.5 26.1 957
4800 2 4 3.5 26.1 958
4805 2 4 3.5 26.1 959
4810 2 4 3.5 26.1 960
4815 2 4 3.5 26.1 961
4820 2 4 3.5 26.1 962
4825 2 4 3.5 26.1 963
4830 2 4 3.5 26.1 964
4835 2 4 3.5 26.1 965
4840 2 4 3.5 26.1 966
4845 2 4 3.5 26.1 967
4850 2 4 3.5 26.1 968
4855 2 4 3.5 26.1 969
4860 2 4 3.5 26.1 970
4865 2 4 3.5 26.1 971
4870 2 4 3.5 26.1 972
4875 2 4 3.5 26.1 973
4880 2 4 3.5 26.1 974
4885 2 4 3.5 26.1 975
4890 2 4 3.5 26.1 976
4895 2 4 3.5 26.1 977
4900 2 4 3.5 26.1 978
4905 2 4 3.5 26.1 979
4910 2 4 3.5 26.1 980
4915 2 4 3.5 26.1 981
4920 2 4 3.5 26.1 982
4925 2 4 3.5 26.1 983
4930 2 4 3.5 26.1 984
4935 2 4 3.5 26.1 985
4940 2 4 3.5 26.1 986
4945 2 4 3.5 26.1 987
4950 2 4 3.5 26.1 988
4955 2 4 3.5 26.1 989
4960 2 4 3.5 26.1 990
4965 2 4 3.5 26.1 991
4970 2 4 3.5 26.1 992
4975 2 4 3.5 26.1 993
4980 2 4 3.5 26.1 994
4985 2 4 3.5 26.1 995
4990 2 4 3.5 26.1 996
4995 2 4 3.5 26.1 997
5000 2 4 3.5 26.1 998
5005 2 4 3.5 26.1 999
5010 2 4 3.5 26.1 1000
# Solution finale : 011000111001111000111 (2)
# Optimum         : 111000111000111000111
