# Execution avec les parametre suivants:
# {taillePopulationEnfants=5, verbose=false, tauxMutation=0.5, taillePopulationParents=10, maxEvaluations=30000, maxGenerations=1000, optimum=111000111000111000111, tailleTournoi=5}
# Optimum : 111000111000111000111
# Dimension : 21
15 8 12 9.9 47.1 1
20 8 11 9.2 46.0 2
25 8 10 8.8 46.4 3
30 8 9 8.6 46.2 4
35 8 9 8.6 46.2 5
40 8 9 8.6 46.2 6
45 7 9 8.3 47.5 7
50 6 9 7.9 46.1 8
55 6 9 7.8 46.2 9
60 6 8 7.7 46.1 10
65 6 8 7.4 45.2 11
70 6 8 7.3 45.3 12
75 6 8 7.3 45.3 13
80 6 8 7.3 45.3 14
85 6 8 7.3 45.3 15
90 6 8 7.3 45.3 16
95 6 8 7.3 45.3 17
100 6 8 7.2 45.6 18
105 6 8 7.2 45.6 19
110 6 8 7.2 45.6 20
115 6 8 7.2 45.6 21
120 6 8 7.2 45.6 22
125 6 8 7.1 43.5 23
130 6 8 7.1 43.5 24
135 6 8 6.9 42.7 25
140 5 7 6.4 41.0 26
145 5 7 6.4 41.0 27
150 5 7 6.4 41.0 28
155 4 7 6.1 39.7 29
160 4 7 6.1 39.7 30
165 4 7 6.1 39.7 31
170 4 7 6.1 39.7 32
175 4 7 6.1 39.7 33
180 4 7 6.0 40.0 34
185 4 7 6.0 40.0 35
190 4 7 6.0 40.0 36
195 4 7 6.0 40.0 37
200 4 7 5.9 38.7 38
205 4 7 5.9 38.7 39
210 4 7 5.9 38.7 40
215 4 7 5.9 38.7 41
220 4 7 5.8 39.4 42
225 4 7 5.8 39.4 43
230 4 7 5.8 39.4 44
235 4 7 5.8 39.4 45
240 4 7 5.8 39.4 46
245 4 7 5.8 39.4 47
250 4 7 5.8 39.4 48
255 4 7 5.7 37.9 49
260 4 6 5.6 37.6 50
265 4 6 5.6 37.6 51
270 4 6 5.6 37.6 52
275 4 6 5.5 37.5 53
280 4 6 5.5 37.5 54
285 4 6 5.5 37.5 55
290 4 6 5.5 37.5 56
295 4 6 5.5 37.5 57
300 4 6 5.5 37.5 58
305 4 6 5.5 37.5 59
310 4 6 5.5 37.5 60
315 4 6 5.4 37.2 61
320 4 6 5.4 37.2 62
325 4 6 5.4 37.2 63
330 4 6 5.4 37.2 64
335 4 6 5.4 37.2 65
340 4 6 5.4 37.2 66
345 4 6 5.4 37.2 67
350 4 6 5.4 37.2 68
355 4 6 5.4 37.2 69
360 4 6 5.4 37.2 70
365 4 6 5.4 37.2 71
370 4 6 5.4 37.2 72
375 4 6 5.4 37.2 73
380 4 6 5.4 37.2 74
385 4 6 5.4 37.2 75
390 4 6 5.4 37.2 76
395 4 6 5.4 37.2 77
400 4 6 5.4 37.2 78
405 4 6 5.4 37.2 79
410 4 6 5.4 37.2 80
415 4 6 5.4 37.2 81
420 4 6 5.4 37.2 82
425 4 6 5.4 37.2 83
430 4 6 5.4 37.2 84
435 4 6 5.4 37.2 85
440 4 6 5.3 36.3 86
445 4 6 5.3 36.3 87
450 4 6 5.3 36.3 88
455 4 6 5.3 36.3 89
460 4 6 5.3 36.3 90
465 4 6 5.3 36.3 91
470 4 6 5.3 36.3 92
475 4 6 5.3 36.3 93
480 4 6 5.3 36.3 94
485 4 6 5.3 36.3 95
490 4 6 5.3 36.3 96
495 4 6 5.3 36.3 97
500 4 6 5.3 36.3 98
505 4 6 5.3 36.3 99
510 4 6 5.3 36.3 100
515 4 6 5.3 36.3 101
520 4 6 5.3 36.3 102
525 4 6 5.3 36.3 103
530 4 6 5.3 36.3 104
535 4 6 5.3 36.3 105
540 4 6 5.3 36.3 106
545 4 6 5.3 36.3 107
550 4 6 5.3 36.3 108
555 4 6 5.3 36.3 109
560 4 6 5.3 36.3 110
565 4 6 5.2 35.6 111
570 4 6 5.2 35.6 112
575 4 6 5.2 35.6 113
580 4 6 5.2 35.6 114
585 4 6 5.2 35.6 115
590 4 6 5.2 35.6 116
595 4 6 5.2 35.6 117
600 4 6 5.2 35.6 118
605 4 6 5.2 35.6 119
610 4 6 5.2 35.6 120
615 4 6 5.2 35.6 121
620 4 6 5.2 35.6 122
625 4 6 5.2 35.6 123
630 4 6 5.2 35.6 124
635 4 6 5.2 35.6 125
640 4 6 5.2 35.6 126
645 4 6 5.2 35.6 127
650 4 6 5.2 35.6 128
655 4 6 5.2 35.6 129
660 4 6 5.2 35.6 130
665 4 6 5.2 35.6 131
670 4 6 5.2 35.6 132
675 4 6 5.2 35.6 133
680 4 6 5.2 35.6 134
685 4 6 5.2 35.6 135
690 4 6 5.2 35.6 136
695 4 6 5.2 35.6 137
700 4 6 5.2 35.6 138
705 4 6 5.2 35.6 139
710 4 6 5.2 35.6 140
715 4 6 5.2 35.6 141
720 4 6 5.2 35.6 142
725 4 6 5.1 36.1 143
730 4 6 5.1 36.1 144
735 4 6 5.1 36.1 145
740 4 6 5.1 36.1 146
745 4 6 5.1 36.1 147
750 4 6 5.1 36.1 148
755 4 6 5.1 36.1 149
760 4 6 5.1 36.1 150
765 4 6 5.1 36.1 151
770 4 6 5.1 36.1 152
775 4 6 4.9 35.5 153
780 4 6 4.9 35.5 154
785 4 6 4.9 35.5 155
790 4 6 4.9 35.5 156
795 4 6 4.9 35.5 157
800 4 6 4.9 35.5 158
805 4 6 4.9 35.5 159
810 4 6 4.9 35.5 160
815 4 5 4.7 34.5 161
820 4 5 4.7 34.5 162
825 4 5 4.7 34.5 163
830 4 5 4.7 34.5 164
835 4 5 4.7 34.5 165
840 4 5 4.7 34.5 166
845 4 5 4.7 34.5 167
850 4 5 4.7 34.5 168
855 4 5 4.7 34.5 169
860 4 5 4.7 34.5 170
865 4 5 4.7 34.5 171
870 4 5 4.7 34.5 172
875 4 5 4.7 34.5 173
880 4 5 4.7 34.5 174
885 4 5 4.7 34.5 175
890 4 5 4.7 34.5 176
895 4 5 4.7 34.5 177
900 4 5 4.7 34.5 178
905 4 5 4.7 34.5 179
910 4 5 4.7 34.5 180
915 4 5 4.7 34.5 181
920 4 5 4.7 34.5 182
925 4 5 4.7 34.5 183
930 4 5 4.7 34.5 184
935 4 5 4.6 33.6 185
940 4 5 4.6 33.6 186
945 4 5 4.6 33.6 187
950 4 5 4.6 33.6 188
955 4 5 4.6 33.6 189
960 4 5 4.6 33.6 190
965 4 5 4.6 33.6 191
970 4 5 4.6 33.6 192
975 4 5 4.6 33.6 193
980 4 5 4.6 33.6 194
985 4 5 4.5 33.9 195
990 4 5 4.5 33.9 196
995 4 5 4.5 33.9 197
1000 4 5 4.5 33.9 198
1005 4 5 4.5 33.9 199
1010 4 5 4.5 33.9 200
1015 4 5 4.5 33.9 201
1020 4 5 4.5 33.9 202
1025 4 5 4.4 32.8 203
1030 4 5 4.4 32.8 204
1035 4 5 4.4 32.8 205
1040 4 5 4.4 32.8 206
1045 4 5 4.4 32.8 207
1050 4 5 4.4 32.8 208
1055 4 5 4.4 32.8 209
1060 4 5 4.4 32.8 210
1065 4 5 4.4 32.8 211
1070 4 5 4.4 32.8 212
1075 4 5 4.4 32.8 213
1080 4 5 4.4 32.8 214
1085 4 5 4.4 32.8 215
1090 4 5 4.4 32.8 216
1095 4 5 4.4 32.8 217
1100 4 5 4.4 32.8 218
1105 4 5 4.4 32.8 219
1110 4 5 4.4 32.8 220
1115 4 5 4.4 32.8 221
1120 4 5 4.4 32.8 222
1125 4 5 4.4 32.8 223
1130 4 5 4.4 32.8 224
1135 4 5 4.4 32.8 225
1140 4 5 4.4 32.8 226
1145 4 5 4.4 32.8 227
1150 4 5 4.4 32.8 228
1155 4 5 4.4 32.8 229
1160 4 5 4.4 32.8 230
1165 4 5 4.4 32.8 231
1170 4 5 4.4 32.8 232
1175 4 5 4.4 32.8 233
1180 4 5 4.4 32.8 234
1185 4 5 4.4 32.8 235
1190 4 5 4.4 32.8 236
1195 4 5 4.4 32.8 237
1200 4 5 4.4 32.8 238
1205 4 5 4.4 32.8 239
1210 4 5 4.4 32.8 240
1215 4 5 4.4 32.8 241
1220 4 5 4.4 32.8 242
1225 4 5 4.4 32.8 243
1230 4 5 4.4 32.8 244
1235 4 5 4.4 32.8 245
1240 4 5 4.4 32.8 246
1245 4 5 4.4 32.8 247
1250 4 5 4.3 32.7 248
1255 4 5 4.3 32.7 249
1260 4 5 4.3 32.7 250
1265 4 5 4.3 32.7 251
1270 4 5 4.3 32.7 252
1275 4 5 4.3 32.7 253
1280 4 5 4.3 32.7 254
1285 4 5 4.3 32.7 255
1290 4 5 4.3 32.7 256
1295 4 5 4.3 32.7 257
1300 3 5 4.1 30.7 258
1305 3 5 4.1 30.7 259
1310 3 5 4.1 30.7 260
1315 3 5 4.1 30.7 261
1320 3 5 4.1 30.7 262
1325 3 5 4.1 30.7 263
1330 3 5 4.1 30.7 264
1335 3 5 4.1 30.7 265
1340 3 5 4.1 30.7 266
1345 3 5 4.1 30.7 267
1350 3 5 4.1 30.7 268
1355 3 5 4.1 30.7 269
1360 3 5 4.1 30.7 270
1365 3 5 4.1 30.7 271
1370 3 5 4.1 30.7 272
1375 3 5 4.1 30.7 273
1380 3 5 4.0 29.6 274
1385 3 5 4.0 29.6 275
1390 3 5 4.0 29.6 276
1395 3 5 4.0 29.6 277
1400 3 5 4.0 29.6 278
1405 3 5 4.0 29.6 279
1410 3 5 4.0 29.6 280
1415 3 5 4.0 29.6 281
1420 3 5 4.0 29.6 282
1425 3 5 4.0 29.6 283
1430 3 5 4.0 29.6 284
1435 3 5 4.0 29.6 285
1440 3 5 4.0 29.6 286
1445 3 5 4.0 29.6 287
1450 3 5 4.0 29.6 288
1455 3 5 4.0 29.6 289
1460 3 5 4.0 29.6 290
1465 3 5 4.0 29.6 291
1470 3 5 4.0 29.6 292
1475 3 5 4.0 29.6 293
1480 3 5 4.0 29.6 294
1485 3 5 4.0 29.6 295
1490 3 5 4.0 29.6 296
1495 3 5 4.0 29.6 297
1500 3 5 4.0 29.6 298
1505 3 5 4.0 29.6 299
1510 3 5 4.0 29.6 300
1515 3 5 4.0 29.6 301
1520 3 5 4.0 29.6 302
1525 3 5 4.0 29.6 303
1530 3 5 4.0 29.6 304
1535 3 5 4.0 29.6 305
1540 3 5 4.0 29.6 306
1545 3 5 4.0 29.6 307
1550 3 5 4.0 29.6 308
1555 3 5 4.0 29.6 309
1560 3 5 4.0 29.6 310
1565 3 5 4.0 29.6 311
1570 3 5 4.0 29.6 312
1575 3 5 4.0 29.6 313
1580 3 5 4.0 29.6 314
1585 3 5 4.0 29.6 315
1590 3 5 4.0 29.6 316
1595 3 5 4.0 29.6 317
1600 3 5 4.0 29.6 318
1605 3 5 4.0 29.6 319
1610 3 5 4.0 29.6 320
1615 3 5 4.0 29.6 321
1620 3 5 4.0 29.6 322
1625 3 5 4.0 29.6 323
1630 3 4 3.9 27.7 324
1635 3 4 3.9 27.7 325
1640 3 4 3.9 27.7 326
1645 3 4 3.9 27.7 327
1650 3 4 3.9 27.7 328
1655 3 4 3.9 27.7 329
1660 3 4 3.9 27.7 330
1665 3 4 3.9 27.7 331
1670 3 4 3.9 27.7 332
1675 3 4 3.9 27.7 333
1680 3 4 3.9 27.7 334
1685 3 4 3.9 27.7 335
1690 3 4 3.9 27.7 336
1695 3 4 3.9 27.7 337
1700 3 4 3.9 27.7 338
1705 3 4 3.9 27.7 339
1710 3 4 3.9 27.7 340
1715 3 4 3.9 27.7 341
1720 3 4 3.9 27.7 342
1725 3 4 3.9 27.7 343
1730 3 4 3.9 27.7 344
1735 3 4 3.9 27.7 345
1740 3 4 3.9 27.7 346
1745 3 4 3.9 27.7 347
1750 3 4 3.9 27.7 348
1755 3 4 3.9 27.7 349
1760 3 4 3.9 27.7 350
1765 3 4 3.9 27.7 351
1770 3 4 3.9 27.7 352
1775 3 4 3.9 27.7 353
1780 3 4 3.9 27.7 354
1785 3 4 3.9 27.7 355
1790 3 4 3.9 27.7 356
1795 3 4 3.9 27.7 357
1800 3 4 3.9 27.7 358
1805 3 4 3.9 27.7 359
1810 3 4 3.9 27.7 360
1815 3 4 3.9 27.7 361
1820 3 4 3.9 27.7 362
1825 3 4 3.9 27.7 363
1830 3 4 3.9 27.7 364
1835 3 4 3.9 27.7 365
1840 3 4 3.9 27.7 366
1845 3 4 3.9 27.7 367
1850 3 4 3.9 27.7 368
1855 3 4 3.9 27.7 369
1860 3 4 3.9 27.7 370
1865 3 4 3.9 27.7 371
1870 3 4 3.9 27.7 372
1875 3 4 3.9 27.7 373
1880 3 4 3.9 27.7 374
1885 3 4 3.9 27.7 375
1890 3 4 3.9 27.7 376
1895 3 4 3.9 27.7 377
1900 3 4 3.9 27.7 378
1905 3 4 3.9 27.7 379
1910 3 4 3.9 27.7 380
1915 3 4 3.9 27.7 381
1920 3 4 3.9 27.7 382
1925 3 4 3.9 27.7 383
1930 3 4 3.9 27.7 384
1935 3 4 3.9 27.7 385
1940 3 4 3.9 27.7 386
1945 3 4 3.9 27.7 387
1950 3 4 3.9 27.7 388
1955 3 4 3.9 27.7 389
1960 3 4 3.9 27.7 390
1965 3 4 3.9 27.7 391
1970 3 4 3.9 27.7 392
1975 3 4 3.9 27.7 393
1980 3 4 3.9 27.7 394
1985 3 4 3.9 27.7 395
1990 3 4 3.9 27.7 396
1995 3 4 3.9 27.7 397
2000 3 4 3.9 27.7 398
2005 3 4 3.9 27.7 399
2010 3 4 3.9 27.7 400
2015 3 4 3.9 27.7 401
2020 3 4 3.9 27.7 402
2025 3 4 3.9 27.7 403
2030 3 4 3.9 27.7 404
2035 3 4 3.9 27.7 405
2040 3 4 3.9 27.7 406
2045 3 4 3.9 27.7 407
2050 3 4 3.9 27.7 408
2055 3 4 3.9 27.7 409
2060 3 4 3.9 27.7 410
2065 3 4 3.9 27.7 411
2070 3 4 3.9 27.7 412
2075 3 4 3.9 27.7 413
2080 3 4 3.9 27.7 414
2085 3 4 3.9 27.7 415
2090 3 4 3.9 27.7 416
2095 3 4 3.9 27.7 417
2100 3 4 3.9 27.7 418
2105 3 4 3.9 27.7 419
2110 3 4 3.9 27.7 420
2115 3 4 3.9 27.7 421
2120 3 4 3.9 27.7 422
2125 3 4 3.9 27.7 423
2130 3 4 3.9 27.7 424
2135 3 4 3.9 27.7 425
2140 3 4 3.9 27.7 426
2145 3 4 3.9 27.7 427
2150 3 4 3.9 27.7 428
2155 3 4 3.9 27.7 429
2160 3 4 3.9 27.7 430
2165 3 4 3.9 27.7 431
2170 3 4 3.9 27.7 432
2175 3 4 3.9 27.7 433
2180 3 4 3.9 27.7 434
2185 3 4 3.9 27.7 435
2190 3 4 3.9 27.7 436
2195 3 4 3.9 27.7 437
2200 3 4 3.9 27.7 438
2205 3 4 3.9 27.7 439
2210 3 4 3.9 27.7 440
2215 3 4 3.9 27.7 441
2220 3 4 3.9 27.7 442
2225 3 4 3.9 27.7 443
2230 3 4 3.9 27.7 444
2235 3 4 3.9 27.7 445
2240 3 4 3.9 27.7 446
2245 3 4 3.9 27.7 447
2250 3 4 3.9 27.7 448
2255 3 4 3.9 27.7 449
2260 3 4 3.9 27.7 450
2265 3 4 3.9 27.7 451
2270 3 4 3.9 27.7 452
2275 3 4 3.9 27.7 453
2280 3 4 3.9 27.7 454
2285 3 4 3.9 27.7 455
2290 3 4 3.9 27.7 456
2295 3 4 3.9 27.7 457
2300 3 4 3.9 27.7 458
2305 3 4 3.9 27.7 459
2310 3 4 3.9 27.7 460
2315 3 4 3.9 27.7 461
2320 3 4 3.9 27.7 462
2325 3 4 3.9 27.7 463
2330 3 4 3.9 27.7 464
2335 3 4 3.9 27.7 465
2340 3 4 3.9 27.7 466
2345 3 4 3.9 27.7 467
2350 3 4 3.9 27.7 468
2355 3 4 3.9 27.7 469
2360 3 4 3.9 27.7 470
2365 3 4 3.9 27.7 471
2370 3 4 3.9 27.7 472
2375 3 4 3.9 27.7 473
2380 3 4 3.9 27.7 474
2385 3 4 3.9 27.7 475
2390 3 4 3.9 27.7 476
2395 3 4 3.9 27.7 477
2400 3 4 3.9 27.7 478
2405 3 4 3.9 27.7 479
2410 3 4 3.9 27.7 480
2415 3 4 3.9 27.7 481
2420 3 4 3.8 28.2 482
2425 3 4 3.8 28.2 483
2430 3 4 3.8 28.2 484
2435 3 4 3.8 28.2 485
2440 3 4 3.8 28.2 486
2445 3 4 3.8 28.2 487
2450 3 4 3.8 28.2 488
2455 3 4 3.8 28.2 489
2460 3 4 3.8 28.2 490
2465 3 4 3.8 28.2 491
2470 3 4 3.8 28.2 492
2475 3 4 3.8 28.2 493
2480 3 4 3.8 28.2 494
2485 3 4 3.8 28.2 495
2490 3 4 3.8 28.2 496
2495 3 4 3.8 28.2 497
2500 3 4 3.8 28.2 498
2505 3 4 3.8 28.2 499
2510 3 4 3.8 28.2 500
2515 3 4 3.8 28.2 501
2520 3 4 3.8 28.2 502
2525 3 4 3.8 28.2 503
2530 3 4 3.8 28.2 504
2535 3 4 3.8 28.2 505
2540 3 4 3.8 28.2 506
2545 3 4 3.8 28.2 507
2550 3 4 3.8 28.2 508
2555 3 4 3.8 28.2 509
2560 3 4 3.8 28.2 510
2565 3 4 3.8 28.2 511
2570 3 4 3.8 28.2 512
2575 3 4 3.8 28.2 513
2580 3 4 3.8 28.2 514
2585 3 4 3.8 28.2 515
2590 3 4 3.8 28.2 516
2595 3 4 3.8 28.2 517
2600 3 4 3.8 28.2 518
2605 3 4 3.8 28.2 519
2610 3 4 3.8 28.2 520
2615 3 4 3.8 28.2 521
2620 3 4 3.8 28.2 522
2625 3 4 3.8 28.2 523
2630 3 4 3.8 28.2 524
2635 3 4 3.8 28.2 525
2640 3 4 3.8 28.2 526
2645 3 4 3.8 28.2 527
2650 3 4 3.8 28.2 528
2655 3 4 3.8 28.2 529
2660 3 4 3.8 28.2 530
2665 3 4 3.8 28.2 531
2670 3 4 3.8 28.2 532
2675 3 4 3.8 28.2 533
2680 3 4 3.8 28.2 534
2685 3 4 3.8 28.2 535
2690 3 4 3.8 28.2 536
2695 3 4 3.8 28.2 537
2700 3 4 3.8 28.2 538
2705 3 4 3.8 28.2 539
2710 3 4 3.8 28.2 540
2715 3 4 3.8 28.2 541
2720 3 4 3.8 28.2 542
2725 3 4 3.8 28.2 543
2730 3 4 3.8 28.2 544
2735 3 4 3.8 28.2 545
2740 3 4 3.8 28.2 546
2745 3 4 3.8 28.2 547
2750 3 4 3.8 28.2 548
2755 3 4 3.8 28.2 549
2760 3 4 3.8 28.2 550
2765 3 4 3.8 28.2 551
2770 3 4 3.8 28.2 552
2775 3 4 3.8 28.2 553
2780 3 4 3.8 28.2 554
2785 3 4 3.8 28.2 555
2790 3 4 3.8 28.2 556
2795 3 4 3.8 28.2 557
2800 3 4 3.8 28.2 558
2805 3 4 3.8 28.2 559
2810 3 4 3.8 28.2 560
2815 3 4 3.8 28.2 561
2820 3 4 3.8 28.2 562
2825 3 4 3.8 28.2 563
2830 3 4 3.8 28.2 564
2835 3 4 3.8 28.2 565
2840 3 4 3.8 28.2 566
2845 3 4 3.8 28.2 567
2850 3 4 3.8 28.2 568
2855 3 4 3.8 28.2 569
2860 3 4 3.8 28.2 570
2865 3 4 3.8 28.2 571
2870 3 4 3.8 28.2 572
2875 3 4 3.8 28.2 573
2880 3 4 3.8 28.2 574
2885 3 4 3.8 28.2 575
2890 3 4 3.8 28.2 576
2895 3 4 3.8 28.2 577
2900 3 4 3.8 28.2 578
2905 3 4 3.8 28.2 579
2910 3 4 3.8 28.2 580
2915 3 4 3.8 28.2 581
2920 3 4 3.8 28.2 582
2925 3 4 3.8 28.2 583
2930 3 4 3.8 28.2 584
2935 3 4 3.8 28.2 585
2940 3 4 3.8 28.2 586
2945 3 4 3.8 28.2 587
2950 3 4 3.8 28.2 588
2955 3 4 3.8 28.2 589
2960 3 4 3.8 28.2 590
2965 3 4 3.8 28.2 591
2970 3 4 3.8 28.2 592
2975 3 4 3.8 28.2 593
2980 3 4 3.8 28.2 594
2985 3 4 3.8 28.2 595
2990 3 4 3.8 28.2 596
2995 3 4 3.8 28.2 597
3000 3 4 3.8 28.2 598
3005 3 4 3.8 28.2 599
3010 3 4 3.8 28.2 600
3015 3 4 3.8 28.2 601
3020 3 4 3.8 28.2 602
3025 3 4 3.8 28.2 603
3030 3 4 3.8 28.2 604
3035 3 4 3.8 28.2 605
3040 3 4 3.8 28.2 606
3045 3 4 3.8 28.2 607
3050 3 4 3.8 28.2 608
3055 3 4 3.8 28.2 609
3060 3 4 3.8 28.2 610
3065 3 4 3.8 28.2 611
3070 3 4 3.8 28.2 612
3075 3 4 3.8 28.2 613
3080 3 4 3.8 28.2 614
3085 3 4 3.8 28.2 615
3090 3 4 3.8 28.2 616
3095 3 4 3.8 28.2 617
3100 3 4 3.8 28.2 618
3105 3 4 3.8 28.2 619
3110 3 4 3.8 28.2 620
3115 3 4 3.8 28.2 621
3120 3 4 3.8 28.2 622
3125 3 4 3.8 28.2 623
3130 3 4 3.8 28.2 624
3135 3 4 3.8 28.2 625
3140 3 4 3.8 28.2 626
3145 3 4 3.8 28.2 627
3150 3 4 3.8 28.2 628
3155 3 4 3.8 28.2 629
3160 3 4 3.8 28.2 630
3165 3 4 3.8 28.2 631
3170 3 4 3.8 28.2 632
3175 3 4 3.8 28.2 633
3180 3 4 3.8 28.2 634
3185 3 4 3.8 28.2 635
3190 3 4 3.8 28.2 636
3195 3 4 3.8 28.2 637
3200 3 4 3.8 28.2 638
3205 3 4 3.8 28.2 639
3210 3 4 3.8 28.2 640
3215 3 4 3.8 28.2 641
3220 3 4 3.8 28.2 642
3225 3 4 3.8 28.2 643
3230 3 4 3.8 28.2 644
3235 3 4 3.8 28.2 645
3240 3 4 3.8 28.2 646
3245 3 4 3.8 28.2 647
3250 3 4 3.8 28.2 648
3255 3 4 3.8 28.2 649
3260 3 4 3.8 28.2 650
3265 3 4 3.8 28.2 651
3270 3 4 3.8 28.2 652
3275 3 4 3.8 28.2 653
3280 3 4 3.8 28.2 654
3285 3 4 3.8 28.2 655
3290 3 4 3.8 28.2 656
3295 3 4 3.8 28.2 657
3300 3 4 3.8 28.2 658
3305 3 4 3.8 28.2 659
3310 3 4 3.8 28.2 660
3315 3 4 3.8 28.2 661
3320 3 4 3.8 28.2 662
3325 3 4 3.8 28.2 663
3330 3 4 3.8 28.2 664
3335 3 4 3.8 28.2 665
3340 3 4 3.8 28.2 666
3345 3 4 3.8 28.2 667
3350 3 4 3.8 28.2 668
3355 3 4 3.8 28.2 669
3360 3 4 3.8 28.2 670
3365 3 4 3.8 28.2 671
3370 3 4 3.8 28.2 672
3375 3 4 3.8 28.2 673
3380 3 4 3.8 28.2 674
3385 3 4 3.8 28.2 675
3390 3 4 3.8 28.2 676
3395 3 4 3.8 28.2 677
3400 3 4 3.8 28.2 678
3405 3 4 3.8 28.2 679
3410 3 4 3.8 28.2 680
3415 3 4 3.8 28.2 681
3420 3 4 3.8 28.2 682
3425 3 4 3.8 28.2 683
3430 3 4 3.8 28.2 684
3435 3 4 3.8 28.2 685
3440 3 4 3.8 28.2 686
3445 3 4 3.8 28.2 687
3450 3 4 3.8 28.2 688
3455 3 4 3.8 28.2 689
3460 3 4 3.8 28.2 690
3465 3 4 3.8 28.2 691
3470 3 4 3.8 28.2 692
3475 3 4 3.8 28.2 693
3480 3 4 3.8 28.2 694
3485 3 4 3.8 28.2 695
3490 3 4 3.8 28.2 696
3495 3 4 3.8 28.2 697
3500 3 4 3.8 28.2 698
3505 3 4 3.8 28.2 699
3510 3 4 3.8 28.2 700
3515 3 4 3.8 28.2 701
3520 3 4 3.8 28.2 702
3525 3 4 3.8 28.2 703
3530 3 4 3.8 28.2 704
3535 3 4 3.8 28.2 705
3540 3 4 3.8 28.2 706
3545 3 4 3.8 28.2 707
3550 3 4 3.8 28.2 708
3555 3 4 3.8 28.2 709
3560 3 4 3.8 28.2 710
3565 3 4 3.8 28.2 711
3570 3 4 3.8 28.2 712
3575 3 4 3.8 28.2 713
3580 3 4 3.8 28.2 714
3585 3 4 3.8 28.2 715
3590 3 4 3.8 28.2 716
3595 3 4 3.8 28.2 717
3600 3 4 3.8 28.2 718
3605 3 4 3.8 28.2 719
3610 3 4 3.8 28.2 720
3615 3 4 3.8 28.2 721
3620 3 4 3.8 28.2 722
3625 3 4 3.8 28.2 723
3630 3 4 3.8 28.2 724
3635 3 4 3.8 28.2 725
3640 3 4 3.8 28.2 726
3645 2 4 3.6 27.2 727
3650 2 4 3.6 27.2 728
3655 2 4 3.6 27.2 729
3660 2 4 3.6 27.2 730
3665 2 4 3.6 27.2 731
3670 2 4 3.6 27.2 732
3675 2 4 3.6 27.2 733
3680 2 4 3.6 27.2 734
3685 2 4 3.6 27.2 735
3690 2 4 3.5 26.3 736
3695 2 4 3.5 26.3 737
3700 2 4 3.5 26.3 738
3705 2 4 3.5 26.3 739
3710 2 4 3.5 26.3 740
3715 2 4 3.5 26.3 741
3720 2 4 3.5 26.3 742
3725 2 4 3.5 26.3 743
3730 2 4 3.5 26.3 744
3735 2 4 3.5 26.3 745
3740 2 4 3.5 26.3 746
3745 2 4 3.5 26.3 747
3750 2 4 3.5 26.3 748
3755 2 4 3.5 26.3 749
3760 2 4 3.5 26.3 750
3765 2 4 3.5 26.3 751
3770 2 4 3.5 26.3 752
3775 2 4 3.5 26.3 753
3780 2 4 3.5 26.3 754
3785 2 4 3.5 26.3 755
3790 2 4 3.5 26.3 756
3795 2 4 3.5 26.3 757
3800 2 4 3.5 26.3 758
3805 2 4 3.5 26.3 759
3810 2 4 3.5 26.3 760
3815 2 4 3.5 26.3 761
3820 2 4 3.5 26.3 762
3825 2 4 3.5 26.3 763
3830 2 4 3.5 26.3 764
3835 2 4 3.5 26.3 765
3840 2 4 3.5 26.3 766
3845 2 4 3.5 26.3 767
3850 2 4 3.5 26.3 768
3855 2 4 3.5 26.3 769
3860 2 4 3.5 26.3 770
3865 2 4 3.5 26.3 771
3870 2 4 3.5 26.3 772
3875 2 4 3.5 26.3 773
3880 2 4 3.5 26.3 774
3885 2 4 3.5 26.3 775
3890 2 4 3.5 26.3 776
3895 2 4 3.5 26.3 777
3900 2 4 3.5 26.3 778
3905 2 4 3.5 26.3 779
3910 2 4 3.5 26.3 780
3915 2 4 3.5 26.3 781
3920 2 4 3.5 26.3 782
3925 2 4 3.5 26.3 783
3930 2 4 3.5 26.3 784
3935 2 4 3.5 26.3 785
3940 2 4 3.5 26.3 786
3945 2 4 3.5 26.3 787
3950 2 4 3.5 26.3 788
3955 2 4 3.5 26.3 789
3960 2 4 3.5 26.3 790
3965 2 4 3.5 26.3 791
3970 2 4 3.5 26.3 792
3975 2 4 3.5 26.3 793
3980 2 4 3.5 26.3 794
3985 2 4 3.5 26.3 795
3990 2 4 3.5 26.3 796
3995 2 4 3.5 26.3 797
4000 2 4 3.5 26.3 798
4005 2 4 3.5 26.3 799
4010 2 4 3.5 26.3 800
4015 2 4 3.5 26.3 801
4020 2 4 3.5 26.3 802
4025 2 4 3.5 26.3 803
4030 2 4 3.5 26.3 804
4035 2 4 3.5 26.3 805
4040 2 4 3.5 26.3 806
4045 2 4 3.5 26.3 807
4050 2 4 3.5 26.3 808
4055 2 4 3.5 26.3 809
4060 2 4 3.5 26.3 810
4065 2 4 3.5 26.3 811
4070 2 4 3.5 26.3 812
4075 2 4 3.5 26.3 813
4080 2 4 3.5 26.3 814
4085 2 4 3.5 26.3 815
4090 2 4 3.5 26.3 816
4095 2 4 3.5 26.3 817
4100 2 4 3.5 26.3 818
4105 2 4 3.5 26.3 819
4110 2 4 3.5 26.3 820
4115 2 4 3.5 26.3 821
4120 2 4 3.5 26.3 822
4125 2 4 3.5 26.3 823
4130 2 4 3.5 26.3 824
4135 2 4 3.5 26.3 825
4140 2 4 3.5 26.3 826
4145 2 4 3.5 26.3 827
4150 2 4 3.5 26.3 828
4155 2 4 3.5 26.3 829
4160 2 4 3.5 26.3 830
4165 2 4 3.5 26.3 831
4170 2 4 3.5 26.3 832
4175 2 4 3.5 26.3 833
4180 2 4 3.5 26.3 834
4185 2 4 3.5 26.3 835
4190 2 4 3.5 26.3 836
4195 2 4 3.5 26.3 837
4200 2 4 3.5 26.3 838
4205 2 4 3.5 26.3 839
4210 2 4 3.5 26.3 840
4215 2 4 3.5 26.3 841
4220 2 4 3.5 26.3 842
4225 2 4 3.5 26.3 843
4230 2 4 3.5 26.3 844
4235 2 4 3.5 26.3 845
4240 2 4 3.5 26.3 846
4245 2 4 3.5 26.3 847
4250 2 4 3.5 26.3 848
4255 2 4 3.5 26.3 849
4260 2 4 3.5 26.3 850
4265 2 4 3.5 26.3 851
4270 2 4 3.5 26.3 852
4275 2 4 3.5 26.3 853
4280 2 4 3.5 26.3 854
4285 2 4 3.5 26.3 855
4290 2 4 3.5 26.3 856
4295 2 4 3.5 26.3 857
4300 2 4 3.5 26.3 858
4305 2 4 3.5 26.3 859
4310 2 4 3.5 26.3 860
4315 2 4 3.5 26.3 861
4320 2 4 3.5 26.3 862
4325 2 4 3.5 26.3 863
4330 2 4 3.5 26.3 864
4335 2 4 3.5 26.3 865
4340 2 4 3.5 26.3 866
4345 2 4 3.5 26.3 867
4350 2 4 3.5 26.3 868
4355 2 4 3.5 26.3 869
4360 2 4 3.5 26.3 870
4365 2 4 3.5 26.3 871
4370 2 4 3.5 26.3 872
4375 2 4 3.5 26.3 873
4380 2 4 3.5 26.3 874
4385 2 4 3.5 26.3 875
4390 2 4 3.5 26.3 876
4395 2 4 3.5 26.3 877
4400 2 4 3.5 26.3 878
4405 2 4 3.5 26.3 879
4410 2 4 3.5 26.3 880
4415 2 4 3.5 26.3 881
4420 2 4 3.5 26.3 882
4425 2 4 3.5 26.3 883
4430 2 4 3.5 26.3 884
4435 2 4 3.5 26.3 885
4440 2 4 3.5 26.3 886
4445 2 4 3.5 26.3 887
4450 2 4 3.5 26.3 888
4455 2 4 3.5 26.3 889
4460 2 4 3.5 26.3 890
4465 2 4 3.5 26.3 891
4470 2 4 3.5 26.3 892
4475 2 4 3.5 26.3 893
4480 2 4 3.5 26.3 894
4485 2 4 3.5 26.3 895
4490 2 4 3.5 26.3 896
4495 2 4 3.5 26.3 897
4500 2 4 3.5 26.3 898
4505 2 4 3.5 26.3 899
4510 2 4 3.5 26.3 900
4515 2 4 3.5 26.3 901
4520 2 4 3.5 26.3 902
4525 2 4 3.5 26.3 903
4530 2 4 3.5 26.3 904
4535 2 4 3.5 26.3 905
4540 2 4 3.5 26.3 906
4545 2 4 3.5 26.3 907
4550 2 4 3.5 26.3 908
4555 2 4 3.5 26.3 909
4560 2 4 3.5 26.3 910
4565 2 4 3.5 26.3 911
4570 2 4 3.5 26.3 912
4575 2 4 3.5 26.3 913
4580 2 4 3.5 26.3 914
4585 2 4 3.5 26.3 915
4590 2 4 3.5 26.3 916
4595 2 4 3.5 26.3 917
4600 2 4 3.5 26.3 918
4605 2 4 3.5 26.3 919
4610 2 4 3.5 26.3 920
4615 2 4 3.5 26.3 921
4620 2 4 3.5 26.3 922
4625 2 4 3.5 26.3 923
4630 2 4 3.5 26.3 924
4635 2 4 3.5 26.3 925
4640 2 4 3.5 26.3 926
4645 2 4 3.5 26.3 927
4650 2 4 3.5 26.3 928
4655 2 4 3.5 26.3 929
4660 2 4 3.5 26.3 930
4665 2 4 3.5 26.3 931
4670 2 4 3.5 26.3 932
4675 2 4 3.5 26.3 933
4680 2 4 3.5 26.3 934
4685 2 4 3.5 26.3 935
4690 2 4 3.5 26.3 936
4695 2 4 3.5 26.3 937
4700 2 4 3.5 26.3 938
4705 2 4 3.5 26.3 939
4710 2 4 3.5 26.3 940
4715 2 4 3.5 26.3 941
4720 2 4 3.5 26.3 942
4725 2 4 3.5 26.3 943
4730 2 4 3.5 26.3 944
4735 2 4 3.5 26.3 945
4740 2 4 3.5 26.3 946
4745 2 4 3.5 26.3 947
4750 2 4 3.5 26.3 948
4755 2 4 3.5 26.3 949
4760 2 4 3.5 26.3 950
4765 2 4 3.5 26.3 951
4770 2 4 3.5 26.3 952
4775 2 4 3.5 26.3 953
4780 2 4 3.5 26.3 954
4785 2 4 3.5 26.3 955
4790 2 4 3.5 26.3 956
4795 2 4 3.5 26.3 957
4800 2 4 3.5 26.3 958
4805 2 4 3.5 26.3 959
4810 2 4 3.5 26.3 960
4815 2 4 3.5 26.3 961
4820 2 4 3.5 26.3 962
4825 2 4 3.5 26.3 963
4830 2 4 3.5 26.3 964
4835 2 4 3.5 26.3 965
4840 2 4 3.5 26.3 966
4845 2 4 3.5 26.3 967
4850 2 4 3.5 26.3 968
4855 2 4 3.5 26.3 969
4860 2 4 3.5 26.3 970
4865 2 4 3.5 26.3 971
4870 2 4 3.5 26.3 972
4875 2 4 3.5 26.3 973
4880 2 4 3.5 26.3 974
4885 2 4 3.5 26.3 975
4890 2 4 3.5 26.3 976
4895 2 4 3.5 26.3 977
4900 2 4 3.5 26.3 978
4905 2 4 3.5 26.3 979
4910 2 4 3.5 26.3 980
4915 2 4 3.5 26.3 981
4920 2 4 3.5 26.3 982
4925 2 4 3.5 26.3 983
4930 2 4 3.5 26.3 984
4935 2 4 3.5 26.3 985
4940 2 4 3.5 26.3 986
4945 2 4 3.5 26.3 987
4950 2 4 3.5 26.3 988
4955 2 4 3.5 26.3 989
4960 2 4 3.5 26.3 990
4965 2 4 3.5 26.3 991
4970 2 4 3.5 26.3 992
4975 2 4 3.5 26.3 993
4980 2 4 3.5 26.3 994
4985 2 4 3.5 26.3 995
4990 2 4 3.5 26.3 996
4995 2 4 3.5 26.3 997
5000 2 4 3.5 26.3 998
5005 2 4 3.5 26.3 999
5010 2 4 3.5 26.3 1000
# Solution finale : 111000110000101000111 (2)
# Optimum         : 111000111000111000111
