# Execution avec les parametre suivants:
# {taillePopulationEnfants=5, verbose=false, tauxMutation=0.5, taillePopulationParents=10, maxEvaluations=30000, maxGenerations=1000, optimum=111000111000111000111, tailleTournoi=5}
# Optimum : 111000111000111000111
# Dimension : 21
15 6 12 9.1 45.5 1
20 6 10 8.3 45.3 2
25 6 10 8.3 45.3 3
30 4 10 7.3 43.9 4
35 4 9 7.0 42.2 5
40 4 8 6.6 40.0 6
45 4 8 6.5 39.5 7
50 4 8 6.5 39.5 8
55 4 8 6.5 39.5 9
60 4 7 6.2 37.4 10
65 4 7 6.2 37.4 11
70 4 7 6.2 37.4 12
75 4 7 6.2 37.4 13
80 4 7 6.2 37.4 14
85 4 7 6.0 36.6 15
90 4 7 6.0 36.6 16
95 4 7 5.9 36.1 17
100 4 7 5.9 36.1 18
105 4 7 5.9 36.1 19
110 4 7 5.9 36.1 20
115 4 7 5.7 35.5 21
120 4 7 5.7 35.5 22
125 4 6 5.6 34.4 23
130 4 6 5.6 34.4 24
135 4 6 5.6 34.4 25
140 4 6 5.6 34.4 26
145 4 6 5.6 34.4 27
150 4 6 5.6 34.4 28
155 4 6 5.5 34.5 29
160 4 6 5.5 34.5 30
165 4 6 5.5 34.5 31
170 4 6 5.4 33.2 32
175 4 6 5.4 33.2 33
180 4 6 5.4 33.2 34
185 4 6 5.4 33.2 35
190 4 6 5.4 33.2 36
195 4 6 5.4 33.2 37
200 4 6 5.4 33.2 38
205 4 6 5.4 33.2 39
210 4 6 5.4 33.2 40
215 4 6 5.4 33.2 41
220 4 6 5.4 33.2 42
225 4 6 5.4 33.2 43
230 4 6 5.4 33.2 44
235 4 6 5.4 33.2 45
240 4 6 5.4 33.2 46
245 4 6 5.4 33.2 47
250 4 6 5.4 33.2 48
255 4 6 5.4 33.2 49
260 4 6 5.4 33.2 50
265 4 6 5.4 33.2 51
270 4 6 5.4 33.2 52
275 4 6 5.4 33.2 53
280 3 6 5.1 30.9 54
285 3 6 4.9 29.1 55
290 3 6 4.9 29.1 56
295 3 6 4.9 29.1 57
300 3 6 4.9 29.1 58
305 3 6 4.9 29.1 59
310 3 6 4.9 29.1 60
315 3 6 4.9 29.1 61
320 3 6 4.9 29.1 62
325 3 6 4.9 29.1 63
330 3 6 4.9 29.1 64
335 3 6 4.9 29.1 65
340 3 6 4.9 29.1 66
345 3 6 4.9 29.1 67
350 3 6 4.9 29.1 68
355 3 6 4.9 29.1 69
360 3 6 4.9 29.1 70
365 3 6 4.9 29.1 71
370 3 6 4.9 29.1 72
375 3 6 4.9 29.1 73
380 3 6 4.7 29.3 74
385 3 6 4.7 29.3 75
390 3 6 4.7 29.3 76
395 3 6 4.7 29.3 77
400 3 6 4.7 29.3 78
405 3 6 4.7 29.3 79
410 3 6 4.7 29.3 80
415 3 6 4.7 29.3 81
420 3 6 4.7 29.3 82
425 3 6 4.7 29.3 83
430 3 6 4.7 29.3 84
435 3 6 4.7 29.3 85
440 3 6 4.7 29.3 86
445 3 6 4.7 29.3 87
450 3 6 4.7 29.3 88
455 3 6 4.7 29.3 89
460 3 6 4.7 29.3 90
465 3 6 4.7 29.3 91
470 3 6 4.7 29.3 92
475 3 6 4.7 29.3 93
480 3 6 4.7 29.3 94
485 3 6 4.7 29.3 95
490 3 6 4.7 29.3 96
495 3 6 4.7 29.3 97
500 3 6 4.7 29.3 98
505 3 6 4.7 29.3 99
510 3 6 4.7 29.3 100
515 3 6 4.7 29.3 101
520 3 6 4.7 29.3 102
525 3 6 4.7 29.3 103
530 3 6 4.7 29.3 104
535 3 6 4.7 29.3 105
540 3 6 4.7 29.3 106
545 3 6 4.7 29.3 107
550 3 6 4.7 29.3 108
555 3 6 4.7 29.3 109
560 3 6 4.7 29.3 110
565 3 6 4.7 29.3 111
570 3 6 4.7 29.3 112
575 3 6 4.7 29.3 113
580 3 6 4.7 29.3 114
585 3 6 4.7 29.3 115
590 3 6 4.7 29.3 116
595 3 6 4.7 29.3 117
600 3 6 4.7 29.3 118
605 3 6 4.6 30.2 119
610 3 6 4.6 30.2 120
615 3 6 4.6 30.2 121
620 3 5 4.4 29.8 122
625 3 5 4.4 29.8 123
630 3 5 4.4 29.8 124
635 3 5 4.4 29.8 125
640 3 5 4.4 29.8 126
645 3 5 4.2 29.0 127
650 3 5 4.2 29.0 128
655 3 5 4.2 29.0 129
660 3 5 4.2 29.0 130
665 3 5 4.2 29.0 131
670 3 5 4.2 29.0 132
675 3 5 4.2 29.0 133
680 3 5 4.2 29.0 134
685 3 5 4.2 29.0 135
690 3 5 4.2 29.0 136
695 3 5 4.2 29.0 137
700 3 5 4.2 29.0 138
705 3 5 4.2 29.0 139
710 3 5 4.2 29.0 140
715 3 5 4.2 29.0 141
720 3 5 4.2 29.0 142
725 3 5 4.2 29.0 143
730 3 5 4.2 29.0 144
735 3 5 4.2 29.0 145
740 3 5 4.2 29.0 146
745 3 5 4.2 29.0 147
750 3 5 4.2 29.0 148
755 3 5 4.2 29.0 149
760 3 5 4.2 29.0 150
765 3 5 4.2 29.0 151
770 3 5 4.2 29.0 152
775 3 5 4.2 29.0 153
780 3 5 4.2 29.0 154
785 3 5 4.2 29.0 155
790 3 5 4.2 29.0 156
795 3 5 4.2 29.0 157
800 3 5 4.2 29.0 158
805 3 5 4.2 29.0 159
810 3 5 4.2 29.0 160
815 3 5 4.2 29.0 161
820 3 5 4.2 29.0 162
825 3 5 4.2 29.0 163
830 3 5 4.2 29.0 164
835 3 5 4.2 29.0 165
840 3 5 4.2 29.0 166
845 3 5 4.2 29.0 167
850 3 5 4.2 29.0 168
855 3 5 4.2 29.0 169
860 3 5 4.2 29.0 170
865 3 5 4.2 29.0 171
870 3 5 4.2 29.0 172
875 3 5 4.2 29.0 173
880 3 5 4.2 29.0 174
885 3 5 4.2 29.0 175
890 3 5 4.2 29.0 176
895 3 5 4.2 29.0 177
900 3 5 4.2 29.0 178
905 3 5 4.2 29.0 179
910 3 5 4.2 29.0 180
915 3 5 4.2 29.0 181
920 3 5 4.2 29.0 182
925 3 5 4.2 29.0 183
930 3 5 4.2 29.0 184
935 3 5 4.2 29.0 185
940 3 5 4.2 29.0 186
945 3 5 4.2 29.0 187
950 3 5 4.2 29.0 188
955 3 5 4.2 29.0 189
960 3 5 4.2 29.0 190
965 3 5 4.2 29.0 191
970 3 5 4.2 29.0 192
975 3 5 4.2 29.0 193
980 3 5 4.0 27.8 194
985 3 5 4.0 27.8 195
990 3 5 4.0 27.8 196
995 3 5 4.0 27.8 197
1000 3 5 4.0 27.8 198
1005 3 5 4.0 27.8 199
1010 3 5 4.0 27.8 200
1015 3 5 4.0 27.8 201
1020 3 5 4.0 27.8 202
1025 3 5 4.0 27.8 203
1030 3 5 4.0 27.8 204
1035 3 5 4.0 27.8 205
1040 3 5 4.0 27.8 206
1045 3 5 4.0 27.8 207
1050 3 5 4.0 27.8 208
1055 3 5 4.0 27.8 209
1060 3 5 4.0 27.8 210
1065 3 5 4.0 27.8 211
1070 3 5 4.0 27.8 212
1075 3 5 4.0 27.8 213
1080 3 5 4.0 27.8 214
1085 3 5 4.0 27.8 215
1090 3 5 4.0 27.8 216
1095 3 5 4.0 27.8 217
1100 3 5 4.0 27.8 218
1105 3 5 4.0 27.8 219
1110 3 5 4.0 27.8 220
1115 3 5 4.0 27.8 221
1120 3 5 4.0 27.8 222
1125 3 5 4.0 27.8 223
1130 3 5 3.9 28.3 224
1135 3 5 3.9 28.3 225
1140 3 5 3.9 28.3 226
1145 3 5 3.9 28.3 227
1150 3 5 3.9 28.3 228
1155 3 5 3.9 28.3 229
1160 3 5 3.9 28.3 230
1165 3 5 3.9 28.3 231
1170 3 5 3.9 28.3 232
1175 3 5 3.9 28.3 233
1180 3 5 3.9 28.3 234
1185 3 5 3.9 28.3 235
1190 3 5 3.9 28.3 236
1195 3 5 3.9 28.3 237
1200 3 5 3.9 28.3 238
1205 3 5 3.9 28.3 239
1210 3 5 3.9 28.3 240
1215 3 5 3.9 28.3 241
1220 3 5 3.9 28.3 242
1225 3 5 3.9 28.3 243
1230 3 5 3.9 28.3 244
1235 3 5 3.9 28.3 245
1240 3 5 3.9 28.3 246
1245 3 5 3.9 28.3 247
1250 3 5 3.9 28.3 248
1255 3 5 3.9 28.3 249
1260 3 5 3.9 28.3 250
1265 3 5 3.9 28.3 251
1270 3 5 3.9 28.3 252
1275 3 5 3.9 28.3 253
1280 3 5 3.9 28.3 254
1285 3 5 3.9 28.3 255
1290 3 5 3.9 28.3 256
1295 3 5 3.9 28.3 257
1300 3 5 3.9 28.3 258
1305 3 5 3.9 28.3 259
1310 3 5 3.9 28.3 260
1315 3 5 3.9 28.3 261
1320 3 5 3.9 28.3 262
1325 3 5 3.9 28.3 263
1330 3 5 3.9 28.3 264
1335 3 5 3.9 28.3 265
1340 3 5 3.9 28.3 266
1345 3 5 3.9 28.3 267
1350 3 5 3.9 28.3 268
1355 3 5 3.9 28.3 269
1360 3 5 3.9 28.3 270
1365 3 5 3.9 28.3 271
1370 3 5 3.9 28.3 272
1375 3 5 3.9 28.3 273
1380 3 5 3.9 28.3 274
1385 3 5 3.9 28.3 275
1390 3 5 3.9 28.3 276
1395 3 5 3.9 28.3 277
1400 3 5 3.9 28.3 278
1405 3 5 3.9 28.3 279
1410 3 5 3.9 28.3 280
1415 3 5 3.9 28.3 281
1420 3 5 3.9 28.3 282
1425 3 5 3.9 28.3 283
1430 3 5 3.9 28.3 284
1435 3 5 3.9 28.3 285
1440 3 5 3.9 28.3 286
1445 3 5 3.9 28.3 287
1450 3 5 3.9 28.3 288
1455 3 5 3.9 28.3 289
1460 3 5 3.9 28.3 290
1465 3 5 3.9 28.3 291
1470 3 5 3.9 28.3 292
1475 3 5 3.9 28.3 293
1480 3 5 3.9 28.3 294
1485 3 5 3.9 28.3 295
1490 3 5 3.9 28.3 296
1495 3 5 3.9 28.3 297
1500 3 5 3.9 28.3 298
1505 3 5 3.9 28.3 299
1510 3 5 3.9 28.3 300
1515 3 5 3.9 28.3 301
1520 3 5 3.9 28.3 302
1525 3 5 3.9 28.3 303
1530 3 5 3.9 28.3 304
1535 3 5 3.9 28.3 305
1540 3 5 3.9 28.3 306
1545 3 5 3.9 28.3 307
1550 3 5 3.9 28.3 308
1555 3 5 3.9 28.3 309
1560 3 5 3.9 28.3 310
1565 3 5 3.9 28.3 311
1570 3 5 3.9 28.3 312
1575 3 5 3.9 28.3 313
1580 3 5 3.9 28.3 314
1585 3 5 3.9 28.3 315
1590 3 5 3.9 28.3 316
1595 3 5 3.9 28.3 317
1600 3 5 3.9 28.3 318
1605 3 5 3.9 28.3 319
1610 3 5 3.9 28.3 320
1615 3 5 3.9 28.3 321
1620 3 5 3.9 28.3 322
1625 3 5 3.9 28.3 323
1630 3 5 3.9 28.3 324
1635 3 5 3.9 28.3 325
1640 3 5 3.9 28.3 326
1645 3 5 3.9 28.3 327
1650 3 5 3.9 28.3 328
1655 3 5 3.9 28.3 329
1660 3 5 3.9 28.3 330
1665 3 5 3.9 28.3 331
1670 3 5 3.9 28.3 332
1675 3 5 3.9 28.3 333
1680 3 5 3.9 28.3 334
1685 3 5 3.9 28.3 335
1690 3 5 3.9 28.3 336
1695 3 5 3.9 28.3 337
1700 3 5 3.9 28.3 338
1705 3 5 3.9 28.3 339
1710 3 5 3.9 28.3 340
1715 3 5 3.9 28.3 341
1720 3 5 3.9 28.3 342
1725 3 5 3.9 28.3 343
1730 3 5 3.9 28.3 344
1735 3 5 3.9 28.3 345
1740 3 5 3.9 28.3 346
1745 3 5 3.9 28.3 347
1750 3 5 3.9 28.3 348
1755 3 5 3.9 28.3 349
1760 3 5 3.9 28.3 350
1765 3 5 3.9 28.3 351
1770 3 5 3.9 28.3 352
1775 3 5 3.9 28.3 353
1780 3 5 3.9 28.3 354
1785 3 5 3.9 28.3 355
1790 3 5 3.9 28.3 356
1795 3 5 3.9 28.3 357
1800 3 5 3.9 28.3 358
1805 3 5 3.9 28.3 359
1810 3 5 3.9 28.3 360
1815 3 5 3.9 28.3 361
1820 3 5 3.9 28.3 362
1825 3 5 3.9 28.3 363
1830 3 5 3.9 28.3 364
1835 3 5 3.9 28.3 365
1840 3 5 3.9 28.3 366
1845 3 5 3.9 28.3 367
1850 3 5 3.9 28.3 368
1855 3 5 3.9 28.3 369
1860 3 5 3.9 28.3 370
1865 3 5 3.9 28.3 371
1870 3 5 3.9 28.3 372
1875 3 5 3.9 28.3 373
1880 3 5 3.9 28.3 374
1885 3 5 3.9 28.3 375
1890 3 5 3.9 28.3 376
1895 3 5 3.9 28.3 377
1900 3 5 3.9 28.3 378
1905 3 5 3.9 28.3 379
1910 3 5 3.9 28.3 380
1915 3 5 3.9 28.3 381
1920 3 5 3.9 28.3 382
1925 3 5 3.9 28.3 383
1930 3 5 3.9 28.3 384
1935 3 5 3.9 28.3 385
1940 3 5 3.9 28.3 386
1945 3 5 3.9 28.3 387
1950 3 5 3.9 28.3 388
1955 3 5 3.9 28.3 389
1960 3 5 3.9 28.3 390
1965 3 5 3.9 28.3 391
1970 3 5 3.9 28.3 392
1975 3 5 3.9 28.3 393
1980 3 5 3.9 28.3 394
1985 3 5 3.9 28.3 395
1990 3 5 3.9 28.3 396
1995 3 5 3.8 28.0 397
2000 3 5 3.8 28.0 398
2005 3 5 3.8 28.0 399
2010 3 5 3.8 28.0 400
2015 3 5 3.8 28.0 401
2020 3 5 3.8 28.0 402
2025 3 5 3.8 28.0 403
2030 3 5 3.8 28.0 404
2035 3 5 3.8 28.0 405
2040 3 5 3.8 28.0 406
2045 3 5 3.8 28.0 407
2050 3 5 3.8 28.0 408
2055 3 5 3.8 28.0 409
2060 3 4 3.6 26.8 410
2065 3 4 3.6 26.8 411
2070 3 4 3.6 26.8 412
2075 3 4 3.6 26.8 413
2080 3 4 3.6 26.8 414
2085 3 4 3.6 26.8 415
2090 3 4 3.6 26.8 416
2095 3 4 3.6 26.8 417
2100 3 4 3.6 26.8 418
2105 3 4 3.6 26.8 419
2110 3 4 3.6 26.8 420
2115 3 4 3.6 26.8 421
2120 3 4 3.6 26.8 422
2125 3 4 3.6 26.8 423
2130 3 4 3.6 26.8 424
2135 3 4 3.6 26.8 425
2140 3 4 3.6 26.8 426
2145 3 4 3.6 26.8 427
2150 3 4 3.6 26.8 428
2155 3 4 3.6 26.8 429
2160 3 4 3.6 26.8 430
2165 3 4 3.6 26.8 431
2170 3 4 3.6 26.8 432
2175 3 4 3.6 26.8 433
2180 3 4 3.6 26.8 434
2185 3 4 3.6 26.8 435
2190 3 4 3.6 26.8 436
2195 3 4 3.6 26.8 437
2200 3 4 3.6 26.8 438
2205 3 4 3.6 26.8 439
2210 3 4 3.6 26.8 440
2215 3 4 3.6 26.8 441
2220 3 4 3.6 26.8 442
2225 3 4 3.6 26.8 443
2230 3 4 3.6 26.8 444
2235 3 4 3.6 26.8 445
2240 3 4 3.6 26.8 446
2245 3 4 3.6 26.8 447
2250 3 4 3.6 26.8 448
2255 3 4 3.6 26.8 449
2260 3 4 3.6 26.8 450
2265 3 4 3.6 26.8 451
2270 3 4 3.6 26.8 452
2275 3 4 3.6 26.8 453
2280 3 4 3.6 26.8 454
2285 3 4 3.6 26.8 455
2290 3 4 3.6 26.8 456
2295 3 4 3.6 26.8 457
2300 3 4 3.6 26.8 458
2305 3 4 3.6 26.8 459
2310 3 4 3.6 26.8 460
2315 3 4 3.6 26.8 461
2320 3 4 3.6 26.8 462
2325 3 4 3.6 26.8 463
2330 3 4 3.6 26.8 464
2335 3 4 3.6 26.8 465
2340 3 4 3.6 26.8 466
2345 3 4 3.6 26.8 467
2350 3 4 3.6 26.8 468
2355 3 4 3.6 26.8 469
2360 3 4 3.6 26.8 470
2365 3 4 3.6 26.8 471
2370 3 4 3.6 26.8 472
2375 3 4 3.6 26.8 473
2380 3 4 3.6 26.8 474
2385 3 4 3.6 26.8 475
2390 3 4 3.6 26.8 476
2395 3 4 3.6 26.8 477
2400 3 4 3.6 26.8 478
2405 3 4 3.6 26.8 479
2410 3 4 3.6 26.8 480
2415 3 4 3.6 26.8 481
2420 3 4 3.6 26.8 482
2425 3 4 3.6 26.8 483
2430 3 4 3.6 26.8 484
2435 3 4 3.6 26.8 485
2440 3 4 3.6 26.8 486
2445 3 4 3.6 26.8 487
2450 3 4 3.6 26.8 488
2455 3 4 3.6 26.8 489
2460 3 4 3.6 26.8 490
2465 3 4 3.6 26.8 491
2470 3 4 3.6 26.8 492
2475 3 4 3.6 26.8 493
2480 3 4 3.6 26.8 494
2485 3 4 3.6 26.8 495
2490 3 4 3.6 26.8 496
2495 3 4 3.6 26.8 497
2500 3 4 3.6 26.8 498
2505 3 4 3.6 26.8 499
2510 3 4 3.6 26.8 500
2515 3 4 3.6 26.8 501
2520 3 4 3.6 26.8 502
2525 3 4 3.6 26.8 503
2530 3 4 3.6 26.8 504
2535 3 4 3.6 26.8 505
2540 3 4 3.6 26.8 506
2545 3 4 3.6 26.8 507
2550 3 4 3.6 26.8 508
2555 3 4 3.6 26.8 509
2560 3 4 3.6 26.8 510
2565 3 4 3.6 26.8 511
2570 3 4 3.6 26.8 512
2575 3 4 3.6 26.8 513
2580 3 4 3.6 26.8 514
2585 3 4 3.6 26.8 515
2590 3 4 3.6 26.8 516
2595 3 4 3.6 26.8 517
2600 3 4 3.6 26.8 518
2605 3 4 3.6 26.8 519
2610 3 4 3.6 26.8 520
2615 3 4 3.6 26.8 521
2620 3 4 3.6 26.8 522
2625 3 4 3.6 26.8 523
2630 3 4 3.6 26.8 524
2635 3 4 3.6 26.8 525
2640 3 4 3.6 26.8 526
2645 3 4 3.6 26.8 527
2650 3 4 3.6 26.8 528
2655 3 4 3.6 26.8 529
2660 3 4 3.6 26.8 530
2665 3 4 3.6 26.8 531
2670 3 4 3.6 26.8 532
2675 3 4 3.6 26.8 533
2680 3 4 3.6 26.8 534
2685 3 4 3.6 26.8 535
2690 3 4 3.6 26.8 536
2695 3 4 3.6 26.8 537
2700 3 4 3.6 26.8 538
2705 3 4 3.6 26.8 539
2710 3 4 3.6 26.8 540
2715 3 4 3.6 26.8 541
2720 3 4 3.6 26.8 542
2725 3 4 3.6 26.8 543
2730 3 4 3.6 26.8 544
2735 3 4 3.6 26.8 545
2740 3 4 3.6 26.8 546
2745 3 4 3.6 26.8 547
2750 3 4 3.6 26.8 548
2755 3 4 3.6 26.8 549
2760 3 4 3.6 26.8 550
2765 3 4 3.6 26.8 551
2770 3 4 3.6 26.8 552
2775 3 4 3.6 26.8 553
2780 3 4 3.6 26.8 554
2785 3 4 3.6 26.8 555
2790 3 4 3.6 26.8 556
2795 3 4 3.6 26.8 557
2800 3 4 3.6 26.8 558
2805 3 4 3.6 26.8 559
2810 3 4 3.6 26.8 560
2815 3 4 3.6 26.8 561
2820 3 4 3.6 26.8 562
2825 3 4 3.6 26.8 563
2830 3 4 3.6 26.8 564
2835 3 4 3.6 26.8 565
2840 3 4 3.6 26.8 566
2845 3 4 3.6 26.8 567
2850 3 4 3.6 26.8 568
2855 3 4 3.6 26.8 569
2860 3 4 3.6 26.8 570
2865 3 4 3.6 26.8 571
2870 3 4 3.6 26.8 572
2875 3 4 3.6 26.8 573
2880 3 4 3.6 26.8 574
2885 3 4 3.6 26.8 575
2890 3 4 3.6 26.8 576
2895 3 4 3.6 26.8 577
2900 3 4 3.6 26.8 578
2905 3 4 3.6 26.8 579
2910 3 4 3.6 26.8 580
2915 3 4 3.6 26.8 581
2920 3 4 3.6 26.8 582
2925 3 4 3.6 26.8 583
2930 3 4 3.6 26.8 584
2935 3 4 3.6 26.8 585
2940 3 4 3.6 26.8 586
2945 3 4 3.6 26.8 587
2950 3 4 3.6 26.8 588
2955 3 4 3.6 26.8 589
2960 3 4 3.6 26.8 590
2965 3 4 3.6 26.8 591
2970 3 4 3.6 26.8 592
2975 3 4 3.6 26.8 593
2980 3 4 3.6 26.8 594
2985 3 4 3.6 26.8 595
2990 3 4 3.6 26.8 596
2995 3 4 3.6 26.8 597
3000 3 4 3.6 26.8 598
3005 3 4 3.6 26.8 599
3010 3 4 3.6 26.8 600
3015 3 4 3.6 26.8 601
3020 3 4 3.6 26.8 602
3025 3 4 3.6 26.8 603
3030 3 4 3.6 26.8 604
3035 3 4 3.6 26.8 605
3040 3 4 3.6 26.8 606
3045 3 4 3.6 26.8 607
3050 3 4 3.6 26.8 608
3055 3 4 3.6 26.8 609
3060 3 4 3.6 26.8 610
3065 3 4 3.6 26.8 611
3070 3 4 3.6 26.8 612
3075 3 4 3.6 26.8 613
3080 3 4 3.6 26.8 614
3085 3 4 3.6 26.8 615
3090 3 4 3.6 26.8 616
3095 3 4 3.6 26.8 617
3100 3 4 3.6 26.8 618
3105 3 4 3.6 26.8 619
3110 3 4 3.6 26.8 620
3115 3 4 3.6 26.8 621
3120 3 4 3.6 26.8 622
3125 3 4 3.6 26.8 623
3130 3 4 3.6 26.8 624
3135 3 4 3.5 26.7 625
3140 3 4 3.5 26.7 626
3145 3 4 3.5 26.7 627
3150 3 4 3.5 26.7 628
3155 3 4 3.5 26.7 629
3160 3 4 3.5 26.7 630
3165 3 4 3.5 26.7 631
3170 3 4 3.5 26.7 632
3175 3 4 3.5 26.7 633
3180 3 4 3.5 26.7 634
3185 3 4 3.5 26.7 635
3190 3 4 3.5 26.7 636
3195 3 4 3.5 26.7 637
3200 3 4 3.5 26.7 638
3205 3 4 3.5 26.7 639
3210 3 4 3.5 26.7 640
3215 3 4 3.5 26.7 641
3220 3 4 3.5 26.7 642
3225 3 4 3.5 26.7 643
3230 3 4 3.5 26.7 644
3235 3 4 3.5 26.7 645
3240 3 4 3.5 26.7 646
3245 3 4 3.5 26.7 647
3250 3 4 3.5 26.7 648
3255 3 4 3.5 26.7 649
3260 3 4 3.5 26.7 650
3265 3 4 3.5 26.7 651
3270 3 4 3.5 26.7 652
3275 3 4 3.5 26.7 653
3280 3 4 3.5 26.7 654
3285 3 4 3.5 26.7 655
3290 3 4 3.5 26.7 656
3295 3 4 3.5 26.7 657
3300 3 4 3.5 26.7 658
3305 3 4 3.5 26.7 659
3310 3 4 3.5 26.7 660
3315 3 4 3.5 26.7 661
3320 3 4 3.5 26.7 662
3325 3 4 3.5 26.7 663
3330 3 4 3.5 26.7 664
3335 3 4 3.5 26.7 665
3340 3 4 3.5 26.7 666
3345 3 4 3.5 26.7 667
3350 3 4 3.5 26.7 668
3355 3 4 3.5 26.7 669
3360 3 4 3.5 26.7 670
3365 3 4 3.5 26.7 671
3370 3 4 3.5 26.7 672
3375 3 4 3.5 26.7 673
3380 3 4 3.5 26.7 674
3385 3 4 3.5 26.7 675
3390 3 4 3.5 26.7 676
3395 3 4 3.5 26.7 677
3400 3 4 3.5 26.7 678
3405 3 4 3.5 26.7 679
3410 3 4 3.5 26.7 680
3415 3 4 3.5 26.7 681
3420 3 4 3.5 26.7 682
3425 3 4 3.5 26.7 683
3430 3 4 3.5 26.7 684
3435 3 4 3.5 26.7 685
3440 3 4 3.5 26.7 686
3445 3 4 3.5 26.7 687
3450 3 4 3.5 26.7 688
3455 3 4 3.5 26.7 689
3460 3 4 3.5 26.7 690
3465 3 4 3.5 26.7 691
3470 3 4 3.5 26.7 692
3475 3 4 3.5 26.7 693
3480 3 4 3.5 26.7 694
3485 3 4 3.5 26.7 695
3490 3 4 3.5 26.7 696
3495 3 4 3.5 26.7 697
3500 3 4 3.5 26.7 698
3505 3 4 3.5 26.7 699
3510 3 4 3.5 26.7 700
3515 3 4 3.5 26.7 701
3520 3 4 3.5 26.7 702
3525 3 4 3.5 26.7 703
3530 3 4 3.5 26.7 704
3535 3 4 3.5 26.7 705
3540 3 4 3.5 26.7 706
3545 3 4 3.5 26.7 707
3550 3 4 3.5 26.7 708
3555 3 4 3.5 26.7 709
3560 3 4 3.5 26.7 710
3565 3 4 3.5 26.7 711
3570 3 4 3.5 26.7 712
3575 3 4 3.5 26.7 713
3580 3 4 3.5 26.7 714
3585 3 4 3.5 26.7 715
3590 3 4 3.5 26.7 716
3595 3 4 3.5 26.7 717
3600 3 4 3.5 26.7 718
3605 3 4 3.5 26.7 719
3610 3 4 3.5 26.7 720
3615 3 4 3.5 26.7 721
3620 3 4 3.5 26.7 722
3625 3 4 3.4 26.4 723
3630 3 4 3.4 26.4 724
3635 3 4 3.4 26.4 725
3640 3 4 3.4 26.4 726
3645 3 4 3.4 26.4 727
3650 3 4 3.4 26.4 728
3655 3 4 3.4 26.4 729
3660 3 4 3.4 26.4 730
3665 3 4 3.4 26.4 731
3670 3 4 3.4 26.4 732
3675 3 4 3.4 26.4 733
3680 3 4 3.4 26.4 734
3685 3 4 3.4 26.4 735
3690 3 4 3.4 26.4 736
3695 3 4 3.4 26.4 737
3700 3 4 3.4 26.4 738
3705 3 4 3.4 26.4 739
3710 3 4 3.4 26.4 740
3715 3 4 3.4 26.4 741
3720 3 4 3.4 26.4 742
3725 3 4 3.4 26.4 743
3730 3 4 3.4 26.4 744
3735 3 4 3.4 26.4 745
3740 3 4 3.4 26.4 746
3745 3 4 3.4 26.4 747
3750 3 4 3.4 26.4 748
3755 3 4 3.4 26.4 749
3760 3 4 3.4 26.4 750
3765 3 4 3.4 26.4 751
3770 3 4 3.4 26.4 752
3775 3 4 3.4 26.4 753
3780 3 4 3.4 26.4 754
3785 3 4 3.4 26.4 755
3790 3 4 3.4 26.4 756
3795 3 4 3.4 26.4 757
3800 3 4 3.4 26.4 758
3805 3 4 3.4 26.4 759
3810 3 4 3.4 26.4 760
3815 3 4 3.4 26.4 761
3820 3 4 3.4 26.4 762
3825 3 4 3.4 26.4 763
3830 3 4 3.4 26.4 764
3835 3 4 3.4 26.4 765
3840 3 4 3.4 26.4 766
3845 3 4 3.4 26.4 767
3850 3 4 3.4 26.4 768
3855 3 4 3.4 26.4 769
3860 3 4 3.4 26.4 770
3865 3 4 3.4 26.4 771
3870 3 4 3.4 26.4 772
3875 3 4 3.4 26.4 773
3880 3 4 3.4 26.4 774
3885 3 4 3.4 26.4 775
3890 3 4 3.4 26.4 776
3895 3 4 3.4 26.4 777
3900 3 4 3.4 26.4 778
3905 3 4 3.4 26.4 779
3910 3 4 3.4 26.4 780
3915 3 4 3.4 26.4 781
3920 3 4 3.4 26.4 782
3925 3 4 3.4 26.4 783
3930 3 4 3.4 26.4 784
3935 3 4 3.4 26.4 785
3940 3 4 3.4 26.4 786
3945 3 4 3.4 26.4 787
3950 3 4 3.4 26.4 788
3955 3 4 3.4 26.4 789
3960 3 4 3.4 26.4 790
3965 3 4 3.4 26.4 791
3970 3 4 3.4 26.4 792
3975 3 4 3.4 26.4 793
3980 3 4 3.4 26.4 794
3985 3 4 3.4 26.4 795
3990 3 4 3.4 26.4 796
3995 3 4 3.4 26.4 797
4000 3 4 3.4 26.4 798
4005 3 4 3.4 26.4 799
4010 3 4 3.4 26.4 800
4015 3 4 3.4 26.4 801
4020 3 4 3.4 26.4 802
4025 3 4 3.4 26.4 803
4030 3 4 3.4 26.4 804
4035 3 4 3.4 26.4 805
4040 3 4 3.4 26.4 806
4045 3 4 3.4 26.4 807
4050 3 4 3.4 26.4 808
4055 3 4 3.4 26.4 809
4060 3 4 3.4 26.4 810
4065 3 4 3.4 26.4 811
4070 3 4 3.4 26.4 812
4075 3 4 3.4 26.4 813
4080 3 4 3.4 26.4 814
4085 3 4 3.4 26.4 815
4090 3 4 3.4 26.4 816
4095 3 4 3.4 26.4 817
4100 3 4 3.4 26.4 818
4105 3 4 3.4 26.4 819
4110 3 4 3.4 26.4 820
4115 3 4 3.4 26.4 821
4120 3 4 3.4 26.4 822
4125 3 4 3.4 26.4 823
4130 3 4 3.4 26.4 824
4135 3 4 3.4 26.4 825
4140 3 4 3.4 26.4 826
4145 3 4 3.4 26.4 827
4150 3 4 3.4 26.4 828
4155 3 4 3.4 26.4 829
4160 3 4 3.4 26.4 830
4165 3 4 3.4 26.4 831
4170 3 4 3.4 26.4 832
4175 3 4 3.4 26.4 833
4180 3 4 3.4 26.4 834
4185 3 4 3.4 26.4 835
4190 3 4 3.4 26.4 836
4195 3 4 3.4 26.4 837
4200 3 4 3.4 26.4 838
4205 3 4 3.4 26.4 839
4210 3 4 3.4 26.4 840
4215 3 4 3.4 26.4 841
4220 3 4 3.4 26.4 842
4225 3 4 3.4 26.4 843
4230 3 4 3.4 26.4 844
4235 3 4 3.4 26.4 845
4240 3 4 3.4 26.4 846
4245 3 4 3.4 26.4 847
4250 3 4 3.4 26.4 848
4255 3 4 3.4 26.4 849
4260 3 4 3.4 26.4 850
4265 3 4 3.4 26.4 851
4270 3 4 3.4 26.4 852
4275 3 4 3.4 26.4 853
4280 3 4 3.4 26.4 854
4285 3 4 3.4 26.4 855
4290 3 4 3.4 26.4 856
4295 3 4 3.4 26.4 857
4300 3 4 3.4 26.4 858
4305 3 4 3.4 26.4 859
4310 3 4 3.4 26.4 860
4315 3 4 3.4 26.4 861
4320 3 4 3.4 26.4 862
4325 3 4 3.4 26.4 863
4330 3 4 3.4 26.4 864
4335 3 4 3.4 26.4 865
4340 3 4 3.4 26.4 866
4345 3 4 3.4 26.4 867
4350 3 4 3.4 26.4 868
4355 3 4 3.4 26.4 869
4360 3 4 3.4 26.4 870
4365 3 4 3.4 26.4 871
4370 3 4 3.4 26.4 872
4375 3 4 3.4 26.4 873
4380 3 4 3.4 26.4 874
4385 3 4 3.4 26.4 875
4390 3 4 3.4 26.4 876
4395 3 4 3.4 26.4 877
4400 3 4 3.3 25.3 878
4405 3 4 3.3 25.3 879
4410 3 4 3.3 25.3 880
4415 3 4 3.3 25.3 881
4420 3 4 3.3 25.3 882
4425 3 4 3.3 25.3 883
4430 3 4 3.3 25.3 884
4435 3 4 3.3 25.3 885
4440 3 4 3.3 25.3 886
4445 3 4 3.3 25.3 887
4450 3 4 3.3 25.3 888
4455 3 4 3.3 25.3 889
4460 3 4 3.3 25.3 890
4465 3 4 3.3 25.3 891
4470 3 4 3.3 25.3 892
4475 3 4 3.3 25.3 893
4480 3 4 3.3 25.3 894
4485 3 4 3.3 25.3 895
4490 3 4 3.3 25.3 896
4495 3 4 3.3 25.3 897
4500 3 4 3.3 25.3 898
4505 3 4 3.3 25.3 899
4510 3 4 3.3 25.3 900
4515 3 4 3.3 25.3 901
4520 3 4 3.3 25.3 902
4525 3 4 3.3 25.3 903
4530 3 4 3.3 25.3 904
4535 3 4 3.3 25.3 905
4540 3 4 3.3 25.3 906
4545 3 4 3.3 25.3 907
4550 3 4 3.3 25.3 908
4555 3 4 3.3 25.3 909
4560 3 4 3.3 25.3 910
4565 3 4 3.3 25.3 911
4570 3 4 3.3 25.3 912
4575 3 4 3.3 25.3 913
4580 3 4 3.3 25.3 914
4585 3 4 3.3 25.3 915
4590 3 4 3.3 25.3 916
4595 3 4 3.3 25.3 917
4600 3 4 3.3 25.3 918
4605 3 4 3.3 25.3 919
4610 3 4 3.3 25.3 920
4615 3 4 3.3 25.3 921
4620 3 4 3.3 25.3 922
4625 3 4 3.3 25.3 923
4630 3 4 3.3 25.3 924
4635 3 4 3.3 25.3 925
4640 3 4 3.3 25.3 926
4645 3 4 3.3 25.3 927
4650 3 4 3.3 25.3 928
4655 3 4 3.3 25.3 929
4660 3 4 3.3 25.3 930
4665 3 4 3.3 25.3 931
4670 3 4 3.3 25.3 932
4675 3 4 3.3 25.3 933
4680 3 4 3.3 25.3 934
4685 3 4 3.3 25.3 935
4690 3 4 3.3 25.3 936
4695 3 4 3.3 25.3 937
4700 3 4 3.3 25.3 938
4705 3 4 3.3 25.3 939
4710 3 4 3.3 25.3 940
4715 3 4 3.3 25.3 941
4720 3 4 3.3 25.3 942
4725 3 4 3.3 25.3 943
4730 3 4 3.3 25.3 944
4735 3 4 3.3 25.3 945
4740 3 4 3.3 25.3 946
4745 3 4 3.3 25.3 947
4750 3 4 3.3 25.3 948
4755 3 4 3.3 25.3 949
4760 3 4 3.3 25.3 950
4765 3 4 3.3 25.3 951
4770 3 4 3.3 25.3 952
4775 3 4 3.3 25.3 953
4780 3 4 3.3 25.3 954
4785 3 4 3.3 25.3 955
4790 3 4 3.3 25.3 956
4795 3 4 3.3 25.3 957
4800 3 4 3.3 25.3 958
4805 3 4 3.3 25.3 959
4810 3 4 3.3 25.3 960
4815 3 4 3.3 25.3 961
4820 3 4 3.3 25.3 962
4825 3 4 3.3 25.3 963
4830 3 4 3.3 25.3 964
4835 3 4 3.3 25.3 965
4840 3 4 3.3 25.3 966
4845 3 4 3.3 25.3 967
4850 3 4 3.3 25.3 968
4855 3 4 3.3 25.3 969
4860 3 4 3.3 25.3 970
4865 3 4 3.3 25.3 971
4870 3 4 3.3 25.3 972
4875 3 4 3.3 25.3 973
4880 3 4 3.3 25.3 974
4885 3 4 3.3 25.3 975
4890 3 4 3.3 25.3 976
4895 3 4 3.3 25.3 977
4900 3 4 3.3 25.3 978
4905 3 4 3.3 25.3 979
4910 3 4 3.3 25.3 980
4915 3 4 3.3 25.3 981
4920 3 4 3.3 25.3 982
4925 3 4 3.3 25.3 983
4930 3 4 3.3 25.3 984
4935 3 4 3.3 25.3 985
4940 3 4 3.3 25.3 986
4945 3 4 3.3 25.3 987
4950 3 4 3.3 25.3 988
4955 3 4 3.3 25.3 989
4960 3 4 3.3 25.3 990
4965 3 4 3.3 25.3 991
4970 3 4 3.3 25.3 992
4975 3 4 3.3 25.3 993
4980 3 4 3.3 25.3 994
4985 3 4 3.3 25.3 995
4990 3 4 3.3 25.3 996
4995 3 4 3.3 25.3 997
5000 3 4 3.3 25.3 998
5005 3 4 3.3 25.3 999
5010 3 4 3.3 25.3 1000
# Solution finale : 101000110000110000111 (3)
# Optimum         : 111000111000111000111
