# Execution avec les parametre suivants:
# {taillePopulationEnfants=5, verbose=false, tauxMutation=0.5, taillePopulationParents=10, maxEvaluations=30000, maxGenerations=1000, optimum=111000111000111000111, tailleTournoi=5}
# Optimum : 111000111000111000111
# Dimension : 21
15 6 11 9.2 47.0 1
20 6 11 8.6 45.4 2
25 5 10 7.5 41.9 3
30 5 9 7.3 40.5 4
35 5 9 7.3 40.5 5
40 5 8 7.0 40.8 6
45 5 8 7.0 40.8 7
50 5 8 6.9 38.3 8
55 5 8 6.9 38.3 9
60 5 8 6.9 38.3 10
65 5 8 6.9 38.3 11
70 5 7 6.5 36.3 12
75 5 7 6.5 36.3 13
80 5 7 6.5 36.3 14
85 5 7 6.5 36.3 15
90 5 7 6.5 36.3 16
95 5 7 6.5 36.3 17
100 5 7 6.5 36.3 18
105 5 7 6.5 36.3 19
110 5 7 6.5 36.3 20
115 5 7 6.5 36.3 21
120 5 7 6.5 36.3 22
125 5 7 6.5 36.3 23
130 5 7 6.5 36.3 24
135 5 7 6.5 36.3 25
140 5 7 6.5 36.3 26
145 5 7 6.5 36.3 27
150 5 7 6.5 36.3 28
155 5 7 6.5 36.3 29
160 5 7 6.5 36.3 30
165 5 7 6.4 36.8 31
170 5 7 6.4 36.8 32
175 5 7 6.4 36.8 33
180 5 7 6.4 36.8 34
185 5 7 6.4 36.8 35
190 5 7 6.4 36.8 36
195 5 7 6.4 36.8 37
200 5 7 6.4 36.8 38
205 5 7 6.4 36.8 39
210 5 7 6.4 36.8 40
215 5 7 6.3 38.1 41
220 5 7 6.3 38.1 42
225 5 7 6.2 36.2 43
230 5 7 6.2 36.2 44
235 5 7 6.2 36.2 45
240 5 7 6.2 36.2 46
245 5 7 6.2 36.2 47
250 5 7 6.2 36.2 48
255 5 7 6.2 36.2 49
260 5 7 6.2 36.2 50
265 5 7 6.2 36.2 51
270 5 7 6.2 36.2 52
275 5 7 6.2 36.2 53
280 5 7 6.2 36.2 54
285 5 7 6.2 36.2 55
290 5 7 6.1 35.7 56
295 5 7 6.1 35.7 57
300 5 7 6.1 35.7 58
305 5 7 6.1 35.7 59
310 5 7 6.1 35.7 60
315 5 7 6.0 34.8 61
320 5 7 6.0 34.8 62
325 5 7 6.0 34.8 63
330 5 7 6.0 34.8 64
335 5 6 5.8 35.2 65
340 5 6 5.8 35.2 66
345 5 6 5.8 35.2 67
350 5 6 5.8 35.2 68
355 5 6 5.8 35.2 69
360 4 6 5.6 33.2 70
365 4 6 5.5 33.1 71
370 4 6 5.5 33.1 72
375 4 6 5.5 33.1 73
380 4 6 5.5 33.1 74
385 4 6 5.5 33.1 75
390 4 6 5.5 33.1 76
395 4 6 5.5 33.1 77
400 4 6 5.5 33.1 78
405 4 6 5.5 33.1 79
410 4 6 5.5 33.1 80
415 4 6 5.5 33.1 81
420 4 6 5.5 33.1 82
425 4 6 5.5 33.1 83
430 4 6 5.5 33.1 84
435 4 6 5.5 33.1 85
440 4 6 5.5 33.1 86
445 4 6 5.5 33.1 87
450 4 6 5.5 33.1 88
455 4 6 5.5 33.1 89
460 4 6 5.5 33.1 90
465 4 6 5.5 33.1 91
470 4 6 5.5 33.1 92
475 4 6 5.5 33.1 93
480 4 6 5.5 33.1 94
485 4 6 5.5 33.1 95
490 4 6 5.5 33.1 96
495 4 6 5.5 33.1 97
500 4 6 5.5 33.1 98
505 4 6 5.5 33.1 99
510 4 6 5.5 33.1 100
515 4 6 5.5 33.1 101
520 4 6 5.5 33.1 102
525 4 6 5.5 33.1 103
530 4 6 5.5 33.1 104
535 4 6 5.5 33.1 105
540 4 6 5.5 33.1 106
545 4 6 5.5 33.1 107
550 4 6 5.5 33.1 108
555 4 6 5.5 33.1 109
560 4 6 5.5 33.1 110
565 4 6 5.5 33.1 111
570 4 6 5.5 33.1 112
575 4 6 5.5 33.1 113
580 4 6 5.5 33.1 114
585 4 6 5.5 33.1 115
590 4 6 5.5 33.1 116
595 4 6 5.5 33.1 117
600 4 6 5.5 33.1 118
605 4 6 5.5 33.1 119
610 4 6 5.5 33.1 120
615 4 6 5.5 33.1 121
620 4 6 5.4 34.4 122
625 4 6 5.4 34.4 123
630 4 6 5.4 34.4 124
635 4 6 5.4 34.4 125
640 4 6 5.4 34.4 126
645 4 6 5.4 34.4 127
650 4 6 5.4 34.4 128
655 4 6 5.4 34.4 129
660 4 6 5.4 34.4 130
665 4 6 5.4 34.4 131
670 4 6 5.4 34.4 132
675 4 6 5.4 34.4 133
680 4 6 5.3 34.7 134
685 4 6 5.2 34.0 135
690 4 6 5.2 34.0 136
695 4 6 5.2 34.0 137
700 4 6 5.2 34.0 138
705 4 6 5.2 34.0 139
710 4 6 5.2 34.0 140
715 4 6 5.2 34.0 141
720 4 6 5.2 34.0 142
725 4 6 5.2 34.0 143
730 4 6 5.2 34.0 144
735 4 6 5.2 34.0 145
740 4 6 5.2 34.0 146
745 4 6 5.2 34.0 147
750 4 6 5.2 34.0 148
755 4 6 5.0 32.8 149
760 4 6 5.0 32.8 150
765 4 6 5.0 32.8 151
770 4 6 5.0 32.8 152
775 4 6 5.0 32.8 153
780 4 6 5.0 32.8 154
785 4 6 5.0 32.8 155
790 4 6 5.0 32.8 156
795 4 6 5.0 32.8 157
800 4 6 5.0 32.8 158
805 4 6 5.0 32.8 159
810 4 6 5.0 32.8 160
815 4 6 5.0 32.8 161
820 4 6 5.0 32.8 162
825 4 6 5.0 32.8 163
830 4 6 4.9 32.9 164
835 4 6 4.9 32.9 165
840 4 6 4.9 32.9 166
845 4 6 4.9 32.9 167
850 4 6 4.9 32.9 168
855 4 6 4.9 32.9 169
860 4 6 4.9 32.9 170
865 4 6 4.9 32.9 171
870 4 6 4.9 32.9 172
875 4 6 4.9 32.9 173
880 4 6 4.9 32.9 174
885 4 6 4.9 32.9 175
890 4 6 4.9 32.9 176
895 4 6 4.9 32.9 177
900 4 6 4.9 32.9 178
905 4 6 4.9 32.9 179
910 4 6 4.9 32.9 180
915 4 6 4.9 32.9 181
920 4 6 4.9 32.9 182
925 4 6 4.9 32.9 183
930 4 5 4.7 33.3 184
935 4 5 4.7 33.3 185
940 4 5 4.7 33.3 186
945 4 5 4.7 33.3 187
950 4 5 4.7 33.3 188
955 4 5 4.7 33.3 189
960 4 5 4.7 33.3 190
965 4 5 4.7 33.3 191
970 4 5 4.7 33.3 192
975 4 5 4.7 33.3 193
980 4 5 4.7 33.3 194
985 4 5 4.7 33.3 195
990 4 5 4.7 33.3 196
995 4 5 4.7 33.3 197
1000 4 5 4.7 33.3 198
1005 4 5 4.7 33.3 199
1010 4 5 4.7 33.3 200
1015 4 5 4.7 33.3 201
1020 4 5 4.7 33.3 202
1025 4 5 4.7 33.3 203
1030 4 5 4.7 33.3 204
1035 4 5 4.7 33.3 205
1040 4 5 4.7 33.3 206
1045 4 5 4.7 33.3 207
1050 4 5 4.7 33.3 208
1055 4 5 4.7 33.3 209
1060 4 5 4.7 33.3 210
1065 4 5 4.7 33.3 211
1070 4 5 4.7 33.3 212
1075 4 5 4.7 33.3 213
1080 4 5 4.7 33.3 214
1085 4 5 4.7 33.3 215
1090 4 5 4.7 33.3 216
1095 4 5 4.7 33.3 217
1100 4 5 4.7 33.3 218
1105 4 5 4.7 33.3 219
1110 4 5 4.7 33.3 220
1115 4 5 4.7 33.3 221
1120 4 5 4.7 33.3 222
1125 4 5 4.7 33.3 223
1130 4 5 4.7 33.3 224
1135 4 5 4.7 33.3 225
1140 4 5 4.7 33.3 226
1145 4 5 4.7 33.3 227
1150 4 5 4.7 33.3 228
1155 4 5 4.7 33.3 229
1160 4 5 4.7 33.3 230
1165 4 5 4.7 33.3 231
1170 4 5 4.7 33.3 232
1175 4 5 4.7 33.3 233
1180 4 5 4.7 33.3 234
1185 4 5 4.7 33.3 235
1190 4 5 4.7 33.3 236
1195 4 5 4.7 33.3 237
1200 4 5 4.7 33.3 238
1205 4 5 4.7 33.3 239
1210 4 5 4.7 33.3 240
1215 4 5 4.7 33.3 241
1220 4 5 4.7 33.3 242
1225 4 5 4.7 33.3 243
1230 4 5 4.7 33.3 244
1235 4 5 4.7 33.3 245
1240 4 5 4.7 33.3 246
1245 4 5 4.7 33.3 247
1250 4 5 4.7 33.3 248
1255 4 5 4.7 33.3 249
1260 4 5 4.7 33.3 250
1265 4 5 4.7 33.3 251
1270 4 5 4.7 33.3 252
1275 4 5 4.7 33.3 253
1280 4 5 4.7 33.3 254
1285 4 5 4.7 33.3 255
1290 4 5 4.7 33.3 256
1295 4 5 4.7 33.3 257
1300 4 5 4.6 33.2 258
1305 4 5 4.6 33.2 259
1310 4 5 4.6 33.2 260
1315 4 5 4.6 33.2 261
1320 4 5 4.6 33.2 262
1325 4 5 4.6 33.2 263
1330 4 5 4.6 33.2 264
1335 4 5 4.6 33.2 265
1340 4 5 4.6 33.2 266
1345 4 5 4.6 33.2 267
1350 4 5 4.6 33.2 268
1355 4 5 4.6 33.2 269
1360 4 5 4.6 33.2 270
1365 4 5 4.6 33.2 271
1370 4 5 4.6 33.2 272
1375 4 5 4.6 33.2 273
1380 4 5 4.6 33.2 274
1385 4 5 4.6 33.2 275
1390 4 5 4.6 33.2 276
1395 4 5 4.6 33.2 277
1400 4 5 4.6 33.2 278
1405 4 5 4.6 33.2 279
1410 4 5 4.6 33.2 280
1415 4 5 4.6 33.2 281
1420 4 5 4.6 33.2 282
1425 4 5 4.6 33.2 283
1430 4 5 4.6 33.2 284
1435 4 5 4.6 33.2 285
1440 4 5 4.6 33.2 286
1445 4 5 4.6 33.2 287
1450 4 5 4.6 33.2 288
1455 4 5 4.6 33.2 289
1460 4 5 4.6 33.2 290
1465 4 5 4.6 33.2 291
1470 4 5 4.6 33.2 292
1475 4 5 4.6 33.2 293
1480 4 5 4.6 33.2 294
1485 4 5 4.6 33.2 295
1490 4 5 4.6 33.2 296
1495 4 5 4.6 33.2 297
1500 4 5 4.6 33.2 298
1505 4 5 4.6 33.2 299
1510 4 5 4.6 33.2 300
1515 4 5 4.6 33.2 301
1520 4 5 4.6 33.2 302
1525 4 5 4.6 33.2 303
1530 4 5 4.6 33.2 304
1535 4 5 4.6 33.2 305
1540 4 5 4.6 33.2 306
1545 4 5 4.6 33.2 307
1550 4 5 4.6 33.2 308
1555 4 5 4.6 33.2 309
1560 4 5 4.6 33.2 310
1565 4 5 4.6 33.2 311
1570 4 5 4.6 33.2 312
1575 4 5 4.6 33.2 313
1580 4 5 4.6 33.2 314
1585 4 5 4.6 33.2 315
1590 4 5 4.6 33.2 316
1595 4 5 4.6 33.2 317
1600 4 5 4.6 33.2 318
1605 4 5 4.6 33.2 319
1610 4 5 4.6 33.2 320
1615 4 5 4.6 33.2 321
1620 4 5 4.6 33.2 322
1625 4 5 4.6 33.2 323
1630 4 5 4.6 33.2 324
1635 4 5 4.6 33.2 325
1640 4 5 4.6 33.2 326
1645 4 5 4.6 33.2 327
1650 4 5 4.6 33.2 328
1655 4 5 4.6 33.2 329
1660 4 5 4.5 32.7 330
1665 4 5 4.5 32.7 331
1670 4 5 4.5 32.7 332
1675 4 5 4.5 32.7 333
1680 4 5 4.5 32.7 334
1685 4 5 4.5 32.7 335
1690 4 5 4.5 32.7 336
1695 4 5 4.5 32.7 337
1700 4 5 4.5 32.7 338
1705 4 5 4.5 32.7 339
1710 4 5 4.5 32.7 340
1715 4 5 4.5 32.7 341
1720 4 5 4.5 32.7 342
1725 4 5 4.5 32.7 343
1730 4 5 4.5 32.7 344
1735 4 5 4.5 32.7 345
1740 4 5 4.5 32.7 346
1745 4 5 4.5 32.7 347
1750 4 5 4.5 32.7 348
1755 4 5 4.5 32.7 349
1760 4 5 4.5 32.7 350
1765 4 5 4.5 32.7 351
1770 4 5 4.5 32.7 352
1775 4 5 4.5 32.7 353
1780 4 5 4.5 32.7 354
1785 4 5 4.5 32.7 355
1790 4 5 4.5 32.7 356
1795 4 5 4.5 32.7 357
1800 4 5 4.5 32.7 358
1805 4 5 4.5 32.7 359
1810 4 5 4.5 32.7 360
1815 4 5 4.5 32.7 361
1820 4 5 4.5 32.7 362
1825 4 5 4.5 32.7 363
1830 4 5 4.5 32.7 364
1835 4 5 4.5 32.7 365
1840 4 5 4.5 32.7 366
1845 4 5 4.5 32.7 367
1850 4 5 4.5 32.7 368
1855 4 5 4.5 32.7 369
1860 4 5 4.5 32.7 370
1865 4 5 4.5 32.7 371
1870 4 5 4.5 32.7 372
1875 4 5 4.5 32.7 373
1880 4 5 4.5 32.7 374
1885 4 5 4.5 32.7 375
1890 4 5 4.5 32.7 376
1895 4 5 4.5 32.7 377
1900 4 5 4.5 32.7 378
1905 4 5 4.5 32.7 379
1910 4 5 4.5 32.7 380
1915 4 5 4.5 32.7 381
1920 4 5 4.5 32.7 382
1925 4 5 4.5 32.7 383
1930 4 5 4.5 32.7 384
1935 4 5 4.5 32.7 385
1940 4 5 4.5 32.7 386
1945 4 5 4.5 32.7 387
1950 4 5 4.5 32.7 388
1955 4 5 4.5 32.7 389
1960 4 5 4.5 32.7 390
1965 4 5 4.5 32.7 391
1970 4 5 4.5 32.7 392
1975 4 5 4.5 32.7 393
1980 4 5 4.5 32.7 394
1985 4 5 4.5 32.7 395
1990 4 5 4.5 32.7 396
1995 4 5 4.4 31.6 397
2000 4 5 4.4 31.6 398
2005 4 5 4.4 31.6 399
2010 4 5 4.4 31.6 400
2015 4 5 4.4 31.6 401
2020 4 5 4.4 31.6 402
2025 4 5 4.4 31.6 403
2030 4 5 4.4 31.6 404
2035 4 5 4.4 31.6 405
2040 4 5 4.4 31.6 406
2045 4 5 4.4 31.6 407
2050 4 5 4.4 31.6 408
2055 4 5 4.4 31.6 409
2060 4 5 4.4 31.6 410
2065 4 5 4.4 31.6 411
2070 4 5 4.4 31.6 412
2075 4 5 4.4 31.6 413
2080 4 5 4.4 31.6 414
2085 4 5 4.4 31.6 415
2090 4 5 4.4 31.6 416
2095 4 5 4.4 31.6 417
2100 4 5 4.4 31.6 418
2105 4 5 4.4 31.6 419
2110 4 5 4.4 31.6 420
2115 4 5 4.4 31.6 421
2120 4 5 4.4 31.6 422
2125 4 5 4.4 31.6 423
2130 4 5 4.4 31.6 424
2135 4 5 4.4 31.6 425
2140 4 5 4.4 31.6 426
2145 4 5 4.4 31.6 427
2150 4 5 4.4 31.6 428
2155 4 5 4.4 31.6 429
2160 4 5 4.4 31.6 430
2165 4 5 4.4 31.6 431
2170 4 5 4.4 31.6 432
2175 4 5 4.4 31.6 433
2180 4 5 4.4 31.6 434
2185 4 5 4.4 31.6 435
2190 4 5 4.4 31.6 436
2195 4 5 4.4 31.6 437
2200 4 5 4.4 31.6 438
2205 4 5 4.4 31.6 439
2210 4 5 4.4 31.6 440
2215 4 5 4.4 31.6 441
2220 4 5 4.4 31.6 442
2225 4 5 4.4 31.6 443
2230 4 5 4.4 31.6 444
2235 4 5 4.4 31.6 445
2240 4 5 4.4 31.6 446
2245 4 5 4.4 31.6 447
2250 4 5 4.4 31.6 448
2255 4 5 4.4 31.6 449
2260 4 5 4.3 29.9 450
2265 4 5 4.3 29.9 451
2270 4 5 4.3 29.9 452
2275 4 5 4.3 29.9 453
2280 4 5 4.3 29.9 454
2285 4 5 4.3 29.9 455
2290 4 5 4.3 29.9 456
2295 4 5 4.3 29.9 457
2300 4 5 4.3 29.9 458
2305 4 5 4.3 29.9 459
2310 4 5 4.3 29.9 460
2315 4 5 4.3 29.9 461
2320 4 5 4.3 29.9 462
2325 4 5 4.3 29.9 463
2330 4 5 4.3 29.9 464
2335 4 5 4.3 29.9 465
2340 4 5 4.3 29.9 466
2345 4 5 4.3 29.9 467
2350 4 5 4.3 29.9 468
2355 4 5 4.3 29.9 469
2360 4 5 4.3 29.9 470
2365 4 5 4.3 29.9 471
2370 4 5 4.3 29.9 472
2375 4 5 4.3 29.9 473
2380 4 5 4.3 29.9 474
2385 4 5 4.3 29.9 475
2390 4 5 4.3 29.9 476
2395 4 5 4.3 29.9 477
2400 4 5 4.3 29.9 478
2405 4 5 4.3 29.9 479
2410 4 5 4.3 29.9 480
2415 4 5 4.3 29.9 481
2420 4 5 4.3 29.9 482
2425 4 5 4.3 29.9 483
2430 4 5 4.3 29.9 484
2435 4 5 4.3 29.9 485
2440 4 5 4.3 29.9 486
2445 4 5 4.3 29.9 487
2450 4 5 4.3 29.9 488
2455 4 5 4.3 29.9 489
2460 4 5 4.3 29.9 490
2465 4 5 4.3 29.9 491
2470 4 5 4.3 29.9 492
2475 4 5 4.3 29.9 493
2480 4 5 4.3 29.9 494
2485 4 5 4.3 29.9 495
2490 4 5 4.3 29.9 496
2495 4 5 4.3 29.9 497
2500 4 5 4.3 29.9 498
2505 4 5 4.3 29.9 499
2510 4 5 4.3 29.9 500
2515 4 5 4.3 29.9 501
2520 4 5 4.3 29.9 502
2525 4 5 4.3 29.9 503
2530 4 5 4.3 29.9 504
2535 4 5 4.3 29.9 505
2540 4 5 4.3 29.9 506
2545 4 5 4.3 29.9 507
2550 4 5 4.3 29.9 508
2555 4 5 4.3 29.9 509
2560 4 5 4.3 29.9 510
2565 4 5 4.3 29.9 511
2570 4 5 4.3 29.9 512
2575 4 5 4.3 29.9 513
2580 4 5 4.3 29.9 514
2585 4 5 4.3 29.9 515
2590 4 5 4.3 29.9 516
2595 4 5 4.3 29.9 517
2600 4 5 4.3 29.9 518
2605 4 5 4.3 29.9 519
2610 4 5 4.3 29.9 520
2615 4 5 4.3 29.9 521
2620 4 5 4.3 29.9 522
2625 4 5 4.3 29.9 523
2630 4 5 4.3 29.9 524
2635 4 5 4.3 29.9 525
2640 4 5 4.3 29.9 526
2645 4 5 4.3 29.9 527
2650 4 5 4.3 29.9 528
2655 4 5 4.3 29.9 529
2660 4 5 4.3 29.9 530
2665 4 5 4.3 29.9 531
2670 4 5 4.3 29.9 532
2675 4 5 4.3 29.9 533
2680 4 5 4.3 29.9 534
2685 4 5 4.3 29.9 535
2690 4 5 4.3 29.9 536
2695 4 5 4.3 29.9 537
2700 4 5 4.3 29.9 538
2705 4 5 4.3 29.9 539
2710 4 5 4.3 29.9 540
2715 4 5 4.3 29.9 541
2720 4 5 4.3 29.9 542
2725 4 5 4.3 29.9 543
2730 4 5 4.3 29.9 544
2735 4 5 4.3 29.9 545
2740 4 5 4.3 29.9 546
2745 4 5 4.3 29.9 547
2750 4 5 4.3 29.9 548
2755 4 5 4.3 29.9 549
2760 4 5 4.3 29.9 550
2765 4 5 4.3 29.9 551
2770 4 5 4.3 29.9 552
2775 4 5 4.3 29.9 553
2780 4 5 4.3 29.9 554
2785 4 5 4.3 29.9 555
2790 4 5 4.3 29.9 556
2795 4 5 4.3 29.9 557
2800 4 5 4.3 29.9 558
2805 4 5 4.3 29.9 559
2810 4 5 4.3 29.9 560
2815 4 5 4.3 29.9 561
2820 4 5 4.3 29.9 562
2825 4 5 4.3 29.9 563
2830 4 5 4.3 29.9 564
2835 4 5 4.3 29.9 565
2840 4 5 4.3 29.9 566
2845 4 5 4.3 29.9 567
2850 4 5 4.3 29.9 568
2855 4 5 4.3 29.9 569
2860 4 5 4.3 29.9 570
2865 4 5 4.3 29.9 571
2870 4 5 4.3 29.9 572
2875 4 5 4.3 29.9 573
2880 4 5 4.3 29.9 574
2885 4 5 4.3 29.9 575
2890 4 5 4.3 29.9 576
2895 4 5 4.3 29.9 577
2900 4 5 4.3 29.9 578
2905 4 5 4.3 29.9 579
2910 4 5 4.3 29.9 580
2915 4 5 4.3 29.9 581
2920 4 5 4.3 29.9 582
2925 4 5 4.3 29.9 583
2930 4 5 4.3 29.9 584
2935 4 5 4.3 29.9 585
2940 4 5 4.3 29.9 586
2945 4 5 4.3 29.9 587
2950 4 5 4.3 29.9 588
2955 4 5 4.3 29.9 589
2960 4 5 4.3 29.9 590
2965 4 5 4.3 29.9 591
2970 4 5 4.3 29.9 592
2975 4 5 4.3 29.9 593
2980 4 5 4.3 29.9 594
2985 4 5 4.3 29.9 595
2990 4 5 4.3 29.9 596
2995 4 5 4.3 29.9 597
3000 4 5 4.3 29.9 598
3005 4 5 4.3 29.9 599
3010 4 5 4.3 29.9 600
3015 4 5 4.3 29.9 601
3020 4 5 4.3 29.9 602
3025 4 5 4.3 29.9 603
3030 4 5 4.3 29.9 604
3035 4 5 4.3 29.9 605
3040 4 5 4.3 29.9 606
3045 4 5 4.3 29.9 607
3050 4 5 4.3 29.9 608
3055 4 5 4.3 29.9 609
3060 4 5 4.3 29.9 610
3065 4 5 4.3 29.9 611
3070 4 5 4.3 29.9 612
3075 4 5 4.3 29.9 613
3080 4 5 4.3 29.9 614
3085 4 5 4.3 29.9 615
3090 4 5 4.3 29.9 616
3095 4 5 4.3 29.9 617
3100 4 5 4.3 29.9 618
3105 4 5 4.3 29.9 619
3110 4 5 4.3 29.9 620
3115 4 5 4.3 29.9 621
3120 4 5 4.3 29.9 622
3125 4 5 4.3 29.9 623
3130 4 5 4.3 29.9 624
3135 4 5 4.3 29.9 625
3140 4 5 4.3 29.9 626
3145 4 5 4.3 29.9 627
3150 4 5 4.3 29.9 628
3155 4 5 4.3 29.9 629
3160 4 5 4.3 29.9 630
3165 4 5 4.3 29.9 631
3170 4 5 4.3 29.9 632
3175 4 5 4.3 29.9 633
3180 4 5 4.3 29.9 634
3185 4 5 4.3 29.9 635
3190 4 5 4.3 29.9 636
3195 4 5 4.3 29.9 637
3200 4 5 4.3 29.9 638
3205 4 5 4.3 29.9 639
3210 4 5 4.3 29.9 640
3215 4 5 4.3 29.9 641
3220 4 5 4.3 29.9 642
3225 4 5 4.3 29.9 643
3230 4 5 4.3 29.9 644
3235 4 5 4.3 29.9 645
3240 4 5 4.3 29.9 646
3245 4 5 4.3 29.9 647
3250 4 5 4.3 29.9 648
3255 4 5 4.3 29.9 649
3260 4 5 4.3 29.9 650
3265 4 5 4.3 29.9 651
3270 4 5 4.3 29.9 652
3275 4 5 4.3 29.9 653
3280 4 5 4.3 29.9 654
3285 4 5 4.3 29.9 655
3290 4 5 4.3 29.9 656
3295 4 5 4.3 29.9 657
3300 4 5 4.3 29.9 658
3305 4 5 4.3 29.9 659
3310 4 5 4.3 29.9 660
3315 4 5 4.3 29.9 661
3320 4 5 4.3 29.9 662
3325 4 5 4.3 29.9 663
3330 4 5 4.3 29.9 664
3335 4 5 4.3 29.9 665
3340 4 5 4.3 29.9 666
3345 4 5 4.3 29.9 667
3350 4 5 4.3 29.9 668
3355 4 5 4.3 29.9 669
3360 4 5 4.3 29.9 670
3365 4 5 4.3 29.9 671
3370 4 5 4.3 29.9 672
3375 4 5 4.3 29.9 673
3380 4 5 4.3 29.9 674
3385 4 5 4.3 29.9 675
3390 4 5 4.3 29.9 676
3395 4 5 4.3 29.9 677
3400 4 5 4.3 29.9 678
3405 4 5 4.3 29.9 679
3410 4 5 4.3 29.9 680
3415 4 5 4.3 29.9 681
3420 4 5 4.3 29.9 682
3425 4 5 4.3 29.9 683
3430 4 5 4.3 29.9 684
3435 4 5 4.3 29.9 685
3440 4 5 4.3 29.9 686
3445 4 5 4.3 29.9 687
3450 4 5 4.3 29.9 688
3455 4 5 4.3 29.9 689
3460 4 5 4.3 29.9 690
3465 4 5 4.3 29.9 691
3470 4 5 4.3 29.9 692
3475 4 5 4.3 29.9 693
3480 4 5 4.2 30.0 694
3485 4 5 4.2 30.0 695
3490 4 5 4.2 30.0 696
3495 4 5 4.2 30.0 697
3500 4 5 4.2 30.0 698
3505 4 5 4.2 30.0 699
3510 4 5 4.2 30.0 700
3515 4 5 4.2 30.0 701
3520 4 5 4.2 30.0 702
3525 4 5 4.2 30.0 703
3530 4 5 4.2 30.0 704
3535 4 5 4.2 30.0 705
3540 4 5 4.2 30.0 706
3545 4 5 4.2 30.0 707
3550 4 5 4.2 30.0 708
3555 4 5 4.2 30.0 709
3560 4 5 4.2 30.0 710
3565 4 5 4.2 30.0 711
3570 4 5 4.2 30.0 712
3575 4 5 4.2 30.0 713
3580 4 5 4.2 30.0 714
3585 4 5 4.2 30.0 715
3590 4 5 4.2 30.0 716
3595 4 5 4.2 30.0 717
3600 4 5 4.2 30.0 718
3605 4 5 4.2 30.0 719
3610 4 5 4.2 30.0 720
3615 4 5 4.2 30.0 721
3620 4 5 4.2 30.0 722
3625 4 5 4.2 30.0 723
3630 4 5 4.2 30.0 724
3635 4 5 4.2 30.0 725
3640 4 5 4.2 30.0 726
3645 4 5 4.2 30.0 727
3650 4 5 4.2 30.0 728
3655 4 5 4.2 30.0 729
3660 4 5 4.2 30.0 730
3665 4 5 4.2 30.0 731
3670 4 5 4.2 30.0 732
3675 4 5 4.2 30.0 733
3680 4 5 4.2 30.0 734
3685 4 5 4.2 30.0 735
3690 4 5 4.2 30.0 736
3695 4 5 4.2 30.0 737
3700 4 5 4.2 30.0 738
3705 4 5 4.2 30.0 739
3710 4 5 4.2 30.0 740
3715 4 5 4.2 30.0 741
3720 4 5 4.2 30.0 742
3725 4 5 4.2 30.0 743
3730 4 5 4.2 30.0 744
3735 4 5 4.2 30.0 745
3740 4 5 4.2 30.0 746
3745 4 5 4.2 30.0 747
3750 4 5 4.2 30.0 748
3755 4 5 4.2 30.0 749
3760 4 5 4.1 28.7 750
3765 4 5 4.1 28.7 751
3770 4 5 4.1 28.7 752
3775 4 5 4.1 28.7 753
3780 4 5 4.1 28.7 754
3785 4 5 4.1 28.7 755
3790 4 5 4.1 28.7 756
3795 4 5 4.1 28.7 757
3800 4 5 4.1 28.7 758
3805 4 5 4.1 28.7 759
3810 4 5 4.1 28.7 760
3815 4 5 4.1 28.7 761
3820 4 5 4.1 28.7 762
3825 4 4 4.0 27.8 763
3830 4 4 4.0 27.8 764
3835 4 4 4.0 27.8 765
3840 4 4 4.0 27.8 766
3845 4 4 4.0 27.8 767
3850 4 4 4.0 27.8 768
3855 4 4 4.0 27.8 769
3860 4 4 4.0 27.8 770
3865 4 4 4.0 27.8 771
3870 4 4 4.0 27.8 772
3875 4 4 4.0 27.8 773
3880 4 4 4.0 27.8 774
3885 4 4 4.0 27.8 775
3890 4 4 4.0 27.8 776
3895 4 4 4.0 27.8 777
3900 4 4 4.0 27.8 778
3905 4 4 4.0 27.8 779
3910 4 4 4.0 27.8 780
3915 4 4 4.0 27.8 781
3920 4 4 4.0 27.8 782
3925 4 4 4.0 27.8 783
3930 4 4 4.0 27.8 784
3935 4 4 4.0 27.8 785
3940 4 4 4.0 27.8 786
3945 4 4 4.0 27.8 787
3950 4 4 4.0 27.8 788
3955 4 4 4.0 27.8 789
3960 4 4 4.0 27.8 790
3965 4 4 4.0 27.8 791
3970 4 4 4.0 27.8 792
3975 4 4 4.0 27.8 793
3980 4 4 4.0 27.8 794
3985 4 4 4.0 27.8 795
3990 4 4 4.0 27.8 796
3995 4 4 4.0 27.8 797
4000 4 4 4.0 27.8 798
4005 4 4 4.0 27.8 799
4010 4 4 4.0 27.8 800
4015 4 4 4.0 27.8 801
4020 4 4 4.0 27.8 802
4025 4 4 4.0 27.8 803
4030 4 4 4.0 27.8 804
4035 4 4 4.0 27.8 805
4040 4 4 4.0 27.8 806
4045 4 4 4.0 27.8 807
4050 4 4 4.0 27.8 808
4055 4 4 4.0 27.8 809
4060 4 4 4.0 27.8 810
4065 4 4 4.0 27.8 811
4070 4 4 4.0 27.8 812
4075 4 4 4.0 27.8 813
4080 4 4 4.0 27.8 814
4085 4 4 4.0 27.8 815
4090 4 4 4.0 27.8 816
4095 4 4 4.0 27.8 817
4100 4 4 4.0 27.8 818
4105 4 4 4.0 27.8 819
4110 4 4 4.0 27.8 820
4115 4 4 4.0 27.8 821
4120 4 4 4.0 27.8 822
4125 4 4 4.0 27.8 823
4130 4 4 4.0 27.8 824
4135 4 4 4.0 27.8 825
4140 4 4 4.0 27.8 826
4145 4 4 4.0 27.8 827
4150 4 4 4.0 27.8 828
4155 4 4 4.0 27.8 829
4160 4 4 4.0 27.8 830
4165 4 4 4.0 27.8 831
4170 4 4 4.0 27.8 832
4175 4 4 4.0 27.8 833
4180 4 4 4.0 27.8 834
4185 4 4 4.0 27.8 835
4190 4 4 4.0 27.8 836
4195 4 4 4.0 27.8 837
4200 4 4 4.0 27.8 838
4205 4 4 4.0 27.8 839
4210 4 4 4.0 27.8 840
4215 4 4 4.0 27.8 841
4220 4 4 4.0 27.8 842
4225 4 4 4.0 27.8 843
4230 4 4 4.0 27.8 844
4235 4 4 4.0 27.8 845
4240 4 4 4.0 27.8 846
4245 4 4 4.0 27.8 847
4250 4 4 4.0 27.8 848
4255 4 4 4.0 27.8 849
4260 4 4 4.0 27.8 850
4265 4 4 4.0 27.8 851
4270 4 4 4.0 27.8 852
4275 4 4 4.0 27.8 853
4280 4 4 4.0 27.8 854
4285 4 4 4.0 27.8 855
4290 4 4 4.0 27.8 856
4295 4 4 4.0 27.8 857
4300 4 4 4.0 27.8 858
4305 4 4 4.0 27.8 859
4310 4 4 4.0 27.8 860
4315 4 4 4.0 27.8 861
4320 4 4 4.0 27.8 862
4325 4 4 4.0 27.8 863
4330 4 4 4.0 27.8 864
4335 4 4 4.0 27.8 865
4340 4 4 4.0 27.8 866
4345 4 4 4.0 27.8 867
4350 4 4 4.0 27.8 868
4355 4 4 4.0 27.8 869
4360 4 4 4.0 27.8 870
4365 4 4 4.0 27.8 871
4370 4 4 4.0 27.8 872
4375 4 4 4.0 27.8 873
4380 4 4 4.0 27.8 874
4385 4 4 4.0 27.8 875
4390 4 4 4.0 27.8 876
4395 4 4 4.0 27.8 877
4400 4 4 4.0 27.8 878
4405 4 4 4.0 27.8 879
4410 4 4 4.0 27.8 880
4415 4 4 4.0 27.8 881
4420 4 4 4.0 27.8 882
4425 4 4 4.0 27.8 883
4430 4 4 4.0 27.8 884
4435 4 4 4.0 27.8 885
4440 4 4 4.0 27.8 886
4445 4 4 4.0 27.8 887
4450 4 4 4.0 27.8 888
4455 4 4 4.0 27.8 889
4460 4 4 4.0 27.8 890
4465 4 4 4.0 27.8 891
4470 4 4 4.0 27.8 892
4475 4 4 4.0 27.8 893
4480 4 4 4.0 27.8 894
4485 4 4 4.0 27.8 895
4490 4 4 4.0 27.8 896
4495 4 4 4.0 27.8 897
4500 4 4 4.0 27.8 898
4505 4 4 4.0 27.8 899
4510 4 4 4.0 27.8 900
4515 4 4 4.0 27.8 901
4520 4 4 4.0 27.8 902
4525 4 4 4.0 27.8 903
4530 4 4 4.0 27.8 904
4535 4 4 4.0 27.8 905
4540 4 4 4.0 27.8 906
4545 4 4 4.0 27.8 907
4550 4 4 4.0 27.8 908
4555 4 4 4.0 27.8 909
4560 4 4 4.0 27.8 910
4565 4 4 4.0 27.8 911
4570 4 4 4.0 27.8 912
4575 4 4 4.0 27.8 913
4580 4 4 4.0 27.8 914
4585 4 4 4.0 27.8 915
4590 4 4 4.0 27.8 916
4595 4 4 4.0 27.8 917
4600 4 4 4.0 27.8 918
4605 4 4 4.0 27.8 919
4610 4 4 4.0 27.8 920
4615 4 4 4.0 27.8 921
4620 4 4 4.0 27.8 922
4625 4 4 4.0 27.8 923
4630 4 4 4.0 27.8 924
4635 4 4 4.0 27.8 925
4640 4 4 4.0 27.8 926
4645 4 4 4.0 27.8 927
4650 4 4 4.0 27.8 928
4655 4 4 4.0 27.8 929
4660 4 4 4.0 27.8 930
4665 4 4 4.0 27.8 931
4670 4 4 4.0 27.8 932
4675 4 4 4.0 27.8 933
4680 4 4 4.0 27.8 934
4685 4 4 4.0 27.8 935
4690 4 4 4.0 27.8 936
4695 4 4 4.0 27.8 937
4700 4 4 4.0 27.8 938
4705 4 4 4.0 27.8 939
4710 4 4 4.0 27.8 940
4715 4 4 4.0 27.8 941
4720 4 4 4.0 27.8 942
4725 4 4 4.0 27.8 943
4730 4 4 4.0 27.8 944
4735 4 4 4.0 27.8 945
4740 4 4 4.0 27.8 946
4745 4 4 4.0 27.8 947
4750 4 4 4.0 27.8 948
4755 4 4 4.0 27.8 949
4760 4 4 4.0 27.8 950
4765 4 4 4.0 27.8 951
4770 4 4 4.0 27.8 952
4775 4 4 4.0 27.8 953
4780 4 4 4.0 27.8 954
4785 4 4 4.0 27.8 955
4790 4 4 4.0 27.8 956
4795 4 4 4.0 27.8 957
4800 4 4 4.0 27.8 958
4805 4 4 4.0 27.8 959
4810 4 4 4.0 27.8 960
4815 4 4 4.0 27.8 961
4820 4 4 4.0 27.8 962
4825 4 4 4.0 27.8 963
4830 4 4 4.0 27.8 964
4835 4 4 4.0 27.8 965
4840 4 4 4.0 27.8 966
4845 4 4 4.0 27.8 967
4850 4 4 4.0 27.8 968
4855 4 4 4.0 27.8 969
4860 4 4 4.0 27.8 970
4865 4 4 4.0 27.8 971
4870 4 4 4.0 27.8 972
4875 4 4 4.0 27.8 973
4880 4 4 4.0 27.8 974
4885 4 4 4.0 27.8 975
4890 4 4 4.0 27.8 976
4895 4 4 4.0 27.8 977
4900 4 4 4.0 27.8 978
4905 4 4 4.0 27.8 979
4910 4 4 4.0 27.8 980
4915 4 4 4.0 27.8 981
4920 4 4 4.0 27.8 982
4925 4 4 4.0 27.8 983
4930 4 4 4.0 27.8 984
4935 4 4 4.0 27.8 985
4940 4 4 4.0 27.8 986
4945 4 4 4.0 27.8 987
4950 4 4 4.0 27.8 988
4955 4 4 4.0 27.8 989
4960 4 4 4.0 27.8 990
4965 4 4 4.0 27.8 991
4970 4 4 4.0 27.8 992
4975 4 4 4.0 27.8 993
4980 4 4 4.0 27.8 994
4985 4 4 4.0 27.8 995
4990 4 4 4.0 27.8 996
4995 4 4 4.0 27.8 997
5000 4 4 4.0 27.8 998
5005 4 4 4.0 27.8 999
5010 4 4 4.0 27.8 1000
# Solution finale : 111000110000010000110 (4)
# Optimum         : 111000111000111000111
