# Execution avec les parametre suivants:
# {taillePopulationEnfants=5, verbose=false, tauxMutation=0.01, taillePopulationParents=10, maxEvaluations=30000, maxGenerations=1000, optimum=111000111000111000111, tailleTournoi=5}
# Optimum : 111000111000111000111
# Dimension : 21
15 8 12 10.2 44.8 1
20 8 12 9.9 44.5 2
25 8 11 9.8 44.0 3
30 8 11 9.7 43.9 4
35 8 10 9.5 41.3 5
40 8 10 9.4 41.8 6
45 8 10 9.2 41.6 7
50 8 10 9.1 41.5 8
55 8 10 8.8 39.2 9
60 8 10 8.8 39.2 10
65 7 9 8.5 37.1 11
70 7 9 8.1 35.9 12
75 7 9 7.9 34.9 13
80 7 9 7.7 32.9 14
85 7 8 7.6 31.4 15
90 6 8 7.2 26.6 16
95 6 8 7.1 26.7 17
100 6 8 7.0 25.8 18
105 4 7 6.5 23.7 19
110 4 7 6.0 22.4 20
115 4 7 5.7 19.9 21
120 4 6 5.5 19.3 22
125 4 6 5.4 18.2 23
130 4 6 5.4 18.2 24
135 4 6 5.3 17.1 25
140 4 6 5.1 14.7 26
145 4 5 4.9 12.3 27
150 4 5 4.8 12.2 28
155 4 5 4.8 12.2 29
160 4 5 4.8 12.2 30
165 4 5 4.6 13.6 31
170 4 5 4.5 13.1 32
175 4 5 4.5 13.1 33
180 4 5 4.5 13.1 34
185 3 5 4.3 11.5 35
190 3 5 4.2 10.8 36
195 3 5 4.0 10.8 37
200 3 4 3.9 8.1 38
205 3 4 3.8 9.6 39
210 3 4 3.8 9.6 40
215 3 4 3.8 9.6 41
220 3 4 3.6 9.0 42
225 3 4 3.6 9.0 43
230 3 4 3.6 9.0 44
235 3 4 3.6 9.0 45
240 3 4 3.6 9.0 46
245 3 4 3.5 10.3 47
250 3 4 3.4 10.2 48
255 3 4 3.4 10.2 49
260 3 4 3.4 10.2 50
265 2 4 3.0 9.0 51
270 2 3 2.9 8.1 52
275 2 3 2.9 8.1 53
280 2 3 2.9 8.1 54
285 2 3 2.8 8.4 55
290 2 3 2.7 8.5 56
295 2 3 2.7 8.5 57
300 2 3 2.7 8.5 58
305 2 3 2.6 8.8 59
310 2 3 2.6 8.8 60
315 2 3 2.5 8.9 61
320 2 3 2.5 8.9 62
325 2 3 2.5 8.9 63
330 2 3 2.4 8.0 64
335 2 3 2.4 8.0 65
340 2 3 2.3 8.3 66
345 2 3 2.3 8.3 67
350 2 3 2.3 8.3 68
355 1 2 1.9 6.3 69
360 1 2 1.8 6.4 70
365 1 2 1.8 6.4 71
370 1 2 1.7 6.3 72
375 1 2 1.6 6.2 73
380 1 2 1.5 5.7 74
385 1 2 1.5 5.7 75
390 1 2 1.4 5.6 76
395 1 2 1.3 5.3 77
400 1 2 1.2 4.6 78
405 1 1 1.0 4.2 79
410 1 1 1.0 4.2 80
415 1 1 1.0 4.2 81
420 1 1 1.0 4.2 82
425 1 1 1.0 4.2 83
430 0 1 0.9 4.5 84
# Solution finale : 111000111000111000111 (0)
# Optimum         : 111000111000111000111
