# Execution avec les parametre suivants:
# {taillePopulationEnfants=5, verbose=false, tauxMutation=0.01, taillePopulationParents=10, maxEvaluations=30000, maxGenerations=1000, optimum=111000111000111000111, tailleTournoi=5}
# Optimum : 111000111000111000111
# Dimension : 21
15 6 13 10.4 46.6 1
20 6 12 10.1 46.3 2
25 6 12 9.9 45.5 3
30 6 11 9.5 43.9 4
35 6 10 8.9 41.3 5
40 6 10 8.9 41.3 6
45 6 10 8.7 40.1 7
50 6 9 8.4 39.4 8
55 6 9 8.4 39.4 9
60 6 9 8.3 38.7 10
65 6 9 7.8 39.2 11
70 6 8 7.6 37.6 12
75 6 8 7.4 35.8 13
80 6 8 7.1 35.1 14
85 5 8 6.6 35.0 15
90 5 7 6.4 32.8 16
95 5 7 6.2 31.4 17
100 5 7 6.1 31.3 18
105 5 6 5.7 28.9 19
110 5 6 5.6 30.2 20
115 5 6 5.6 30.2 21
120 5 6 5.6 30.2 22
125 3 6 5.2 28.8 23
130 3 6 5.2 28.8 24
135 3 6 4.8 28.4 25
140 3 6 4.8 28.4 26
145 3 5 4.3 25.1 27
150 3 5 4.2 25.4 28
155 3 5 3.9 24.3 29
160 3 4 3.7 23.3 30
165 3 4 3.7 23.3 31
170 3 4 3.6 23.2 32
175 2 4 3.2 21.8 33
180 2 3 2.9 19.3 34
185 2 3 2.7 18.7 35
190 2 3 2.6 18.2 36
195 0 3 2.2 15.8 37
# Solution finale : 111000111000111000111 (0)
# Optimum         : 111000111000111000111
