# Execution avec les parametre suivants:
# {taillePopulationEnfants=5, verbose=false, tauxMutation=0.01, taillePopulationParents=10, maxEvaluations=30000, maxGenerations=1000, optimum=111000111000111000111, tailleTournoi=5}
# Optimum : 111000111000111000111
# Dimension : 21
15 7 12 9.8 43.0 1
20 7 12 9.5 40.3 2
25 7 11 9.2 39.4 3
30 7 10 8.9 39.1 4
35 7 10 8.8 39.2 5
40 7 9 8.3 40.7 6
45 5 9 7.6 39.2 7
50 5 9 7.5 39.5 8
55 5 8 7.1 36.3 9
60 5 8 7.1 36.3 10
65 5 8 6.9 34.5 11
70 5 7 6.7 32.5 12
75 5 7 6.5 31.9 13
80 5 7 6.2 31.6 14
85 5 7 6.0 30.0 15
90 5 7 5.9 30.1 16
95 5 7 5.9 30.1 17
100 5 6 5.7 28.5 18
105 5 6 5.7 28.5 19
110 5 6 5.5 27.9 20
115 5 6 5.5 27.9 21
120 5 6 5.5 27.9 22
125 5 6 5.3 25.3 23
130 4 6 4.9 23.9 24
135 4 5 4.7 23.9 25
140 4 5 4.6 23.2 26
145 4 5 4.5 24.5 27
150 3 5 4.2 21.0 28
155 3 5 4.2 21.0 29
160 3 5 3.9 20.3 30
165 3 4 3.7 19.1 31
170 3 4 3.7 19.1 32
175 3 4 3.5 16.7 33
180 2 4 3.0 13.6 34
185 2 3 2.8 12.8 35
190 2 3 2.8 12.8 36
195 2 3 2.5 10.3 37
200 2 3 2.4 9.6 38
205 2 3 2.3 9.5 39
210 0 3 2.0 8.8 40
# Solution finale : 111000111000111000111 (0)
# Optimum         : 111000111000111000111
