# Execution avec les parametre suivants:
# {taillePopulationEnfants=5, verbose=false, tauxMutation=0.01, taillePopulationParents=10, maxEvaluations=30000, maxGenerations=1000, optimum=111000111000111000111, tailleTournoi=5}
# Optimum : 111000111000111000111
# Dimension : 21
15 9 14 11.2 47.0 1
20 9 12 10.6 45.6 2
25 9 11 10.4 46.8 3
30 9 11 10.2 45.2 4
35 9 11 9.9 44.3 5
40 9 11 9.7 43.7 6
45 9 10 9.4 42.6 7
50 9 10 9.2 42.8 8
55 7 10 8.9 41.5 9
60 7 9 8.6 39.0 10
65 7 9 8.3 35.7 11
70 7 9 7.8 36.8 12
75 7 8 7.5 34.9 13
80 7 8 7.4 33.8 14
85 4 7 6.6 29.0 15
90 4 7 6.4 29.4 16
95 4 7 6.2 28.4 17
100 4 7 6.2 28.4 18
105 4 7 6.0 26.2 19
110 4 7 6.0 26.2 20
115 4 7 6.0 26.2 21
120 4 7 5.9 24.7 22
125 4 7 5.9 24.7 23
130 4 7 5.8 24.0 24
135 3 7 5.4 25.0 25
140 3 6 5.2 23.6 26
145 3 6 5.1 25.1 27
150 3 6 4.8 24.8 28
155 3 6 4.5 25.5 29
160 3 6 4.5 25.5 30
165 3 5 4.1 23.3 31
170 3 5 4.0 20.8 32
175 2 4 3.3 17.9 33
180 2 4 3.1 16.3 34
185 2 4 2.9 14.9 35
190 2 3 2.7 14.5 36
195 2 3 2.4 14.6 37
200 2 3 2.4 14.6 38
205 2 3 2.4 14.6 39
210 1 3 2.0 13.2 40
215 1 2 1.9 12.5 41
220 1 2 1.8 11.6 42
225 1 2 1.8 11.6 43
230 1 2 1.5 9.7 44
235 1 2 1.4 9.2 45
240 1 2 1.4 9.2 46
245 1 2 1.4 9.2 47
250 1 2 1.4 9.2 48
255 1 2 1.3 7.9 49
260 1 2 1.3 7.9 50
265 1 2 1.1 7.1 51
270 0 1 0.9 6.5 52
# Solution finale : 111000111000111000111 (0)
# Optimum         : 111000111000111000111
