# Execution avec les parametre suivants:
# {taillePopulationEnfants=5, verbose=false, tauxMutation=0.01, taillePopulationParents=10, maxEvaluations=30000, maxGenerations=1000, optimum=111000111000111000111, tailleTournoi=5}
# Optimum : 111000111000111000111
# Dimension : 21
15 10 15 11.7 48.3 1
20 10 14 11.1 46.7 2
25 9 12 10.6 47.0 3
30 9 11 10.1 46.1 4
35 8 10 9.6 45.4 5
40 8 10 9.5 44.5 6
45 8 10 9.2 43.0 7
50 8 10 8.9 38.7 8
55 7 9 8.6 39.0 9
60 6 9 7.8 37.8 10
65 6 9 7.8 37.8 11
70 6 9 7.8 37.8 12
75 6 9 7.7 36.5 13
80 6 9 7.5 35.7 14
85 6 8 7.3 34.5 15
90 6 8 7.1 33.3 16
95 6 8 6.9 33.3 17
100 6 8 6.7 30.9 18
105 5 7 6.4 29.6 19
110 5 7 6.3 29.9 20
115 5 7 6.3 29.9 21
120 5 7 6.1 29.5 22
125 5 7 5.9 29.1 23
130 5 6 5.6 27.4 24
135 4 6 4.9 23.5 25
140 3 5 4.5 20.7 26
145 3 5 4.5 20.7 27
150 3 5 4.2 19.4 28
155 3 5 4.1 16.9 29
160 3 5 4.0 14.8 30
165 3 4 3.8 13.8 31
170 2 4 3.6 13.4 32
175 2 4 3.6 13.4 33
180 2 4 3.5 13.7 34
185 2 4 3.3 14.3 35
190 2 4 3.3 14.3 36
195 2 4 3.1 14.1 37
200 2 4 3.0 13.8 38
205 2 4 3.0 13.8 39
210 2 3 2.9 12.9 40
215 2 3 2.8 12.2 41
220 2 3 2.6 10.0 42
225 2 3 2.5 8.9 43
230 2 3 2.4 8.2 44
235 1 3 2.1 6.1 45
240 1 2 1.9 3.7 46
245 1 2 1.9 3.7 47
250 1 2 1.9 3.7 48
255 1 2 1.9 3.7 49
260 1 2 1.9 3.7 50
265 1 2 1.7 4.1 51
270 1 2 1.6 4.0 52
275 1 2 1.6 4.0 53
280 1 2 1.5 3.7 54
285 1 2 1.5 3.7 55
290 1 2 1.5 3.7 56
295 1 2 1.4 3.2 57
300 1 2 1.4 3.2 58
305 1 2 1.2 1.8 59
310 1 2 1.1 0.9 60
315 1 1 1.0 0.0 61
320 1 1 1.0 0.0 62
325 1 1 1.0 0.0 63
330 1 1 1.0 0.0 64
335 1 1 1.0 0.0 65
340 1 1 1.0 0.0 66
345 1 1 1.0 0.0 67
350 1 1 1.0 0.0 68
355 1 1 1.0 0.0 69
360 0 1 0.9 0.9 70
# Solution finale : 111000111000111000111 (0)
# Optimum         : 111000111000111000111
