# Execution avec les parametre suivants:
# {taillePopulationEnfants=5, verbose=false, tauxMutation=0.01, taillePopulationParents=10, maxEvaluations=30000, maxGenerations=1000, optimum=111000111000111000111, tailleTournoi=5}
# Optimum : 111000111000111000111
# Dimension : 21
15 8 13 10.6 46.8 1
20 8 12 10.2 46.8 2
25 8 11 10.0 45.0 3
30 8 11 9.9 44.9 4
35 8 11 9.7 43.3 5
40 8 10 9.5 45.1 6
45 8 10 9.4 45.6 7
50 8 10 9.4 45.6 8
55 8 10 9.1 45.3 9
60 7 10 8.6 41.4 10
65 7 9 8.5 41.5 11
70 7 9 8.5 41.5 12
75 7 9 8.4 41.6 13
80 7 9 8.2 38.4 14
85 7 9 8.0 37.0 15
90 6 8 7.6 34.8 16
95 6 8 7.5 35.9 17
100 6 8 7.3 32.9 18
105 6 8 6.9 28.3 19
110 5 7 6.5 29.3 20
115 3 7 6.1 29.7 21
120 3 7 5.7 28.1 22
125 3 6 5.1 24.7 23
130 3 6 4.9 23.9 24
135 3 5 4.7 23.3 25
140 3 5 4.5 20.9 26
145 3 5 4.2 21.0 27
150 3 4 3.8 18.4 28
155 3 4 3.8 18.4 29
160 3 4 3.7 17.5 30
165 2 4 3.4 15.4 31
170 2 4 3.3 15.1 32
175 2 4 3.1 13.3 33
180 2 3 2.9 12.5 34
185 2 3 2.7 11.7 35
190 1 3 2.4 10.4 36
195 1 3 2.2 9.4 37
200 1 3 2.0 8.2 38
205 1 2 1.9 7.1 39
210 1 2 1.9 7.1 40
215 1 2 1.9 7.1 41
220 1 2 1.6 5.0 42
225 1 2 1.6 5.0 43
230 1 2 1.5 4.1 44
235 1 2 1.5 4.1 45
240 1 2 1.5 4.1 46
245 1 2 1.3 2.7 47
250 1 1 1.0 0.0 48
255 1 1 1.0 0.0 49
260 1 1 1.0 0.0 50
265 1 1 1.0 0.0 51
270 1 1 1.0 0.0 52
275 1 1 1.0 0.0 53
280 1 1 1.0 0.0 54
285 1 1 1.0 0.0 55
290 1 1 1.0 0.0 56
295 1 1 1.0 0.0 57
300 1 1 1.0 0.0 58
305 1 1 1.0 0.0 59
310 1 1 1.0 0.0 60
315 1 1 1.0 0.0 61
320 1 1 1.0 0.0 62
325 1 1 1.0 0.0 63
330 1 1 1.0 0.0 64
335 1 1 1.0 0.0 65
340 1 1 1.0 0.0 66
345 1 1 1.0 0.0 67
350 1 1 1.0 0.0 68
355 1 1 1.0 0.0 69
360 1 1 1.0 0.0 70
365 1 1 1.0 0.0 71
370 1 1 1.0 0.0 72
375 1 1 1.0 0.0 73
380 1 1 1.0 0.0 74
385 1 1 1.0 0.0 75
390 1 1 1.0 0.0 76
395 1 1 1.0 0.0 77
400 1 1 1.0 0.0 78
405 0 1 0.9 0.9 79
# Solution finale : 111000111000111000111 (0)
# Optimum         : 111000111000111000111
