# Execution avec les parametre suivants:
# {taillePopulationEnfants=5, verbose=false, tauxMutation=0.01, taillePopulationParents=10, maxEvaluations=30000, maxGenerations=1000, optimum=111000111000111000111, tailleTournoi=5}
# Optimum : 111000111000111000111
# Dimension : 21
15 7 12 10.2 44.8 1
20 7 12 10.1 44.5 2
25 7 12 9.9 43.5 3
30 7 11 9.8 43.8 4
35 7 11 9.8 43.8 5
40 7 11 9.8 43.8 6
45 7 11 9.7 43.1 7
50 7 11 9.3 41.7 8
55 7 11 9.3 41.7 9
60 7 10 9.0 41.2 10
65 7 10 8.8 41.6 11
70 7 10 8.3 41.1 12
75 6 9 7.9 36.9 13
80 6 8 7.2 35.4 14
85 6 8 7.0 35.0 15
90 6 8 7.0 35.0 16
95 6 8 7.0 35.0 17
100 6 8 6.9 34.1 18
105 6 7 6.6 32.4 19
110 4 7 6.3 30.5 20
115 4 7 6.3 30.5 21
120 4 7 6.2 30.4 22
125 4 7 6.1 28.9 23
130 4 6 5.5 27.5 24
135 4 6 5.5 27.5 25
140 4 6 5.5 27.5 26
145 4 6 5.3 25.9 27
150 4 6 5.2 24.6 28
155 4 6 4.8 23.8 29
160 4 5 4.6 23.0 30
165 3 5 4.4 22.8 31
170 3 5 4.4 22.8 32
175 3 5 4.2 21.0 33
180 3 5 4.2 21.0 34
185 2 5 3.8 20.8 35
190 2 4 3.7 20.3 36
195 2 4 3.3 18.3 37
200 2 4 3.3 18.3 38
205 2 4 3.1 16.1 39
210 2 4 3.0 17.0 40
215 2 4 2.8 15.4 41
220 2 3 2.4 14.8 42
225 2 3 2.4 14.8 43
230 2 3 2.3 14.1 44
235 1 2 1.9 12.3 45
240 1 2 1.6 10.0 46
245 1 2 1.5 9.7 47
250 1 2 1.4 8.8 48
255 1 2 1.2 7.4 49
260 0 1 0.9 6.7 50
# Solution finale : 111000111000111000111 (0)
# Optimum         : 111000111000111000111
