# Execution avec les parametre suivants:
# {taillePopulationEnfants=5, verbose=false, tauxMutation=0.01, taillePopulationParents=10, maxEvaluations=30000, maxGenerations=1000, optimum=111000111000111000111, tailleTournoi=5}
# Optimum : 111000111000111000111
# Dimension : 21
15 8 11 9.9 47.9 1
20 8 11 9.6 46.6 2
25 7 11 9.2 45.2 3
30 7 10 8.7 41.7 4
35 7 9 8.5 42.1 5
40 7 9 8.5 42.1 6
45 7 9 8.2 41.6 7
50 7 9 7.7 41.1 8
55 6 8 7.1 37.1 9
60 5 7 6.6 34.6 10
65 5 7 6.4 35.0 11
70 5 7 5.9 33.3 12
75 5 7 5.6 31.2 13
80 5 6 5.4 31.2 14
85 4 6 5.1 29.7 15
90 4 5 4.9 26.9 16
95 3 5 4.6 26.4 17
100 3 5 4.1 23.3 18
105 3 4 3.7 22.9 19
110 2 4 3.5 22.7 20
115 1 4 2.8 19.0 21
120 1 4 2.8 19.0 22
125 1 4 2.5 16.9 23
130 1 4 2.5 16.9 24
135 1 3 2.3 16.1 25
140 1 3 1.9 13.9 26
145 1 2 1.7 12.9 27
150 1 2 1.5 11.5 28
155 0 2 1.1 8.7 29
# Solution finale : 111000111000111000111 (0)
# Optimum         : 111000111000111000111
