# Execution avec les parametre suivants:
# {taillePopulationEnfants=5, verbose=false, tauxMutation=0.01, taillePopulationParents=10, maxEvaluations=30000, maxGenerations=1000, optimum=111000111000111000111, tailleTournoi=5}
# Optimum : 111000111000111000111
# Dimension : 21
15 8 11 9.6 47.8 1
20 8 10 9.4 47.4 2
25 8 10 8.9 46.1 3
30 8 9 8.5 44.1 4
35 8 9 8.4 43.2 5
40 8 9 8.2 44.8 6
45 6 8 7.8 43.0 7
50 6 8 7.4 42.0 8
55 5 8 6.6 37.8 9
60 5 8 6.5 37.7 10
65 5 7 6.3 37.1 11
70 5 7 6.2 37.8 12
75 5 7 6.0 35.4 13
80 4 6 5.5 33.7 14
85 3 6 4.7 30.7 15
90 2 5 4.3 27.5 16
95 2 5 4.2 27.4 17
100 2 5 3.8 26.0 18
105 2 4 3.2 22.0 19
110 2 4 3.1 21.7 20
115 2 4 3.1 21.7 21
120 2 4 2.7 18.3 22
125 2 3 2.6 18.0 23
130 2 3 2.5 17.5 24
135 1 3 2.1 14.9 25
140 1 3 2.0 14.0 26
145 1 2 1.9 12.9 27
150 1 2 1.8 12.4 28
155 1 2 1.7 11.1 29
160 1 2 1.6 10.4 30
165 0 2 1.3 8.5 31
# Solution finale : 111000111000111000111 (0)
# Optimum         : 111000111000111000111
