# Execution avec les parametre suivants:
# {taillePopulationEnfants=5, verbose=false, tauxMutation=0.01, taillePopulationParents=10, maxEvaluations=30000, maxGenerations=1000, optimum=111000111000111000111, tailleTournoi=5}
# Optimum : 111000111000111000111
# Dimension : 21
15 6 12 9.3 46.5 1
20 6 11 8.9 45.5 2
25 6 11 8.7 44.7 3
30 6 10 8.2 42.2 4
35 6 9 8.0 42.0 5
40 4 8 7.3 39.7 6
45 4 8 7.0 39.6 7
50 4 8 6.8 38.4 8
55 4 8 6.6 37.6 9
60 4 7 6.3 35.7 10
65 4 7 6.1 33.7 11
70 4 7 5.9 32.7 12
75 4 6 5.6 29.2 13
80 4 6 5.5 29.7 14
85 4 6 5.4 29.8 15
90 3 6 4.9 24.5 16
95 3 5 4.4 22.6 17
100 3 5 4.1 20.7 18
105 3 5 3.8 18.8 19
110 3 4 3.6 18.0 20
115 3 4 3.3 16.1 21
120 3 4 3.2 15.6 22
125 3 3 3.0 15.2 23
130 3 3 3.0 15.2 24
135 3 3 3.0 15.2 25
140 2 3 2.7 14.5 26
145 2 3 2.6 14.4 27
150 2 3 2.6 14.4 28
155 2 3 2.6 14.4 29
160 2 3 2.6 14.4 30
165 2 3 2.5 13.7 31
170 2 3 2.5 13.7 32
175 2 3 2.5 13.7 33
180 2 3 2.5 13.7 34
185 2 3 2.5 13.7 35
190 2 3 2.4 13.2 36
195 2 3 2.3 13.1 37
200 2 3 2.2 12.2 38
205 2 3 2.2 12.2 39
210 2 3 2.1 12.1 40
215 2 2 2.0 12.8 41
220 0 2 1.7 11.3 42
# Solution finale : 111000111000111000111 (0)
# Optimum         : 111000111000111000111
