# Execution avec les parametre suivants:
# {taillePopulationEnfants=5, verbose=false, tauxMutation=0.01, taillePopulationParents=10, maxEvaluations=30000, maxGenerations=1000, optimum=111000111000111000111, tailleTournoi=5}
# Optimum : 111000111000111000111
# Dimension : 21
15 6 11 8.6 46.8 1
20 6 10 7.8 41.8 2
25 6 9 7.7 40.3 3
30 6 9 7.3 38.3 4
35 6 8 7.1 37.5 5
40 6 8 6.8 36.8 6
45 5 7 6.3 36.3 7
50 5 7 6.1 34.9 8
55 5 7 6.0 33.4 9
60 5 6 5.8 32.8 10
65 3 6 5.5 32.9 11
70 3 6 5.3 33.5 12
75 3 6 5.2 32.2 13
80 3 6 5.1 30.7 14
85 3 6 4.9 29.9 15
90 2 5 4.4 26.8 16
95 2 5 4.0 25.8 17
100 2 5 3.8 22.4 18
105 1 5 3.4 19.8 19
110 1 4 3.2 19.2 20
115 1 4 3.2 19.2 21
120 1 4 3.1 18.9 22
125 1 4 3.1 18.9 23
130 1 4 3.1 18.9 24
135 1 4 3.1 18.9 25
140 1 4 2.8 16.8 26
145 1 3 2.6 16.4 27
150 1 3 2.5 16.5 28
155 0 3 2.0 13.4 29
# Solution finale : 111000111000111000111 (0)
# Optimum         : 111000111000111000111
