# Execution avec les parametre suivants:
# {taillePopulationEnfants=5, verbose=false, tauxMutation=0.01, taillePopulationParents=10, maxEvaluations=30000, maxGenerations=1000, optimum=111000111000111000111, tailleTournoi=5}
# Optimum : 111000111000111000111
# Dimension : 21
15 9 12 10.4 40.4 1
20 9 12 10.1 40.9 2
25 9 10 9.5 40.5 3
30 9 10 9.5 40.5 4
35 8 10 9.2 38.2 5
40 8 10 9.2 38.2 6
45 5 9 8.5 37.5 7
50 5 9 8.4 36.2 8
55 5 9 8.3 35.1 9
60 5 9 7.8 35.2 10
65 5 9 7.6 32.6 11
70 5 9 7.5 31.3 12
75 5 8 7.2 28.6 13
80 5 8 7.0 25.4 14
85 5 8 6.6 24.2 15
90 5 7 6.5 24.1 16
95 5 7 6.3 23.7 17
100 5 7 6.0 22.2 18
105 5 7 5.9 19.1 19
110 4 6 5.5 17.1 20
115 3 6 5.1 17.5 21
120 3 6 4.9 17.9 22
125 3 6 4.8 17.4 23
130 3 5 4.6 15.4 24
135 3 5 4.6 15.4 25
140 3 5 4.5 12.5 26
145 3 5 4.5 12.5 27
150 3 5 4.5 12.5 28
155 3 5 4.2 10.4 29
160 3 5 4.0 10.4 30
165 3 5 3.8 11.6 31
170 3 4 3.7 7.9 32
175 3 4 3.6 8.0 33
180 3 4 3.6 8.0 34
185 3 4 3.6 8.0 35
190 3 4 3.6 8.0 36
195 3 4 3.4 8.4 37
200 3 4 3.4 8.4 38
205 3 4 3.4 8.4 39
210 3 4 3.4 8.4 40
215 3 4 3.3 10.1 41
220 2 3 2.9 10.3 42
225 2 3 2.8 10.8 43
230 2 3 2.7 10.3 44
235 2 3 2.6 9.8 45
240 2 3 2.6 9.8 46
245 2 3 2.6 9.8 47
250 2 3 2.6 9.8 48
255 2 3 2.5 9.5 49
260 2 3 2.5 9.5 50
265 2 3 2.5 9.5 51
270 2 3 2.5 9.5 52
275 2 3 2.5 9.5 53
280 2 3 2.4 9.2 54
285 2 3 2.3 9.1 55
290 1 3 2.0 7.6 56
295 1 2 1.9 7.1 57
300 1 2 1.8 6.2 58
305 1 2 1.8 6.2 59
310 1 2 1.6 5.0 60
315 1 2 1.5 4.3 61
320 1 2 1.4 3.6 62
325 1 2 1.2 1.8 63
330 1 2 1.2 1.8 64
335 1 2 1.1 0.9 65
340 1 1 1.0 0.0 66
345 1 1 1.0 0.0 67
350 1 1 1.0 0.0 68
355 1 1 1.0 0.0 69
360 1 1 1.0 0.0 70
365 1 1 1.0 0.0 71
370 1 1 1.0 0.0 72
375 1 1 1.0 0.0 73
380 1 1 1.0 0.0 74
385 1 1 1.0 0.0 75
390 1 1 1.0 0.0 76
395 1 1 1.0 0.0 77
400 1 1 1.0 0.0 78
405 1 1 1.0 0.0 79
410 1 1 1.0 0.0 80
415 1 1 1.0 0.0 81
420 1 1 1.0 0.0 82
425 1 1 1.0 0.0 83
430 1 1 1.0 0.0 84
435 1 1 1.0 0.0 85
440 1 1 1.0 0.0 86
445 1 1 1.0 0.0 87
450 1 1 1.0 0.0 88
455 1 1 1.0 0.0 89
460 1 1 1.0 0.0 90
465 1 1 1.0 0.0 91
470 1 1 1.0 0.0 92
475 1 1 1.0 0.0 93
480 1 1 1.0 0.0 94
485 1 1 1.0 0.0 95
490 1 1 1.0 0.0 96
495 1 1 1.0 0.0 97
500 1 1 1.0 0.0 98
505 1 1 1.0 0.0 99
510 1 1 1.0 0.0 100
515 1 1 1.0 0.0 101
520 1 1 1.0 0.0 102
525 1 1 1.0 0.0 103
530 1 1 1.0 0.0 104
535 1 1 1.0 0.0 105
540 1 1 1.0 0.0 106
545 1 1 1.0 0.0 107
550 1 1 1.0 0.0 108
555 1 1 1.0 0.0 109
560 1 1 1.0 0.0 110
565 1 1 1.0 0.0 111
570 1 1 1.0 0.0 112
575 0 1 0.9 0.9 113
# Solution finale : 111000111000111000111 (0)
# Optimum         : 111000111000111000111
