# Execution avec les parametre suivants:
# {taillePopulationEnfants=5, verbose=false, tauxMutation=0.01, taillePopulationParents=10, maxEvaluations=30000, maxGenerations=1000, optimum=111000111000111000111, tailleTournoi=5}
# Optimum : 111000111000111000111
# Dimension : 21
15 7 12 9.9 47.9 1
20 7 11 9.6 46.2 2
25 7 11 9.4 45.4 3
30 7 11 9.4 45.4 4
35 4 11 8.6 45.0 5
40 4 10 8.0 42.8 6
45 4 9 7.8 42.0 7
50 4 9 7.7 41.5 8
55 4 9 7.1 40.1 9
60 4 9 6.9 38.9 10
65 4 8 6.5 37.5 11
70 4 8 6.4 37.0 12
75 4 7 6.1 36.7 13
80 4 7 5.8 33.0 14
85 4 7 5.8 33.0 15
90 4 7 5.8 33.0 16
95 4 7 5.6 31.8 17
100 4 6 5.4 28.6 18
105 4 6 5.2 27.6 19
110 4 6 5.2 27.6 20
115 4 5 4.8 26.0 21
120 4 5 4.7 23.9 22
125 4 5 4.6 24.6 23
130 4 5 4.5 24.3 24
135 2 5 4.0 23.8 25
140 2 5 3.8 23.6 26
145 2 4 3.6 23.2 27
150 2 4 3.4 22.2 28
155 2 4 3.2 22.0 29
160 2 4 3.1 21.7 30
165 2 4 3.1 21.7 31
170 2 4 3.0 21.4 32
175 2 4 2.9 20.7 33
180 2 3 2.6 18.8 34
185 1 3 2.4 17.4 35
190 1 3 2.2 15.4 36
195 1 3 2.0 14.8 37
200 1 3 1.7 13.1 38
205 1 2 1.5 11.3 39
210 1 2 1.4 10.4 40
215 1 2 1.4 10.4 41
220 1 2 1.3 9.7 42
225 0 2 1.0 7.2 43
# Solution finale : 111000111000111000111 (0)
# Optimum         : 111000111000111000111
