# Execution avec les parametre suivants:
# {taillePopulationEnfants=5, verbose=false, tauxMutation=0.01, taillePopulationParents=10, maxEvaluations=30000, maxGenerations=1000, optimum=111000111000111000111, tailleTournoi=5}
# Optimum : 111000111000111000111
# Dimension : 21
15 7 13 10.5 46.9 1
20 7 12 10.2 45.6 2
25 7 12 10.1 45.1 3
30 7 11 9.7 44.1 4
35 7 11 9.2 42.6 5
40 7 10 8.6 38.8 6
45 6 9 8.0 35.6 7
50 6 9 8.0 35.6 8
55 6 9 7.6 32.4 9
60 6 8 7.2 32.8 10
65 5 7 6.6 31.6 11
70 5 7 6.5 31.3 12
75 5 7 6.3 30.7 13
80 5 7 6.3 30.7 14
85 5 7 6.0 30.8 15
90 3 7 5.6 29.6 16
95 3 6 5.2 26.2 17
100 3 6 4.9 25.5 18
105 3 6 4.6 23.8 19
110 3 5 4.5 22.3 20
115 3 5 4.5 22.3 21
120 3 5 4.2 21.4 22
125 3 5 4.0 20.4 23
130 3 5 3.9 19.7 24
135 3 4 3.7 18.5 25
140 2 4 3.4 17.6 26
145 2 4 3.4 17.6 27
150 2 4 3.0 17.6 28
155 2 3 2.8 16.2 29
160 2 3 2.8 16.2 30
165 2 3 2.8 16.2 31
170 2 3 2.7 15.1 32
175 2 3 2.7 15.1 33
180 2 3 2.6 14.4 34
185 2 3 2.5 13.9 35
190 1 3 2.3 12.5 36
195 1 3 2.2 12.4 37
200 1 3 2.1 12.1 38
205 1 2 1.8 11.0 39
210 1 2 1.7 10.1 40
215 1 2 1.7 10.1 41
220 1 2 1.7 10.1 42
225 1 2 1.6 10.6 43
230 1 2 1.5 10.1 44
235 0 2 1.2 8.8 45
# Solution finale : 111000111000111000111 (0)
# Optimum         : 111000111000111000111
