# Execution avec les parametre suivants:
# {taillePopulationEnfants=5, verbose=false, tauxMutation=0.01, taillePopulationParents=10, maxEvaluations=30000, maxGenerations=1000, optimum=111000111000111000111, tailleTournoi=5}
# Optimum : 111000111000111000111
# Dimension : 21
15 7 13 10.7 46.1 1
20 7 12 10.1 44.3 2
25 7 11 9.7 43.7 3
30 7 10 9.1 42.9 4
35 7 10 8.9 41.9 5
40 7 9 8.5 42.1 6
45 6 9 8.0 41.2 7
50 6 9 7.7 40.1 8
55 6 8 7.5 35.1 9
60 6 8 7.3 34.9 10
65 6 8 7.1 31.5 11
70 5 8 6.8 30.4 12
75 5 7 6.6 29.2 13
80 5 7 6.5 27.3 14
85 5 7 6.3 27.3 15
90 5 7 5.9 24.5 16
95 5 7 5.9 24.5 17
100 4 6 5.3 22.9 18
105 4 6 5.0 21.8 19
110 4 5 4.8 16.6 20
115 4 5 4.7 16.5 21
120 2 5 4.4 15.4 22
125 2 5 4.3 15.1 23
130 2 5 4.1 13.3 24
135 2 5 4.0 13.2 25
140 2 4 3.5 11.9 26
145 2 4 3.3 10.5 27
150 2 4 3.0 8.4 28
155 2 4 2.9 7.7 29
160 2 4 2.8 6.8 30
165 2 4 2.7 5.9 31
170 2 3 2.6 5.0 32
175 2 3 2.6 5.0 33
180 2 3 2.6 5.0 34
185 2 3 2.4 5.8 35
190 2 3 2.3 5.5 36
195 2 3 2.1 4.3 37
200 2 2 2.0 3.6 38
205 1 2 1.9 4.3 39
210 1 2 1.9 4.3 40
215 1 2 1.9 4.3 41
220 1 2 1.9 4.3 42
225 1 2 1.9 4.3 43
230 1 2 1.9 4.3 44
235 1 2 1.9 4.3 45
240 1 2 1.9 4.3 46
245 1 2 1.9 4.3 47
250 1 2 1.8 5.0 48
255 1 2 1.8 5.0 49
260 1 2 1.7 5.5 50
265 1 2 1.7 5.5 51
270 1 2 1.6 5.8 52
275 1 2 1.5 5.1 53
280 1 2 1.2 5.4 54
285 1 1 1.0 5.4 55
290 0 1 0.9 5.5 56
# Solution finale : 111000111000111000111 (0)
# Optimum         : 111000111000111000111
